This file contains any messages produced by compilers while
running configure, to aid debugging if configure makes a mistake.

It was created by configure, which was
generated by GNU Autoconf 2.59.  Invocation command line was

  $ /opt/smp86xx/smp86xx_toolchain_2.8.2.0/toolchain_build_mipsel_nofpu/binutils-2.17/binutils/configure --cache-file=./config.cache --build=i386-pc-linux-gnu --host=i386-pc-linux-gnu --target=mipsel-linux-uclibc --with-gnu-as --with-gnu-ld --with-stabs --prefix=/opt/smp86xx/smp86xx_toolchain_2.8.2.0/build_mipsel_nofpu/staging_dir --disable-nls --enable-multilib --with-float=soft --program-transform-name=s,^,mipsel-linux-uclibc-,;  --srcdir=/opt/smp86xx/smp86xx_toolchain_2.8.2.0/toolchain_build_mipsel_nofpu/binutils-2.17/binutils

## --------- ##
## Platform. ##
## --------- ##

hostname = DavidLinux
uname -m = i686
uname -r = 2.6.23.15-80.fc7
uname -s = Linux
uname -v = #1 SMP Sun Feb 10 17:29:10 EST 2008

/usr/bin/uname -p = unknown
/bin/uname -X     = unknown

/bin/arch              = i686
/usr/bin/arch -k       = unknown
/usr/convex/getsysinfo = unknown
hostinfo               = unknown
/bin/machine           = unknown
/usr/bin/oslevel       = unknown
/bin/universe          = unknown

PATH: /usr/lib/qt-3.3/bin
PATH: /usr/kerberos/bin
PATH: /usr/lib/ccache
PATH: /usr/local/bin
PATH: /usr/bin
PATH: /bin
PATH: /home/davidhu/bin
PATH: /home/davidhu/bin


## ----------- ##
## Core tests. ##
## ----------- ##

configure:1241: creating cache ./config.cache
configure:1353: checking build system type
configure:1371: result: i386-pc-linux-gnu
configure:1379: checking host system type
configure:1393: result: i386-pc-linux-gnu
configure:1401: checking target system type
configure:1415: result: mipsel-unknown-linux-uclibc
configure:1437: checking for i386-pc-linux-gnu-gcc
configure:1463: result: gcc
configure:1745: checking for C compiler version
configure:1748: gcc --version </dev/null >&5
gcc (GCC) 4.1.2 20070925 (Red Hat 4.1.2-27)
Copyright (C) 2006 Free Software Foundation, Inc.
This is free software; see the source for copying conditions.  There is NO
warranty; not even for MERCHANTABILITY or FITNESS FOR A PARTICULAR PURPOSE.

configure:1751: $? = 0
configure:1753: gcc -v </dev/null >&5
Using built-in specs.
Target: i386-redhat-linux
Configured with: ../configure --prefix=/usr --mandir=/usr/share/man --infodir=/usr/share/info --enable-shared --enable-threads=posix --enable-checking=release --with-system-zlib --enable-__cxa_atexit --disable-libunwind-exceptions --enable-languages=c,c++,objc,obj-c++,java,fortran,ada --enable-java-awt=gtk --disable-dssi --enable-plugin --with-java-home=/usr/lib/jvm/java-1.5.0-gcj-1.5.0.0/jre --enable-libgcj-multifile --enable-java-maintainer-mode --with-ecj-jar=/usr/share/java/eclipse-ecj.jar --with-cpu=generic --host=i386-redhat-linux
Thread model: posix
gcc version 4.1.2 20070925 (Red Hat 4.1.2-27)
configure:1756: $? = 0
configure:1758: gcc -V </dev/null >&5
gcc: '-V' option must have argument
configure:1761: $? = 1
configure:1784: checking for C compiler default output file name
configure:1787: gcc -g -O2   conftest.c  >&5
configure:1790: $? = 0
configure:1836: result: a.out
configure:1841: checking whether the C compiler works
configure:1847: ./a.out
configure:1850: $? = 0
configure:1867: result: yes
configure:1874: checking whether we are cross compiling
configure:1876: result: no
configure:1879: checking for suffix of executables
configure:1881: gcc -o conftest -g -O2   conftest.c  >&5
configure:1884: $? = 0
configure:1909: result: 
configure:1915: checking for suffix of object files
configure:1936: gcc -c -g -O2  conftest.c >&5
configure:1939: $? = 0
configure:1961: result: o
configure:1965: checking whether we are using the GNU C compiler
configure:1989: gcc -c -g -O2  conftest.c >&5
configure:1995: $? = 0
configure:1999: test -z 
			 || test ! -s conftest.err
configure:2002: $? = 0
configure:2005: test -s conftest.o
configure:2008: $? = 0
configure:2021: result: yes
configure:2027: checking whether gcc accepts -g
configure:2048: gcc -c -g  conftest.c >&5
configure:2054: $? = 0
configure:2058: test -z 
			 || test ! -s conftest.err
configure:2061: $? = 0
configure:2064: test -s conftest.o
configure:2067: $? = 0
configure:2078: result: yes
configure:2095: checking for gcc option to accept ANSI C
configure:2165: gcc  -c -g -O2  conftest.c >&5
configure:2171: $? = 0
configure:2175: test -z 
			 || test ! -s conftest.err
configure:2178: $? = 0
configure:2181: test -s conftest.o
configure:2184: $? = 0
configure:2202: result: none needed
configure:2220: gcc -c -g -O2  conftest.c >&5
conftest.c:2: error: expected '=', ',', ';', 'asm' or '__attribute__' before 'me'
configure:2226: $? = 1
configure: failed program was:
| #ifndef __cplusplus
|   choke me
| #endif
configure:2360: checking for library containing strerror
configure:2390: gcc -o conftest -g -O2   conftest.c  >&5
configure:2396: $? = 0
configure:2400: test -z 
			 || test ! -s conftest.err
configure:2403: $? = 0
configure:2406: test -s conftest
configure:2409: $? = 0
configure:2479: result: none required
configure:2502: checking for a BSD-compatible install
configure:2557: result: /usr/bin/install -c
configure:2568: checking whether build environment is sane
configure:2611: result: yes
configure:2676: checking for gawk
configure:2692: found /usr/bin/gawk
configure:2702: result: gawk
configure:2712: checking whether make sets $(MAKE)
configure:2732: result: yes
configure:2762: checking for style of include used by make
configure:2790: result: GNU
configure:2966: checking dependency style of gcc
configure:3056: result: none
configure:3152: checking for ld used by GCC
configure:3215: result: ld
configure:3224: checking if the linker (ld) is GNU ld
GNU ld version 2.17.50.0.12-4 20070128
configure:3236: result: yes
configure:3241: checking for ld option to reload object files
configure:3248: result: -r
configure:3253: checking for BSD-compatible nm
configure:3289: result: nm
configure:3292: checking whether ln -s works
configure:3296: result: yes
configure:3303: checking how to recognise dependant libraries
configure:3466: result: pass_all
configure:3477: checking the maximum length of command line arguments
configure:3532: result: none
configure:3679: checking for i386-pc-linux-gnu-ranlib
configure:3705: result: ranlib
configure:3759: checking for i386-pc-linux-gnu-strip
configure:3788: result: no
configure:3797: checking for strip
configure:3813: found /usr/bin/strip
configure:3824: result: strip
configure:4127: loading cache ./config.cache
1>&5
ltcf-c.sh:need_lc: gcc -shared conftest.o  -v -Wl,-soname -Wl,conftest -o conftest
 /usr/libexec/gcc/i386-redhat-linux/4.1.2/collect2 --eh-frame-hdr -m elf_i386 --hash-style=gnu -shared -o conftest /usr/lib/gcc/i386-redhat-linux/4.1.2/../../../crti.o /usr/lib/gcc/i386-redhat-linux/4.1.2/crtbeginS.o -L/usr/lib/gcc/i386-redhat-linux/4.1.2 -L/usr/lib/gcc/i386-redhat-linux/4.1.2 -L/usr/lib/gcc/i386-redhat-linux/4.1.2/../../.. conftest.o -soname conftest -lgcc --as-needed -lgcc_s --no-as-needed -lc -lgcc --as-needed -lgcc_s --no-as-needed /usr/lib/gcc/i386-redhat-linux/4.1.2/crtendS.o /usr/lib/gcc/i386-redhat-linux/4.1.2/../../../crtn.o
ltconfig:678:checking for gcc option to produce PIC
ltconfig:687:checking that gcc PIC flag -fPIC -DPIC works.
ltconfig:697: gcc -c -g -O2 -fPIC -DPIC -DPIC  conftest.c 1>&5
ltconfig:749: checking if gcc static flag -static works
ltconfig:758: gcc -o conftest -g -O2   -static conftest.c  1>&5
ltconfig:780: finding the maximum length of command line arguments
ltconfig:@lineno@: result: 49153
ltconfig:833: checking if gcc supports -c -o file.o
ltconfig:834: gcc -c -g -O2 -o out/conftest2.o  conftest.c 1>&5
ltconfig:887: checking if gcc supports -fno-rtti -fno-exceptions
ltconfig:888: gcc -c -g -O2 -fno-rtti -fno-exceptions -c conftest.c  conftest.c 1>&5
ltconfig:1431: checking if global_symbol_pipe works
ltconfig:1432: gcc -c -g -O2  conftest.c 1>&5
ltconfig:1435: eval "nm conftest.o | sed -n -e 's/^.*[ 	]\([ABCDGISTW][ABCDGISTW]*\)[ 	][ 	]*\(\)\([_A-Za-z][_A-Za-z0-9]*\)$/\1 \2\3 \3/p' > conftest.nm"
ltconfig:1487: gcc -o conftest -g -O2 -fno-builtin   conftest.c conftstm.o 1>&5
configure:4255: checking for i386-pc-linux-gnu-gcc
configure:4281: result: gcc
configure:4563: checking for C compiler version
configure:4566: gcc --version </dev/null >&5
gcc (GCC) 4.1.2 20070925 (Red Hat 4.1.2-27)
Copyright (C) 2006 Free Software Foundation, Inc.
This is free software; see the source for copying conditions.  There is NO
warranty; not even for MERCHANTABILITY or FITNESS FOR A PARTICULAR PURPOSE.

configure:4569: $? = 0
configure:4571: gcc -v </dev/null >&5
Using built-in specs.
Target: i386-redhat-linux
Configured with: ../configure --prefix=/usr --mandir=/usr/share/man --infodir=/usr/share/info --enable-shared --enable-threads=posix --enable-checking=release --with-system-zlib --enable-__cxa_atexit --disable-libunwind-exceptions --enable-languages=c,c++,objc,obj-c++,java,fortran,ada --enable-java-awt=gtk --disable-dssi --enable-plugin --with-java-home=/usr/lib/jvm/java-1.5.0-gcj-1.5.0.0/jre --enable-libgcj-multifile --enable-java-maintainer-mode --with-ecj-jar=/usr/share/java/eclipse-ecj.jar --with-cpu=generic --host=i386-redhat-linux
Thread model: posix
gcc version 4.1.2 20070925 (Red Hat 4.1.2-27)
configure:4574: $? = 0
configure:4576: gcc -V </dev/null >&5
gcc: '-V' option must have argument
configure:4579: $? = 1
configure:4582: checking whether we are using the GNU C compiler
configure:4638: result: yes
configure:4644: checking whether gcc accepts -g
configure:4695: result: yes
configure:4712: checking for gcc option to accept ANSI C
configure:4819: result: none needed
configure:4837: gcc -c -g -O2  conftest.c >&5
conftest.c:2: error: expected '=', ',', ';', 'asm' or '__attribute__' before 'me'
configure:4843: $? = 1
configure: failed program was:
| #ifndef __cplusplus
|   choke me
| #endif
configure:4987: checking for bison
configure:5013: result: bison -y
configure:5028: checking for flex
configure:5054: result: flex
configure:5067: checking for yywrap in -lfl
configure:5097: gcc -o conftest -g -O2   conftest.c -lfl   >&5
configure:5103: $? = 0
configure:5107: test -z 
			 || test ! -s conftest.err
configure:5110: $? = 0
configure:5113: test -s conftest
configure:5116: $? = 0
configure:5129: result: yes
configure:5207: checking lex output file root
configure:5218: flex conftest.l
configure:5221: $? = 0
configure:5233: result: lex.yy
configure:5238: checking whether yytext is a pointer
configure:5254: gcc -o conftest -g -O2   conftest.c  -lfl >&5
configure:5260: $? = 0
configure:5264: test -z 
			 || test ! -s conftest.err
configure:5267: $? = 0
configure:5270: test -s conftest
configure:5273: $? = 0
configure:5287: result: yes
configure:5306: checking for i386-pc-linux-gnu-ranlib
configure:5332: result: ranlib
configure:5388: checking how to run the C preprocessor
configure:5423: gcc -E  conftest.c
configure:5429: $? = 0
configure:5461: gcc -E  conftest.c
conftest.c:13:28: error: ac_nonexistent.h: No such file or directory
configure:5467: $? = 1
configure: failed program was:
| /* confdefs.h.  */
| 
| #define PACKAGE_NAME ""
| #define PACKAGE_TARNAME ""
| #define PACKAGE_VERSION ""
| #define PACKAGE_STRING ""
| #define PACKAGE_BUGREPORT ""
| #define PACKAGE "binutils"
| #define VERSION "2.17"
| #define _GNU_SOURCE 1
| #define YYTEXT_POINTER 1
| /* end confdefs.h.  */
| #include <ac_nonexistent.h>
configure:5506: result: gcc -E
configure:5530: gcc -E  conftest.c
configure:5536: $? = 0
configure:5568: gcc -E  conftest.c
conftest.c:13:28: error: ac_nonexistent.h: No such file or directory
configure:5574: $? = 1
configure: failed program was:
| /* confdefs.h.  */
| 
| #define PACKAGE_NAME ""
| #define PACKAGE_TARNAME ""
| #define PACKAGE_VERSION ""
| #define PACKAGE_STRING ""
| #define PACKAGE_BUGREPORT ""
| #define PACKAGE "binutils"
| #define VERSION "2.17"
| #define _GNU_SOURCE 1
| #define YYTEXT_POINTER 1
| /* end confdefs.h.  */
| #include <ac_nonexistent.h>
configure:5618: checking for egrep
configure:5628: result: grep -E
configure:5633: checking for ANSI C header files
configure:5658: gcc -c -g -O2  conftest.c >&5
configure:5664: $? = 0
configure:5668: test -z 
			 || test ! -s conftest.err
configure:5671: $? = 0
configure:5674: test -s conftest.o
configure:5677: $? = 0
configure:5766: gcc -o conftest -g -O2   conftest.c  >&5
conftest.c: In function 'main':
conftest.c:30: warning: incompatible implicit declaration of built-in function 'exit'
configure:5769: $? = 0
configure:5771: ./conftest
configure:5774: $? = 0
configure:5789: result: yes
configure:5799: checking for an ANSI C-conforming const
configure:5866: gcc -c -g -O2  conftest.c >&5
configure:5872: $? = 0
configure:5876: test -z 
			 || test ! -s conftest.err
configure:5879: $? = 0
configure:5882: test -s conftest.o
configure:5885: $? = 0
configure:5896: result: yes
configure:5906: checking for inline
configure:5927: gcc -c -g -O2  conftest.c >&5
configure:5933: $? = 0
configure:5937: test -z 
			 || test ! -s conftest.err
configure:5940: $? = 0
configure:5943: test -s conftest.o
configure:5946: $? = 0
configure:5958: result: inline
configure:5991: checking for sys/types.h
configure:6007: gcc -c -g -O2  conftest.c >&5
configure:6013: $? = 0
configure:6017: test -z 
			 || test ! -s conftest.err
configure:6020: $? = 0
configure:6023: test -s conftest.o
configure:6026: $? = 0
configure:6037: result: yes
configure:5991: checking for sys/stat.h
configure:6007: gcc -c -g -O2  conftest.c >&5
configure:6013: $? = 0
configure:6017: test -z 
			 || test ! -s conftest.err
configure:6020: $? = 0
configure:6023: test -s conftest.o
configure:6026: $? = 0
configure:6037: result: yes
configure:5991: checking for stdlib.h
configure:6007: gcc -c -g -O2  conftest.c >&5
configure:6013: $? = 0
configure:6017: test -z 
			 || test ! -s conftest.err
configure:6020: $? = 0
configure:6023: test -s conftest.o
configure:6026: $? = 0
configure:6037: result: yes
configure:5991: checking for string.h
configure:6007: gcc -c -g -O2  conftest.c >&5
configure:6013: $? = 0
configure:6017: test -z 
			 || test ! -s conftest.err
configure:6020: $? = 0
configure:6023: test -s conftest.o
configure:6026: $? = 0
configure:6037: result: yes
configure:5991: checking for memory.h
configure:6007: gcc -c -g -O2  conftest.c >&5
configure:6013: $? = 0
configure:6017: test -z 
			 || test ! -s conftest.err
configure:6020: $? = 0
configure:6023: test -s conftest.o
configure:6026: $? = 0
configure:6037: result: yes
configure:5991: checking for strings.h
configure:6007: gcc -c -g -O2  conftest.c >&5
configure:6013: $? = 0
configure:6017: test -z 
			 || test ! -s conftest.err
configure:6020: $? = 0
configure:6023: test -s conftest.o
configure:6026: $? = 0
configure:6037: result: yes
configure:5991: checking for inttypes.h
configure:6007: gcc -c -g -O2  conftest.c >&5
configure:6013: $? = 0
configure:6017: test -z 
			 || test ! -s conftest.err
configure:6020: $? = 0
configure:6023: test -s conftest.o
configure:6026: $? = 0
configure:6037: result: yes
configure:5991: checking for stdint.h
configure:6007: gcc -c -g -O2  conftest.c >&5
configure:6013: $? = 0
configure:6017: test -z 
			 || test ! -s conftest.err
configure:6020: $? = 0
configure:6023: test -s conftest.o
configure:6026: $? = 0
configure:6037: result: yes
configure:5991: checking for unistd.h
configure:6007: gcc -c -g -O2  conftest.c >&5
configure:6013: $? = 0
configure:6017: test -z 
			 || test ! -s conftest.err
configure:6020: $? = 0
configure:6023: test -s conftest.o
configure:6026: $? = 0
configure:6037: result: yes
configure:6049: checking for off_t
configure:6073: gcc -c -g -O2  conftest.c >&5
configure:6079: $? = 0
configure:6083: test -z 
			 || test ! -s conftest.err
configure:6086: $? = 0
configure:6089: test -s conftest.o
configure:6092: $? = 0
configure:6103: result: yes
configure:6115: checking for size_t
configure:6139: gcc -c -g -O2  conftest.c >&5
configure:6145: $? = 0
configure:6149: test -z 
			 || test ! -s conftest.err
configure:6152: $? = 0
configure:6155: test -s conftest.o
configure:6158: $? = 0
configure:6169: result: yes
configure:6183: checking for working alloca.h
configure:6204: gcc -o conftest -g -O2   conftest.c  >&5
configure:6210: $? = 0
configure:6214: test -z 
			 || test ! -s conftest.err
configure:6217: $? = 0
configure:6220: test -s conftest
configure:6223: $? = 0
configure:6235: result: yes
configure:6245: checking for alloca
configure:6286: gcc -o conftest -g -O2   conftest.c  >&5
configure:6292: $? = 0
configure:6296: test -z 
			 || test ! -s conftest.err
configure:6299: $? = 0
configure:6302: test -s conftest
configure:6305: $? = 0
configure:6317: result: yes
configure:6546: checking for stdlib.h
configure:6551: result: yes
configure:6546: checking for unistd.h
configure:6551: result: yes
configure:6695: checking for getpagesize
configure:6752: gcc -o conftest -g -O2   conftest.c  >&5
configure:6758: $? = 0
configure:6762: test -z 
			 || test ! -s conftest.err
configure:6765: $? = 0
configure:6768: test -s conftest
configure:6771: $? = 0
configure:6783: result: yes
configure:6793: checking for working mmap
configure:6935: gcc -o conftest -g -O2   conftest.c  >&5
configure:6938: $? = 0
configure:6940: ./conftest
configure:6943: $? = 0
configure:6957: result: yes
configure:6992: checking argz.h usability
configure:7004: gcc -c -g -O2  conftest.c >&5
configure:7010: $? = 0
configure:7014: test -z 
			 || test ! -s conftest.err
configure:7017: $? = 0
configure:7020: test -s conftest.o
configure:7023: $? = 0
configure:7033: result: yes
configure:7037: checking argz.h presence
configure:7047: gcc -E  conftest.c
configure:7053: $? = 0
configure:7073: result: yes
configure:7108: checking for argz.h
configure:7115: result: yes
configure:6992: checking limits.h usability
configure:7004: gcc -c -g -O2  conftest.c >&5
configure:7010: $? = 0
configure:7014: test -z 
			 || test ! -s conftest.err
configure:7017: $? = 0
configure:7020: test -s conftest.o
configure:7023: $? = 0
configure:7033: result: yes
configure:7037: checking limits.h presence
configure:7047: gcc -E  conftest.c
configure:7053: $? = 0
configure:7073: result: yes
configure:7108: checking for limits.h
configure:7115: result: yes
configure:6992: checking locale.h usability
configure:7004: gcc -c -g -O2  conftest.c >&5
configure:7010: $? = 0
configure:7014: test -z 
			 || test ! -s conftest.err
configure:7017: $? = 0
configure:7020: test -s conftest.o
configure:7023: $? = 0
configure:7033: result: yes
configure:7037: checking locale.h presence
configure:7047: gcc -E  conftest.c
configure:7053: $? = 0
configure:7073: result: yes
configure:7108: checking for locale.h
configure:7115: result: yes
configure:6992: checking nl_types.h usability
configure:7004: gcc -c -g -O2  conftest.c >&5
configure:7010: $? = 0
configure:7014: test -z 
			 || test ! -s conftest.err
configure:7017: $? = 0
configure:7020: test -s conftest.o
configure:7023: $? = 0
configure:7033: result: yes
configure:7037: checking nl_types.h presence
configure:7047: gcc -E  conftest.c
configure:7053: $? = 0
configure:7073: result: yes
configure:7108: checking for nl_types.h
configure:7115: result: yes
configure:6992: checking malloc.h usability
configure:7004: gcc -c -g -O2  conftest.c >&5
configure:7010: $? = 0
configure:7014: test -z 
			 || test ! -s conftest.err
configure:7017: $? = 0
configure:7020: test -s conftest.o
configure:7023: $? = 0
configure:7033: result: yes
configure:7037: checking malloc.h presence
configure:7047: gcc -E  conftest.c
configure:7053: $? = 0
configure:7073: result: yes
configure:7108: checking for malloc.h
configure:7115: result: yes
configure:6983: checking for string.h
configure:6988: result: yes
configure:6983: checking for unistd.h
configure:6988: result: yes
configure:6992: checking values.h usability
configure:7004: gcc -c -g -O2  conftest.c >&5
configure:7010: $? = 0
configure:7014: test -z 
			 || test ! -s conftest.err
configure:7017: $? = 0
configure:7020: test -s conftest.o
configure:7023: $? = 0
configure:7033: result: yes
configure:7037: checking values.h presence
configure:7047: gcc -E  conftest.c
configure:7053: $? = 0
configure:7073: result: yes
configure:7108: checking for values.h
configure:7115: result: yes
configure:6992: checking sys/param.h usability
configure:7004: gcc -c -g -O2  conftest.c >&5
configure:7010: $? = 0
configure:7014: test -z 
			 || test ! -s conftest.err
configure:7017: $? = 0
configure:7020: test -s conftest.o
configure:7023: $? = 0
configure:7033: result: yes
configure:7037: checking sys/param.h presence
configure:7047: gcc -E  conftest.c
configure:7053: $? = 0
configure:7073: result: yes
configure:7108: checking for sys/param.h
configure:7115: result: yes
configure:7142: checking for getcwd
configure:7199: gcc -o conftest -g -O2   conftest.c  >&5
configure:7205: $? = 0
configure:7209: test -z 
			 || test ! -s conftest.err
configure:7212: $? = 0
configure:7215: test -s conftest
configure:7218: $? = 0
configure:7230: result: yes
configure:7142: checking for munmap
configure:7199: gcc -o conftest -g -O2   conftest.c  >&5
configure:7205: $? = 0
configure:7209: test -z 
			 || test ! -s conftest.err
configure:7212: $? = 0
configure:7215: test -s conftest
configure:7218: $? = 0
configure:7230: result: yes
configure:7142: checking for putenv
configure:7199: gcc -o conftest -g -O2   conftest.c  >&5
configure:7205: $? = 0
configure:7209: test -z 
			 || test ! -s conftest.err
configure:7212: $? = 0
configure:7215: test -s conftest
configure:7218: $? = 0
configure:7230: result: yes
configure:7142: checking for setenv
configure:7199: gcc -o conftest -g -O2   conftest.c  >&5
configure:7205: $? = 0
configure:7209: test -z 
			 || test ! -s conftest.err
configure:7212: $? = 0
configure:7215: test -s conftest
configure:7218: $? = 0
configure:7230: result: yes
configure:7142: checking for setlocale
configure:7199: gcc -o conftest -g -O2   conftest.c  >&5
configure:7205: $? = 0
configure:7209: test -z 
			 || test ! -s conftest.err
configure:7212: $? = 0
configure:7215: test -s conftest
configure:7218: $? = 0
configure:7230: result: yes
configure:7142: checking for strchr
configure:7199: gcc -o conftest -g -O2   conftest.c  >&5
conftest.c:67: warning: conflicting types for built-in function 'strchr'
configure:7205: $? = 0
configure:7209: test -z 
			 || test ! -s conftest.err
configure:7212: $? = 0
configure:7215: test -s conftest
configure:7218: $? = 0
configure:7230: result: yes
configure:7142: checking for strcasecmp
configure:7199: gcc -o conftest -g -O2   conftest.c  >&5
conftest.c:68: warning: conflicting types for built-in function 'strcasecmp'
configure:7205: $? = 0
configure:7209: test -z 
			 || test ! -s conftest.err
configure:7212: $? = 0
configure:7215: test -s conftest
configure:7218: $? = 0
configure:7230: result: yes
configure:7142: checking for __argz_count
configure:7199: gcc -o conftest -g -O2   conftest.c  >&5
configure:7205: $? = 0
configure:7209: test -z 
			 || test ! -s conftest.err
configure:7212: $? = 0
configure:7215: test -s conftest
configure:7218: $? = 0
configure:7230: result: yes
configure:7142: checking for __argz_stringify
configure:7199: gcc -o conftest -g -O2   conftest.c  >&5
configure:7205: $? = 0
configure:7209: test -z 
			 || test ! -s conftest.err
configure:7212: $? = 0
configure:7215: test -s conftest
configure:7218: $? = 0
configure:7230: result: yes
configure:7142: checking for __argz_next
configure:7199: gcc -o conftest -g -O2   conftest.c  >&5
configure:7205: $? = 0
configure:7209: test -z 
			 || test ! -s conftest.err
configure:7212: $? = 0
configure:7215: test -s conftest
configure:7218: $? = 0
configure:7230: result: yes
configure:7246: checking for stpcpy
configure:7303: gcc -o conftest -g -O2   conftest.c  >&5
conftest.c:72: warning: conflicting types for built-in function 'stpcpy'
configure:7309: $? = 0
configure:7313: test -z 
			 || test ! -s conftest.err
configure:7316: $? = 0
configure:7319: test -s conftest
configure:7322: $? = 0
configure:7334: result: yes
configure:7354: checking for LC_MESSAGES
configure:7375: gcc -o conftest -g -O2   conftest.c  >&5
configure:7381: $? = 0
configure:7385: test -z 
			 || test ! -s conftest.err
configure:7388: $? = 0
configure:7391: test -s conftest
configure:7394: $? = 0
configure:7406: result: yes
configure:7416: checking whether NLS is requested
configure:7425: result: no
configure:8446: checking whether to enable maintainer-specific portions of Makefiles
configure:8455: result: no
configure:8496: checking for i386-pc-linux-gnu-ranlib
configure:8522: result: ranlib
configure:8586: checking for a BSD-compatible install
configure:8641: result: /usr/bin/install -c
configure:8708: checking for string.h
configure:8713: result: yes
configure:8708: checking for strings.h
configure:8713: result: yes
configure:8708: checking for stdlib.h
configure:8713: result: yes
configure:8708: checking for unistd.h
configure:8713: result: yes
configure:8717: checking fcntl.h usability
configure:8729: gcc -c -g -O2  conftest.c >&5
configure:8735: $? = 0
configure:8739: test -z 
			 || test ! -s conftest.err
configure:8742: $? = 0
configure:8745: test -s conftest.o
configure:8748: $? = 0
configure:8758: result: yes
configure:8762: checking fcntl.h presence
configure:8772: gcc -E  conftest.c
configure:8778: $? = 0
configure:8798: result: yes
configure:8833: checking for fcntl.h
configure:8840: result: yes
configure:8717: checking sys/file.h usability
configure:8729: gcc -c -g -O2  conftest.c >&5
configure:8735: $? = 0
configure:8739: test -z 
			 || test ! -s conftest.err
configure:8742: $? = 0
configure:8745: test -s conftest.o
configure:8748: $? = 0
configure:8758: result: yes
configure:8762: checking sys/file.h presence
configure:8772: gcc -E  conftest.c
configure:8778: $? = 0
configure:8798: result: yes
configure:8833: checking for sys/file.h
configure:8840: result: yes
configure:8853: checking for sys/wait.h that is POSIX.1 compatible
configure:8884: gcc -c -g -O2  conftest.c >&5
configure:8890: $? = 0
configure:8894: test -z 
			 || test ! -s conftest.err
configure:8897: $? = 0
configure:8900: test -s conftest.o
configure:8903: $? = 0
configure:8914: result: yes
configure:8926: checking for working alloca.h
configure:8978: result: yes
configure:8988: checking for alloca
configure:9060: result: yes
configure:9291: checking for sbrk
configure:9348: gcc -o conftest -g -O2   conftest.c  >&5
configure:9354: $? = 0
configure:9358: test -z 
			 || test ! -s conftest.err
configure:9361: $? = 0
configure:9364: test -s conftest
configure:9367: $? = 0
configure:9379: result: yes
configure:9291: checking for utimes
configure:9348: gcc -o conftest -g -O2   conftest.c  >&5
configure:9354: $? = 0
configure:9358: test -z 
			 || test ! -s conftest.err
configure:9361: $? = 0
configure:9364: test -s conftest
configure:9367: $? = 0
configure:9379: result: yes
configure:9291: checking for setmode
configure:9348: gcc -o conftest -g -O2   conftest.c  >&5
/tmp/ccCMJvjG.o: In function `main':
/opt/smp86xx/smp86xx_toolchain_2.8.2.0/toolchain_build_mipsel_nofpu/binutils-2.17-build/binutils/conftest.c:102: undefined reference to `setmode'
/tmp/ccCMJvjG.o:(.data+0x0): undefined reference to `setmode'
collect2: ld returned 1 exit status
configure:9354: $? = 1
configure: failed program was:
| /* confdefs.h.  */
| 
| #define PACKAGE_NAME ""
| #define PACKAGE_TARNAME ""
| #define PACKAGE_VERSION ""
| #define PACKAGE_STRING ""
| #define PACKAGE_BUGREPORT ""
| #define PACKAGE "binutils"
| #define VERSION "2.17"
| #define _GNU_SOURCE 1
| #define YYTEXT_POINTER 1
| #define STDC_HEADERS 1
| #define HAVE_SYS_TYPES_H 1
| #define HAVE_SYS_STAT_H 1
| #define HAVE_STDLIB_H 1
| #define HAVE_STRING_H 1
| #define HAVE_MEMORY_H 1
| #define HAVE_STRINGS_H 1
| #define HAVE_INTTYPES_H 1
| #define HAVE_STDINT_H 1
| #define HAVE_UNISTD_H 1
| #define HAVE_ALLOCA_H 1
| #define HAVE_ALLOCA 1
| #define HAVE_STDLIB_H 1
| #define HAVE_UNISTD_H 1
| #define HAVE_GETPAGESIZE 1
| #define HAVE_MMAP 1
| #define HAVE_ARGZ_H 1
| #define HAVE_LIMITS_H 1
| #define HAVE_LOCALE_H 1
| #define HAVE_NL_TYPES_H 1
| #define HAVE_MALLOC_H 1
| #define HAVE_STRING_H 1
| #define HAVE_UNISTD_H 1
| #define HAVE_VALUES_H 1
| #define HAVE_SYS_PARAM_H 1
| #define HAVE_GETCWD 1
| #define HAVE_MUNMAP 1
| #define HAVE_PUTENV 1
| #define HAVE_SETENV 1
| #define HAVE_SETLOCALE 1
| #define HAVE_STRCHR 1
| #define HAVE_STRCASECMP 1
| #define HAVE___ARGZ_COUNT 1
| #define HAVE___ARGZ_STRINGIFY 1
| #define HAVE___ARGZ_NEXT 1
| #define HAVE_STPCPY 1
| #define HAVE_STPCPY 1
| #define HAVE_LC_MESSAGES 1
| #define EXECUTABLE_SUFFIX ""
| #define HAVE_STRING_H 1
| #define HAVE_STRINGS_H 1
| #define HAVE_STDLIB_H 1
| #define HAVE_UNISTD_H 1
| #define HAVE_FCNTL_H 1
| #define HAVE_SYS_FILE_H 1
| #define HAVE_SYS_WAIT_H 1
| #define HAVE_ALLOCA_H 1
| #define HAVE_ALLOCA 1
| #define HAVE_SBRK 1
| #define HAVE_UTIMES 1
| /* end confdefs.h.  */
| /* Define setmode to an innocuous variant, in case <limits.h> declares setmode.
|    For example, HP-UX 11i <limits.h> declares gettimeofday.  */
| #define setmode innocuous_setmode
| 
| /* System header to define __stub macros and hopefully few prototypes,
|     which can conflict with char setmode (); below.
|     Prefer <limits.h> to <assert.h> if __STDC__ is defined, since
|     <limits.h> exists even on freestanding compilers.  */
| 
| #ifdef __STDC__
| # include <limits.h>
| #else
| # include <assert.h>
| #endif
| 
| #undef setmode
| 
| /* Override any gcc2 internal prototype to avoid an error.  */
| #ifdef __cplusplus
| extern "C"
| {
| #endif
| /* We use char because int might match the return type of a gcc2
|    builtin and then its argument prototype would still apply.  */
| char setmode ();
| /* The GNU C library defines this for functions which it implements
|     to always fail with ENOSYS.  Some functions are actually named
|     something starting with __ and the normal name is an alias.  */
| #if defined (__stub_setmode) || defined (__stub___setmode)
| choke me
| #else
| char (*f) () = setmode;
| #endif
| #ifdef __cplusplus
| }
| #endif
| 
| int
| main ()
| {
| return f != setmode;
|   ;
|   return 0;
| }
configure:9379: result: no
configure:9291: checking for getc_unlocked
configure:9348: gcc -o conftest -g -O2   conftest.c  >&5
configure:9354: $? = 0
configure:9358: test -z 
			 || test ! -s conftest.err
configure:9361: $? = 0
configure:9364: test -s conftest
configure:9367: $? = 0
configure:9379: result: yes
configure:9291: checking for strcoll
configure:9348: gcc -o conftest -g -O2   conftest.c  >&5
configure:9354: $? = 0
configure:9358: test -z 
			 || test ! -s conftest.err
configure:9361: $? = 0
configure:9364: test -s conftest
configure:9367: $? = 0
configure:9379: result: yes
configure:9392: checking for fopen64
configure:9413: gcc -o conftest -g -O2   conftest.c  >&5
configure:9419: $? = 0
configure:9423: test -z 
			 || test ! -s conftest.err
configure:9426: $? = 0
configure:9429: test -s conftest
configure:9432: $? = 0
configure:9493: result: yes
configure:9502: checking for stat64
configure:9523: gcc -o conftest -g -O2   conftest.c  >&5
configure:9529: $? = 0
configure:9533: test -z 
			 || test ! -s conftest.err
configure:9536: $? = 0
configure:9539: test -s conftest
configure:9542: $? = 0
configure:9603: result: yes
configure:9623: checking for library containing frexp
configure:9653: gcc -o conftest -g -O2   conftest.c  >&5
conftest.c:74: warning: conflicting types for built-in function 'frexp'
configure:9659: $? = 0
configure:9663: test -z 
			 || test ! -s conftest.err
configure:9666: $? = 0
configure:9669: test -s conftest
configure:9672: $? = 0
configure:9742: result: none required
configure:9750: checking for time_t in time.h
configure:9771: gcc -c -g -O2  conftest.c >&5
configure:9777: $? = 0
configure:9781: test -z 
			 || test ! -s conftest.err
configure:9784: $? = 0
configure:9787: test -s conftest.o
configure:9790: $? = 0
configure:9802: result: yes
configure:9812: checking for time_t in sys/types.h
configure:9833: gcc -c -g -O2  conftest.c >&5
configure:9839: $? = 0
configure:9843: test -z 
			 || test ! -s conftest.err
configure:9846: $? = 0
configure:9849: test -s conftest.o
configure:9852: $? = 0
configure:9864: result: yes
configure:9874: checking for a known getopt prototype in unistd.h
configure:9895: gcc -c -g -O2  conftest.c >&5
configure:9901: $? = 0
configure:9905: test -z 
			 || test ! -s conftest.err
configure:9908: $? = 0
configure:9911: test -s conftest.o
configure:9914: $? = 0
configure:9926: result: yes
configure:9938: checking for utime.h
configure:9963: gcc -c -g -O2  conftest.c >&5
configure:9969: $? = 0
configure:9973: test -z 
			 || test ! -s conftest.err
configure:9976: $? = 0
configure:9979: test -s conftest.o
configure:9982: $? = 0
configure:9994: result: yes
configure:10004: checking whether fprintf is declared
configure:10028: gcc -c -g -O2  conftest.c >&5
configure:10034: $? = 0
configure:10038: test -z 
			 || test ! -s conftest.err
configure:10041: $? = 0
configure:10044: test -s conftest.o
configure:10047: $? = 0
configure:10058: result: yes
configure:10074: checking whether stpcpy is declared
configure:10098: gcc -c -g -O2  conftest.c >&5
configure:10104: $? = 0
configure:10108: test -z 
			 || test ! -s conftest.err
configure:10111: $? = 0
configure:10114: test -s conftest.o
configure:10117: $? = 0
configure:10128: result: yes
configure:10144: checking whether strstr is declared
configure:10168: gcc -c -g -O2  conftest.c >&5
configure:10174: $? = 0
configure:10178: test -z 
			 || test ! -s conftest.err
configure:10181: $? = 0
configure:10184: test -s conftest.o
configure:10187: $? = 0
configure:10198: result: yes
configure:10214: checking whether sbrk is declared
configure:10238: gcc -c -g -O2  conftest.c >&5
configure:10244: $? = 0
configure:10248: test -z 
			 || test ! -s conftest.err
configure:10251: $? = 0
configure:10254: test -s conftest.o
configure:10257: $? = 0
configure:10268: result: yes
configure:10284: checking whether getenv is declared
configure:10308: gcc -c -g -O2  conftest.c >&5
configure:10314: $? = 0
configure:10318: test -z 
			 || test ! -s conftest.err
configure:10321: $? = 0
configure:10324: test -s conftest.o
configure:10327: $? = 0
configure:10338: result: yes
configure:10354: checking whether environ is declared
configure:10378: gcc -c -g -O2  conftest.c >&5
configure:10384: $? = 0
configure:10388: test -z 
			 || test ! -s conftest.err
configure:10391: $? = 0
configure:10394: test -s conftest.o
configure:10397: $? = 0
configure:10408: result: yes
configure:10424: checking whether getc_unlocked is declared
configure:10448: gcc -c -g -O2  conftest.c >&5
configure:10454: $? = 0
configure:10458: test -z 
			 || test ! -s conftest.err
configure:10461: $? = 0
configure:10464: test -s conftest.o
configure:10467: $? = 0
configure:10478: result: yes
configure:10494: checking whether snprintf is declared
configure:10518: gcc -c -g -O2  conftest.c >&5
configure:10524: $? = 0
configure:10528: test -z 
			 || test ! -s conftest.err
configure:10531: $? = 0
configure:10534: test -s conftest.o
configure:10537: $? = 0
configure:10548: result: yes
configure:10564: checking whether vsnprintf is declared
configure:10588: gcc -c -g -O2  conftest.c >&5
configure:10594: $? = 0
configure:10598: test -z 
			 || test ! -s conftest.err
configure:10601: $? = 0
configure:10604: test -s conftest.o
configure:10607: $? = 0
configure:10618: result: yes
configure:10938: creating ./config.status

## ---------------------- ##
## Running config.status. ##
## ---------------------- ##

This file was extended by config.status, which was
generated by GNU Autoconf 2.59.  Invocation command line was

  CONFIG_FILES    = 
  CONFIG_HEADERS  = 
  CONFIG_LINKS    = 
  CONFIG_COMMANDS = 
  $ ./config.status 

on DavidLinux

config.status:757: creating Makefile
config.status:757: creating doc/Makefile
config.status:757: creating po/Makefile.in
config.status:854: creating config.h
config.status:1296: executing depfiles commands
config.status:1296: executing default commands

## ---------------- ##
## Cache variables. ##
## ---------------- ##

ac_cv_archive_cmds_needs_lc=no
ac_cv_build=i386-pc-linux-gnu
ac_cv_build_alias=i386-pc-linux-gnu
ac_cv_c_compiler_gnu=yes
ac_cv_c_const=yes
ac_cv_c_inline=inline
ac_cv_env_CC_set=set
ac_cv_env_CC_value=gcc
ac_cv_env_CFLAGS_set=set
ac_cv_env_CFLAGS_value='-g -O2'
ac_cv_env_CPPFLAGS_set=
ac_cv_env_CPPFLAGS_value=
ac_cv_env_CPP_set=
ac_cv_env_CPP_value=
ac_cv_env_LDFLAGS_set=set
ac_cv_env_LDFLAGS_value=
ac_cv_env_build_alias_set=set
ac_cv_env_build_alias_value=i386-pc-linux-gnu
ac_cv_env_host_alias_set=set
ac_cv_env_host_alias_value=i386-pc-linux-gnu
ac_cv_env_target_alias_set=set
ac_cv_env_target_alias_value=mipsel-linux-uclibc
ac_cv_exeext=
ac_cv_func___argz_count=yes
ac_cv_func___argz_next=yes
ac_cv_func___argz_stringify=yes
ac_cv_func_alloca_works=yes
ac_cv_func_getc_unlocked=yes
ac_cv_func_getcwd=yes
ac_cv_func_getpagesize=yes
ac_cv_func_mmap_fixed_mapped=yes
ac_cv_func_munmap=yes
ac_cv_func_putenv=yes
ac_cv_func_sbrk=yes
ac_cv_func_setenv=yes
ac_cv_func_setlocale=yes
ac_cv_func_setmode=no
ac_cv_func_stpcpy=yes
ac_cv_func_strcasecmp=yes
ac_cv_func_strchr=yes
ac_cv_func_strcoll=yes
ac_cv_func_utimes=yes
ac_cv_have_decl_environ=yes
ac_cv_have_decl_fprintf=yes
ac_cv_have_decl_getc_unlocked=yes
ac_cv_have_decl_getenv=yes
ac_cv_have_decl_sbrk=yes
ac_cv_have_decl_snprintf=yes
ac_cv_have_decl_stpcpy=yes
ac_cv_have_decl_strstr=yes
ac_cv_have_decl_vsnprintf=yes
ac_cv_header_argz_h=yes
ac_cv_header_fcntl_h=yes
ac_cv_header_inttypes_h=yes
ac_cv_header_limits_h=yes
ac_cv_header_locale_h=yes
ac_cv_header_malloc_h=yes
ac_cv_header_memory_h=yes
ac_cv_header_nl_types_h=yes
ac_cv_header_stdc=yes
ac_cv_header_stdint_h=yes
ac_cv_header_stdlib_h=yes
ac_cv_header_string_h=yes
ac_cv_header_strings_h=yes
ac_cv_header_sys_file_h=yes
ac_cv_header_sys_param_h=yes
ac_cv_header_sys_stat_h=yes
ac_cv_header_sys_types_h=yes
ac_cv_header_sys_wait_h=yes
ac_cv_header_unistd_h=yes
ac_cv_header_values_h=yes
ac_cv_host=i386-pc-linux-gnu
ac_cv_host_alias=i386-pc-linux-gnu
ac_cv_lib_fl_yywrap=yes
ac_cv_objext=o
ac_cv_prog_AWK=gawk
ac_cv_prog_CC=gcc
ac_cv_prog_CPP='gcc -E'
ac_cv_prog_LEX=flex
ac_cv_prog_RANLIB=ranlib
ac_cv_prog_YACC='bison -y'
ac_cv_prog_ac_ct_STRIP=strip
ac_cv_prog_cc_can_build_shared=yes
ac_cv_prog_cc_g=yes
ac_cv_prog_cc_no_builtin=
ac_cv_prog_cc_pic=' -fPIC -DPIC'
ac_cv_prog_cc_pic_works=yes
ac_cv_prog_cc_shlib=
ac_cv_prog_cc_static=-static
ac_cv_prog_cc_static_works=yes
ac_cv_prog_cc_stdc=
ac_cv_prog_cc_wl=-Wl,
ac_cv_prog_egrep='grep -E'
ac_cv_prog_lex_root=lex.yy
ac_cv_prog_lex_yytext_pointer=yes
ac_cv_prog_make_make_set=yes
ac_cv_search_frexp='none required'
ac_cv_search_strerror='none required'
ac_cv_target=mipsel-unknown-linux-uclibc
ac_cv_target_alias=mipsel-linux-uclibc
ac_cv_type_off_t=yes
ac_cv_type_size_t=yes
ac_cv_working_alloca_h=yes
am_cv_CC_dependencies_compiler_type=none
am_cv_val_LC_MESSAGES=yes
bu_cv_decl_getopt_unistd_h=yes
bu_cv_decl_time_t_time_h=yes
bu_cv_decl_time_t_types_h=yes
bu_cv_have_fopen64=yes
bu_cv_have_stat64=yes
bu_cv_header_utime_h=yes
lt_cv_compiler_c_o=yes
lt_cv_deplibs_check_method=pass_all
lt_cv_file_magic_cmd='$MAGIC_CMD'
lt_cv_file_magic_test_file=
lt_cv_ld_reload_flag=-r
lt_cv_path_LD=ld
lt_cv_path_NM=nm
lt_cv_prog_gnu_ld=yes
lt_cv_sys_max_cmd_len=49153
nls_cv_header_intl=libintl.h
nls_cv_header_libgt=libgettext.h

## ----------------- ##
## Output variables. ##
## ----------------- ##

ACLOCAL='${SHELL} /opt/smp86xx/smp86xx_toolchain_2.8.2.0/toolchain_build_mipsel_nofpu/binutils-2.17/missing --run aclocal-1.9'
ALLOCA=''
AMDEPBACKSLASH='\'
AMDEP_FALSE='#'
AMDEP_TRUE=''
AMTAR='${SHELL} /opt/smp86xx/smp86xx_toolchain_2.8.2.0/toolchain_build_mipsel_nofpu/binutils-2.17/missing --run tar'
AR='ar'
AUTOCONF='${SHELL} /opt/smp86xx/smp86xx_toolchain_2.8.2.0/toolchain_build_mipsel_nofpu/binutils-2.17/missing --run autoconf'
AUTOHEADER='${SHELL} /opt/smp86xx/smp86xx_toolchain_2.8.2.0/toolchain_build_mipsel_nofpu/binutils-2.17/missing --run autoheader'
AUTOMAKE='${SHELL} /opt/smp86xx/smp86xx_toolchain_2.8.2.0/toolchain_build_mipsel_nofpu/binutils-2.17/missing --run automake-1.9'
AWK='gawk'
BUILD_DLLTOOL=''
BUILD_DLLWRAP=''
BUILD_MISC=''
BUILD_NLMCONV=''
BUILD_SRCONV=''
BUILD_WINDRES=''
CATALOGS=''
CATOBJEXT=''
CC='gcc'
CCDEPMODE='depmode=none'
CC_FOR_BUILD='gcc'
CFLAGS='-g -O2'
CPP='gcc -E'
CPPFLAGS=''
CYGPATH_W='echo'
DATADIRNAME='share'
DEFS='-DHAVE_CONFIG_H'
DEMANGLER_NAME='c++filt'
DEPDIR='.deps'
DLLTOOL_DEFS=''
ECHO_C=''
ECHO_N='-n'
ECHO_T=''
EGREP='grep -E'
EMULATION='vanilla'
EMULATION_VECTOR='bin_vanilla_emulation'
EXEEXT=''
EXEEXT_FOR_BUILD='$(EXEEXT)'
GMOFILES=' fr.gmo tr.gmo ja.gmo es.gmo sv.gmo da.gmo zh_CN.gmo ru.gmo ro.gmo rw.gmo zh_TW.gmo fi.gmo vi.gmo'
GMSGFMT=''
GT_NO=''
GT_YES='#YES#'
HDEFINES=''
INCLUDE_LOCALE_H='#include <locale.h>'
INSTALL_DATA='/usr/bin/install -c -m 644'
INSTALL_PROGRAM='/usr/bin/install -c'
INSTALL_SCRIPT='/usr/bin/install -c'
INSTALL_STRIP_PROGRAM='${SHELL} $(install_sh) -c -s'
INSTOBJEXT=''
INTLDEPS=''
INTLLIBS=''
INTLOBJS=''
LDFLAGS=''
LEX='flex'
LEXLIB='-lfl'
LEX_OUTPUT_ROOT='lex.yy'
LIBOBJS=''
LIBS=''
LIBTOOL='$(SHELL) $(top_builddir)/libtool'
LN_S='ln -s'
LTLIBOBJS=''
MAINT='#'
MAINTAINER_MODE_FALSE=''
MAINTAINER_MODE_TRUE='#'
MAKEINFO='makeinfo --split-size=5000000'
MKINSTALLDIRS='$(srcdir)/../../mkinstalldirs'
MSGFMT=''
NLMCONV_DEFS=''
NO_WERROR='-Wno-error'
OBJDUMP_DEFS=''
OBJEXT='o'
PACKAGE='binutils'
PACKAGE_BUGREPORT=''
PACKAGE_NAME=''
PACKAGE_STRING=''
PACKAGE_TARNAME=''
PACKAGE_VERSION=''
PATH_SEPARATOR=':'
POFILES=' fr.po tr.po ja.po es.po sv.po da.po zh_CN.po ru.po ro.po rw.po zh_TW.po fi.po vi.po'
POSUB=''
RANLIB='ranlib'
SET_MAKE=''
SHELL='/bin/sh'
STRIP='strip'
USE_INCLUDED_LIBINTL='no'
USE_NLS='no'
VERSION='2.17'
WARN_CFLAGS='-W -Wall -Wstrict-prototypes -Wmissing-prototypes -Werror'
XGETTEXT=''
YACC='bison -y'
ac_ct_CC=''
ac_ct_RANLIB=''
ac_ct_STRIP='strip'
am__fastdepCC_FALSE=''
am__fastdepCC_TRUE='#'
am__include='include'
am__leading_dot='.'
am__quote=''
am__tar='${AMTAR} chof - "$$tardir"'
am__untar='${AMTAR} xf -'
bindir='${exec_prefix}/bin'
build='i386-pc-linux-gnu'
build_alias='i386-pc-linux-gnu'
build_cpu='i386'
build_os='linux-gnu'
build_vendor='pc'
datadir='${prefix}/share'
datarootdir='/opt/smp86xx/smp86xx_toolchain_2.8.2.0/build_mipsel_nofpu/staging_dir/share'
docdir='/opt/smp86xx/smp86xx_toolchain_2.8.2.0/build_mipsel_nofpu/staging_dir/share/doc'
exec_prefix='${prefix}'
host='i386-pc-linux-gnu'
host_alias='i386-pc-linux-gnu'
host_cpu='i386'
host_os='linux-gnu'
host_vendor='pc'
htmldir='/opt/smp86xx/smp86xx_toolchain_2.8.2.0/build_mipsel_nofpu/staging_dir/share/doc'
includedir='${prefix}/include'
infodir='${prefix}/info'
install_sh='/opt/smp86xx/smp86xx_toolchain_2.8.2.0/toolchain_build_mipsel_nofpu/binutils-2.17/install-sh'
l=''
libdir='${exec_prefix}/lib'
libexecdir='${exec_prefix}/libexec'
localstatedir='${prefix}/var'
mandir='${prefix}/man'
mkdir_p='mkdir -p --'
oldincludedir='/usr/include'
prefix='/opt/smp86xx/smp86xx_toolchain_2.8.2.0/build_mipsel_nofpu/staging_dir'
program_transform_name='s,^,mipsel-linux-uclibc-,;'
sbindir='${exec_prefix}/sbin'
sharedstatedir='${prefix}/com'
sysconfdir='${prefix}/etc'
target='mipsel-unknown-linux-uclibc'
target_alias='mipsel-linux-uclibc'
target_cpu='mipsel'
target_os='linux-uclibc'
target_vendor='unknown'

## ----------- ##
## confdefs.h. ##
## ----------- ##

#define EXECUTABLE_SUFFIX ""
#define HAVE_ALLOCA 1
#define HAVE_ALLOCA 1
#define HAVE_ALLOCA_H 1
#define HAVE_ALLOCA_H 1
#define HAVE_ARGZ_H 1
#define HAVE_DECL_ENVIRON 1
#define HAVE_DECL_FPRINTF 1
#define HAVE_DECL_GETC_UNLOCKED 1
#define HAVE_DECL_GETENV 1
#define HAVE_DECL_GETOPT 1
#define HAVE_DECL_SBRK 1
#define HAVE_DECL_SNPRINTF 1
#define HAVE_DECL_STPCPY 1
#define HAVE_DECL_STRSTR 1
#define HAVE_DECL_VSNPRINTF 1
#define HAVE_FCNTL_H 1
#define HAVE_FOPEN64 1
#define HAVE_GETCWD 1
#define HAVE_GETC_UNLOCKED 1
#define HAVE_GETPAGESIZE 1
#define HAVE_GOOD_UTIME_H 1
#define HAVE_INTTYPES_H 1
#define HAVE_LC_MESSAGES 1
#define HAVE_LIMITS_H 1
#define HAVE_LOCALE_H 1
#define HAVE_MALLOC_H 1
#define HAVE_MEMORY_H 1
#define HAVE_MMAP 1
#define HAVE_MUNMAP 1
#define HAVE_NL_TYPES_H 1
#define HAVE_PUTENV 1
#define HAVE_SBRK 1
#define HAVE_SETENV 1
#define HAVE_SETLOCALE 1
#define HAVE_STAT64 1
#define HAVE_STDINT_H 1
#define HAVE_STDLIB_H 1
#define HAVE_STDLIB_H 1
#define HAVE_STDLIB_H 1
#define HAVE_STPCPY 1
#define HAVE_STPCPY 1
#define HAVE_STRCASECMP 1
#define HAVE_STRCHR 1
#define HAVE_STRCOLL 1
#define HAVE_STRINGS_H 1
#define HAVE_STRINGS_H 1
#define HAVE_STRING_H 1
#define HAVE_STRING_H 1
#define HAVE_STRING_H 1
#define HAVE_SYS_FILE_H 1
#define HAVE_SYS_PARAM_H 1
#define HAVE_SYS_STAT_H 1
#define HAVE_SYS_TYPES_H 1
#define HAVE_SYS_WAIT_H 1
#define HAVE_TIME_T_IN_TIME_H 1
#define HAVE_TIME_T_IN_TYPES_H 1
#define HAVE_UNISTD_H 1
#define HAVE_UNISTD_H 1
#define HAVE_UNISTD_H 1
#define HAVE_UNISTD_H 1
#define HAVE_UTIMES 1
#define HAVE_VALUES_H 1
#define HAVE___ARGZ_COUNT 1
#define HAVE___ARGZ_NEXT 1
#define HAVE___ARGZ_STRINGIFY 1
#define PACKAGE "binutils"
#define PACKAGE_BUGREPORT ""
#define PACKAGE_NAME ""
#define PACKAGE_STRING ""
#define PACKAGE_TARNAME ""
#define PACKAGE_VERSION ""
#define STDC_HEADERS 1
#define TARGET "mipsel-unknown-linux-uclibc"
#define TARGET_PREPENDS_UNDERSCORE 0
#define VERSION "2.17"
#define YYTEXT_POINTER 1
#define _GNU_SOURCE 1

configure: exit 0
