This file contains any messages produced by compilers while
running configure, to aid debugging if configure makes a mistake.

It was created by configure, which was
generated by GNU Autoconf 2.59.  Invocation command line was

  $ /opt/smp86xx/smp86xx_toolchain_2.8.2.0/toolchain_build_mipsel_nofpu/gdb-6.5/sim/common/configure --prefix=/opt/smp86xx/smp86xx_toolchain_2.8.2.0/build_mipsel_nofpu/staging_dir --cache-file=./config.cache --build=i386-pc-linux-gnu --host=i386-pc-linux-gnu --target=mipsel-linux-uclibc --with-stabs --prefix=/opt/smp86xx/smp86xx_toolchain_2.8.2.0/build_mipsel_nofpu/staging_dir --disable-nls --without-uiout --disable-tui --disable-gdbtk --without-x --without-included-gettext --enable-threads --program-transform-name=s,^,mipsel-linux-uclibc-,;  --srcdir=/opt/smp86xx/smp86xx_toolchain_2.8.2.0/toolchain_build_mipsel_nofpu/gdb-6.5/sim CC=gcc CFLAGS=-g -O2 LDFLAGS= build_alias=i386-pc-linux-gnu host_alias=i386-pc-linux-gnu target_alias=mipsel-linux-uclibc --cache-file=.././config.cache --srcdir=/opt/smp86xx/smp86xx_toolchain_2.8.2.0/toolchain_build_mipsel_nofpu/gdb-6.5/sim/common

## --------- ##
## Platform. ##
## --------- ##

hostname = DavidLinux
uname -m = i686
uname -r = 2.6.23.15-80.fc7
uname -s = Linux
uname -v = #1 SMP Sun Feb 10 17:29:10 EST 2008

/usr/bin/uname -p = unknown
/bin/uname -X     = unknown

/bin/arch              = i686
/usr/bin/arch -k       = unknown
/usr/convex/getsysinfo = unknown
hostinfo               = unknown
/bin/machine           = unknown
/usr/bin/oslevel       = unknown
/bin/universe          = unknown

PATH: /usr/lib/qt-3.3/bin
PATH: /usr/kerberos/bin
PATH: /usr/lib/ccache
PATH: /usr/local/bin
PATH: /usr/bin
PATH: /bin
PATH: /home/davidhu/bin
PATH: /home/davidhu/bin


## ----------- ##
## Core tests. ##
## ----------- ##

configure:1226: loading cache .././config.cache
configure:1369: checking build system type
configure:1387: result: i386-pc-linux-gnu
configure:1395: checking host system type
configure:1409: result: i386-pc-linux-gnu
configure:1417: checking target system type
configure:1431: result: mipsel-unknown-linux-uclibc
configure:1466: checking for i386-pc-linux-gnu-gcc
configure:1492: result: gcc
configure:1774: checking for C compiler version
configure:1777: gcc --version </dev/null >&5
gcc (GCC) 4.1.2 20070925 (Red Hat 4.1.2-27)
Copyright (C) 2006 Free Software Foundation, Inc.
This is free software; see the source for copying conditions.  There is NO
warranty; not even for MERCHANTABILITY or FITNESS FOR A PARTICULAR PURPOSE.

configure:1780: $? = 0
configure:1782: gcc -v </dev/null >&5
Using built-in specs.
Target: i386-redhat-linux
Configured with: ../configure --prefix=/usr --mandir=/usr/share/man --infodir=/usr/share/info --enable-shared --enable-threads=posix --enable-checking=release --with-system-zlib --enable-__cxa_atexit --disable-libunwind-exceptions --enable-languages=c,c++,objc,obj-c++,java,fortran,ada --enable-java-awt=gtk --disable-dssi --enable-plugin --with-java-home=/usr/lib/jvm/java-1.5.0-gcj-1.5.0.0/jre --enable-libgcj-multifile --enable-java-maintainer-mode --with-ecj-jar=/usr/share/java/eclipse-ecj.jar --with-cpu=generic --host=i386-redhat-linux
Thread model: posix
gcc version 4.1.2 20070925 (Red Hat 4.1.2-27)
configure:1785: $? = 0
configure:1787: gcc -V </dev/null >&5
gcc: '-V' option must have argument
configure:1790: $? = 1
configure:1813: checking for C compiler default output file name
configure:1816: gcc -g -O2   conftest.c  >&5
configure:1819: $? = 0
configure:1865: result: a.out
configure:1870: checking whether the C compiler works
configure:1876: ./a.out
configure:1879: $? = 0
configure:1896: result: yes
configure:1903: checking whether we are cross compiling
configure:1905: result: no
configure:1908: checking for suffix of executables
configure:1910: gcc -o conftest -g -O2   conftest.c  >&5
configure:1913: $? = 0
configure:1938: result: 
configure:1944: checking for suffix of object files
configure:1990: result: o
configure:1994: checking whether we are using the GNU C compiler
configure:2049: result: yes
configure:2055: checking whether gcc accepts -g
configure:2105: result: yes
configure:2122: checking for gcc option to accept ANSI C
configure:2228: result: none needed
configure:2246: gcc -c -g -O2  conftest.c >&5
conftest.c:2: error: expected '=', ',', ';', 'asm' or '__attribute__' before 'me'
configure:2252: $? = 1
configure: failed program was:
| #ifndef __cplusplus
|   choke me
| #endif
configure:2395: checking for a BSD-compatible install
configure:2450: result: /usr/bin/install -c
configure:2477: checking for i386-pc-linux-gnu-ranlib
configure:2503: result: ranlib
configure:2556: checking whether make sets $(MAKE)
configure:2576: result: yes
configure:2586: checking for library containing strerror
configure:2703: result: none required
configure:2715: checking how to run the C preprocessor
configure:2833: result: gcc -E
configure:2857: gcc -E  conftest.c
configure:2863: $? = 0
configure:2895: gcc -E  conftest.c
conftest.c:9:28: error: ac_nonexistent.h: No such file or directory
configure:2901: $? = 1
configure: failed program was:
| /* confdefs.h.  */
| 
| #define PACKAGE_NAME ""
| #define PACKAGE_TARNAME ""
| #define PACKAGE_VERSION ""
| #define PACKAGE_STRING ""
| #define PACKAGE_BUGREPORT ""
| /* end confdefs.h.  */
| #include <ac_nonexistent.h>
configure:2945: checking for egrep
configure:2955: result: grep -E
configure:2960: checking for ANSI C header files
configure:3115: result: yes
configure:3125: checking for an ANSI C-conforming const
configure:3221: result: yes
configure:3231: checking for inline
configure:3282: result: inline
configure:3315: checking for sys/types.h
configure:3360: result: yes
configure:3315: checking for sys/stat.h
configure:3360: result: yes
configure:3315: checking for stdlib.h
configure:3360: result: yes
configure:3315: checking for string.h
configure:3360: result: yes
configure:3315: checking for memory.h
configure:3360: result: yes
configure:3315: checking for strings.h
configure:3360: result: yes
configure:3315: checking for inttypes.h
configure:3360: result: yes
configure:3315: checking for stdint.h
configure:3360: result: yes
configure:3315: checking for unistd.h
configure:3360: result: yes
configure:3372: checking for off_t
configure:3425: result: yes
configure:3437: checking for size_t
configure:3490: result: yes
configure:3504: checking for working alloca.h
configure:3555: result: yes
configure:3565: checking for alloca
configure:3636: result: yes
configure:3864: checking for stdlib.h
configure:3869: result: yes
configure:3864: checking for unistd.h
configure:3869: result: yes
configure:4012: checking for getpagesize
configure:4099: result: yes
configure:4109: checking for working mmap
configure:4273: result: yes
configure:4299: checking for argz.h
configure:4304: result: yes
configure:4299: checking for limits.h
configure:4304: result: yes
configure:4299: checking for locale.h
configure:4304: result: yes
configure:4299: checking for nl_types.h
configure:4304: result: yes
configure:4299: checking for malloc.h
configure:4304: result: yes
configure:4299: checking for string.h
configure:4304: result: yes
configure:4299: checking for unistd.h
configure:4304: result: yes
configure:4299: checking for values.h
configure:4304: result: yes
configure:4299: checking for sys/param.h
configure:4304: result: yes
configure:4457: checking for getcwd
configure:4544: result: yes
configure:4457: checking for munmap
configure:4544: result: yes
configure:4457: checking for putenv
configure:4544: result: yes
configure:4457: checking for setenv
configure:4544: result: yes
configure:4457: checking for setlocale
configure:4544: result: yes
configure:4457: checking for strchr
configure:4544: result: yes
configure:4457: checking for strcasecmp
configure:4544: result: yes
configure:4457: checking for __argz_count
configure:4544: result: yes
configure:4457: checking for __argz_stringify
configure:4544: result: yes
configure:4457: checking for __argz_next
configure:4544: result: yes
configure:4667: checking for LC_MESSAGES
configure:4718: result: yes
configure:4728: checking whether NLS is requested
configure:4737: result: no
configure:5763: checking for stdlib.h
configure:5768: result: yes
configure:5763: checking for string.h
configure:5768: result: yes
configure:5763: checking for strings.h
configure:5768: result: yes
configure:5763: checking for unistd.h
configure:5768: result: yes
configure:5763: checking for time.h
configure:5768: result: yes
configure:5913: checking for sys/time.h
configure:5918: result: yes
configure:5913: checking for sys/resource.h
configure:5918: result: yes
configure:6063: checking for fcntl.h
configure:6068: result: yes
configure:6063: checking for fpu_control.h
configure:6068: result: yes
configure:6214: checking for dlfcn.h
configure:6219: result: yes
configure:6214: checking for errno.h
configure:6219: result: yes
configure:6214: checking for sys/stat.h
configure:6219: result: yes
configure:6365: checking for getrusage
configure:6452: result: yes
configure:6365: checking for time
configure:6452: result: yes
configure:6365: checking for sigaction
configure:6452: result: yes
configure:6365: checking for __setfpucw
configure:6452: result: no
configure:6465: checking for bind in -lsocket
configure:6526: result: no
configure:6538: checking for gethostbyname in -lnsl
configure:6599: result: yes
configure:6759: checking return type of signal handlers
configure:6819: result: void
configure:6889: checking for stdlib.h
configure:6894: result: yes
configure:6889: checking for string.h
configure:6894: result: yes
configure:6889: checking for strings.h
configure:6894: result: yes
configure:6889: checking for time.h
configure:6894: result: yes
configure:6898: checking sys/times.h usability
configure:6910: gcc -c -g -O2  conftest.c >&5
configure:6916: $? = 0
configure:6919: test -z 			 || test ! -s conftest.err
configure:6922: $? = 0
configure:6925: test -s conftest.o
configure:6928: $? = 0
configure:6938: result: yes
configure:6942: checking sys/times.h presence
configure:6952: gcc -E  conftest.c
configure:6958: $? = 0
configure:6978: result: yes
configure:7013: checking for sys/times.h
configure:7020: result: yes
configure:6889: checking for sys/stat.h
configure:6894: result: yes
configure:6898: checking sys/mman.h usability
configure:6910: gcc -c -g -O2  conftest.c >&5
configure:6916: $? = 0
configure:6919: test -z 			 || test ! -s conftest.err
configure:6922: $? = 0
configure:6925: test -s conftest.o
configure:6928: $? = 0
configure:6938: result: yes
configure:6942: checking sys/mman.h presence
configure:6952: gcc -E  conftest.c
configure:6958: $? = 0
configure:6978: result: yes
configure:7013: checking for sys/mman.h
configure:7020: result: yes
configure:7041: checking for mmap
configure:7098: gcc -o conftest -g -O2   conftest.c -lnsl  >&5
configure:7104: $? = 0
configure:7107: test -z 			 || test ! -s conftest.err
configure:7110: $? = 0
configure:7113: test -s conftest
configure:7116: $? = 0
configure:7128: result: yes
configure:7041: checking for munmap
configure:7128: result: yes
configure:7041: checking for lstat
configure:7098: gcc -o conftest -g -O2   conftest.c -lnsl  >&5
configure:7104: $? = 0
configure:7107: test -z 			 || test ! -s conftest.err
configure:7110: $? = 0
configure:7113: test -s conftest
configure:7116: $? = 0
configure:7128: result: yes
configure:7041: checking for truncate
configure:7098: gcc -o conftest -g -O2   conftest.c -lnsl  >&5
configure:7104: $? = 0
configure:7107: test -z 			 || test ! -s conftest.err
configure:7110: $? = 0
configure:7113: test -s conftest
configure:7116: $? = 0
configure:7128: result: yes
configure:7041: checking for ftruncate
configure:7098: gcc -o conftest -g -O2   conftest.c -lnsl  >&5
configure:7104: $? = 0
configure:7107: test -z 			 || test ! -s conftest.err
configure:7110: $? = 0
configure:7113: test -s conftest
configure:7116: $? = 0
configure:7128: result: yes
configure:7138: checking for struct stat.st_dev
configure:7168: gcc -c -g -O2  conftest.c >&5
configure:7174: $? = 0
configure:7177: test -z 			 || test ! -s conftest.err
configure:7180: $? = 0
configure:7183: test -s conftest.o
configure:7186: $? = 0
configure:7255: result: yes
configure:7258: checking for struct stat.st_ino
configure:7288: gcc -c -g -O2  conftest.c >&5
configure:7294: $? = 0
configure:7297: test -z 			 || test ! -s conftest.err
configure:7300: $? = 0
configure:7303: test -s conftest.o
configure:7306: $? = 0
configure:7375: result: yes
configure:7378: checking for struct stat.st_mode
configure:7408: gcc -c -g -O2  conftest.c >&5
configure:7414: $? = 0
configure:7417: test -z 			 || test ! -s conftest.err
configure:7420: $? = 0
configure:7423: test -s conftest.o
configure:7426: $? = 0
configure:7495: result: yes
configure:7498: checking for struct stat.st_nlink
configure:7528: gcc -c -g -O2  conftest.c >&5
configure:7534: $? = 0
configure:7537: test -z 			 || test ! -s conftest.err
configure:7540: $? = 0
configure:7543: test -s conftest.o
configure:7546: $? = 0
configure:7615: result: yes
configure:7618: checking for struct stat.st_uid
configure:7648: gcc -c -g -O2  conftest.c >&5
configure:7654: $? = 0
configure:7657: test -z 			 || test ! -s conftest.err
configure:7660: $? = 0
configure:7663: test -s conftest.o
configure:7666: $? = 0
configure:7735: result: yes
configure:7738: checking for struct stat.st_gid
configure:7768: gcc -c -g -O2  conftest.c >&5
configure:7774: $? = 0
configure:7777: test -z 			 || test ! -s conftest.err
configure:7780: $? = 0
configure:7783: test -s conftest.o
configure:7786: $? = 0
configure:7855: result: yes
configure:7858: checking for struct stat.st_rdev
configure:7888: gcc -c -g -O2  conftest.c >&5
configure:7894: $? = 0
configure:7897: test -z 			 || test ! -s conftest.err
configure:7900: $? = 0
configure:7903: test -s conftest.o
configure:7906: $? = 0
configure:7975: result: yes
configure:7978: checking for struct stat.st_size
configure:8008: gcc -c -g -O2  conftest.c >&5
configure:8014: $? = 0
configure:8017: test -z 			 || test ! -s conftest.err
configure:8020: $? = 0
configure:8023: test -s conftest.o
configure:8026: $? = 0
configure:8095: result: yes
configure:8098: checking for struct stat.st_blksize
configure:8128: gcc -c -g -O2  conftest.c >&5
configure:8134: $? = 0
configure:8137: test -z 			 || test ! -s conftest.err
configure:8140: $? = 0
configure:8143: test -s conftest.o
configure:8146: $? = 0
configure:8215: result: yes
configure:8218: checking for struct stat.st_blocks
configure:8248: gcc -c -g -O2  conftest.c >&5
configure:8254: $? = 0
configure:8257: test -z 			 || test ! -s conftest.err
configure:8260: $? = 0
configure:8263: test -s conftest.o
configure:8266: $? = 0
configure:8335: result: yes
configure:8338: checking for struct stat.st_atime
configure:8368: gcc -c -g -O2  conftest.c >&5
configure:8374: $? = 0
configure:8377: test -z 			 || test ! -s conftest.err
configure:8380: $? = 0
configure:8383: test -s conftest.o
configure:8386: $? = 0
configure:8455: result: yes
configure:8458: checking for struct stat.st_mtime
configure:8488: gcc -c -g -O2  conftest.c >&5
configure:8494: $? = 0
configure:8497: test -z 			 || test ! -s conftest.err
configure:8500: $? = 0
configure:8503: test -s conftest.o
configure:8506: $? = 0
configure:8575: result: yes
configure:8578: checking for struct stat.st_ctime
configure:8608: gcc -c -g -O2  conftest.c >&5
configure:8614: $? = 0
configure:8617: test -z 			 || test ! -s conftest.err
configure:8620: $? = 0
configure:8623: test -s conftest.o
configure:8626: $? = 0
configure:8695: result: yes
configure:8795: creating ./config.status

## ---------------------- ##
## Running config.status. ##
## ---------------------- ##

This file was extended by config.status, which was
generated by GNU Autoconf 2.59.  Invocation command line was

  CONFIG_FILES    = 
  CONFIG_HEADERS  = 
  CONFIG_LINKS    = 
  CONFIG_COMMANDS = 
  $ ./config.status 

on DavidLinux

config.status:763: creating Makefile
config.status:822: creating cconfig.h
config.status:1256: executing default commands

## ---------------- ##
## Cache variables. ##
## ---------------- ##

ac_cv_build=i386-pc-linux-gnu
ac_cv_build_alias=i386-pc-linux-gnu
ac_cv_c_bigendian=no
ac_cv_c_compiler_gnu=yes
ac_cv_c_const=yes
ac_cv_c_inline=inline
ac_cv_env_CC_set=set
ac_cv_env_CC_value=gcc
ac_cv_env_CFLAGS_set=set
ac_cv_env_CFLAGS_value='-g -O2'
ac_cv_env_CPPFLAGS_set=
ac_cv_env_CPPFLAGS_value=
ac_cv_env_CPP_set=
ac_cv_env_CPP_value=
ac_cv_env_LDFLAGS_set=set
ac_cv_env_LDFLAGS_value=
ac_cv_env_build_alias_set=set
ac_cv_env_build_alias_value=i386-pc-linux-gnu
ac_cv_env_host_alias_set=set
ac_cv_env_host_alias_value=i386-pc-linux-gnu
ac_cv_env_target_alias_set=set
ac_cv_env_target_alias_value=mipsel-linux-uclibc
ac_cv_exeext=
ac_cv_func___argz_count=yes
ac_cv_func___argz_next=yes
ac_cv_func___argz_stringify=yes
ac_cv_func___setfpucw=no
ac_cv_func_aint=no
ac_cv_func_alloca_works=yes
ac_cv_func_anint=no
ac_cv_func_ftruncate=yes
ac_cv_func_getcwd=yes
ac_cv_func_getpagesize=yes
ac_cv_func_getrusage=yes
ac_cv_func_lstat=yes
ac_cv_func_mmap=yes
ac_cv_func_mmap_fixed_mapped=yes
ac_cv_func_munmap=yes
ac_cv_func_putenv=yes
ac_cv_func_setenv=yes
ac_cv_func_setlocale=yes
ac_cv_func_sigaction=yes
ac_cv_func_sqrt=yes
ac_cv_func_stpcpy=yes
ac_cv_func_strcasecmp=yes
ac_cv_func_strchr=yes
ac_cv_func_time=yes
ac_cv_func_truncate=yes
ac_cv_header_argz_h=yes
ac_cv_header_dlfcn_h=yes
ac_cv_header_errno_h=yes
ac_cv_header_fcntl_h=yes
ac_cv_header_fpu_control_h=yes
ac_cv_header_inttypes_h=yes
ac_cv_header_limits_h=yes
ac_cv_header_locale_h=yes
ac_cv_header_malloc_h=yes
ac_cv_header_memory_h=yes
ac_cv_header_nl_types_h=yes
ac_cv_header_stdc=yes
ac_cv_header_stdint_h=yes
ac_cv_header_stdlib_h=yes
ac_cv_header_string_h=yes
ac_cv_header_strings_h=yes
ac_cv_header_sys_mman_h=yes
ac_cv_header_sys_param_h=yes
ac_cv_header_sys_resource_h=yes
ac_cv_header_sys_stat_h=yes
ac_cv_header_sys_time_h=yes
ac_cv_header_sys_times_h=yes
ac_cv_header_sys_types_h=yes
ac_cv_header_time_h=yes
ac_cv_header_unistd_h=yes
ac_cv_header_values_h=yes
ac_cv_host=i386-pc-linux-gnu
ac_cv_host_alias=i386-pc-linux-gnu
ac_cv_lib_m_fabs=yes
ac_cv_lib_nsl_gethostbyname=yes
ac_cv_lib_socket_bind=no
ac_cv_objext=o
ac_cv_prog_AR=ar
ac_cv_prog_CC=gcc
ac_cv_prog_CPP='gcc -E'
ac_cv_prog_RANLIB=ranlib
ac_cv_prog_cc_g=yes
ac_cv_prog_cc_stdc=
ac_cv_prog_egrep='grep -E'
ac_cv_prog_make_make_set=yes
ac_cv_search_strerror='none required'
ac_cv_target=mipsel-unknown-linux-uclibc
ac_cv_target_alias=mipsel-linux-uclibc
ac_cv_type_off_t=yes
ac_cv_type_signal=void
ac_cv_type_size_t=yes
ac_cv_working_alloca_h=yes
am_cv_val_LC_MESSAGES=yes
nls_cv_header_intl=libintl.h
nls_cv_header_libgt=libgettext.h

## ----------------- ##
## Output variables. ##
## ----------------- ##

ALLOCA=''
AR='ar'
CATALOGS=''
CATOBJEXT=''
CC='gcc'
CC_FOR_BUILD='$(CC)'
CFLAGS='-g -O2'
CPP='gcc -E'
CPPFLAGS=''
CPP_FOR_TARGET='`   if test -f $${rootme}/../../gcc/Makefile ; then     if test -f $${rootme}/../../$(TARGET_SUBDIR)/newlib/Makefile ; then       echo $${rootme}/../../gcc/xgcc -B$${rootme}/../../gcc/ -idirafter $${rootme}/../../$(TARGET_SUBDIR)/newlib/targ-include -idirafter $(srcroot)/newlib/libc/include -nostdinc;     else       echo $${rootme}/../../gcc/xgcc -B$${rootme}/../../gcc/;     fi;   else     if test '$(host_canonical)' = '$(target_canonical)' ; then       echo $(CC);     else       t='$(program_transform_name)'; echo gcc | sed -e 's/x/x/' $$t;     fi;   fi` -E'
DATADIRNAME='share'
DEFS='-DHAVE_CONFIG_H'
ECHO_C=''
ECHO_N='-n'
ECHO_T=''
EGREP='grep -E'
EXEEXT=''
GMOFILES=''
GMSGFMT=''
GT_NO=''
GT_YES='#YES#'
HDEFINES=''
INCLUDE_LOCALE_H='#include <locale.h>'
INSTALL_DATA='/usr/bin/install -c -m 644'
INSTALL_PROGRAM='/usr/bin/install -c'
INSTALL_SCRIPT='/usr/bin/install -c'
INSTOBJEXT=''
INTLDEPS=''
INTLLIBS=''
INTLOBJS=''
LDFLAGS=''
LIBOBJS=''
LIBS='-lnsl '
LTLIBOBJS=''
MAINT='#'
MKINSTALLDIRS='$(srcdir)/../../mkinstalldirs'
MSGFMT=''
OBJEXT='o'
PACKAGE_BUGREPORT=''
PACKAGE_NAME=''
PACKAGE_STRING=''
PACKAGE_TARNAME=''
PACKAGE_VERSION=''
PATH_SEPARATOR=':'
POFILES=''
POSUB=''
RANLIB='ranlib'
SET_MAKE=''
SHELL='/bin/sh'
TARGET_SUBDIR='mipsel-linux-uclibc'
USE_INCLUDED_LIBINTL='no'
USE_NLS='no'
WARN_CFLAGS=''
WERROR_CFLAGS=''
XGETTEXT=''
ac_ct_CC=''
ac_ct_RANLIB=''
bindir='${exec_prefix}/bin'
build='i386-pc-linux-gnu'
build_alias='i386-pc-linux-gnu'
build_cpu='i386'
build_os='linux-gnu'
build_vendor='pc'
datadir='${prefix}/share'
exec_prefix='${prefix}'
host='i386-pc-linux-gnu'
host_alias='i386-pc-linux-gnu'
host_cpu='i386'
host_os='linux-gnu'
host_vendor='pc'
includedir='${prefix}/include'
infodir='${prefix}/info'
l=''
libdir='${exec_prefix}/lib'
libexecdir='${exec_prefix}/libexec'
localstatedir='${prefix}/var'
mandir='${prefix}/man'
oldincludedir='/usr/include'
prefix='/opt/smp86xx/smp86xx_toolchain_2.8.2.0/build_mipsel_nofpu/staging_dir'
program_transform_name='s,^,mipsel-linux-uclibc-,;'
sbindir='${exec_prefix}/sbin'
sharedstatedir='${prefix}/com'
sim_alignment=''
sim_assert=''
sim_bitsize=''
sim_bswap=''
sim_cflags=''
sim_debug=''
sim_default_model=''
sim_endian=''
sim_environment=''
sim_float=''
sim_hostendian=''
sim_hw=''
sim_hw_cflags=''
sim_hw_objs=''
sim_inline=''
sim_packages=''
sim_profile='-DPROFILE=1 -DWITH_PROFILE=-1'
sim_regparm=''
sim_reserved_bits=''
sim_scache=''
sim_smp=''
sim_stdcall=''
sim_stdio=''
sim_trace=''
sim_xor_endian=''
sysconfdir='${prefix}/etc'
target='mipsel-unknown-linux-uclibc'
target_alias='mipsel-linux-uclibc'
target_cpu='mipsel'
target_os='linux-uclibc'
target_vendor='unknown'

## ----------- ##
## confdefs.h. ##
## ----------- ##

#define HAVE_ALLOCA 1
#define HAVE_ALLOCA_H 1
#define HAVE_ARGZ_H 1
#define HAVE_DLFCN_H 1
#define HAVE_ERRNO_H 1
#define HAVE_FCNTL_H 1
#define HAVE_FPU_CONTROL_H 1
#define HAVE_FTRUNCATE 1
#define HAVE_GETCWD 1
#define HAVE_GETPAGESIZE 1
#define HAVE_GETRUSAGE 1
#define HAVE_INTTYPES_H 1
#define HAVE_LC_MESSAGES 1
#define HAVE_LIBNSL 1
#define HAVE_LIMITS_H 1
#define HAVE_LOCALE_H 1
#define HAVE_LSTAT 1
#define HAVE_MALLOC_H 1
#define HAVE_MEMORY_H 1
#define HAVE_MMAP 1
#define HAVE_MMAP 1
#define HAVE_MUNMAP 1
#define HAVE_MUNMAP 1
#define HAVE_NL_TYPES_H 1
#define HAVE_PUTENV 1
#define HAVE_SETENV 1
#define HAVE_SETLOCALE 1
#define HAVE_SIGACTION 1
#define HAVE_STDINT_H 1
#define HAVE_STDLIB_H 1
#define HAVE_STDLIB_H 1
#define HAVE_STDLIB_H 1
#define HAVE_STDLIB_H 1
#define HAVE_STPCPY 1
#define HAVE_STRCASECMP 1
#define HAVE_STRCHR 1
#define HAVE_STRINGS_H 1
#define HAVE_STRINGS_H 1
#define HAVE_STRINGS_H 1
#define HAVE_STRING_H 1
#define HAVE_STRING_H 1
#define HAVE_STRING_H 1
#define HAVE_STRING_H 1
#define HAVE_STRUCT_STAT_ST_ATIME 1
#define HAVE_STRUCT_STAT_ST_BLKSIZE 1
#define HAVE_STRUCT_STAT_ST_BLOCKS 1
#define HAVE_STRUCT_STAT_ST_CTIME 1
#define HAVE_STRUCT_STAT_ST_DEV 1
#define HAVE_STRUCT_STAT_ST_GID 1
#define HAVE_STRUCT_STAT_ST_INO 1
#define HAVE_STRUCT_STAT_ST_MODE 1
#define HAVE_STRUCT_STAT_ST_MTIME 1
#define HAVE_STRUCT_STAT_ST_NLINK 1
#define HAVE_STRUCT_STAT_ST_RDEV 1
#define HAVE_STRUCT_STAT_ST_SIZE 1
#define HAVE_STRUCT_STAT_ST_UID 1
#define HAVE_SYS_MMAN_H 1
#define HAVE_SYS_PARAM_H 1
#define HAVE_SYS_RESOURCE_H 1
#define HAVE_SYS_STAT_H 1
#define HAVE_SYS_STAT_H 1
#define HAVE_SYS_STAT_H 1
#define HAVE_SYS_TIMES_H 1
#define HAVE_SYS_TIME_H 1
#define HAVE_SYS_TYPES_H 1
#define HAVE_TIME 1
#define HAVE_TIME_H 1
#define HAVE_TIME_H 1
#define HAVE_TRUNCATE 1
#define HAVE_UNISTD_H 1
#define HAVE_UNISTD_H 1
#define HAVE_UNISTD_H 1
#define HAVE_UNISTD_H 1
#define HAVE_VALUES_H 1
#define HAVE___ARGZ_COUNT 1
#define HAVE___ARGZ_NEXT 1
#define HAVE___ARGZ_STRINGIFY 1
#define PACKAGE_BUGREPORT ""
#define PACKAGE_NAME ""
#define PACKAGE_STRING ""
#define PACKAGE_TARNAME ""
#define PACKAGE_VERSION ""
#define RETSIGTYPE void
#define STDC_HEADERS 1

configure: exit 0
