This file contains any messages produced by compilers while
running configure, to aid debugging if configure makes a mistake.

It was created by configure, which was
generated by GNU Autoconf 2.59.  Invocation command line was

  $ /opt/smp86xx/smp86xx_toolchain_2.8.2.0/toolchain_build_mipsel_nofpu/binutils-2.17/opcodes/configure --cache-file=./config.cache --build=i386-pc-linux-gnu --host=i386-pc-linux-gnu --target=mipsel-linux-uclibc --with-gnu-as --with-gnu-ld --with-stabs --prefix=/opt/smp86xx/smp86xx_toolchain_2.8.2.0/build_mipsel_nofpu/staging_dir --disable-nls --enable-multilib --with-float=soft --program-transform-name=s,^,mipsel-linux-uclibc-,;  --srcdir=/opt/smp86xx/smp86xx_toolchain_2.8.2.0/toolchain_build_mipsel_nofpu/binutils-2.17/opcodes

## --------- ##
## Platform. ##
## --------- ##

hostname = DavidLinux
uname -m = i686
uname -r = 2.6.23.15-80.fc7
uname -s = Linux
uname -v = #1 SMP Sun Feb 10 17:29:10 EST 2008

/usr/bin/uname -p = unknown
/bin/uname -X     = unknown

/bin/arch              = i686
/usr/bin/arch -k       = unknown
/usr/convex/getsysinfo = unknown
hostinfo               = unknown
/bin/machine           = unknown
/usr/bin/oslevel       = unknown
/bin/universe          = unknown

PATH: /usr/lib/qt-3.3/bin
PATH: /usr/kerberos/bin
PATH: /usr/lib/ccache
PATH: /usr/local/bin
PATH: /usr/bin
PATH: /bin
PATH: /home/davidhu/bin
PATH: /home/davidhu/bin


## ----------- ##
## Core tests. ##
## ----------- ##

configure:1243: creating cache ./config.cache
configure:1356: checking build system type
configure:1374: result: i386-pc-linux-gnu
configure:1382: checking host system type
configure:1396: result: i386-pc-linux-gnu
configure:1404: checking target system type
configure:1418: result: mipsel-unknown-linux-uclibc
configure:1440: checking for i386-pc-linux-gnu-gcc
configure:1466: result: gcc
configure:1748: checking for C compiler version
configure:1751: gcc --version </dev/null >&5
gcc (GCC) 4.1.2 20070925 (Red Hat 4.1.2-27)
Copyright (C) 2006 Free Software Foundation, Inc.
This is free software; see the source for copying conditions.  There is NO
warranty; not even for MERCHANTABILITY or FITNESS FOR A PARTICULAR PURPOSE.

configure:1754: $? = 0
configure:1756: gcc -v </dev/null >&5
Using built-in specs.
Target: i386-redhat-linux
Configured with: ../configure --prefix=/usr --mandir=/usr/share/man --infodir=/usr/share/info --enable-shared --enable-threads=posix --enable-checking=release --with-system-zlib --enable-__cxa_atexit --disable-libunwind-exceptions --enable-languages=c,c++,objc,obj-c++,java,fortran,ada --enable-java-awt=gtk --disable-dssi --enable-plugin --with-java-home=/usr/lib/jvm/java-1.5.0-gcj-1.5.0.0/jre --enable-libgcj-multifile --enable-java-maintainer-mode --with-ecj-jar=/usr/share/java/eclipse-ecj.jar --with-cpu=generic --host=i386-redhat-linux
Thread model: posix
gcc version 4.1.2 20070925 (Red Hat 4.1.2-27)
configure:1759: $? = 0
configure:1761: gcc -V </dev/null >&5
gcc: '-V' option must have argument
configure:1764: $? = 1
configure:1787: checking for C compiler default output file name
configure:1790: gcc -g -O2   conftest.c  >&5
configure:1793: $? = 0
configure:1839: result: a.out
configure:1844: checking whether the C compiler works
configure:1850: ./a.out
configure:1853: $? = 0
configure:1870: result: yes
configure:1877: checking whether we are cross compiling
configure:1879: result: no
configure:1882: checking for suffix of executables
configure:1884: gcc -o conftest -g -O2   conftest.c  >&5
configure:1887: $? = 0
configure:1912: result: 
configure:1918: checking for suffix of object files
configure:1939: gcc -c -g -O2  conftest.c >&5
configure:1942: $? = 0
configure:1964: result: o
configure:1968: checking whether we are using the GNU C compiler
configure:1992: gcc -c -g -O2  conftest.c >&5
configure:1998: $? = 0
configure:2002: test -z 
			 || test ! -s conftest.err
configure:2005: $? = 0
configure:2008: test -s conftest.o
configure:2011: $? = 0
configure:2024: result: yes
configure:2030: checking whether gcc accepts -g
configure:2051: gcc -c -g  conftest.c >&5
configure:2057: $? = 0
configure:2061: test -z 
			 || test ! -s conftest.err
configure:2064: $? = 0
configure:2067: test -s conftest.o
configure:2070: $? = 0
configure:2081: result: yes
configure:2098: checking for gcc option to accept ANSI C
configure:2168: gcc  -c -g -O2  conftest.c >&5
configure:2174: $? = 0
configure:2178: test -z 
			 || test ! -s conftest.err
configure:2181: $? = 0
configure:2184: test -s conftest.o
configure:2187: $? = 0
configure:2205: result: none needed
configure:2223: gcc -c -g -O2  conftest.c >&5
conftest.c:2: error: expected '=', ',', ';', 'asm' or '__attribute__' before 'me'
configure:2229: $? = 1
configure: failed program was:
| #ifndef __cplusplus
|   choke me
| #endif
configure:2363: checking for library containing strerror
configure:2393: gcc -o conftest -g -O2   conftest.c  >&5
configure:2399: $? = 0
configure:2403: test -z 
			 || test ! -s conftest.err
configure:2406: $? = 0
configure:2409: test -s conftest
configure:2412: $? = 0
configure:2482: result: none required
configure:2509: checking for a BSD-compatible install
configure:2564: result: /usr/bin/install -c
configure:2575: checking whether build environment is sane
configure:2618: result: yes
configure:2683: checking for gawk
configure:2699: found /usr/bin/gawk
configure:2709: result: gawk
configure:2719: checking whether make sets $(MAKE)
configure:2739: result: yes
configure:2769: checking for style of include used by make
configure:2797: result: GNU
configure:2973: checking dependency style of gcc
configure:3063: result: none
configure:3085: checking for i386-pc-linux-gnu-ar
configure:3111: result: ar
configure:3164: checking for i386-pc-linux-gnu-ranlib
configure:3190: result: ranlib
configure:3320: checking for ld used by GCC
configure:3383: result: ld
configure:3392: checking if the linker (ld) is GNU ld
GNU ld version 2.17.50.0.12-4 20070128
configure:3404: result: yes
configure:3409: checking for ld option to reload object files
configure:3416: result: -r
configure:3421: checking for BSD-compatible nm
configure:3457: result: nm
configure:3460: checking whether ln -s works
configure:3464: result: yes
configure:3471: checking how to recognise dependant libraries
configure:3634: result: pass_all
configure:3645: checking the maximum length of command line arguments
configure:3700: result: none
configure:3847: checking for i386-pc-linux-gnu-ranlib
configure:3873: result: ranlib
configure:3927: checking for i386-pc-linux-gnu-strip
configure:3956: result: no
configure:3965: checking for strip
configure:3981: found /usr/bin/strip
configure:3992: result: strip
configure:4295: loading cache ./config.cache
ce PIC
ltconfig:687:checking that gcc PIC flag -fPIC -DPIC works.
ltconfig:697: gcc -c -g -O2 -fPIC -DPIC -DPIC  conftest.c 1>&5
ltconfig:749: checking if gcc static flag -static works
ltconfig:758: gcc -o conftest -g -O2   -static conftest.c  1>&5
ltconfig:780: finding the maximum length of command line arguments
ltconfig:@lineno@: result: 49153
ltconfig:833: checking if gcc supports -c -o file.o
ltconfig:834: gcc -c -g -O2 -o out/conftest2.o  conftest.c 1>&5
ltconfig:887: checking if gcc supports -fno-rtti -fno-exceptions
ltconfig:888: gcc -c -g -O2 -fno-rtti -fno-exceptions -c conftest.c  conftest.c 1>&5
ltconfig:1431: checking if global_symbol_pipe works
ltconfig:1432: gcc -c -g -O2  conftest.c 1>&5
ltconfig:1435: eval "nm conftest.o | sed -n -e 's/^.*[ 	]\([ABCDGISTW][ABCDGISTW]*\)[ 	][ 	]*\(\)\([_A-Za-z][_A-Za-z0-9]*\)$/\1 \2\3 \3/p' > conftest.nm"
ltconfig:1487: gcc -o conftest -g -O2 -fno-builtin   conftest.c conftstm.o 1>&5
configure:4410: checking whether to enable maintainer-specific portions of Makefiles
configure:4419: result: no
configure:4449: checking whether to install libbfd
configure:4462: result: no
configure:4502: checking for i386-pc-linux-gnu-gcc
configure:4528: result: gcc
configure:4810: checking for C compiler version
configure:4813: gcc --version </dev/null >&5
gcc (GCC) 4.1.2 20070925 (Red Hat 4.1.2-27)
Copyright (C) 2006 Free Software Foundation, Inc.
This is free software; see the source for copying conditions.  There is NO
warranty; not even for MERCHANTABILITY or FITNESS FOR A PARTICULAR PURPOSE.

configure:4816: $? = 0
configure:4818: gcc -v </dev/null >&5
Using built-in specs.
Target: i386-redhat-linux
Configured with: ../configure --prefix=/usr --mandir=/usr/share/man --infodir=/usr/share/info --enable-shared --enable-threads=posix --enable-checking=release --with-system-zlib --enable-__cxa_atexit --disable-libunwind-exceptions --enable-languages=c,c++,objc,obj-c++,java,fortran,ada --enable-java-awt=gtk --disable-dssi --enable-plugin --with-java-home=/usr/lib/jvm/java-1.5.0-gcj-1.5.0.0/jre --enable-libgcj-multifile --enable-java-maintainer-mode --with-ecj-jar=/usr/share/java/eclipse-ecj.jar --with-cpu=generic --host=i386-redhat-linux
Thread model: posix
gcc version 4.1.2 20070925 (Red Hat 4.1.2-27)
configure:4821: $? = 0
configure:4823: gcc -V </dev/null >&5
gcc: '-V' option must have argument
configure:4826: $? = 1
configure:4829: checking whether we are using the GNU C compiler
configure:4885: result: yes
configure:4891: checking whether gcc accepts -g
configure:4942: result: yes
configure:4959: checking for gcc option to accept ANSI C
configure:5066: result: none needed
configure:5084: gcc -c -g -O2  conftest.c >&5
conftest.c:2: error: expected '=', ',', ';', 'asm' or '__attribute__' before 'me'
configure:5090: $? = 1
configure: failed program was:
| #ifndef __cplusplus
|   choke me
| #endif
configure:5228: checking for i386-pc-linux-gnu-ranlib
configure:5254: result: ranlib
configure:5310: checking how to run the C preprocessor
configure:5345: gcc -E  conftest.c
configure:5351: $? = 0
configure:5383: gcc -E  conftest.c
conftest.c:11:28: error: ac_nonexistent.h: No such file or directory
configure:5389: $? = 1
configure: failed program was:
| /* confdefs.h.  */
| 
| #define PACKAGE_NAME ""
| #define PACKAGE_TARNAME ""
| #define PACKAGE_VERSION ""
| #define PACKAGE_STRING ""
| #define PACKAGE_BUGREPORT ""
| #define PACKAGE "opcodes"
| #define VERSION "2.17"
| /* end confdefs.h.  */
| #include <ac_nonexistent.h>
configure:5428: result: gcc -E
configure:5452: gcc -E  conftest.c
configure:5458: $? = 0
configure:5490: gcc -E  conftest.c
conftest.c:11:28: error: ac_nonexistent.h: No such file or directory
configure:5496: $? = 1
configure: failed program was:
| /* confdefs.h.  */
| 
| #define PACKAGE_NAME ""
| #define PACKAGE_TARNAME ""
| #define PACKAGE_VERSION ""
| #define PACKAGE_STRING ""
| #define PACKAGE_BUGREPORT ""
| #define PACKAGE "opcodes"
| #define VERSION "2.17"
| /* end confdefs.h.  */
| #include <ac_nonexistent.h>
configure:5540: checking for egrep
configure:5550: result: grep -E
configure:5555: checking for ANSI C header files
configure:5580: gcc -c -g -O2  conftest.c >&5
configure:5586: $? = 0
configure:5590: test -z 
			 || test ! -s conftest.err
configure:5593: $? = 0
configure:5596: test -s conftest.o
configure:5599: $? = 0
configure:5688: gcc -o conftest -g -O2   conftest.c  >&5
conftest.c: In function 'main':
conftest.c:28: warning: incompatible implicit declaration of built-in function 'exit'
configure:5691: $? = 0
configure:5693: ./conftest
configure:5696: $? = 0
configure:5711: result: yes
configure:5721: checking for an ANSI C-conforming const
configure:5788: gcc -c -g -O2  conftest.c >&5
configure:5794: $? = 0
configure:5798: test -z 
			 || test ! -s conftest.err
configure:5801: $? = 0
configure:5804: test -s conftest.o
configure:5807: $? = 0
configure:5818: result: yes
configure:5828: checking for inline
configure:5849: gcc -c -g -O2  conftest.c >&5
configure:5855: $? = 0
configure:5859: test -z 
			 || test ! -s conftest.err
configure:5862: $? = 0
configure:5865: test -s conftest.o
configure:5868: $? = 0
configure:5880: result: inline
configure:5913: checking for sys/types.h
configure:5929: gcc -c -g -O2  conftest.c >&5
configure:5935: $? = 0
configure:5939: test -z 
			 || test ! -s conftest.err
configure:5942: $? = 0
configure:5945: test -s conftest.o
configure:5948: $? = 0
configure:5959: result: yes
configure:5913: checking for sys/stat.h
configure:5929: gcc -c -g -O2  conftest.c >&5
configure:5935: $? = 0
configure:5939: test -z 
			 || test ! -s conftest.err
configure:5942: $? = 0
configure:5945: test -s conftest.o
configure:5948: $? = 0
configure:5959: result: yes
configure:5913: checking for stdlib.h
configure:5929: gcc -c -g -O2  conftest.c >&5
configure:5935: $? = 0
configure:5939: test -z 
			 || test ! -s conftest.err
configure:5942: $? = 0
configure:5945: test -s conftest.o
configure:5948: $? = 0
configure:5959: result: yes
configure:5913: checking for string.h
configure:5929: gcc -c -g -O2  conftest.c >&5
configure:5935: $? = 0
configure:5939: test -z 
			 || test ! -s conftest.err
configure:5942: $? = 0
configure:5945: test -s conftest.o
configure:5948: $? = 0
configure:5959: result: yes
configure:5913: checking for memory.h
configure:5929: gcc -c -g -O2  conftest.c >&5
configure:5935: $? = 0
configure:5939: test -z 
			 || test ! -s conftest.err
configure:5942: $? = 0
configure:5945: test -s conftest.o
configure:5948: $? = 0
configure:5959: result: yes
configure:5913: checking for strings.h
configure:5929: gcc -c -g -O2  conftest.c >&5
configure:5935: $? = 0
configure:5939: test -z 
			 || test ! -s conftest.err
configure:5942: $? = 0
configure:5945: test -s conftest.o
configure:5948: $? = 0
configure:5959: result: yes
configure:5913: checking for inttypes.h
configure:5929: gcc -c -g -O2  conftest.c >&5
configure:5935: $? = 0
configure:5939: test -z 
			 || test ! -s conftest.err
configure:5942: $? = 0
configure:5945: test -s conftest.o
configure:5948: $? = 0
configure:5959: result: yes
configure:5913: checking for stdint.h
configure:5929: gcc -c -g -O2  conftest.c >&5
configure:5935: $? = 0
configure:5939: test -z 
			 || test ! -s conftest.err
configure:5942: $? = 0
configure:5945: test -s conftest.o
configure:5948: $? = 0
configure:5959: result: yes
configure:5913: checking for unistd.h
configure:5929: gcc -c -g -O2  conftest.c >&5
configure:5935: $? = 0
configure:5939: test -z 
			 || test ! -s conftest.err
configure:5942: $? = 0
configure:5945: test -s conftest.o
configure:5948: $? = 0
configure:5959: result: yes
configure:5971: checking for off_t
configure:5995: gcc -c -g -O2  conftest.c >&5
configure:6001: $? = 0
configure:6005: test -z 
			 || test ! -s conftest.err
configure:6008: $? = 0
configure:6011: test -s conftest.o
configure:6014: $? = 0
configure:6025: result: yes
configure:6037: checking for size_t
configure:6061: gcc -c -g -O2  conftest.c >&5
configure:6067: $? = 0
configure:6071: test -z 
			 || test ! -s conftest.err
configure:6074: $? = 0
configure:6077: test -s conftest.o
configure:6080: $? = 0
configure:6091: result: yes
configure:6105: checking for working alloca.h
configure:6126: gcc -o conftest -g -O2   conftest.c  >&5
configure:6132: $? = 0
configure:6136: test -z 
			 || test ! -s conftest.err
configure:6139: $? = 0
configure:6142: test -s conftest
configure:6145: $? = 0
configure:6157: result: yes
configure:6167: checking for alloca
configure:6208: gcc -o conftest -g -O2   conftest.c  >&5
configure:6214: $? = 0
configure:6218: test -z 
			 || test ! -s conftest.err
configure:6221: $? = 0
configure:6224: test -s conftest
configure:6227: $? = 0
configure:6239: result: yes
configure:6468: checking for stdlib.h
configure:6473: result: yes
configure:6468: checking for unistd.h
configure:6473: result: yes
configure:6617: checking for getpagesize
configure:6674: gcc -o conftest -g -O2   conftest.c  >&5
configure:6680: $? = 0
configure:6684: test -z 
			 || test ! -s conftest.err
configure:6687: $? = 0
configure:6690: test -s conftest
configure:6693: $? = 0
configure:6705: result: yes
configure:6715: checking for working mmap
configure:6857: gcc -o conftest -g -O2   conftest.c  >&5
configure:6860: $? = 0
configure:6862: ./conftest
configure:6865: $? = 0
configure:6879: result: yes
configure:6914: checking argz.h usability
configure:6926: gcc -c -g -O2  conftest.c >&5
configure:6932: $? = 0
configure:6936: test -z 
			 || test ! -s conftest.err
configure:6939: $? = 0
configure:6942: test -s conftest.o
configure:6945: $? = 0
configure:6955: result: yes
configure:6959: checking argz.h presence
configure:6969: gcc -E  conftest.c
configure:6975: $? = 0
configure:6995: result: yes
configure:7030: checking for argz.h
configure:7037: result: yes
configure:6914: checking limits.h usability
configure:6926: gcc -c -g -O2  conftest.c >&5
configure:6932: $? = 0
configure:6936: test -z 
			 || test ! -s conftest.err
configure:6939: $? = 0
configure:6942: test -s conftest.o
configure:6945: $? = 0
configure:6955: result: yes
configure:6959: checking limits.h presence
configure:6969: gcc -E  conftest.c
configure:6975: $? = 0
configure:6995: result: yes
configure:7030: checking for limits.h
configure:7037: result: yes
configure:6914: checking locale.h usability
configure:6926: gcc -c -g -O2  conftest.c >&5
configure:6932: $? = 0
configure:6936: test -z 
			 || test ! -s conftest.err
configure:6939: $? = 0
configure:6942: test -s conftest.o
configure:6945: $? = 0
configure:6955: result: yes
configure:6959: checking locale.h presence
configure:6969: gcc -E  conftest.c
configure:6975: $? = 0
configure:6995: result: yes
configure:7030: checking for locale.h
configure:7037: result: yes
configure:6914: checking nl_types.h usability
configure:6926: gcc -c -g -O2  conftest.c >&5
configure:6932: $? = 0
configure:6936: test -z 
			 || test ! -s conftest.err
configure:6939: $? = 0
configure:6942: test -s conftest.o
configure:6945: $? = 0
configure:6955: result: yes
configure:6959: checking nl_types.h presence
configure:6969: gcc -E  conftest.c
configure:6975: $? = 0
configure:6995: result: yes
configure:7030: checking for nl_types.h
configure:7037: result: yes
configure:6914: checking malloc.h usability
configure:6926: gcc -c -g -O2  conftest.c >&5
configure:6932: $? = 0
configure:6936: test -z 
			 || test ! -s conftest.err
configure:6939: $? = 0
configure:6942: test -s conftest.o
configure:6945: $? = 0
configure:6955: result: yes
configure:6959: checking malloc.h presence
configure:6969: gcc -E  conftest.c
configure:6975: $? = 0
configure:6995: result: yes
configure:7030: checking for malloc.h
configure:7037: result: yes
configure:6905: checking for string.h
configure:6910: result: yes
configure:6905: checking for unistd.h
configure:6910: result: yes
configure:6914: checking values.h usability
configure:6926: gcc -c -g -O2  conftest.c >&5
configure:6932: $? = 0
configure:6936: test -z 
			 || test ! -s conftest.err
configure:6939: $? = 0
configure:6942: test -s conftest.o
configure:6945: $? = 0
configure:6955: result: yes
configure:6959: checking values.h presence
configure:6969: gcc -E  conftest.c
configure:6975: $? = 0
configure:6995: result: yes
configure:7030: checking for values.h
configure:7037: result: yes
configure:6914: checking sys/param.h usability
configure:6926: gcc -c -g -O2  conftest.c >&5
configure:6932: $? = 0
configure:6936: test -z 
			 || test ! -s conftest.err
configure:6939: $? = 0
configure:6942: test -s conftest.o
configure:6945: $? = 0
configure:6955: result: yes
configure:6959: checking sys/param.h presence
configure:6969: gcc -E  conftest.c
configure:6975: $? = 0
configure:6995: result: yes
configure:7030: checking for sys/param.h
configure:7037: result: yes
configure:7064: checking for getcwd
configure:7121: gcc -o conftest -g -O2   conftest.c  >&5
configure:7127: $? = 0
configure:7131: test -z 
			 || test ! -s conftest.err
configure:7134: $? = 0
configure:7137: test -s conftest
configure:7140: $? = 0
configure:7152: result: yes
configure:7064: checking for munmap
configure:7121: gcc -o conftest -g -O2   conftest.c  >&5
configure:7127: $? = 0
configure:7131: test -z 
			 || test ! -s conftest.err
configure:7134: $? = 0
configure:7137: test -s conftest
configure:7140: $? = 0
configure:7152: result: yes
configure:7064: checking for putenv
configure:7121: gcc -o conftest -g -O2   conftest.c  >&5
configure:7127: $? = 0
configure:7131: test -z 
			 || test ! -s conftest.err
configure:7134: $? = 0
configure:7137: test -s conftest
configure:7140: $? = 0
configure:7152: result: yes
configure:7064: checking for setenv
configure:7121: gcc -o conftest -g -O2   conftest.c  >&5
configure:7127: $? = 0
configure:7131: test -z 
			 || test ! -s conftest.err
configure:7134: $? = 0
configure:7137: test -s conftest
configure:7140: $? = 0
configure:7152: result: yes
configure:7064: checking for setlocale
configure:7121: gcc -o conftest -g -O2   conftest.c  >&5
configure:7127: $? = 0
configure:7131: test -z 
			 || test ! -s conftest.err
configure:7134: $? = 0
configure:7137: test -s conftest
configure:7140: $? = 0
configure:7152: result: yes
configure:7064: checking for strchr
configure:7121: gcc -o conftest -g -O2   conftest.c  >&5
conftest.c:65: warning: conflicting types for built-in function 'strchr'
configure:7127: $? = 0
configure:7131: test -z 
			 || test ! -s conftest.err
configure:7134: $? = 0
configure:7137: test -s conftest
configure:7140: $? = 0
configure:7152: result: yes
configure:7064: checking for strcasecmp
configure:7121: gcc -o conftest -g -O2   conftest.c  >&5
conftest.c:66: warning: conflicting types for built-in function 'strcasecmp'
configure:7127: $? = 0
configure:7131: test -z 
			 || test ! -s conftest.err
configure:7134: $? = 0
configure:7137: test -s conftest
configure:7140: $? = 0
configure:7152: result: yes
configure:7064: checking for __argz_count
configure:7121: gcc -o conftest -g -O2   conftest.c  >&5
configure:7127: $? = 0
configure:7131: test -z 
			 || test ! -s conftest.err
configure:7134: $? = 0
configure:7137: test -s conftest
configure:7140: $? = 0
configure:7152: result: yes
configure:7064: checking for __argz_stringify
configure:7121: gcc -o conftest -g -O2   conftest.c  >&5
configure:7127: $? = 0
configure:7131: test -z 
			 || test ! -s conftest.err
configure:7134: $? = 0
configure:7137: test -s conftest
configure:7140: $? = 0
configure:7152: result: yes
configure:7064: checking for __argz_next
configure:7121: gcc -o conftest -g -O2   conftest.c  >&5
configure:7127: $? = 0
configure:7131: test -z 
			 || test ! -s conftest.err
configure:7134: $? = 0
configure:7137: test -s conftest
configure:7140: $? = 0
configure:7152: result: yes
configure:7168: checking for stpcpy
configure:7225: gcc -o conftest -g -O2   conftest.c  >&5
conftest.c:70: warning: conflicting types for built-in function 'stpcpy'
configure:7231: $? = 0
configure:7235: test -z 
			 || test ! -s conftest.err
configure:7238: $? = 0
configure:7241: test -s conftest
configure:7244: $? = 0
configure:7256: result: yes
configure:7276: checking for LC_MESSAGES
configure:7297: gcc -o conftest -g -O2   conftest.c  >&5
configure:7303: $? = 0
configure:7307: test -z 
			 || test ! -s conftest.err
configure:7310: $? = 0
configure:7313: test -s conftest
configure:7316: $? = 0
configure:7328: result: yes
configure:7338: checking whether NLS is requested
configure:7347: result: no
configure:8422: checking for a BSD-compatible install
configure:8477: result: /usr/bin/install -c
configure:8496: checking for string.h
configure:8501: result: yes
configure:8496: checking for strings.h
configure:8501: result: yes
configure:8496: checking for stdlib.h
configure:8501: result: yes
configure:8642: checking whether basename is declared
configure:8666: gcc -c -g -O2  conftest.c >&5
conftest.c: In function 'main':
conftest.c:90: error: 'basename' undeclared (first use in this function)
conftest.c:90: error: (Each undeclared identifier is reported only once
conftest.c:90: error: for each function it appears in.)
configure:8672: $? = 1
configure: failed program was:
| /* confdefs.h.  */
| 
| #define PACKAGE_NAME ""
| #define PACKAGE_TARNAME ""
| #define PACKAGE_VERSION ""
| #define PACKAGE_STRING ""
| #define PACKAGE_BUGREPORT ""
| #define PACKAGE "opcodes"
| #define VERSION "2.17"
| #define STDC_HEADERS 1
| #define HAVE_SYS_TYPES_H 1
| #define HAVE_SYS_STAT_H 1
| #define HAVE_STDLIB_H 1
| #define HAVE_STRING_H 1
| #define HAVE_MEMORY_H 1
| #define HAVE_STRINGS_H 1
| #define HAVE_INTTYPES_H 1
| #define HAVE_STDINT_H 1
| #define HAVE_UNISTD_H 1
| #define HAVE_ALLOCA_H 1
| #define HAVE_ALLOCA 1
| #define HAVE_STDLIB_H 1
| #define HAVE_UNISTD_H 1
| #define HAVE_GETPAGESIZE 1
| #define HAVE_MMAP 1
| #define HAVE_ARGZ_H 1
| #define HAVE_LIMITS_H 1
| #define HAVE_LOCALE_H 1
| #define HAVE_NL_TYPES_H 1
| #define HAVE_MALLOC_H 1
| #define HAVE_STRING_H 1
| #define HAVE_UNISTD_H 1
| #define HAVE_VALUES_H 1
| #define HAVE_SYS_PARAM_H 1
| #define HAVE_GETCWD 1
| #define HAVE_MUNMAP 1
| #define HAVE_PUTENV 1
| #define HAVE_SETENV 1
| #define HAVE_SETLOCALE 1
| #define HAVE_STRCHR 1
| #define HAVE_STRCASECMP 1
| #define HAVE___ARGZ_COUNT 1
| #define HAVE___ARGZ_STRINGIFY 1
| #define HAVE___ARGZ_NEXT 1
| #define HAVE_STPCPY 1
| #define HAVE_STPCPY 1
| #define HAVE_LC_MESSAGES 1
| #define HAVE_STRING_H 1
| #define HAVE_STRINGS_H 1
| #define HAVE_STDLIB_H 1
| /* end confdefs.h.  */
| #include <stdio.h>
| #if HAVE_SYS_TYPES_H
| # include <sys/types.h>
| #endif
| #if HAVE_SYS_STAT_H
| # include <sys/stat.h>
| #endif
| #if STDC_HEADERS
| # include <stdlib.h>
| # include <stddef.h>
| #else
| # if HAVE_STDLIB_H
| #  include <stdlib.h>
| # endif
| #endif
| #if HAVE_STRING_H
| # if !STDC_HEADERS && HAVE_MEMORY_H
| #  include <memory.h>
| # endif
| # include <string.h>
| #endif
| #if HAVE_STRINGS_H
| # include <strings.h>
| #endif
| #if HAVE_INTTYPES_H
| # include <inttypes.h>
| #else
| # if HAVE_STDINT_H
| #  include <stdint.h>
| # endif
| #endif
| #if HAVE_UNISTD_H
| # include <unistd.h>
| #endif
| int
| main ()
| {
| #ifndef basename
|   char *p = (char *) basename;
| #endif
| 
|   ;
|   return 0;
| }
configure:8696: result: no
configure:9059: creating ./config.status

## ---------------------- ##
## Running config.status. ##
## ---------------------- ##

This file was extended by config.status, which was
generated by GNU Autoconf 2.59.  Invocation command line was

  CONFIG_FILES    = 
  CONFIG_HEADERS  = 
  CONFIG_LINKS    = 
  CONFIG_COMMANDS = 
  $ ./config.status 

on DavidLinux

config.status:752: creating Makefile
config.status:752: creating po/Makefile.in
config.status:849: creating config.h
config.status:1215: executing depfiles commands
config.status:1215: executing default commands

## ---------------- ##
## Cache variables. ##
## ---------------- ##

ac_cv_archive_cmds_needs_lc=yes
ac_cv_build=i386-pc-linux-gnu
ac_cv_build_alias=i386-pc-linux-gnu
ac_cv_c_compiler_gnu=yes
ac_cv_c_const=yes
ac_cv_c_inline=inline
ac_cv_env_CC_set=set
ac_cv_env_CC_value=gcc
ac_cv_env_CFLAGS_set=set
ac_cv_env_CFLAGS_value='-g -O2'
ac_cv_env_CPPFLAGS_set=
ac_cv_env_CPPFLAGS_value=
ac_cv_env_CPP_set=
ac_cv_env_CPP_value=
ac_cv_env_LDFLAGS_set=set
ac_cv_env_LDFLAGS_value=
ac_cv_env_build_alias_set=set
ac_cv_env_build_alias_value=i386-pc-linux-gnu
ac_cv_env_host_alias_set=set
ac_cv_env_host_alias_value=i386-pc-linux-gnu
ac_cv_env_target_alias_set=set
ac_cv_env_target_alias_value=mipsel-linux-uclibc
ac_cv_exeext=
ac_cv_func___argz_count=yes
ac_cv_func___argz_next=yes
ac_cv_func___argz_stringify=yes
ac_cv_func_alloca_works=yes
ac_cv_func_getcwd=yes
ac_cv_func_getpagesize=yes
ac_cv_func_mmap_fixed_mapped=yes
ac_cv_func_munmap=yes
ac_cv_func_putenv=yes
ac_cv_func_setenv=yes
ac_cv_func_setlocale=yes
ac_cv_func_stpcpy=yes
ac_cv_func_strcasecmp=yes
ac_cv_func_strchr=yes
ac_cv_have_decl_basename=no
ac_cv_header_argz_h=yes
ac_cv_header_inttypes_h=yes
ac_cv_header_limits_h=yes
ac_cv_header_locale_h=yes
ac_cv_header_malloc_h=yes
ac_cv_header_memory_h=yes
ac_cv_header_nl_types_h=yes
ac_cv_header_stdc=yes
ac_cv_header_stdint_h=yes
ac_cv_header_stdlib_h=yes
ac_cv_header_string_h=yes
ac_cv_header_strings_h=yes
ac_cv_header_sys_param_h=yes
ac_cv_header_sys_stat_h=yes
ac_cv_header_sys_types_h=yes
ac_cv_header_unistd_h=yes
ac_cv_header_values_h=yes
ac_cv_host=i386-pc-linux-gnu
ac_cv_host_alias=i386-pc-linux-gnu
ac_cv_objext=o
ac_cv_prog_AR=ar
ac_cv_prog_AWK=gawk
ac_cv_prog_CC=gcc
ac_cv_prog_CPP='gcc -E'
ac_cv_prog_RANLIB=ranlib
ac_cv_prog_ac_ct_STRIP=strip
ac_cv_prog_cc_can_build_shared=yes
ac_cv_prog_cc_g=yes
ac_cv_prog_cc_no_builtin=
ac_cv_prog_cc_pic=' -fPIC -DPIC'
ac_cv_prog_cc_pic_works=yes
ac_cv_prog_cc_shlib=
ac_cv_prog_cc_static=-static
ac_cv_prog_cc_static_works=yes
ac_cv_prog_cc_stdc=
ac_cv_prog_cc_wl=-Wl,
ac_cv_prog_egrep='grep -E'
ac_cv_prog_make_make_set=yes
ac_cv_search_strerror='none required'
ac_cv_target=mipsel-unknown-linux-uclibc
ac_cv_target_alias=mipsel-linux-uclibc
ac_cv_type_off_t=yes
ac_cv_type_size_t=yes
ac_cv_working_alloca_h=yes
am_cv_CC_dependencies_compiler_type=none
am_cv_val_LC_MESSAGES=yes
lt_cv_compiler_c_o=yes
lt_cv_deplibs_check_method=pass_all
lt_cv_file_magic_cmd='$MAGIC_CMD'
lt_cv_file_magic_test_file=
lt_cv_ld_reload_flag=-r
lt_cv_path_LD=ld
lt_cv_path_NM=nm
lt_cv_prog_gnu_ld=yes
lt_cv_sys_max_cmd_len=49153
nls_cv_header_intl=libintl.h
nls_cv_header_libgt=libgettext.h

## ----------------- ##
## Output variables. ##
## ----------------- ##

ACLOCAL='${SHELL} /opt/smp86xx/smp86xx_toolchain_2.8.2.0/toolchain_build_mipsel_nofpu/binutils-2.17/missing --run aclocal-1.9'
ALLOCA=''
AMDEPBACKSLASH='\'
AMDEP_FALSE='#'
AMDEP_TRUE=''
AMTAR='${SHELL} /opt/smp86xx/smp86xx_toolchain_2.8.2.0/toolchain_build_mipsel_nofpu/binutils-2.17/missing --run tar'
AR='ar'
AUTOCONF='${SHELL} /opt/smp86xx/smp86xx_toolchain_2.8.2.0/toolchain_build_mipsel_nofpu/binutils-2.17/missing --run autoconf'
AUTOHEADER='${SHELL} /opt/smp86xx/smp86xx_toolchain_2.8.2.0/toolchain_build_mipsel_nofpu/binutils-2.17/missing --run autoheader'
AUTOMAKE='${SHELL} /opt/smp86xx/smp86xx_toolchain_2.8.2.0/toolchain_build_mipsel_nofpu/binutils-2.17/missing --run automake-1.9'
AWK='gawk'
BFD_MACHINES=' mips-dis.lo mips-opc.lo mips16-opc.lo'
CATALOGS=''
CATOBJEXT=''
CC='gcc'
CCDEPMODE='depmode=none'
CC_FOR_BUILD='gcc'
CFLAGS='-g -O2'
CGEN_MAINT_FALSE=''
CGEN_MAINT_TRUE='#'
CPP='gcc -E'
CPPFLAGS=''
CYGPATH_W='echo'
DATADIRNAME='share'
DEFS='-DHAVE_CONFIG_H'
DEPDIR='.deps'
ECHO_C=''
ECHO_N='-n'
ECHO_T=''
EGREP='grep -E'
EXEEXT=''
EXEEXT_FOR_BUILD='$(EXEEXT)'
GMOFILES=' fr.gmo sv.gmo tr.gmo es.gmo da.gmo de.gmo id.gmo pt_BR.gmo ro.gmo nl.gmo fi.gmo vi.gmo ga.gmo zh_CN.gmo'
GMSGFMT=''
GT_NO=''
GT_YES='#YES#'
HDEFINES=''
INCLUDE_LOCALE_H='#include <locale.h>'
INSTALL_DATA='/usr/bin/install -c -m 644'
INSTALL_LIBBFD_FALSE=''
INSTALL_LIBBFD_TRUE='#'
INSTALL_PROGRAM='/usr/bin/install -c'
INSTALL_SCRIPT='/usr/bin/install -c'
INSTALL_STRIP_PROGRAM='${SHELL} $(install_sh) -c -s'
INSTOBJEXT=''
INTLDEPS=''
INTLLIBS=''
INTLOBJS=''
LDFLAGS=''
LIBOBJS=''
LIBS=''
LIBTOOL='$(SHELL) $(top_builddir)/libtool'
LN_S='ln -s'
LTLIBOBJS=''
MAINT='#'
MAINTAINER_MODE_FALSE=''
MAINTAINER_MODE_TRUE='#'
MAKEINFO='makeinfo --split-size=5000000'
MKINSTALLDIRS='$(srcdir)/../../mkinstalldirs'
MSGFMT=''
NO_WERROR='-Wno-error'
OBJEXT='o'
PACKAGE='opcodes'
PACKAGE_BUGREPORT=''
PACKAGE_NAME=''
PACKAGE_STRING=''
PACKAGE_TARNAME=''
PACKAGE_VERSION=''
PATH_SEPARATOR=':'
POFILES=' fr.po sv.po tr.po es.po da.po de.po id.po pt_BR.po ro.po nl.po fi.po vi.po ga.po zh_CN.po'
POSUB=''
RANLIB='ranlib'
SET_MAKE=''
SHELL='/bin/sh'
STRIP='strip'
USE_INCLUDED_LIBINTL='no'
USE_NLS='no'
VERSION='2.17'
WARN_CFLAGS='-W -Wall -Wstrict-prototypes -Wmissing-prototypes -Werror'
WIN32LDFLAGS=''
WIN32LIBADD=''
XGETTEXT=''
ac_ct_AR=''
ac_ct_CC=''
ac_ct_RANLIB=''
ac_ct_STRIP='strip'
am__fastdepCC_FALSE=''
am__fastdepCC_TRUE='#'
am__include='include'
am__leading_dot='.'
am__quote=''
am__tar='${AMTAR} chof - "$$tardir"'
am__untar='${AMTAR} xf -'
archdefs=' -DARCH_mips'
bfdincludedir='$(exec_prefix)/$(host_noncanonical)/$(target_noncanonical)/include'
bfdlibdir='$(exec_prefix)/$(host_noncanonical)/$(target_noncanonical)/lib'
bindir='${exec_prefix}/bin'
build='i386-pc-linux-gnu'
build_alias='i386-pc-linux-gnu'
build_cpu='i386'
build_os='linux-gnu'
build_vendor='pc'
cgendir='$(srcdir)/../cgen'
datadir='${prefix}/share'
exec_prefix='${prefix}'
host='i386-pc-linux-gnu'
host_alias='i386-pc-linux-gnu'
host_cpu='i386'
host_noncanonical='i386-pc-linux-gnu'
host_os='linux-gnu'
host_vendor='pc'
includedir='${prefix}/include'
infodir='${prefix}/info'
install_sh='/opt/smp86xx/smp86xx_toolchain_2.8.2.0/toolchain_build_mipsel_nofpu/binutils-2.17/install-sh'
l=''
libdir='${exec_prefix}/lib'
libexecdir='${exec_prefix}/libexec'
localstatedir='${prefix}/var'
mandir='${prefix}/man'
mkdir_p='mkdir -p --'
oldincludedir='/usr/include'
prefix='/opt/smp86xx/smp86xx_toolchain_2.8.2.0/build_mipsel_nofpu/staging_dir'
program_transform_name='s,^,mipsel-linux-uclibc-,;'
sbindir='${exec_prefix}/sbin'
sharedstatedir='${prefix}/com'
sysconfdir='${prefix}/etc'
target='mipsel-unknown-linux-uclibc'
target_alias='mipsel-linux-uclibc'
target_cpu='mipsel'
target_noncanonical='mipsel-linux-uclibc'
target_os='linux-uclibc'
target_vendor='unknown'

## ----------- ##
## confdefs.h. ##
## ----------- ##

#define HAVE_ALLOCA 1
#define HAVE_ALLOCA_H 1
#define HAVE_ARGZ_H 1
#define HAVE_DECL_BASENAME 0
#define HAVE_GETCWD 1
#define HAVE_GETPAGESIZE 1
#define HAVE_INTTYPES_H 1
#define HAVE_LC_MESSAGES 1
#define HAVE_LIMITS_H 1
#define HAVE_LOCALE_H 1
#define HAVE_MALLOC_H 1
#define HAVE_MEMORY_H 1
#define HAVE_MMAP 1
#define HAVE_MUNMAP 1
#define HAVE_NL_TYPES_H 1
#define HAVE_PUTENV 1
#define HAVE_SETENV 1
#define HAVE_SETLOCALE 1
#define HAVE_STDINT_H 1
#define HAVE_STDLIB_H 1
#define HAVE_STDLIB_H 1
#define HAVE_STDLIB_H 1
#define HAVE_STPCPY 1
#define HAVE_STPCPY 1
#define HAVE_STRCASECMP 1
#define HAVE_STRCHR 1
#define HAVE_STRINGS_H 1
#define HAVE_STRINGS_H 1
#define HAVE_STRING_H 1
#define HAVE_STRING_H 1
#define HAVE_STRING_H 1
#define HAVE_SYS_PARAM_H 1
#define HAVE_SYS_STAT_H 1
#define HAVE_SYS_TYPES_H 1
#define HAVE_UNISTD_H 1
#define HAVE_UNISTD_H 1
#define HAVE_UNISTD_H 1
#define HAVE_VALUES_H 1
#define HAVE___ARGZ_COUNT 1
#define HAVE___ARGZ_NEXT 1
#define HAVE___ARGZ_STRINGIFY 1
#define PACKAGE "opcodes"
#define PACKAGE_BUGREPORT ""
#define PACKAGE_NAME ""
#define PACKAGE_STRING ""
#define PACKAGE_TARNAME ""
#define PACKAGE_VERSION ""
#define STDC_HEADERS 1
#define VERSION "2.17"

configure: exit 0
