This file contains any messages produced by compilers while
running configure, to aid debugging if configure makes a mistake.

It was created by configure, which was
generated by GNU Autoconf 2.59.  Invocation command line was

  $ /opt/smp86xx/smp86xx_toolchain_2.8.2.0/toolchain_build_mipsel_nofpu/gcc-4.0.4/intl/configure --cache-file=./config.cache --build=i386-pc-linux-gnu --host=i386-pc-linux-gnu --target=mipsel-linux-uclibc --with-stabs --prefix=/opt/smp86xx/smp86xx_toolchain_2.8.2.0/build_mipsel_nofpu/staging_dir --disable-shared --with-sysroot=/opt/smp86xx/smp86xx_toolchain_2.8.2.0/toolchain_build_mipsel_nofpu/uClibc_dev/ --disable-__cxa_atexit --enable-target-optspace --with-gnu-ld --disable-nls --enable-multilib --with-float=soft --with-gcc-version-trigger=/opt/smp86xx/smp86xx_toolchain_2.8.2.0/toolchain_build_mipsel_nofpu/gcc-4.0.4/gcc/version.c --enable-languages=c --program-transform-name=s,^,mipsel-linux-uclibc-,;  --srcdir=/opt/smp86xx/smp86xx_toolchain_2.8.2.0/toolchain_build_mipsel_nofpu/gcc-4.0.4/intl

## --------- ##
## Platform. ##
## --------- ##

hostname = DavidLinux
uname -m = i686
uname -r = 2.6.23.15-80.fc7
uname -s = Linux
uname -v = #1 SMP Sun Feb 10 17:29:10 EST 2008

/usr/bin/uname -p = unknown
/bin/uname -X     = unknown

/bin/arch              = i686
/usr/bin/arch -k       = unknown
/usr/convex/getsysinfo = unknown
hostinfo               = unknown
/bin/machine           = unknown
/usr/bin/oslevel       = unknown
/bin/universe          = unknown

PATH: /opt/smp86xx/smp86xx_toolchain_2.8.2.0/build_mipsel_nofpu/staging_dir/bin
PATH: /bin
PATH: /sbin
PATH: /usr/bin
PATH: /usr/sbin


## ----------- ##
## Core tests. ##
## ----------- ##

configure:1228: creating cache ./config.cache
configure:1323: checking whether make sets $(MAKE)
configure:1343: result: yes
configure:1390: checking for a BSD-compatible install
configure:1445: result: /usr/bin/install -c
configure:1470: checking whether NLS is requested
configure:1479: result: no
configure:1517: checking for msgfmt
configure:1548: result: /usr/bin/msgfmt
configure:1557: checking for gmsgfmt
configure:1588: result: /usr/bin/msgfmt
configure:1627: checking for xgettext
configure:1658: result: /usr/bin/xgettext
configure:1698: checking for msgmerge
configure:1728: result: /usr/bin/msgmerge
configure:1771: checking for i386-pc-linux-gnu-gcc
configure:1797: result: gcc
configure:2079: checking for C compiler version
configure:2082: gcc --version </dev/null >&5
gcc (GCC) 4.1.2 20070925 (Red Hat 4.1.2-27)
Copyright (C) 2006 Free Software Foundation, Inc.
This is free software; see the source for copying conditions.  There is NO
warranty; not even for MERCHANTABILITY or FITNESS FOR A PARTICULAR PURPOSE.

configure:2085: $? = 0
configure:2087: gcc -v </dev/null >&5
Using built-in specs.
Target: i386-redhat-linux
Configured with: ../configure --prefix=/usr --mandir=/usr/share/man --infodir=/usr/share/info --enable-shared --enable-threads=posix --enable-checking=release --with-system-zlib --enable-__cxa_atexit --disable-libunwind-exceptions --enable-languages=c,c++,objc,obj-c++,java,fortran,ada --enable-java-awt=gtk --disable-dssi --enable-plugin --with-java-home=/usr/lib/jvm/java-1.5.0-gcj-1.5.0.0/jre --enable-libgcj-multifile --enable-java-maintainer-mode --with-ecj-jar=/usr/share/java/eclipse-ecj.jar --with-cpu=generic --host=i386-redhat-linux
Thread model: posix
gcc version 4.1.2 20070925 (Red Hat 4.1.2-27)
configure:2090: $? = 0
configure:2092: gcc -V </dev/null >&5
gcc: '-V' option must have argument
configure:2095: $? = 1
configure:2118: checking for C compiler default output file name
configure:2121: gcc -g -O2   conftest.c  >&5
configure:2124: $? = 0
configure:2170: result: a.out
configure:2175: checking whether the C compiler works
configure:2181: ./a.out
configure:2184: $? = 0
configure:2201: result: yes
configure:2208: checking whether we are cross compiling
configure:2210: result: no
configure:2213: checking for suffix of executables
configure:2215: gcc -o conftest -g -O2   conftest.c  >&5
configure:2218: $? = 0
configure:2243: result: 
configure:2249: checking for suffix of object files
configure:2270: gcc -c -g -O2  conftest.c >&5
configure:2273: $? = 0
configure:2295: result: o
configure:2299: checking whether we are using the GNU C compiler
configure:2323: gcc -c -g -O2  conftest.c >&5
configure:2329: $? = 0
configure:2333: test -z 
			 || test ! -s conftest.err
configure:2336: $? = 0
configure:2339: test -s conftest.o
configure:2342: $? = 0
configure:2355: result: yes
configure:2361: checking whether gcc accepts -g
configure:2382: gcc -c -g  conftest.c >&5
configure:2388: $? = 0
configure:2392: test -z 
			 || test ! -s conftest.err
configure:2395: $? = 0
configure:2398: test -s conftest.o
configure:2401: $? = 0
configure:2412: result: yes
configure:2429: checking for gcc option to accept ANSI C
configure:2499: gcc  -c -g -O2  conftest.c >&5
configure:2505: $? = 0
configure:2509: test -z 
			 || test ! -s conftest.err
configure:2512: $? = 0
configure:2515: test -s conftest.o
configure:2518: $? = 0
configure:2536: result: none needed
configure:2554: gcc -c -g -O2  conftest.c >&5
conftest.c:2: error: expected '=', ',', ';', 'asm' or '__attribute__' before 'me'
configure:2560: $? = 1
configure: failed program was:
| #ifndef __cplusplus
|   choke me
| #endif
configure:2699: checking build system type
configure:2717: result: i386-pc-linux-gnu
configure:2725: checking host system type
configure:2739: result: i386-pc-linux-gnu
configure:2750: checking for i386-pc-linux-gnu-ranlib
configure:2776: result: ranlib
configure:2828: checking for library containing strerror
configure:2858: gcc -o conftest -g -O2   conftest.c  >&5
configure:2864: $? = 0
configure:2868: test -z 
			 || test ! -s conftest.err
configure:2871: $? = 0
configure:2874: test -s conftest
configure:2877: $? = 0
configure:2947: result: none required
configure:2959: checking how to run the C preprocessor
configure:2994: gcc -E  conftest.c
configure:3000: $? = 0
configure:3032: gcc -E  conftest.c
conftest.c:9:28: error: ac_nonexistent.h: No such file or directory
configure:3038: $? = 1
configure: failed program was:
| /* confdefs.h.  */
| 
| #define PACKAGE_NAME ""
| #define PACKAGE_TARNAME ""
| #define PACKAGE_VERSION ""
| #define PACKAGE_STRING ""
| #define PACKAGE_BUGREPORT ""
| /* end confdefs.h.  */
| #include <ac_nonexistent.h>
configure:3077: result: gcc -E
configure:3101: gcc -E  conftest.c
configure:3107: $? = 0
configure:3139: gcc -E  conftest.c
conftest.c:9:28: error: ac_nonexistent.h: No such file or directory
configure:3145: $? = 1
configure: failed program was:
| /* confdefs.h.  */
| 
| #define PACKAGE_NAME ""
| #define PACKAGE_TARNAME ""
| #define PACKAGE_VERSION ""
| #define PACKAGE_STRING ""
| #define PACKAGE_BUGREPORT ""
| /* end confdefs.h.  */
| #include <ac_nonexistent.h>
configure:3189: checking for egrep
configure:3199: result: grep -E
configure:3204: checking for ANSI C header files
configure:3229: gcc -c -g -O2  conftest.c >&5
configure:3235: $? = 0
configure:3239: test -z 
			 || test ! -s conftest.err
configure:3242: $? = 0
configure:3245: test -s conftest.o
configure:3248: $? = 0
configure:3337: gcc -o conftest -g -O2   conftest.c  >&5
conftest.c: In function 'main':
conftest.c:26: warning: incompatible implicit declaration of built-in function 'exit'
configure:3340: $? = 0
configure:3342: ./conftest
configure:3345: $? = 0
configure:3360: result: yes
configure:3370: checking for an ANSI C-conforming const
configure:3437: gcc -c -g -O2  conftest.c >&5
configure:3443: $? = 0
configure:3447: test -z 
			 || test ! -s conftest.err
configure:3450: $? = 0
configure:3453: test -s conftest.o
configure:3456: $? = 0
configure:3467: result: yes
configure:3477: checking for inline
configure:3498: gcc -c -g -O2  conftest.c >&5
configure:3504: $? = 0
configure:3508: test -z 
			 || test ! -s conftest.err
configure:3511: $? = 0
configure:3514: test -s conftest.o
configure:3517: $? = 0
configure:3529: result: inline
configure:3562: checking for sys/types.h
configure:3578: gcc -c -g -O2  conftest.c >&5
configure:3584: $? = 0
configure:3588: test -z 
			 || test ! -s conftest.err
configure:3591: $? = 0
configure:3594: test -s conftest.o
configure:3597: $? = 0
configure:3608: result: yes
configure:3562: checking for sys/stat.h
configure:3578: gcc -c -g -O2  conftest.c >&5
configure:3584: $? = 0
configure:3588: test -z 
			 || test ! -s conftest.err
configure:3591: $? = 0
configure:3594: test -s conftest.o
configure:3597: $? = 0
configure:3608: result: yes
configure:3562: checking for stdlib.h
configure:3578: gcc -c -g -O2  conftest.c >&5
configure:3584: $? = 0
configure:3588: test -z 
			 || test ! -s conftest.err
configure:3591: $? = 0
configure:3594: test -s conftest.o
configure:3597: $? = 0
configure:3608: result: yes
configure:3562: checking for string.h
configure:3578: gcc -c -g -O2  conftest.c >&5
configure:3584: $? = 0
configure:3588: test -z 
			 || test ! -s conftest.err
configure:3591: $? = 0
configure:3594: test -s conftest.o
configure:3597: $? = 0
configure:3608: result: yes
configure:3562: checking for memory.h
configure:3578: gcc -c -g -O2  conftest.c >&5
configure:3584: $? = 0
configure:3588: test -z 
			 || test ! -s conftest.err
configure:3591: $? = 0
configure:3594: test -s conftest.o
configure:3597: $? = 0
configure:3608: result: yes
configure:3562: checking for strings.h
configure:3578: gcc -c -g -O2  conftest.c >&5
configure:3584: $? = 0
configure:3588: test -z 
			 || test ! -s conftest.err
configure:3591: $? = 0
configure:3594: test -s conftest.o
configure:3597: $? = 0
configure:3608: result: yes
configure:3562: checking for inttypes.h
configure:3578: gcc -c -g -O2  conftest.c >&5
configure:3584: $? = 0
configure:3588: test -z 
			 || test ! -s conftest.err
configure:3591: $? = 0
configure:3594: test -s conftest.o
configure:3597: $? = 0
configure:3608: result: yes
configure:3562: checking for stdint.h
configure:3578: gcc -c -g -O2  conftest.c >&5
configure:3584: $? = 0
configure:3588: test -z 
			 || test ! -s conftest.err
configure:3591: $? = 0
configure:3594: test -s conftest.o
configure:3597: $? = 0
configure:3608: result: yes
configure:3562: checking for unistd.h
configure:3578: gcc -c -g -O2  conftest.c >&5
configure:3584: $? = 0
configure:3588: test -z 
			 || test ! -s conftest.err
configure:3591: $? = 0
configure:3594: test -s conftest.o
configure:3597: $? = 0
configure:3608: result: yes
configure:3620: checking for off_t
configure:3644: gcc -c -g -O2  conftest.c >&5
configure:3650: $? = 0
configure:3654: test -z 
			 || test ! -s conftest.err
configure:3657: $? = 0
configure:3660: test -s conftest.o
configure:3663: $? = 0
configure:3674: result: yes
configure:3686: checking for size_t
configure:3710: gcc -c -g -O2  conftest.c >&5
configure:3716: $? = 0
configure:3720: test -z 
			 || test ! -s conftest.err
configure:3723: $? = 0
configure:3726: test -s conftest.o
configure:3729: $? = 0
configure:3740: result: yes
configure:3754: checking for working alloca.h
configure:3775: gcc -o conftest -g -O2   conftest.c  >&5
configure:3781: $? = 0
configure:3785: test -z 
			 || test ! -s conftest.err
configure:3788: $? = 0
configure:3791: test -s conftest
configure:3794: $? = 0
configure:3806: result: yes
configure:3816: checking for alloca
configure:3857: gcc -o conftest -g -O2   conftest.c  >&5
configure:3863: $? = 0
configure:3867: test -z 
			 || test ! -s conftest.err
configure:3870: $? = 0
configure:3873: test -s conftest
configure:3876: $? = 0
configure:3888: result: yes
configure:4117: checking for stdlib.h
configure:4122: result: yes
configure:4117: checking for unistd.h
configure:4122: result: yes
configure:4266: checking for getpagesize
configure:4323: gcc -o conftest -g -O2   conftest.c  >&5
configure:4329: $? = 0
configure:4333: test -z 
			 || test ! -s conftest.err
configure:4336: $? = 0
configure:4339: test -s conftest
configure:4342: $? = 0
configure:4354: result: yes
configure:4364: checking for working mmap
configure:4506: gcc -o conftest -g -O2   conftest.c  >&5
configure:4509: $? = 0
configure:4511: ./conftest
configure:4514: $? = 0
configure:4528: result: yes
configure:4540: checking whether we are using the GNU C Library 2.1 or newer
configure:4571: result: yes
configure:4579: checking whether integer division by zero raises SIGFPE
configure:4641: gcc -o conftest -g -O2   conftest.c  >&5
configure:4644: $? = 0
configure:4646: ./conftest
configure:4649: $? = 0
configure:4664: result: yes
configure:4677: checking for inttypes.h
configure:4699: gcc -c -g -O2  conftest.c >&5
configure:4705: $? = 0
configure:4709: test -z 
			 || test ! -s conftest.err
configure:4712: $? = 0
configure:4715: test -s conftest.o
configure:4718: $? = 0
configure:4729: result: yes
configure:4740: checking for stdint.h
configure:4762: gcc -c -g -O2  conftest.c >&5
configure:4768: $? = 0
configure:4772: test -z 
			 || test ! -s conftest.err
configure:4775: $? = 0
configure:4778: test -s conftest.o
configure:4781: $? = 0
configure:4792: result: yes
configure:4803: checking for unsigned long long
configure:4825: gcc -o conftest -g -O2   conftest.c  >&5
configure:4831: $? = 0
configure:4835: test -z 
			 || test ! -s conftest.err
configure:4838: $? = 0
configure:4841: test -s conftest
configure:4844: $? = 0
configure:4856: result: yes
configure:4888: checking for inttypes.h
configure:4911: gcc -c -g -O2  conftest.c >&5
configure:4917: $? = 0
configure:4921: test -z 
			 || test ! -s conftest.err
configure:4924: $? = 0
configure:4927: test -s conftest.o
configure:4930: $? = 0
configure:4942: result: yes
configure:4955: checking whether the inttypes.h PRIxNN macros are broken
configure:4981: gcc -c -g -O2  conftest.c >&5
configure:4987: $? = 0
configure:4991: test -z 
			 || test ! -s conftest.err
configure:4994: $? = 0
configure:4997: test -s conftest.o
configure:5000: $? = 0
configure:5012: result: no
configure:5063: checking for ld used by GCC
configure:5126: result: ld
configure:5135: checking if the linker (ld) is GNU ld
GNU ld version 2.17.50.0.12-4 20070128
configure:5147: result: yes
configure:5153: checking for shared library run path origin
configure:5166: result: done
configure:5592: checking argz.h usability
configure:5604: gcc -c -g -O2  conftest.c >&5
configure:5610: $? = 0
configure:5614: test -z 
			 || test ! -s conftest.err
configure:5617: $? = 0
configure:5620: test -s conftest.o
configure:5623: $? = 0
configure:5633: result: yes
configure:5637: checking argz.h presence
configure:5647: gcc -E  conftest.c
configure:5653: $? = 0
configure:5673: result: yes
configure:5708: checking for argz.h
configure:5715: result: yes
configure:5592: checking limits.h usability
configure:5604: gcc -c -g -O2  conftest.c >&5
configure:5610: $? = 0
configure:5614: test -z 
			 || test ! -s conftest.err
configure:5617: $? = 0
configure:5620: test -s conftest.o
configure:5623: $? = 0
configure:5633: result: yes
configure:5637: checking limits.h presence
configure:5647: gcc -E  conftest.c
configure:5653: $? = 0
configure:5673: result: yes
configure:5708: checking for limits.h
configure:5715: result: yes
configure:5592: checking locale.h usability
configure:5604: gcc -c -g -O2  conftest.c >&5
configure:5610: $? = 0
configure:5614: test -z 
			 || test ! -s conftest.err
configure:5617: $? = 0
configure:5620: test -s conftest.o
configure:5623: $? = 0
configure:5633: result: yes
configure:5637: checking locale.h presence
configure:5647: gcc -E  conftest.c
configure:5653: $? = 0
configure:5673: result: yes
configure:5708: checking for locale.h
configure:5715: result: yes
configure:5592: checking nl_types.h usability
configure:5604: gcc -c -g -O2  conftest.c >&5
configure:5610: $? = 0
configure:5614: test -z 
			 || test ! -s conftest.err
configure:5617: $? = 0
configure:5620: test -s conftest.o
configure:5623: $? = 0
configure:5633: result: yes
configure:5637: checking nl_types.h presence
configure:5647: gcc -E  conftest.c
configure:5653: $? = 0
configure:5673: result: yes
configure:5708: checking for nl_types.h
configure:5715: result: yes
configure:5592: checking malloc.h usability
configure:5604: gcc -c -g -O2  conftest.c >&5
configure:5610: $? = 0
configure:5614: test -z 
			 || test ! -s conftest.err
configure:5617: $? = 0
configure:5620: test -s conftest.o
configure:5623: $? = 0
configure:5633: result: yes
configure:5637: checking malloc.h presence
configure:5647: gcc -E  conftest.c
configure:5653: $? = 0
configure:5673: result: yes
configure:5708: checking for malloc.h
configure:5715: result: yes
configure:5592: checking stddef.h usability
configure:5604: gcc -c -g -O2  conftest.c >&5
configure:5610: $? = 0
configure:5614: test -z 
			 || test ! -s conftest.err
configure:5617: $? = 0
configure:5620: test -s conftest.o
configure:5623: $? = 0
configure:5633: result: yes
configure:5637: checking stddef.h presence
configure:5647: gcc -E  conftest.c
configure:5653: $? = 0
configure:5673: result: yes
configure:5708: checking for stddef.h
configure:5715: result: yes
configure:5583: checking for stdlib.h
configure:5588: result: yes
configure:5583: checking for string.h
configure:5588: result: yes
configure:5583: checking for unistd.h
configure:5588: result: yes
configure:5592: checking sys/param.h usability
configure:5604: gcc -c -g -O2  conftest.c >&5
configure:5610: $? = 0
configure:5614: test -z 
			 || test ! -s conftest.err
configure:5617: $? = 0
configure:5620: test -s conftest.o
configure:5623: $? = 0
configure:5633: result: yes
configure:5637: checking sys/param.h presence
configure:5647: gcc -E  conftest.c
configure:5653: $? = 0
configure:5673: result: yes
configure:5708: checking for sys/param.h
configure:5715: result: yes
configure:5756: checking for feof_unlocked
configure:5813: gcc -o conftest -g -O2   conftest.c  >&5
configure:5819: $? = 0
configure:5823: test -z 
			 || test ! -s conftest.err
configure:5826: $? = 0
configure:5829: test -s conftest
configure:5832: $? = 0
configure:5844: result: yes
configure:5756: checking for fgets_unlocked
configure:5813: gcc -o conftest -g -O2   conftest.c  >&5
configure:5819: $? = 0
configure:5823: test -z 
			 || test ! -s conftest.err
configure:5826: $? = 0
configure:5829: test -s conftest
configure:5832: $? = 0
configure:5844: result: yes
configure:5756: checking for getc_unlocked
configure:5813: gcc -o conftest -g -O2   conftest.c  >&5
configure:5819: $? = 0
configure:5823: test -z 
			 || test ! -s conftest.err
configure:5826: $? = 0
configure:5829: test -s conftest
configure:5832: $? = 0
configure:5844: result: yes
configure:5756: checking for getcwd
configure:5813: gcc -o conftest -g -O2   conftest.c  >&5
configure:5819: $? = 0
configure:5823: test -z 
			 || test ! -s conftest.err
configure:5826: $? = 0
configure:5829: test -s conftest
configure:5832: $? = 0
configure:5844: result: yes
configure:5756: checking for getegid
configure:5813: gcc -o conftest -g -O2   conftest.c  >&5
configure:5819: $? = 0
configure:5823: test -z 
			 || test ! -s conftest.err
configure:5826: $? = 0
configure:5829: test -s conftest
configure:5832: $? = 0
configure:5844: result: yes
configure:5756: checking for geteuid
configure:5813: gcc -o conftest -g -O2   conftest.c  >&5
configure:5819: $? = 0
configure:5823: test -z 
			 || test ! -s conftest.err
configure:5826: $? = 0
configure:5829: test -s conftest
configure:5832: $? = 0
configure:5844: result: yes
configure:5756: checking for getgid
configure:5813: gcc -o conftest -g -O2   conftest.c  >&5
configure:5819: $? = 0
configure:5823: test -z 
			 || test ! -s conftest.err
configure:5826: $? = 0
configure:5829: test -s conftest
configure:5832: $? = 0
configure:5844: result: yes
configure:5756: checking for getuid
configure:5813: gcc -o conftest -g -O2   conftest.c  >&5
configure:5819: $? = 0
configure:5823: test -z 
			 || test ! -s conftest.err
configure:5826: $? = 0
configure:5829: test -s conftest
configure:5832: $? = 0
configure:5844: result: yes
configure:5756: checking for mempcpy
configure:5813: gcc -o conftest -g -O2   conftest.c  >&5
conftest.c:73: warning: conflicting types for built-in function 'mempcpy'
configure:5819: $? = 0
configure:5823: test -z 
			 || test ! -s conftest.err
configure:5826: $? = 0
configure:5829: test -s conftest
configure:5832: $? = 0
configure:5844: result: yes
configure:5756: checking for munmap
configure:5813: gcc -o conftest -g -O2   conftest.c  >&5
configure:5819: $? = 0
configure:5823: test -z 
			 || test ! -s conftest.err
configure:5826: $? = 0
configure:5829: test -s conftest
configure:5832: $? = 0
configure:5844: result: yes
configure:5756: checking for putenv
configure:5813: gcc -o conftest -g -O2   conftest.c  >&5
configure:5819: $? = 0
configure:5823: test -z 
			 || test ! -s conftest.err
configure:5826: $? = 0
configure:5829: test -s conftest
configure:5832: $? = 0
configure:5844: result: yes
configure:5756: checking for setenv
configure:5813: gcc -o conftest -g -O2   conftest.c  >&5
configure:5819: $? = 0
configure:5823: test -z 
			 || test ! -s conftest.err
configure:5826: $? = 0
configure:5829: test -s conftest
configure:5832: $? = 0
configure:5844: result: yes
configure:5756: checking for setlocale
configure:5813: gcc -o conftest -g -O2   conftest.c  >&5
configure:5819: $? = 0
configure:5823: test -z 
			 || test ! -s conftest.err
configure:5826: $? = 0
configure:5829: test -s conftest
configure:5832: $? = 0
configure:5844: result: yes
configure:5756: checking for stpcpy
configure:5813: gcc -o conftest -g -O2   conftest.c  >&5
conftest.c:78: warning: conflicting types for built-in function 'stpcpy'
configure:5819: $? = 0
configure:5823: test -z 
			 || test ! -s conftest.err
configure:5826: $? = 0
configure:5829: test -s conftest
configure:5832: $? = 0
configure:5844: result: yes
configure:5756: checking for strcasecmp
configure:5813: gcc -o conftest -g -O2   conftest.c  >&5
conftest.c:79: warning: conflicting types for built-in function 'strcasecmp'
configure:5819: $? = 0
configure:5823: test -z 
			 || test ! -s conftest.err
configure:5826: $? = 0
configure:5829: test -s conftest
configure:5832: $? = 0
configure:5844: result: yes
configure:5756: checking for strdup
configure:5813: gcc -o conftest -g -O2   conftest.c  >&5
conftest.c:80: warning: conflicting types for built-in function 'strdup'
configure:5819: $? = 0
configure:5823: test -z 
			 || test ! -s conftest.err
configure:5826: $? = 0
configure:5829: test -s conftest
configure:5832: $? = 0
configure:5844: result: yes
configure:5756: checking for strtoul
configure:5813: gcc -o conftest -g -O2   conftest.c  >&5
configure:5819: $? = 0
configure:5823: test -z 
			 || test ! -s conftest.err
configure:5826: $? = 0
configure:5829: test -s conftest
configure:5832: $? = 0
configure:5844: result: yes
configure:5756: checking for tsearch
configure:5813: gcc -o conftest -g -O2   conftest.c  >&5
configure:5819: $? = 0
configure:5823: test -z 
			 || test ! -s conftest.err
configure:5826: $? = 0
configure:5829: test -s conftest
configure:5832: $? = 0
configure:5844: result: yes
configure:5756: checking for __argz_count
configure:5813: gcc -o conftest -g -O2   conftest.c  >&5
configure:5819: $? = 0
configure:5823: test -z 
			 || test ! -s conftest.err
configure:5826: $? = 0
configure:5829: test -s conftest
configure:5832: $? = 0
configure:5844: result: yes
configure:5756: checking for __argz_stringify
configure:5813: gcc -o conftest -g -O2   conftest.c  >&5
configure:5819: $? = 0
configure:5823: test -z 
			 || test ! -s conftest.err
configure:5826: $? = 0
configure:5829: test -s conftest
configure:5832: $? = 0
configure:5844: result: yes
configure:5756: checking for __argz_next
configure:5813: gcc -o conftest -g -O2   conftest.c  >&5
configure:5819: $? = 0
configure:5823: test -z 
			 || test ! -s conftest.err
configure:5826: $? = 0
configure:5829: test -s conftest
configure:5832: $? = 0
configure:5844: result: yes
configure:5756: checking for __fsetlocking
configure:5813: gcc -o conftest -g -O2   conftest.c  >&5
configure:5819: $? = 0
configure:5823: test -z 
			 || test ! -s conftest.err
configure:5826: $? = 0
configure:5829: test -s conftest
configure:5832: $? = 0
configure:5844: result: yes
configure:5885: checking for iconv
configure:5912: gcc -o conftest -g -O2   conftest.c  >&5
configure:5918: $? = 0
configure:5922: test -z 
			 || test ! -s conftest.err
configure:5925: $? = 0
configure:5928: test -s conftest
configure:5931: $? = 0
configure:5997: result: yes
configure:6020: checking for iconv declaration
configure:6054: gcc -c -g -O2  conftest.c >&5
configure:6060: $? = 0
configure:6064: test -z 
			 || test ! -s conftest.err
configure:6067: $? = 0
configure:6070: test -s conftest.o
configure:6073: $? = 0
configure:6088: result: 
         extern size_t iconv (iconv_t cd, char * *inbuf, size_t *inbytesleft, char * *outbuf, size_t *outbytesleft);
configure:6099: checking for nl_langinfo and CODESET
configure:6120: gcc -o conftest -g -O2   conftest.c  >&5
configure:6126: $? = 0
configure:6130: test -z 
			 || test ! -s conftest.err
configure:6133: $? = 0
configure:6136: test -s conftest
configure:6139: $? = 0
configure:6152: result: yes
configure:6164: checking for LC_MESSAGES
configure:6185: gcc -o conftest -g -O2   conftest.c  >&5
configure:6191: $? = 0
configure:6195: test -z 
			 || test ! -s conftest.err
configure:6198: $? = 0
configure:6201: test -s conftest
configure:6204: $? = 0
configure:6216: result: yes
configure:6232: checking for bison
configure:6248: found /usr/bin/bison
configure:6258: result: bison
configure:6271: checking version of bison
configure:6280: result: 2.3, ok
configure:6302: checking whether NLS is requested
configure:6311: result: no
configure:6956: checking whether to use NLS
configure:6958: result: no
configure:7104: checking for aclocal
configure:7120: found /usr/bin/aclocal
configure:7130: result: aclocal
configure:7145: checking for autoconf
configure:7161: found /usr/bin/autoconf
configure:7171: result: autoconf
configure:7186: checking for autoheader
configure:7202: found /usr/bin/autoheader
configure:7212: result: autoheader
configure:7350: creating ./config.status

## ---------------------- ##
## Running config.status. ##
## ---------------------- ##

This file was extended by config.status, which was
generated by GNU Autoconf 2.59.  Invocation command line was

  CONFIG_FILES    = 
  CONFIG_HEADERS  = 
  CONFIG_LINKS    = 
  CONFIG_COMMANDS = 
  $ ./config.status 

on DavidLinux

config.status:708: creating Makefile
config.status:708: creating config.intl
config.status:805: creating config.h
config.status:1193: executing default-1 commands

## ---------------- ##
## Cache variables. ##
## ---------------- ##

ac_cv_build=i386-pc-linux-gnu
ac_cv_build_alias=i386-pc-linux-gnu
ac_cv_c_compiler_gnu=yes
ac_cv_c_const=yes
ac_cv_c_inline=inline
ac_cv_env_CC_set=set
ac_cv_env_CC_value=gcc
ac_cv_env_CFLAGS_set=set
ac_cv_env_CFLAGS_value='-g -O2'
ac_cv_env_CPPFLAGS_set=
ac_cv_env_CPPFLAGS_value=
ac_cv_env_CPP_set=
ac_cv_env_CPP_value=
ac_cv_env_LDFLAGS_set=set
ac_cv_env_LDFLAGS_value=
ac_cv_env_build_alias_set=set
ac_cv_env_build_alias_value=i386-pc-linux-gnu
ac_cv_env_host_alias_set=set
ac_cv_env_host_alias_value=i386-pc-linux-gnu
ac_cv_env_target_alias_set=set
ac_cv_env_target_alias_value=mipsel-linux-uclibc
ac_cv_exeext=
ac_cv_func___argz_count=yes
ac_cv_func___argz_next=yes
ac_cv_func___argz_stringify=yes
ac_cv_func___fsetlocking=yes
ac_cv_func_alloca_works=yes
ac_cv_func_feof_unlocked=yes
ac_cv_func_fgets_unlocked=yes
ac_cv_func_getc_unlocked=yes
ac_cv_func_getcwd=yes
ac_cv_func_getegid=yes
ac_cv_func_geteuid=yes
ac_cv_func_getgid=yes
ac_cv_func_getpagesize=yes
ac_cv_func_getuid=yes
ac_cv_func_mempcpy=yes
ac_cv_func_mmap_fixed_mapped=yes
ac_cv_func_munmap=yes
ac_cv_func_putenv=yes
ac_cv_func_setenv=yes
ac_cv_func_setlocale=yes
ac_cv_func_stpcpy=yes
ac_cv_func_strcasecmp=yes
ac_cv_func_strdup=yes
ac_cv_func_strtoul=yes
ac_cv_func_tsearch=yes
ac_cv_gnu_library_2_1=yes
ac_cv_header_argz_h=yes
ac_cv_header_inttypes_h=yes
ac_cv_header_limits_h=yes
ac_cv_header_locale_h=yes
ac_cv_header_malloc_h=yes
ac_cv_header_memory_h=yes
ac_cv_header_nl_types_h=yes
ac_cv_header_stdc=yes
ac_cv_header_stddef_h=yes
ac_cv_header_stdint_h=yes
ac_cv_header_stdlib_h=yes
ac_cv_header_string_h=yes
ac_cv_header_strings_h=yes
ac_cv_header_sys_param_h=yes
ac_cv_header_sys_stat_h=yes
ac_cv_header_sys_types_h=yes
ac_cv_header_unistd_h=yes
ac_cv_host=i386-pc-linux-gnu
ac_cv_host_alias=i386-pc-linux-gnu
ac_cv_objext=o
ac_cv_path_GMSGFMT=/usr/bin/msgfmt
ac_cv_path_MSGFMT=/usr/bin/msgfmt
ac_cv_path_MSGMERGE=/usr/bin/msgmerge
ac_cv_path_XGETTEXT=/usr/bin/xgettext
ac_cv_path_install='/usr/bin/install -c'
ac_cv_prog_ACLOCAL=aclocal
ac_cv_prog_AUTOCONF=autoconf
ac_cv_prog_AUTOHEADER=autoheader
ac_cv_prog_CC=gcc
ac_cv_prog_CPP='gcc -E'
ac_cv_prog_INTLBISON=bison
ac_cv_prog_RANLIB=ranlib
ac_cv_prog_cc_g=yes
ac_cv_prog_cc_stdc=
ac_cv_prog_egrep='grep -E'
ac_cv_prog_make_make_set=yes
ac_cv_search_strerror='none required'
ac_cv_type_off_t=yes
ac_cv_type_size_t=yes
ac_cv_type_unsigned_long_long=yes
ac_cv_working_alloca_h=yes
acl_cv_hardcode_direct=no
acl_cv_hardcode_libdir_flag_spec='${wl}-rpath ${wl}$libdir'
acl_cv_hardcode_libdir_separator=
acl_cv_hardcode_minus_L=no
acl_cv_libext=a
acl_cv_path_LD=ld
acl_cv_prog_gnu_ld=yes
acl_cv_rpath=done
acl_cv_shlibext=so
acl_cv_wl=-Wl,
am_cv_func_iconv=yes
am_cv_langinfo_codeset=yes
am_cv_lib_iconv=no
am_cv_proto_iconv='extern size_t iconv (iconv_t cd, char * *inbuf, size_t *inbytesleft, char * *outbuf, size_t *outbytesleft);'
am_cv_proto_iconv_arg1=
am_cv_val_LC_MESSAGES=yes
gt_cv_header_inttypes_h=yes
gt_cv_int_divbyzero_sigfpe=yes
gt_cv_inttypes_pri_broken=no
jm_ac_cv_header_inttypes_h=yes
jm_ac_cv_header_stdint_h=yes
nls_cv_header_intl=
nls_cv_header_libgt=

## ----------------- ##
## Output variables. ##
## ----------------- ##

ACLOCAL='aclocal'
ALLOCA=''
AUTOCONF='autoconf'
AUTOHEADER='autoheader'
BUILD_INCLUDED_LIBINTL='no'
CATOBJEXT=''
CC='gcc'
CFLAGS='-g -O2'
CPP='gcc -E'
CPPFLAGS=''
DATADIRNAME='share'
DEFS='-DHAVE_CONFIG_H'
ECHO_C=''
ECHO_N='-n'
ECHO_T=''
EGREP='grep -E'
EXEEXT=''
GENCAT='gencat'
GLIBC21='yes'
GMSGFMT='/usr/bin/msgfmt'
INCINTL=''
INSTALL_DATA='${INSTALL} -m 644'
INSTALL_PROGRAM='${INSTALL}'
INSTALL_SCRIPT='${INSTALL}'
INSTOBJEXT='.mo'
INTLBISON='bison'
INTLLIBS=''
INTLOBJS=''
INTL_LIBTOOL_SUFFIX_PREFIX=''
LDFLAGS=''
LIBICONV=''
LIBINTL=''
LIBINTL_DEP=''
LIBOBJS=''
LIBS=''
LTLIBICONV=''
LTLIBINTL=''
LTLIBOBJS=''
MAINT='#'
MKINSTALLDIRS='/opt/smp86xx/smp86xx_toolchain_2.8.2.0/toolchain_build_mipsel_nofpu/gcc-4.0.4/intl/../mkinstalldirs'
MSGFMT='/usr/bin/msgfmt'
MSGMERGE='/usr/bin/msgmerge'
OBJEXT='o'
PACKAGE_BUGREPORT=''
PACKAGE_NAME=''
PACKAGE_STRING=''
PACKAGE_TARNAME=''
PACKAGE_VERSION=''
PATH_SEPARATOR=':'
POSUB=''
RANLIB='ranlib'
SET_MAKE=''
SHELL='/bin/sh'
USE_INCLUDED_LIBINTL='no'
USE_NLS='no'
XGETTEXT='/usr/bin/xgettext'
ac_ct_CC=''
ac_ct_RANLIB=''
bindir='${exec_prefix}/bin'
build='i386-pc-linux-gnu'
build_alias='i386-pc-linux-gnu'
build_cpu='i386'
build_os='linux-gnu'
build_vendor='pc'
datadir='${prefix}/share'
exec_prefix='${prefix}'
host='i386-pc-linux-gnu'
host_alias='i386-pc-linux-gnu'
host_cpu='i386'
host_os='linux-gnu'
host_vendor='pc'
includedir='${prefix}/include'
infodir='${prefix}/info'
libdir='${exec_prefix}/lib'
libexecdir='${exec_prefix}/libexec'
localstatedir='${prefix}/var'
mandir='${prefix}/man'
oldincludedir='/usr/include'
prefix='/opt/smp86xx/smp86xx_toolchain_2.8.2.0/build_mipsel_nofpu/staging_dir'
program_transform_name='s,^,mipsel-linux-uclibc-,; '
sbindir='${exec_prefix}/sbin'
sharedstatedir='${prefix}/com'
sysconfdir='${prefix}/etc'
target_alias='mipsel-linux-uclibc'

## ----------- ##
## confdefs.h. ##
## ----------- ##

#define DEPENDS_ON_LIBICONV 1
#define ENABLE_RELOCATABLE 1
#define HAVE_ALLOCA 1
#define HAVE_ALLOCA_H 1
#define HAVE_ARGZ_H 1
#define HAVE_FEOF_UNLOCKED 1
#define HAVE_FGETS_UNLOCKED 1
#define HAVE_GETCWD 1
#define HAVE_GETC_UNLOCKED 1
#define HAVE_GETEGID 1
#define HAVE_GETEUID 1
#define HAVE_GETGID 1
#define HAVE_GETPAGESIZE 1
#define HAVE_GETUID 1
#define HAVE_ICONV 1
#define HAVE_INTTYPES_H 1
#define HAVE_INTTYPES_H 1
#define HAVE_INTTYPES_H_WITH_UINTMAX 1
#define HAVE_LANGINFO_CODESET 1
#define HAVE_LC_MESSAGES 1
#define HAVE_LIMITS_H 1
#define HAVE_LOCALE_H 1
#define HAVE_MALLOC_H 1
#define HAVE_MEMORY_H 1
#define HAVE_MEMPCPY 1
#define HAVE_MMAP 1
#define HAVE_MUNMAP 1
#define HAVE_NL_TYPES_H 1
#define HAVE_PUTENV 1
#define HAVE_SETENV 1
#define HAVE_SETLOCALE 1
#define HAVE_STDDEF_H 1
#define HAVE_STDINT_H 1
#define HAVE_STDINT_H_WITH_UINTMAX 1
#define HAVE_STDLIB_H 1
#define HAVE_STDLIB_H 1
#define HAVE_STDLIB_H 1
#define HAVE_STPCPY 1
#define HAVE_STRCASECMP 1
#define HAVE_STRDUP 1
#define HAVE_STRINGS_H 1
#define HAVE_STRING_H 1
#define HAVE_STRING_H 1
#define HAVE_STRTOUL 1
#define HAVE_SYS_PARAM_H 1
#define HAVE_SYS_STAT_H 1
#define HAVE_SYS_TYPES_H 1
#define HAVE_TSEARCH 1
#define HAVE_UINTMAX_T 1
#define HAVE_UNISTD_H 1
#define HAVE_UNISTD_H 1
#define HAVE_UNISTD_H 1
#define HAVE_UNSIGNED_LONG_LONG 1
#define HAVE___ARGZ_COUNT 1
#define HAVE___ARGZ_NEXT 1
#define HAVE___ARGZ_STRINGIFY 1
#define HAVE___FSETLOCKING 1
#define ICONV_CONST 
#define INTDIV0_RAISES_SIGFPE 1
#define IN_LIBINTL 1
#define IN_LIBRARY 1
#define NO_XMALLOC 1
#define PACKAGE_BUGREPORT ""
#define PACKAGE_NAME ""
#define PACKAGE_STRING ""
#define PACKAGE_TARNAME ""
#define PACKAGE_VERSION ""
#define STDC_HEADERS 1
#define relocate libintl_relocate
#define set_relocation_prefix libintl_set_relocation_prefix

configure: exit 0
