This file contains any messages produced by compilers while
running configure, to aid debugging if configure makes a mistake.

It was created by configure, which was
generated by GNU Autoconf 2.59.  Invocation command line was

  $ /opt/smp86xx/smp86xx_toolchain_2.8.2.0/toolchain_build_mipsel_nofpu/gcc-4.0.4/gcc/configure --cache-file=./config.cache --build=i386-pc-linux-gnu --host=i386-pc-linux-gnu --target=mipsel-linux-uclibc --with-stabs --prefix=/opt/smp86xx/smp86xx_toolchain_2.8.2.0/build_mipsel_nofpu/staging_dir --enable-shared --disable-__cxa_atexit --enable-target-optspace --with-gnu-ld --disable-nls --enable-multilib --with-float=soft --enable-sjlj-exceptions --with-gcc-version-trigger=/opt/smp86xx/smp86xx_toolchain_2.8.2.0/toolchain_build_mipsel_nofpu/gcc-4.0.4/gcc/version.c --enable-languages=c,c++ --program-transform-name=s,^,mipsel-linux-uclibc-,;  --srcdir=/opt/smp86xx/smp86xx_toolchain_2.8.2.0/toolchain_build_mipsel_nofpu/gcc-4.0.4/gcc

## --------- ##
## Platform. ##
## --------- ##

hostname = DavidLinux
uname -m = i686
uname -r = 2.6.23.17-88.fc7
uname -s = Linux
uname -v = #1 SMP Thu May 15 00:35:10 EDT 2008

/usr/bin/uname -p = unknown
/bin/uname -X     = unknown

/bin/arch              = i686
/usr/bin/arch -k       = unknown
/usr/convex/getsysinfo = unknown
hostinfo               = unknown
/bin/machine           = unknown
/usr/bin/oslevel       = unknown
/bin/universe          = unknown

PATH: /opt/smp86xx/smp86xx_toolchain_2.8.2.0/build_mipsel_nofpu/staging_dir/bin
PATH: /bin
PATH: /sbin
PATH: /usr/bin
PATH: /usr/sbin


## ----------- ##
## Core tests. ##
## ----------- ##

configure:1294: loading cache ./config.cache
configure:1421: checking build system type
configure:1439: result: i386-pc-linux-gnu
configure:1447: checking host system type
configure:1461: result: i386-pc-linux-gnu
configure:1469: checking target system type
configure:1483: result: mipsel-unknown-linux-uclibc
configure:1549: checking LIBRARY_PATH variable
configure:1559: result: ok
configure:1580: checking GCC_EXEC_PREFIX variable
configure:1590: result: ok
configure:1691: checking whether to place generated files in the source directory
configure:1701: result: no
configure:1747: checking whether a default linker was specified
configure:1758: result: no
configure:1807: checking whether a default assembler was specified
configure:1818: result: no
configure:1844: checking for i386-pc-linux-gnu-gcc
configure:1870: result: gcc
configure:2152: checking for C compiler version
configure:2155: gcc --version </dev/null >&5
gcc (GCC) 4.1.2 20070925 (Red Hat 4.1.2-27)
Copyright (C) 2006 Free Software Foundation, Inc.
This is free software; see the source for copying conditions.  There is NO
warranty; not even for MERCHANTABILITY or FITNESS FOR A PARTICULAR PURPOSE.

configure:2158: $? = 0
configure:2160: gcc -v </dev/null >&5
Using built-in specs.
Target: i386-redhat-linux
Configured with: ../configure --prefix=/usr --mandir=/usr/share/man --infodir=/usr/share/info --enable-shared --enable-threads=posix --enable-checking=release --with-system-zlib --enable-__cxa_atexit --disable-libunwind-exceptions --enable-languages=c,c++,objc,obj-c++,java,fortran,ada --enable-java-awt=gtk --disable-dssi --enable-plugin --with-java-home=/usr/lib/jvm/java-1.5.0-gcj-1.5.0.0/jre --enable-libgcj-multifile --enable-java-maintainer-mode --with-ecj-jar=/usr/share/java/eclipse-ecj.jar --with-cpu=generic --host=i386-redhat-linux
Thread model: posix
gcc version 4.1.2 20070925 (Red Hat 4.1.2-27)
configure:2163: $? = 0
configure:2165: gcc -V </dev/null >&5
gcc: '-V' option must have argument
configure:2168: $? = 1
configure:2191: checking for C compiler default output file name
configure:2194: gcc -g -O2   conftest.c  >&5
configure:2197: $? = 0
configure:2243: result: a.out
configure:2248: checking whether the C compiler works
configure:2254: ./a.out
configure:2257: $? = 0
configure:2274: result: yes
configure:2281: checking whether we are cross compiling
configure:2283: result: no
configure:2286: checking for suffix of executables
configure:2288: gcc -o conftest -g -O2   conftest.c  >&5
configure:2291: $? = 0
configure:2316: result: 
configure:2322: checking for suffix of object files
configure:2368: result: o
configure:2372: checking whether we are using the GNU C compiler
configure:2428: result: yes
configure:2434: checking whether gcc accepts -g
configure:2485: result: yes
configure:2502: checking for gcc option to accept ANSI C
configure:2609: result: none needed
configure:2627: gcc -c -g -O2  conftest.c >&5
conftest.c:2: error: expected '=', ',', ';', 'asm' or '__attribute__' before 'me'
configure:2633: $? = 1
configure: failed program was:
| #ifndef __cplusplus
|   choke me
| #endif
configure:2767: checking whether gcc and cc understand -c and -o together
configure:2844: result: yes
configure:2890: checking how to run the C preprocessor
configure:3008: result: gcc -E
configure:3032: gcc -E  conftest.c
configure:3038: $? = 0
configure:3070: gcc -E  conftest.c
conftest.c:9:28: error: ac_nonexistent.h: No such file or directory
configure:3076: $? = 1
configure: failed program was:
| /* confdefs.h.  */
| 
| #define PACKAGE_NAME ""
| #define PACKAGE_TARNAME ""
| #define PACKAGE_VERSION ""
| #define PACKAGE_STRING ""
| #define PACKAGE_BUGREPORT ""
| /* end confdefs.h.  */
| #include <ac_nonexistent.h>
configure:3120: checking for inline
configure:3172: result: inline
configure:3192: checking for long long int
configure:3243: result: yes
configure:3252: checking for __int64
configure:3303: result: no
configure:3316: checking for egrep
configure:3326: result: grep -E
configure:3331: checking for ANSI C header files
configure:3487: result: yes
configure:3511: checking for sys/types.h
configure:3557: result: yes
configure:3511: checking for sys/stat.h
configure:3557: result: yes
configure:3511: checking for stdlib.h
configure:3557: result: yes
configure:3511: checking for string.h
configure:3557: result: yes
configure:3511: checking for memory.h
configure:3557: result: yes
configure:3511: checking for strings.h
configure:3557: result: yes
configure:3511: checking for inttypes.h
configure:3557: result: yes
configure:3511: checking for stdint.h
configure:3557: result: yes
configure:3511: checking for unistd.h
configure:3557: result: yes
configure:3569: checking for void *
configure:3623: result: yes
configure:3626: checking size of void *
configure:3976: result: 4
configure:3983: checking for short
configure:4037: result: yes
configure:4040: checking size of short
configure:4390: result: 2
configure:4397: checking for int
configure:4451: result: yes
configure:4454: checking size of int
configure:4804: result: 4
configure:4811: checking for long
configure:4865: result: yes
configure:4868: checking size of long
configure:5218: result: 4
configure:5226: checking for long long
configure:5280: result: yes
configure:5283: checking size of long long
configure:5633: result: 8
configure:6068: checking whether gcc accepts -Wno-long-long
configure:6116: result: yes
configure:6119: checking whether gcc accepts -Wno-variadic-macros
configure:6167: result: yes
configure:6178: checking whether gcc accepts -Wold-style-definition
configure:6226: result: yes
configure:6392: checking for valgrind.h
configure:6397: result: no
configure:6972: checking whether make sets $(MAKE)
configure:6992: result: yes
configure:7007: checking for gawk
configure:7033: result: gawk
configure:7051: checking whether ln -s works
configure:7079: result: yes
configure:7091: checking whether ln works
configure:7113: result: yes
configure:7120: checking for i386-pc-linux-gnu-ranlib
configure:7146: result: ranlib
configure:7220: checking for a BSD compatible install
configure:7262: result: /usr/bin/install -c
configure:7273: checking for cmp's capabilities
configure:7300: result: gnucompare
configure:7309: checking for mktemp
configure:7336: result: yes
configure:7350: checking for makeinfo
configure:7376: result: /opt/smp86xx/smp86xx_toolchain_2.8.2.0/toolchain_build_mipsel_nofpu/gcc-4.0.4/missing makeinfo
configure:7385: checking for modern makeinfo
configure:7401: result: no
configure:7411: WARNING:
*** Makeinfo is missing or too old.
*** Info documentation will not be built.
configure:7422: checking for recent Pod::Man
configure:7425: result: yes
configure:7440: checking for flex
configure:7466: result: flex
configure:7483: checking for bison
configure:7509: result: bison
configure:7531: checking for nm
configure:7558: result: nm
configure:7574: checking for ar
configure:7601: result: ar
configure:7615: checking for GNU C library
configure:7670: result: yes
configure:7685: checking for ANSI C header files
configure:7841: result: yes
configure:7851: checking whether time.h and sys/time.h may both be included
configure:7906: result: yes
configure:7916: checking whether string.h and strings.h may both be included
configure:7968: result: yes
configure:7978: checking for sys/wait.h that is POSIX.1 compatible
configure:8039: result: yes
configure:8077: checking for limits.h
configure:8117: result: yes
configure:8077: checking for stddef.h
configure:8117: result: yes
configure:8077: checking for string.h
configure:8117: result: yes
configure:8077: checking for strings.h
configure:8117: result: yes
configure:8077: checking for stdlib.h
configure:8117: result: yes
configure:8077: checking for time.h
configure:8117: result: yes
configure:8077: checking for iconv.h
configure:8117: result: yes
configure:8077: checking for fcntl.h
configure:8117: result: yes
configure:8077: checking for unistd.h
configure:8117: result: yes
configure:8077: checking for sys/file.h
configure:8117: result: yes
configure:8077: checking for sys/time.h
configure:8117: result: yes
configure:8077: checking for sys/mman.h
configure:8117: result: yes
configure:8077: checking for sys/resource.h
configure:8117: result: yes
configure:8077: checking for sys/param.h
configure:8117: result: yes
configure:8077: checking for sys/times.h
configure:8117: result: yes
configure:8077: checking for sys/stat.h
configure:8117: result: yes
configure:8077: checking for direct.h
configure:8117: result: no
configure:8077: checking for malloc.h
configure:8117: result: yes
configure:8077: checking for langinfo.h
configure:8117: result: yes
configure:8077: checking for ldfcn.h
configure:8117: result: no
configure:8077: checking for locale.h
configure:8117: result: yes
configure:8077: checking for wchar.h
configure:8117: result: yes
configure:8129: checking for thread.h
configure:8169: result: no
configure:8177: checking for pthread.h
configure:8217: result: yes
configure:8227: checking for CHAR_BIT
configure:8255: result: yes
configure:8332: checking whether byte ordering is bigendian
configure:8481: result: no
configure:8570: checking for collect2 libraries
configure:8637: result: none required
configure:8649: checking for library containing exc_resume
configure:8768: result: no
configure:8783: checking for library containing ldexp
configure:8902: result: none required
configure:8915: checking for inttypes.h
configure:8968: result: yes
configure:9022: checking for times
configure:9110: result: yes
configure:9022: checking for clock
configure:9110: result: yes
configure:9022: checking for dup2
configure:9110: result: yes
configure:9022: checking for kill
configure:9110: result: yes
configure:9022: checking for getrlimit
configure:9110: result: yes
configure:9022: checking for setrlimit
configure:9110: result: yes
configure:9022: checking for atoll
configure:9110: result: yes
configure:9022: checking for atoq
configure:9110: result: no
configure:9022: checking for sysconf
configure:9110: result: yes
configure:9022: checking for strsignal
configure:9110: result: yes
configure:9022: checking for getrusage
configure:9110: result: yes
configure:9022: checking for nl_langinfo
configure:9110: result: yes
configure:9022: checking for scandir
configure:9110: result: yes
configure:9022: checking for alphasort
configure:9110: result: yes
configure:9022: checking for gettimeofday
configure:9110: result: yes
configure:9022: checking for mbstowcs
configure:9110: result: yes
configure:9022: checking for wcswidth
configure:9110: result: yes
configure:9022: checking for mmap
configure:9110: result: yes
configure:9022: checking for mincore
configure:9110: result: yes
configure:9022: checking for setlocale
configure:9110: result: yes
configure:9022: checking for clearerr_unlocked
configure:9110: result: yes
configure:9022: checking for feof_unlocked
configure:9110: result: yes
configure:9022: checking for ferror_unlocked
configure:9110: result: yes
configure:9022: checking for fflush_unlocked
configure:9110: result: yes
configure:9022: checking for fgetc_unlocked
configure:9110: result: yes
configure:9022: checking for fgets_unlocked
configure:9110: result: yes
configure:9022: checking for fileno_unlocked
configure:9110: result: yes
configure:9022: checking for fprintf_unlocked
configure:9110: result: no
configure:9022: checking for fputc_unlocked
configure:9110: result: yes
configure:9022: checking for fputs_unlocked
configure:9110: result: yes
configure:9022: checking for fread_unlocked
configure:9110: result: yes
configure:9022: checking for fwrite_unlocked
configure:9110: result: yes
configure:9022: checking for getchar_unlocked
configure:9110: result: yes
configure:9022: checking for getc_unlocked
configure:9110: result: yes
configure:9022: checking for putchar_unlocked
configure:9110: result: yes
configure:9022: checking for putc_unlocked
configure:9110: result: yes
configure:9122: checking whether mbstowcs works
configure:9166: result: yes
configure:9177: checking for ssize_t
configure:9231: result: yes
configure:9246: checking for uid_t in sys/types.h
configure:9269: result: yes
configure:9284: checking type of array argument to getgroups
configure:9363: result: gid_t
configure:9388: checking whether the printf functions support %p
configure:9437: result: yes
configure:9448: checking for sys/mman.h
configure:9488: result: yes
configure:9496: checking for mmap
configure:9584: result: yes
configure:9598: checking whether read-only mmap of a plain file works
configure:9615: result: yes
configure:9617: checking whether mmap from /dev/zero works
configure:9639: result: yes
configure:9643: checking for MAP_ANON(YMOUS)
configure:9701: result: yes
configure:9707: checking whether mmap with MAP_ANON(YMOUS) works
configure:9724: result: yes
configure:9760: checking for pid_t
configure:9814: result: yes
configure:9831: checking for unistd.h
configure:9871: result: yes
configure:9831: checking for vfork.h
configure:9871: result: no
configure:9886: checking for fork
configure:9974: result: yes
configure:9886: checking for vfork
configure:9974: result: yes
configure:9985: checking for working fork
configure:10030: result: yes
configure:10051: checking for working vfork
configure:10184: result: yes
configure:10256: checking for ld used by GCC
configure:10319: result: ld
configure:10328: checking if the linker (ld) is GNU ld
configure:10340: result: yes
configure:10346: checking for shared library run path origin
configure:10359: result: done
configure:10789: checking for iconv
configure:10901: result: yes
configure:10924: checking for iconv declaration
configure:10992: result: 
         extern size_t iconv (iconv_t cd, char * *inbuf, size_t *inbytesleft, char * *outbuf, size_t *outbytesleft);
configure:11007: checking for LC_MESSAGES
configure:11059: result: yes
configure:11071: checking for nl_langinfo and CODESET
configure:11124: result: yes
configure:11179: checking whether getenv is declared
configure:11239: result: yes
configure:11179: checking whether atol is declared
configure:11239: result: yes
configure:11179: checking whether sbrk is declared
configure:11239: result: yes
configure:11179: checking whether abort is declared
configure:11239: result: yes
configure:11179: checking whether atof is declared
configure:11239: result: yes
configure:11179: checking whether getcwd is declared
configure:11239: result: yes
configure:11179: checking whether getwd is declared
configure:11239: result: yes
configure:11179: checking whether strsignal is declared
configure:11239: result: yes
configure:11179: checking whether strstr is declared
configure:11239: result: yes
configure:11179: checking whether errno is declared
configure:11239: result: yes
configure:11179: checking whether snprintf is declared
configure:11239: result: yes
configure:11179: checking whether vasprintf is declared
configure:11239: result: yes
configure:11179: checking whether malloc is declared
configure:11239: result: yes
configure:11179: checking whether realloc is declared
configure:11239: result: yes
configure:11179: checking whether calloc is declared
configure:11239: result: yes
configure:11179: checking whether free is declared
configure:11239: result: yes
configure:11179: checking whether basename is declared
configure:11239: result: yes
configure:11179: checking whether getopt is declared
configure:11245: result: no
configure:11179: checking whether clock is declared
configure:11239: result: yes
configure:11179: checking whether getpagesize is declared
configure:11239: result: yes
configure:11179: checking whether clearerr_unlocked is declared
configure:11239: result: yes
configure:11179: checking whether feof_unlocked is declared
configure:11239: result: yes
configure:11179: checking whether ferror_unlocked is declared
configure:11239: result: yes
configure:11179: checking whether fflush_unlocked is declared
configure:11239: result: yes
configure:11179: checking whether fgetc_unlocked is declared
configure:11239: result: yes
configure:11179: checking whether fgets_unlocked is declared
configure:11239: result: yes
configure:11179: checking whether fileno_unlocked is declared
configure:11239: result: yes
configure:11179: checking whether fprintf_unlocked is declared
configure:11245: result: no
configure:11179: checking whether fputc_unlocked is declared
configure:11239: result: yes
configure:11179: checking whether fputs_unlocked is declared
configure:11239: result: yes
configure:11179: checking whether fread_unlocked is declared
configure:11239: result: yes
configure:11179: checking whether fwrite_unlocked is declared
configure:11239: result: yes
configure:11179: checking whether getchar_unlocked is declared
configure:11239: result: yes
configure:11179: checking whether getc_unlocked is declared
configure:11239: result: yes
configure:11179: checking whether putchar_unlocked is declared
configure:11239: result: yes
configure:11179: checking whether putc_unlocked is declared
configure:11239: result: yes
configure:11261: checking whether getrlimit is declared
configure:11325: result: yes
configure:11261: checking whether setrlimit is declared
configure:11325: result: yes
configure:11261: checking whether getrusage is declared
configure:11325: result: yes
configure:11363: gcc -c -g -O2 -I/opt/smp86xx/smp86xx_toolchain_2.8.2.0/toolchain_build_mipsel_nofpu/gcc-4.0.4/gcc -I/opt/smp86xx/smp86xx_toolchain_2.8.2.0/toolchain_build_mipsel_nofpu/gcc-4.0.4/gcc/../include  conftest.c >&5
configure:11369: $? = 0
configure:11373: test -z 
			 || test ! -s conftest.err
configure:11376: $? = 0
configure:11379: test -s conftest.o
configure:11382: $? = 0
configure:11405: checking whether ldgetname is declared
configure:11477: result: no
configure:11491: checking whether times is declared
configure:11555: result: yes
configure:11572: checking for struct tms
configure:11630: result: yes
configure:11642: checking for clock_t
configure:11697: result: yes
configure:11716: checking for .preinit_array/.init_array/.fini_array support
configure:11759: result: yes
configure:11773: checking if mkdir takes one argument
configure:11834: result: no
configure:12277: checking whether NLS is requested
configure:12280: result: no
configure:12776: checking what assembler to use
configure:12899: result: /opt/smp86xx/smp86xx_toolchain_2.8.2.0/build_mipsel_nofpu/staging_dir/mipsel-linux-uclibc/bin/as
configure:12911: checking what linker to use
configure:13023: result: /opt/smp86xx/smp86xx_toolchain_2.8.2.0/build_mipsel_nofpu/staging_dir/mipsel-linux-uclibc/bin/ld
configure:13030: checking what nm to use
configure:13050: result: mipsel-linux-uclibc-nm
configure:13055: checking what objdump to use
configure:13076: result: mipsel-linux-uclibc-objdump
configure:13081: checking assembler for .balign and .p2align
configure:13109: result: yes
configure:13119: checking assembler for .p2align with maximum skip
configure:13146: result: yes
configure:13156: checking assembler for working .subsection -1
configure:13195: result: yes
configure:13205: checking assembler for .weak
configure:13232: result: yes
configure:13242: checking assembler for .nsubspa comdat
configure:13270: result: no
configure:13287: checking assembler for .hidden
configure:13316: result: yes
configure:13320: checking linker for .hidden support
configure:13376: result: yes
configure:13390: checking assembler for .sleb128 and .uleb128
configure:13437: result: yes
configure:13449: checking assembler for eh_frame optimization
configure:13537: result: yes
configure:13549: checking assembler for section merging support
configure:13577: result: yes
configure:13619: checking assembler for COMDAT group support
configure:13647: result: yes
configure:13999: checking linker -Bstatic/-Bdynamic option
configure:14020: result: yes
configure:14670: checking assembler for explicit relocation support
configure:14697: result: yes
configure:14741: checking assembler for dwarf2 debug_line support
configure:14773: result: yes
configure:14781: checking assembler for buggy dwarf2 .file directive
configure:14805: result: no
configure:14818: checking assembler for --gdwarf2 option
configure:14846: result: yes
configure:14856: checking assembler for --gstabs option
configure:14895: result: yes
configure:14906: checking linker read-only and read-write section mixing
configure:14944: result: read-write
configure:14947: checking linker PT_GNU_EH_FRAME support
configure:14968: result: yes
configure:14971: checking linker position independent executable support
configure:14992: result: yes
configure:14999: checking linker --as-needed support
configure:15018: result: yes
configure:15123: checking whether to enable maintainer-specific portions of Makefiles
configure:15133: result: no
configure:15551: creating ./config.status

## ---------------------- ##
## Running config.status. ##
## ---------------------- ##

This file was extended by config.status, which was
generated by GNU Autoconf 2.59.  Invocation command line was

  CONFIG_FILES    = 
  CONFIG_HEADERS  = 
  CONFIG_LINKS    = 
  CONFIG_COMMANDS = 
  $ ./config.status 

on DavidLinux

config.status:815: creating Makefile
config.status:815: creating gccbug
config.status:815: creating mklibgcc
config.status:815: creating libada-mk
config.status:911: creating auto-host.h
config.status:1379: auto-host.h is unchanged
config.status:1537: executing default commands

## ---------------- ##
## Cache variables. ##
## ---------------- ##

ac_cv_build=i386-pc-linux-gnu
ac_cv_build_alias=i386-pc-linux-gnu
ac_cv_c___int64=no
ac_cv_c_bigendian=no
ac_cv_c_compiler_gnu=yes
ac_cv_c_inline=inline
ac_cv_c_long_long=yes
ac_cv_env_CC_set=set
ac_cv_env_CC_value=gcc
ac_cv_env_CFLAGS_set=set
ac_cv_env_CFLAGS_value='-g -O2'
ac_cv_env_CPPFLAGS_set=
ac_cv_env_CPPFLAGS_value=
ac_cv_env_CPP_set=
ac_cv_env_CPP_value=
ac_cv_env_GMPINC_set=set
ac_cv_env_GMPINC_value=
ac_cv_env_GMPLIBS_set=set
ac_cv_env_GMPLIBS_value='-lmpfr -lgmp'
ac_cv_env_LDFLAGS_set=set
ac_cv_env_LDFLAGS_value=
ac_cv_env_build_alias_set=set
ac_cv_env_build_alias_value=i386-pc-linux-gnu
ac_cv_env_host_alias_set=set
ac_cv_env_host_alias_value=i386-pc-linux-gnu
ac_cv_env_target_alias_set=set
ac_cv_env_target_alias_value=mipsel-linux-uclibc
ac_cv_exeext=
ac_cv_func_alphasort=yes
ac_cv_func_atoll=yes
ac_cv_func_atoq=no
ac_cv_func_clearerr_unlocked=yes
ac_cv_func_clock=yes
ac_cv_func_dup2=yes
ac_cv_func_feof_unlocked=yes
ac_cv_func_ferror_unlocked=yes
ac_cv_func_fflush_unlocked=yes
ac_cv_func_fgetc_unlocked=yes
ac_cv_func_fgets_unlocked=yes
ac_cv_func_fileno_unlocked=yes
ac_cv_func_fork=yes
ac_cv_func_fork_works=yes
ac_cv_func_fprintf_unlocked=no
ac_cv_func_fputc_unlocked=yes
ac_cv_func_fputs_unlocked=yes
ac_cv_func_fread_unlocked=yes
ac_cv_func_fwrite_unlocked=yes
ac_cv_func_getc_unlocked=yes
ac_cv_func_getchar_unlocked=yes
ac_cv_func_getrlimit=yes
ac_cv_func_getrusage=yes
ac_cv_func_gettimeofday=yes
ac_cv_func_kill=yes
ac_cv_func_mbstowcs=yes
ac_cv_func_mincore=yes
ac_cv_func_mmap=yes
ac_cv_func_nl_langinfo=yes
ac_cv_func_putc_unlocked=yes
ac_cv_func_putchar_unlocked=yes
ac_cv_func_scandir=yes
ac_cv_func_setlocale=yes
ac_cv_func_setrlimit=yes
ac_cv_func_strsignal=yes
ac_cv_func_sysconf=yes
ac_cv_func_times=yes
ac_cv_func_vfork=yes
ac_cv_func_vfork_works=yes
ac_cv_func_wcswidth=yes
ac_cv_header_direct_h=no
ac_cv_header_fcntl_h=yes
ac_cv_header_iconv_h=yes
ac_cv_header_inttypes_h=yes
ac_cv_header_langinfo_h=yes
ac_cv_header_ldfcn_h=no
ac_cv_header_limits_h=yes
ac_cv_header_locale_h=yes
ac_cv_header_malloc_h=yes
ac_cv_header_memory_h=yes
ac_cv_header_pthread_h=yes
ac_cv_header_stdc=yes
ac_cv_header_stddef_h=yes
ac_cv_header_stdint_h=yes
ac_cv_header_stdlib_h=yes
ac_cv_header_string_h=yes
ac_cv_header_strings_h=yes
ac_cv_header_sys_file_h=yes
ac_cv_header_sys_mman_h=yes
ac_cv_header_sys_param_h=yes
ac_cv_header_sys_resource_h=yes
ac_cv_header_sys_stat_h=yes
ac_cv_header_sys_time_h=yes
ac_cv_header_sys_times_h=yes
ac_cv_header_sys_types_h=yes
ac_cv_header_sys_wait_h=yes
ac_cv_header_thread_h=no
ac_cv_header_time=yes
ac_cv_header_time_h=yes
ac_cv_header_unistd_h=yes
ac_cv_header_valgrind_h=no
ac_cv_header_vfork_h=no
ac_cv_header_wchar_h=yes
ac_cv_host=i386-pc-linux-gnu
ac_cv_host_alias=i386-pc-linux-gnu
ac_cv_objext=o
ac_cv_path_install='/usr/bin/install -c'
ac_cv_prog_AR=ar
ac_cv_prog_AWK=gawk
ac_cv_prog_BISON=bison
ac_cv_prog_CC=gcc
ac_cv_prog_CPP='gcc -E'
ac_cv_prog_FLEX=flex
ac_cv_prog_MAKEINFO='/opt/smp86xx/smp86xx_toolchain_2.8.2.0/toolchain_build_mipsel_nofpu/gcc-4.0.4/missing makeinfo'
ac_cv_prog_NM=nm
ac_cv_prog_RANLIB=ranlib
ac_cv_prog_cc_g=yes
ac_cv_prog_cc_gcc_c_o=yes
ac_cv_prog_cc_stdc=
ac_cv_prog_cc_w_no_long_long=yes
ac_cv_prog_cc_w_no_variadic_macros=yes
ac_cv_prog_cc_w_old_style_definition=yes
ac_cv_prog_egrep='grep -E'
ac_cv_prog_have_mktemp_command=yes
ac_cv_prog_make_make_set=yes
ac_cv_search_exc_resume=no
ac_cv_search_ldexp='none required'
ac_cv_sizeof_int=4
ac_cv_sizeof_long=4
ac_cv_sizeof_long_long=8
ac_cv_sizeof_short=2
ac_cv_sizeof_void_p=4
ac_cv_struct_tms=yes
ac_cv_target=mipsel-unknown-linux-uclibc
ac_cv_target_alias=mipsel-linux-uclibc
ac_cv_type_getgroups=gid_t
ac_cv_type_int=yes
ac_cv_type_long=yes
ac_cv_type_long_long=yes
ac_cv_type_pid_t=yes
ac_cv_type_short=yes
ac_cv_type_ssize_t=yes
ac_cv_type_uid_t=yes
ac_cv_type_void_p=yes
acl_cv_hardcode_direct=no
acl_cv_hardcode_libdir_flag_spec='${wl}-rpath ${wl}$libdir'
acl_cv_hardcode_libdir_separator=
acl_cv_hardcode_minus_L=no
acl_cv_libext=a
acl_cv_path_LD=ld
acl_cv_prog_gnu_ld=yes
acl_cv_rpath=done
acl_cv_shlibext=so
acl_cv_wl=-Wl,
acx_cv_prog_LN=ln
am_cv_func_iconv=yes
am_cv_langinfo_codeset=yes
am_cv_lib_iconv=no
am_cv_proto_iconv='extern size_t iconv (iconv_t cd, char * *inbuf, size_t *inbytesleft, char * *outbuf, size_t *outbytesleft);'
am_cv_proto_iconv_arg1=
am_cv_val_LC_MESSAGES=yes
gcc_cv_as=/opt/smp86xx/smp86xx_toolchain_2.8.2.0/build_mipsel_nofpu/staging_dir/mipsel-linux-uclibc/bin/as
gcc_cv_as_balign_and_p2align=yes
gcc_cv_as_comdat_group=yes
gcc_cv_as_comdat_group_percent=no
gcc_cv_as_dwarf2_debug_line=yes
gcc_cv_as_dwarf2_file_buggy=no
gcc_cv_as_eh_frame=yes
gcc_cv_as_gas_srcdir=/opt/smp86xx/smp86xx_toolchain_2.8.2.0/toolchain_build_mipsel_nofpu/gcc-4.0.4/gas
gcc_cv_as_gdwarf2_flag=yes
gcc_cv_as_gstabs_flag=yes
gcc_cv_as_hidden=yes
gcc_cv_as_leb128=yes
gcc_cv_as_max_skip_p2align=yes
gcc_cv_as_mips_explicit_relocs=yes
gcc_cv_as_nsubspa_comdat=no
gcc_cv_as_shf_merge=yes
gcc_cv_as_subsection_m1=yes
gcc_cv_as_weak=yes
gcc_cv_binutils_srcdir=/opt/smp86xx/smp86xx_toolchain_2.8.2.0/toolchain_build_mipsel_nofpu/gcc-4.0.4/binutils
gcc_cv_collect2_libs='none required'
gcc_cv_decl_char_bit=yes
gcc_cv_decl_map_anon=yes
gcc_cv_func_mbstowcs_works=yes
gcc_cv_func_mmap_anon=yes
gcc_cv_func_mmap_dev_zero=yes
gcc_cv_func_mmap_file=yes
gcc_cv_func_printf_ptr=yes
gcc_cv_gas_major_version=
gcc_cv_gas_minor_version=
gcc_cv_gld_major_version=
gcc_cv_gld_minor_version=
gcc_cv_glibc=yes
gcc_cv_have_decl_abort=yes
gcc_cv_have_decl_atof=yes
gcc_cv_have_decl_atol=yes
gcc_cv_have_decl_basename=yes
gcc_cv_have_decl_calloc=yes
gcc_cv_have_decl_clearerr_unlocked=yes
gcc_cv_have_decl_clock=yes
gcc_cv_have_decl_errno=yes
gcc_cv_have_decl_feof_unlocked=yes
gcc_cv_have_decl_ferror_unlocked=yes
gcc_cv_have_decl_fflush_unlocked=yes
gcc_cv_have_decl_fgetc_unlocked=yes
gcc_cv_have_decl_fgets_unlocked=yes
gcc_cv_have_decl_fileno_unlocked=yes
gcc_cv_have_decl_fprintf_unlocked=no
gcc_cv_have_decl_fputc_unlocked=yes
gcc_cv_have_decl_fputs_unlocked=yes
gcc_cv_have_decl_fread_unlocked=yes
gcc_cv_have_decl_free=yes
gcc_cv_have_decl_fwrite_unlocked=yes
gcc_cv_have_decl_getc_unlocked=yes
gcc_cv_have_decl_getchar_unlocked=yes
gcc_cv_have_decl_getcwd=yes
gcc_cv_have_decl_getenv=yes
gcc_cv_have_decl_getopt=no
gcc_cv_have_decl_getpagesize=yes
gcc_cv_have_decl_getrlimit=yes
gcc_cv_have_decl_getrusage=yes
gcc_cv_have_decl_getwd=yes
gcc_cv_have_decl_ldgetname=no
gcc_cv_have_decl_malloc=yes
gcc_cv_have_decl_putc_unlocked=yes
gcc_cv_have_decl_putchar_unlocked=yes
gcc_cv_have_decl_realloc=yes
gcc_cv_have_decl_sbrk=yes
gcc_cv_have_decl_setrlimit=yes
gcc_cv_have_decl_snprintf=yes
gcc_cv_have_decl_strsignal=yes
gcc_cv_have_decl_strstr=yes
gcc_cv_have_decl_times=yes
gcc_cv_have_decl_vasprintf=yes
gcc_cv_header_inttypes_h=yes
gcc_cv_header_string=yes
gcc_cv_initfini_array=yes
gcc_cv_ld=/opt/smp86xx/smp86xx_toolchain_2.8.2.0/build_mipsel_nofpu/staging_dir/mipsel-linux-uclibc/bin/ld
gcc_cv_ld_as_needed=yes
gcc_cv_ld_bfd_srcdir=/opt/smp86xx/smp86xx_toolchain_2.8.2.0/toolchain_build_mipsel_nofpu/gcc-4.0.4/bfd
gcc_cv_ld_eh_frame_hdr=yes
gcc_cv_ld_gld_srcdir=/opt/smp86xx/smp86xx_toolchain_2.8.2.0/toolchain_build_mipsel_nofpu/gcc-4.0.4/ld
gcc_cv_ld_hidden=yes
gcc_cv_ld_pie=yes
gcc_cv_ld_ro_rw_mix=read-write
gcc_cv_ld_static_dynamic=yes
gcc_cv_mkdir_takes_one_arg=no
gcc_cv_nm=mipsel-linux-uclibc-nm
gcc_cv_objdump=mipsel-linux-uclibc-objdump
gcc_cv_prog_LN_S='ln -s'
gcc_cv_prog_cmp_skip=gnucompare
gcc_cv_prog_makeinfo_modern=no
gcc_cv_type_clock_t=yes

## ----------------- ##
## Output variables. ##
## ----------------- ##

ALL='all.cross'
AR='ar'
AWK='gawk'
BISON='bison'
BUILD_CFLAGS='$(ALL_CFLAGS)'
BUILD_INFO=''
CATALOGS=''
CC='gcc'
CC_FOR_BUILD='$(CC)'
CFLAGS='-g -O2'
COLLECT2_LIBS=''
CPP='gcc -E'
CPPFLAGS=''
CROSS='-DCROSS_COMPILE'
CROSS_SYSTEM_HEADER_DIR='$(gcc_tooldir)/sys-include'
DEFS='-DHAVE_CONFIG_H'
ECHO_C=''
ECHO_N='-n'
ECHO_T=''
EGREP='grep -E'
EXEEXT=''
FLEX='flex'
GENERATED_MANPAGES='generated-manpages'
GENINSRC='#'
GGC='ggc-page'
GMPINC=''
GMPLIBS='-lmpfr -lgmp'
GMSGFMT='/usr/bin/msgfmt'
GNAT_LIBEXC=''
INCINTL=''
INSTALL='/usr/bin/install -c'
INSTALL_DATA='${INSTALL} -m 644'
INSTALL_PROGRAM='${INSTALL}'
LDEXP_LIB=''
LDFLAGS=''
LIBICONV=''
LIBICONV_DEP=''
LIBINTL=''
LIBINTL_DEP=''
LIBOBJS=''
LIBS=''
LN='ln'
LN_S='ln -s'
LTLIBICONV=''
LTLIBOBJS=''
MAINT='#'
MAKEINFO='/bin/sh /opt/smp86xx/smp86xx_toolchain_2.8.2.0/toolchain_build_mipsel_nofpu/gcc-4.0.4/gcc/../missing makeinfo'
NM='nm'
NO_MINUS_C_MINUS_O=''
OBJEXT='o'
OUTPUT_OPTION='-o $@'
PACKAGE='gcc'
PACKAGE_BUGREPORT=''
PACKAGE_NAME=''
PACKAGE_STRING=''
PACKAGE_TARNAME=''
PACKAGE_VERSION=''
PATH_SEPARATOR=':'
POSUB=''
RANLIB='ranlib'
SET_MAKE=''
SHELL='/bin/sh'
STMP_FIXINC='stmp-fixinc'
STMP_FIXPROTO=''
SYSTEM_HEADER_DIR='$(CROSS_SYSTEM_HEADER_DIR)'
TARGET_GETGROUPS_T='gid_t'
TARGET_SYSTEM_ROOT=''
TARGET_SYSTEM_ROOT_DEFINE=''
TREEBROWSER=''
USE_NLS='no'
VERSION='4.0.4'
WERROR=''
XGETTEXT='/usr/bin/xgettext'
ac_ct_CC=''
ac_ct_RANLIB=''
all_boot_languages=''
all_compilers=' cc1plus$(exeext)'
all_gtfiles=' $(srcdir)/cp/mangle.c $(srcdir)/cp/name-lookup.h $(srcdir)/cp/name-lookup.c $(srcdir)/cp/cp-tree.h $(srcdir)/cp/decl.h $(srcdir)/cp/call.c $(srcdir)/cp/decl.c $(srcdir)/cp/decl2.c $(srcdir)/cp/pt.c $(srcdir)/cp/repo.c $(srcdir)/cp/semantics.c $(srcdir)/cp/tree.c $(srcdir)/cp/parser.c $(srcdir)/cp/method.c $(srcdir)/cp/typeck2.c $(srcdir)/c-common.c $(srcdir)/c-common.h $(srcdir)/c-lex.c $(srcdir)/c-pragma.c $(srcdir)/cp/class.c $(srcdir)/c-lang.c $(srcdir)/c-parse.in $(srcdir)/c-tree.h $(srcdir)/c-decl.c $(srcdir)/c-common.c $(srcdir)/c-common.h $(srcdir)/c-pragma.c $(srcdir)/c-objc-common.c'
all_gtfiles_files_files=' $(srcdir)/cp/mangle.c  $(srcdir)/cp/name-lookup.h  $(srcdir)/cp/name-lookup.c  $(srcdir)/cp/cp-tree.h  $(srcdir)/cp/decl.h  $(srcdir)/cp/call.c  $(srcdir)/cp/decl.c  $(srcdir)/cp/decl2.c  $(srcdir)/cp/pt.c  $(srcdir)/cp/repo.c  $(srcdir)/cp/semantics.c  $(srcdir)/cp/tree.c  $(srcdir)/cp/parser.c  $(srcdir)/cp/method.c  $(srcdir)/cp/typeck2.c  $(srcdir)/c-common.c  $(srcdir)/c-common.h  $(srcdir)/c-lex.c  $(srcdir)/c-pragma.c  $(srcdir)/cp/class.c  $(srcdir)/c-lang.c  $(srcdir)/c-parse.in  $(srcdir)/c-tree.h  $(srcdir)/c-decl.c  $(srcdir)/c-common.c  $(srcdir)/c-common.h  $(srcdir)/c-pragma.c  $(srcdir)/c-objc-common.c '
all_gtfiles_files_langs=' cp  cp  cp  cp  cp  cp  cp  cp  cp  cp  cp  cp  cp  cp  cp  cp  cp  cp  cp  cp  c  c  c  c  c  c  c  c '
all_lang_makefiles=''
all_lang_makefrags=' $(srcdir)/cp/Make-lang.in'
all_languages=' c++'
all_stagestuff=' g++$(exeext) g++-cross$(exeext) cc1plus$(exeext)'
bindir='${exec_prefix}/bin'
build='i386-pc-linux-gnu'
build_alias='i386-pc-linux-gnu'
build_cpu='i386'
build_exeext=''
build_install_headers_dir='install-headers-tar'
build_os='linux-gnu'
build_subdir='build-i386-pc-linux-gnu'
build_vendor='pc'
build_xm_defines=''
build_xm_file_list=' auto-host.h $(srcdir)/../include/ansidecl.h'
build_xm_include_list=' auto-host.h ansidecl.h'
c_target_objs=''
cc_for_cross_gnattools='gcc'
cc_set_by_configure='$(CC)'
check_languages=' check-c++'
collect2='collect2$(exeext)'
coverage_flags=''
cpp_install_dir=''
cxx_target_objs=''
datadir='${prefix}/share'
dollar=''
enable_multilib='yes'
enable_shared='yes'
exec_prefix='${prefix}'
extra_gcc_objs=' '
extra_headers_list=''
extra_modes_file='$(srcdir)/config/mips/mips-modes.def'
extra_objs=' '
extra_parts='crtbegin.o crtbeginS.o crtbeginT.o crtend.o crtendS.o'
extra_passes=''
extra_programs=''
float_h_file=''
gcc_config_arguments='/opt/smp86xx/smp86xx_toolchain_2.8.2.0/toolchain_build_mipsel_nofpu/gcc-4.0.4/configure --prefix=/opt/smp86xx/smp86xx_toolchain_2.8.2.0/build_mipsel_nofpu/staging_dir --build=i386-pc-linux-gnu --host=i386-pc-linux-gnu --target=mipsel-linux-uclibc --enable-languages=c,c++ --enable-shared --disable-__cxa_atexit --enable-target-optspace --with-gnu-ld --disable-nls --enable-multilib --with-float=soft --enable-sjlj-exceptions : (reconfigured) /opt/smp86xx/smp86xx_toolchain_2.8.2.0/toolchain_build_mipsel_nofpu/gcc-4.0.4/configure --prefix=/opt/smp86xx/smp86xx_toolchain_2.8.2.0/build_mipsel_nofpu/staging_dir --build=i386-pc-linux-gnu --host=i386-pc-linux-gnu --target=mipsel-linux-uclibc --enable-languages=c,c++ --enable-shared --disable-__cxa_atexit --enable-target-optspace --with-gnu-ld --disable-nls --enable-multilib --with-float=soft --enable-sjlj-exceptions : (reconfigured) /opt/smp86xx/smp86xx_toolchain_2.8.2.0/toolchain_build_mipsel_nofpu/gcc-4.0.4/configure --prefix=/opt/smp86xx/smp86xx_toolchain_2.8.2.0/build_mipsel_nofpu/staging_dir --build=i386-pc-linux-gnu --host=i386-pc-linux-gnu --target=mipsel-linux-uclibc --enable-languages=c,c++ --enable-shared --disable-__cxa_atexit --enable-target-optspace --with-gnu-ld --disable-nls --enable-multilib --with-float=soft --enable-sjlj-exceptions : (reconfigured) /opt/smp86xx/smp86xx_toolchain_2.8.2.0/toolchain_build_mipsel_nofpu/gcc-4.0.4/configure --prefix=/opt/smp86xx/smp86xx_toolchain_2.8.2.0/build_mipsel_nofpu/staging_dir --build=i386-pc-linux-gnu --host=i386-pc-linux-gnu --target=mipsel-linux-uclibc --enable-languages=c,c++ --enable-shared --disable-__cxa_atexit --enable-target-optspace --with-gnu-ld --disable-nls --enable-multilib --with-float=soft --enable-sjlj-exceptions : (reconfigured) /opt/smp86xx/smp86xx_toolchain_2.8.2.0/toolchain_build_mipsel_nofpu/gcc-4.0.4/configure --prefix=/opt/smp86xx/smp86xx_toolchain_2.8.2.0/build_mipsel_nofpu/staging_dir --build=i386-pc-linux-gnu --host=i386-pc-linux-gnu --target=mipsel-linux-uclibc --enable-languages=c,c++ --enable-shared --disable-__cxa_atexit --enable-target-optspace --with-gnu-ld --disable-nls --enable-multilib --with-float=soft --enable-sjlj-exceptions'
gcc_gxx_include_dir='$(libsubdir)/$(unlibsubdir)/..`echo $(exec_prefix) | sed -e 's|^$(prefix)||' -e 's|/[^/]*|/..|g'`/include/c++/4.0.4'
gcc_tooldir='$(libsubdir)/$(unlibsubdir)/../$(target_noncanonical)'
gcc_version='4.0.4'
gcc_version_full='4.0.4'
gcc_version_trigger='/opt/smp86xx/smp86xx_toolchain_2.8.2.0/toolchain_build_mipsel_nofpu/gcc-4.0.4/gcc/version.c'
gthread_flags='-DHAVE_GTHR_DEFAULT'
have_mktemp_command='yes'
host='i386-pc-linux-gnu'
host_alias='i386-pc-linux-gnu'
host_cpu='i386'
host_exeext=''
host_os='linux-gnu'
host_subdir='.'
host_vendor='pc'
host_xm_defines=''
host_xm_file_list=' auto-host.h $(srcdir)/../include/ansidecl.h'
host_xm_include_list=' auto-host.h ansidecl.h'
includedir='${prefix}/include'
infodir='${prefix}/info'
inhibit_libc='-Dinhibit_libc'
install=''
lang_opt_files=''
lang_specs_files=' /opt/smp86xx/smp86xx_toolchain_2.8.2.0/toolchain_build_mipsel_nofpu/gcc-4.0.4/gcc/cp/lang-specs.h'
lang_tree_files=' /opt/smp86xx/smp86xx_toolchain_2.8.2.0/toolchain_build_mipsel_nofpu/gcc-4.0.4/gcc/cp/cp-tree.def'
libdir='${exec_prefix}/lib'
libexecdir='${exec_prefix}/libexec'
libgcc_visibility='yes'
libstdcxx_incdir='c++/4.0.4'
local_prefix='/usr/local'
localstatedir='${prefix}/var'
make_compare_target='gnucompare'
mandir='${prefix}/man'
manext='.1'
md_file='mips/mips.md'
nocommon_flag=''
objc_boehm_gc=''
objdir='/opt/smp86xx/smp86xx_toolchain_2.8.2.0/toolchain_build_mipsel_nofpu/gcc-4.0.4-final/gcc'
objext='.o'
oldincludedir='/usr/include'
onestep=''
out_file='mips/mips.c'
out_host_hook_obj='host-linux.o'
out_object_file='mips.o'
prefix='/opt/smp86xx/smp86xx_toolchain_2.8.2.0/build_mipsel_nofpu/staging_dir'
program_transform_name='s,^,mipsel-linux-uclibc-,;'
quoted_cc_set_by_configure='$(CC)'
quoted_stage_prefix_set_by_configure='$(STAGE_PREFIX)'
ranlib_flags=''
sbindir='${exec_prefix}/sbin'
set_gcc_lib_path=''
sharedstatedir='${prefix}/com'
slibdir='$(build_tooldir)/lib'
srcdir='/opt/smp86xx/smp86xx_toolchain_2.8.2.0/toolchain_build_mipsel_nofpu/gcc-4.0.4/gcc'
stage1_cflags=''
stage_prefix_set_by_configure='$(STAGE_PREFIX)'
strict1_warn='-pedantic -Wno-long-long -Wno-variadic-macros -Wold-style-definition'
subdirs=' cp'
sysconfdir='${prefix}/etc'
target='mipsel-unknown-linux-uclibc'
target_alias='mipsel-linux-uclibc'
target_cpu='mipsel'
target_cpu_default='(MASK_SPLIT_ADDR)|MASK_EXPLICIT_RELOCS'
target_noncanonical='mipsel-linux-uclibc'
target_os='linux-uclibc'
target_subdir='mipsel-linux-uclibc'
target_vendor='unknown'
thread_file='posix'
tm_defines='TARGET_ENDIAN_DEFAULT=0  USE_UCLIBC'
tm_file_list=' $(srcdir)/config/dbxelf.h $(srcdir)/config/elfos.h $(srcdir)/config/svr4.h $(srcdir)/config/linux.h $(srcdir)/config/mips/mips.h $(srcdir)/config/mips/linux.h $(srcdir)/defaults.h'
tm_include_list=' config/dbxelf.h config/elfos.h config/svr4.h config/linux.h config/mips/mips.h config/mips/linux.h defaults.h'
tm_p_file_list=' $(srcdir)/config/mips/mips-protos.h tm-preds.h'
tm_p_include_list=' config/mips/mips-protos.h tm-preds.h'
tmake_file=' $(srcdir)/config/mips/t-mips $(srcdir)/config/t-slibgcc-elf-ver $(srcdir)/config/t-linux $(srcdir)/config/t-linux-uclibc'
valgrind_command=''
valgrind_path=''
valgrind_path_defines=''
warn_cflags='$(GCC_WARN_CFLAGS)'
xm_defines=''
xm_file_list=' $(srcdir)/../include/ansidecl.h'
xm_include_list=' ansidecl.h'
xmake_file=' $(srcdir)/config/x-linux'
zlibdir='-L../zlib'
zlibinc='-I$(srcdir)/../zlib'

## ------------- ##
## Output files. ##
## ------------- ##

language_hooks='Make-hooks'

## ----------- ##
## confdefs.h. ##
## ----------- ##

#define BYTEORDER 1234
#define CONFIG_SJLJ_EXCEPTIONS 1
#define ENABLE_ASSERT_CHECKING 1
#define EXTRA_MODES_FILE "config/mips/mips-modes.def"
#define GETGROUPS_T gid_t
#define HAVE_ALPHASORT 1
#define HAVE_AS_DWARF2_DEBUG_LINE 1
#define HAVE_AS_GDWARF2_DEBUG_FLAG 1
#define HAVE_AS_GSTABS_DEBUG_FLAG 1
#define HAVE_AS_LEB128 1
#define HAVE_ATOLL 1
#define HAVE_CLEARERR_UNLOCKED 1
#define HAVE_CLOCK 1
#define HAVE_CLOCK_T 1
#define HAVE_DECL_ABORT 1
#define HAVE_DECL_ATOF 1
#define HAVE_DECL_ATOL 1
#define HAVE_DECL_BASENAME 1
#define HAVE_DECL_CALLOC 1
#define HAVE_DECL_CLEARERR_UNLOCKED 1
#define HAVE_DECL_CLOCK 1
#define HAVE_DECL_ERRNO 1
#define HAVE_DECL_FEOF_UNLOCKED 1
#define HAVE_DECL_FERROR_UNLOCKED 1
#define HAVE_DECL_FFLUSH_UNLOCKED 1
#define HAVE_DECL_FGETC_UNLOCKED 1
#define HAVE_DECL_FGETS_UNLOCKED 1
#define HAVE_DECL_FILENO_UNLOCKED 1
#define HAVE_DECL_FPRINTF_UNLOCKED 0
#define HAVE_DECL_FPUTC_UNLOCKED 1
#define HAVE_DECL_FPUTS_UNLOCKED 1
#define HAVE_DECL_FREAD_UNLOCKED 1
#define HAVE_DECL_FREE 1
#define HAVE_DECL_FWRITE_UNLOCKED 1
#define HAVE_DECL_GETCHAR_UNLOCKED 1
#define HAVE_DECL_GETCWD 1
#define HAVE_DECL_GETC_UNLOCKED 1
#define HAVE_DECL_GETENV 1
#define HAVE_DECL_GETOPT 0
#define HAVE_DECL_GETPAGESIZE 1
#define HAVE_DECL_GETRLIMIT 1
#define HAVE_DECL_GETRUSAGE 1
#define HAVE_DECL_GETWD 1
#define HAVE_DECL_LDGETNAME 0
#define HAVE_DECL_MALLOC 1
#define HAVE_DECL_PUTCHAR_UNLOCKED 1
#define HAVE_DECL_PUTC_UNLOCKED 1
#define HAVE_DECL_REALLOC 1
#define HAVE_DECL_SBRK 1
#define HAVE_DECL_SETRLIMIT 1
#define HAVE_DECL_SNPRINTF 1
#define HAVE_DECL_STRSIGNAL 1
#define HAVE_DECL_STRSTR 1
#define HAVE_DECL_TIMES 1
#define HAVE_DECL_VASPRINTF 1
#define HAVE_DUP2 1
#define HAVE_FCNTL_H 1
#define HAVE_FEOF_UNLOCKED 1
#define HAVE_FERROR_UNLOCKED 1
#define HAVE_FFLUSH_UNLOCKED 1
#define HAVE_FGETC_UNLOCKED 1
#define HAVE_FGETS_UNLOCKED 1
#define HAVE_FILENO_UNLOCKED 1
#define HAVE_FORK 1
#define HAVE_FPUTC_UNLOCKED 1
#define HAVE_FPUTS_UNLOCKED 1
#define HAVE_FREAD_UNLOCKED 1
#define HAVE_FWRITE_UNLOCKED 1
#define HAVE_GAS_BALIGN_AND_P2ALIGN 1
#define HAVE_GAS_COMDAT_GROUP 1
#define HAVE_GAS_HIDDEN 1
#define HAVE_GAS_MAX_SKIP_P2ALIGN 1
#define HAVE_GAS_SHF_MERGE 1
#define HAVE_GAS_SUBSECTION_ORDERING 1
#define HAVE_GAS_WEAK 1
#define HAVE_GETCHAR_UNLOCKED 1
#define HAVE_GETC_UNLOCKED 1
#define HAVE_GETRLIMIT 1
#define HAVE_GETRUSAGE 1
#define HAVE_GETTIMEOFDAY 1
#define HAVE_ICONV 1
#define HAVE_ICONV_H 1
#define HAVE_INITFINI_ARRAY 1
#define HAVE_INTTYPES_H 1
#define HAVE_INTTYPES_H 1
#define HAVE_KILL 1
#define HAVE_LANGINFO_CODESET 1
#define HAVE_LANGINFO_H 1
#define HAVE_LC_MESSAGES 1
#define HAVE_LD_AS_NEEDED 1
#define HAVE_LD_EH_FRAME_HDR 1
#define HAVE_LD_PIE 1
#define HAVE_LD_RO_RW_SECTION_MIXING 1
#define HAVE_LD_STATIC_DYNAMIC 1
#define HAVE_LIMITS_H 1
#define HAVE_LOCALE_H 1
#define HAVE_LONG_LONG 1
#define HAVE_MALLOC_H 1
#define HAVE_MBSTOWCS 1
#define HAVE_MEMORY_H 1
#define HAVE_MINCORE 1
#define HAVE_MMAP 1
#define HAVE_MMAP_ANON 1
#define HAVE_MMAP_DEV_ZERO 1
#define HAVE_MMAP_FILE 1
#define HAVE_NL_LANGINFO 1
#define HAVE_PRINTF_PTR 1
#define HAVE_PUTCHAR_UNLOCKED 1
#define HAVE_PUTC_UNLOCKED 1
#define HAVE_SCANDIR 1
#define HAVE_SETLOCALE 1
#define HAVE_SETRLIMIT 1
#define HAVE_STDDEF_H 1
#define HAVE_STDINT_H 1
#define HAVE_STDLIB_H 1
#define HAVE_STDLIB_H 1
#define HAVE_STRINGS_H 1
#define HAVE_STRINGS_H 1
#define HAVE_STRING_H 1
#define HAVE_STRING_H 1
#define HAVE_STRSIGNAL 1
#define HAVE_STRUCT_TMS 1
#define HAVE_SYSCONF 1
#define HAVE_SYS_FILE_H 1
#define HAVE_SYS_MMAN_H 1
#define HAVE_SYS_PARAM_H 1
#define HAVE_SYS_RESOURCE_H 1
#define HAVE_SYS_STAT_H 1
#define HAVE_SYS_STAT_H 1
#define HAVE_SYS_TIMES_H 1
#define HAVE_SYS_TIME_H 1
#define HAVE_SYS_TYPES_H 1
#define HAVE_SYS_WAIT_H 1
#define HAVE_TIMES 1
#define HAVE_TIME_H 1
#define HAVE_UNISTD_H 1
#define HAVE_UNISTD_H 1
#define HAVE_UNISTD_H 1
#define HAVE_VFORK 1
#define HAVE_WCHAR_H 1
#define HAVE_WCSWIDTH 1
#define HAVE_WORKING_FORK 1
#define HAVE_WORKING_MBSTOWCS 1
#define HAVE_WORKING_VFORK 1
#define ICONV_CONST 
#define NEED_64BIT_HOST_WIDE_INT 1
#define PACKAGE "gcc"
#define PACKAGE_BUGREPORT ""
#define PACKAGE_NAME ""
#define PACKAGE_STRING ""
#define PACKAGE_TARNAME ""
#define PACKAGE_VERSION ""
#define SIZEOF_INT 4
#define SIZEOF_LONG 4
#define SIZEOF_LONG_LONG 8
#define SIZEOF_SHORT 2
#define SIZEOF_VOID_P 4
#define STDC_HEADERS 1
#define STDC_HEADERS 1
#define STRING_WITH_STRINGS 1
#define TIME_WITH_SYS_TIME 1
#define _GNU_SOURCE 1

configure: exit 0
