This file contains any messages produced by compilers while
running configure, to aid debugging if configure makes a mistake.

It was created by readline configure 5.1-release, which was
generated by GNU Autoconf 2.59.  Invocation command line was

  $ /opt/smp86xx/smp86xx_toolchain_2.8.2.0/toolchain_build_mipsel_nofpu/gdb-6.5/readline/configure --cache-file=./config.cache --build=i386-pc-linux-gnu --host=i386-pc-linux-gnu --target=mipsel-linux-uclibc --with-stabs --prefix=/opt/smp86xx/smp86xx_toolchain_2.8.2.0/build_mipsel_nofpu/staging_dir --disable-nls --without-uiout --disable-tui --disable-gdbtk --without-x --without-included-gettext --enable-threads --program-transform-name=s,^,mipsel-linux-uclibc-,;  --srcdir=/opt/smp86xx/smp86xx_toolchain_2.8.2.0/toolchain_build_mipsel_nofpu/gdb-6.5/readline

## --------- ##
## Platform. ##
## --------- ##

hostname = DavidLinux
uname -m = i686
uname -r = 2.6.23.15-80.fc7
uname -s = Linux
uname -v = #1 SMP Sun Feb 10 17:29:10 EST 2008

/usr/bin/uname -p = unknown
/bin/uname -X     = unknown

/bin/arch              = i686
/usr/bin/arch -k       = unknown
/usr/convex/getsysinfo = unknown
hostinfo               = unknown
/bin/machine           = unknown
/usr/bin/oslevel       = unknown
/bin/universe          = unknown

PATH: /usr/lib/qt-3.3/bin
PATH: /usr/kerberos/bin
PATH: /usr/lib/ccache
PATH: /usr/local/bin
PATH: /usr/bin
PATH: /bin
PATH: /home/davidhu/bin
PATH: /home/davidhu/bin


## ----------- ##
## Core tests. ##
## ----------- ##

configure:1232: creating cache ./config.cache
configure:1360: checking build system type
configure:1378: result: i386-pc-linux-gnu
configure:1386: checking host system type
configure:1400: result: i386-pc-linux-gnu
configure:1489: checking whether make sets $(MAKE)
configure:1509: result: yes
configure:1526: checking for i386-pc-linux-gnu-gcc
configure:1552: result: gcc
configure:1834: checking for C compiler version
configure:1837: gcc --version </dev/null >&5
gcc (GCC) 4.1.2 20070925 (Red Hat 4.1.2-27)
Copyright (C) 2006 Free Software Foundation, Inc.
This is free software; see the source for copying conditions.  There is NO
warranty; not even for MERCHANTABILITY or FITNESS FOR A PARTICULAR PURPOSE.

configure:1840: $? = 0
configure:1842: gcc -v </dev/null >&5
Using built-in specs.
Target: i386-redhat-linux
Configured with: ../configure --prefix=/usr --mandir=/usr/share/man --infodir=/usr/share/info --enable-shared --enable-threads=posix --enable-checking=release --with-system-zlib --enable-__cxa_atexit --disable-libunwind-exceptions --enable-languages=c,c++,objc,obj-c++,java,fortran,ada --enable-java-awt=gtk --disable-dssi --enable-plugin --with-java-home=/usr/lib/jvm/java-1.5.0-gcj-1.5.0.0/jre --enable-libgcj-multifile --enable-java-maintainer-mode --with-ecj-jar=/usr/share/java/eclipse-ecj.jar --with-cpu=generic --host=i386-redhat-linux
Thread model: posix
gcc version 4.1.2 20070925 (Red Hat 4.1.2-27)
configure:1845: $? = 0
configure:1847: gcc -V </dev/null >&5
gcc: '-V' option must have argument
configure:1850: $? = 1
configure:1873: checking for C compiler default output file name
configure:1876: gcc -g -O2   conftest.c  >&5
configure:1879: $? = 0
configure:1925: result: a.out
configure:1930: checking whether the C compiler works
configure:1936: ./a.out
configure:1939: $? = 0
configure:1956: result: yes
configure:1963: checking whether we are cross compiling
configure:1965: result: no
configure:1968: checking for suffix of executables
configure:1970: gcc -o conftest -g -O2   conftest.c  >&5
configure:1973: $? = 0
configure:1998: result: 
configure:2004: checking for suffix of object files
configure:2025: gcc -c -g -O2  conftest.c >&5
configure:2028: $? = 0
configure:2050: result: o
configure:2054: checking whether we are using the GNU C compiler
configure:2078: gcc -c -g -O2  conftest.c >&5
configure:2084: $? = 0
configure:2087: test -z 			 || test ! -s conftest.err
configure:2090: $? = 0
configure:2093: test -s conftest.o
configure:2096: $? = 0
configure:2109: result: yes
configure:2115: checking whether gcc accepts -g
configure:2136: gcc -c -g  conftest.c >&5
configure:2142: $? = 0
configure:2145: test -z 			 || test ! -s conftest.err
configure:2148: $? = 0
configure:2151: test -s conftest.o
configure:2154: $? = 0
configure:2165: result: yes
configure:2182: checking for gcc option to accept ANSI C
configure:2252: gcc  -c -g -O2  conftest.c >&5
configure:2258: $? = 0
configure:2261: test -z 			 || test ! -s conftest.err
configure:2264: $? = 0
configure:2267: test -s conftest.o
configure:2270: $? = 0
configure:2288: result: none needed
configure:2306: gcc -c -g -O2  conftest.c >&5
conftest.c:2: error: expected '=', ',', ';', 'asm' or '__attribute__' before 'me'
configure:2312: $? = 1
configure: failed program was:
| #ifndef __cplusplus
|   choke me
| #endif
configure:2448: checking how to run the C preprocessor
configure:2483: gcc -E  conftest.c
configure:2489: $? = 0
configure:2521: gcc -E  conftest.c
conftest.c:9:28: error: ac_nonexistent.h: No such file or directory
configure:2527: $? = 1
configure: failed program was:
| /* confdefs.h.  */
| 
| #define PACKAGE_NAME "readline"
| #define PACKAGE_TARNAME "readline"
| #define PACKAGE_VERSION "5.1-release"
| #define PACKAGE_STRING "readline 5.1-release"
| #define PACKAGE_BUGREPORT "bug-readline@gnu.org"
| /* end confdefs.h.  */
| #include <ac_nonexistent.h>
configure:2566: result: gcc -E
configure:2590: gcc -E  conftest.c
configure:2596: $? = 0
configure:2628: gcc -E  conftest.c
conftest.c:9:28: error: ac_nonexistent.h: No such file or directory
configure:2634: $? = 1
configure: failed program was:
| /* confdefs.h.  */
| 
| #define PACKAGE_NAME "readline"
| #define PACKAGE_TARNAME "readline"
| #define PACKAGE_VERSION "5.1-release"
| #define PACKAGE_STRING "readline 5.1-release"
| #define PACKAGE_BUGREPORT "bug-readline@gnu.org"
| /* end confdefs.h.  */
| #include <ac_nonexistent.h>
configure:2678: checking for egrep
configure:2688: result: grep -E
configure:2693: checking for ANSI C header files
configure:2718: gcc -c -g -O2  conftest.c >&5
configure:2724: $? = 0
configure:2727: test -z 			 || test ! -s conftest.err
configure:2730: $? = 0
configure:2733: test -s conftest.o
configure:2736: $? = 0
configure:2825: gcc -o conftest -g -O2   conftest.c  >&5
conftest.c: In function 'main':
conftest.c:26: warning: incompatible implicit declaration of built-in function 'exit'
configure:2828: $? = 0
configure:2830: ./conftest
configure:2833: $? = 0
configure:2848: result: yes
configure:2872: checking for sys/types.h
configure:2888: gcc -c -g -O2  conftest.c >&5
configure:2894: $? = 0
configure:2897: test -z 			 || test ! -s conftest.err
configure:2900: $? = 0
configure:2903: test -s conftest.o
configure:2906: $? = 0
configure:2917: result: yes
configure:2872: checking for sys/stat.h
configure:2888: gcc -c -g -O2  conftest.c >&5
configure:2894: $? = 0
configure:2897: test -z 			 || test ! -s conftest.err
configure:2900: $? = 0
configure:2903: test -s conftest.o
configure:2906: $? = 0
configure:2917: result: yes
configure:2872: checking for stdlib.h
configure:2888: gcc -c -g -O2  conftest.c >&5
configure:2894: $? = 0
configure:2897: test -z 			 || test ! -s conftest.err
configure:2900: $? = 0
configure:2903: test -s conftest.o
configure:2906: $? = 0
configure:2917: result: yes
configure:2872: checking for string.h
configure:2888: gcc -c -g -O2  conftest.c >&5
configure:2894: $? = 0
configure:2897: test -z 			 || test ! -s conftest.err
configure:2900: $? = 0
configure:2903: test -s conftest.o
configure:2906: $? = 0
configure:2917: result: yes
configure:2872: checking for memory.h
configure:2888: gcc -c -g -O2  conftest.c >&5
configure:2894: $? = 0
configure:2897: test -z 			 || test ! -s conftest.err
configure:2900: $? = 0
configure:2903: test -s conftest.o
configure:2906: $? = 0
configure:2917: result: yes
configure:2872: checking for strings.h
configure:2888: gcc -c -g -O2  conftest.c >&5
configure:2894: $? = 0
configure:2897: test -z 			 || test ! -s conftest.err
configure:2900: $? = 0
configure:2903: test -s conftest.o
configure:2906: $? = 0
configure:2917: result: yes
configure:2872: checking for inttypes.h
configure:2888: gcc -c -g -O2  conftest.c >&5
configure:2894: $? = 0
configure:2897: test -z 			 || test ! -s conftest.err
configure:2900: $? = 0
configure:2903: test -s conftest.o
configure:2906: $? = 0
configure:2917: result: yes
configure:2872: checking for stdint.h
configure:2888: gcc -c -g -O2  conftest.c >&5
configure:2894: $? = 0
configure:2897: test -z 			 || test ! -s conftest.err
configure:2900: $? = 0
configure:2903: test -s conftest.o
configure:2906: $? = 0
configure:2917: result: yes
configure:2872: checking for unistd.h
configure:2888: gcc -c -g -O2  conftest.c >&5
configure:2894: $? = 0
configure:2897: test -z 			 || test ! -s conftest.err
configure:2900: $? = 0
configure:2903: test -s conftest.o
configure:2906: $? = 0
configure:2917: result: yes
configure:2939: checking minix/config.h usability
configure:2951: gcc -c -g -O2  conftest.c >&5
conftest.c:53:26: error: minix/config.h: No such file or directory
configure:2957: $? = 1
configure: failed program was:
| /* confdefs.h.  */
| 
| #define PACKAGE_NAME "readline"
| #define PACKAGE_TARNAME "readline"
| #define PACKAGE_VERSION "5.1-release"
| #define PACKAGE_STRING "readline 5.1-release"
| #define PACKAGE_BUGREPORT "bug-readline@gnu.org"
| #define STDC_HEADERS 1
| #define HAVE_SYS_TYPES_H 1
| #define HAVE_SYS_STAT_H 1
| #define HAVE_STDLIB_H 1
| #define HAVE_STRING_H 1
| #define HAVE_MEMORY_H 1
| #define HAVE_STRINGS_H 1
| #define HAVE_INTTYPES_H 1
| #define HAVE_STDINT_H 1
| #define HAVE_UNISTD_H 1
| /* end confdefs.h.  */
| #include <stdio.h>
| #if HAVE_SYS_TYPES_H
| # include <sys/types.h>
| #endif
| #if HAVE_SYS_STAT_H
| # include <sys/stat.h>
| #endif
| #if STDC_HEADERS
| # include <stdlib.h>
| # include <stddef.h>
| #else
| # if HAVE_STDLIB_H
| #  include <stdlib.h>
| # endif
| #endif
| #if HAVE_STRING_H
| # if !STDC_HEADERS && HAVE_MEMORY_H
| #  include <memory.h>
| # endif
| # include <string.h>
| #endif
| #if HAVE_STRINGS_H
| # include <strings.h>
| #endif
| #if HAVE_INTTYPES_H
| # include <inttypes.h>
| #else
| # if HAVE_STDINT_H
| #  include <stdint.h>
| # endif
| #endif
| #if HAVE_UNISTD_H
| # include <unistd.h>
| #endif
| #include <minix/config.h>
configure:2979: result: no
configure:2983: checking minix/config.h presence
configure:2993: gcc -E  conftest.c
conftest.c:19:26: error: minix/config.h: No such file or directory
configure:2999: $? = 1
configure: failed program was:
| /* confdefs.h.  */
| 
| #define PACKAGE_NAME "readline"
| #define PACKAGE_TARNAME "readline"
| #define PACKAGE_VERSION "5.1-release"
| #define PACKAGE_STRING "readline 5.1-release"
| #define PACKAGE_BUGREPORT "bug-readline@gnu.org"
| #define STDC_HEADERS 1
| #define HAVE_SYS_TYPES_H 1
| #define HAVE_SYS_STAT_H 1
| #define HAVE_STDLIB_H 1
| #define HAVE_STRING_H 1
| #define HAVE_MEMORY_H 1
| #define HAVE_STRINGS_H 1
| #define HAVE_INTTYPES_H 1
| #define HAVE_STDINT_H 1
| #define HAVE_UNISTD_H 1
| /* end confdefs.h.  */
| #include <minix/config.h>
configure:3019: result: no
configure:3054: checking for minix/config.h
configure:3061: result: no
configure:3128: checking whether gcc needs -traditional
configure:3170: result: no
configure:3190: checking for a BSD-compatible install
configure:3245: result: /usr/bin/install -c
configure:3258: checking for ar
configure:3285: result: ar
configure:3296: checking for i386-pc-linux-gnu-ranlib
configure:3322: result: ranlib
configure:3377: checking for an ANSI C-conforming const
configure:3444: gcc -c -g -O2  conftest.c >&5
configure:3450: $? = 0
configure:3453: test -z 			 || test ! -s conftest.err
configure:3456: $? = 0
configure:3459: test -s conftest.o
configure:3462: $? = 0
configure:3473: result: yes
configure:3483: checking for function prototypes
configure:3486: result: yes
configure:3504: checking whether char is unsigned
configure:3527: gcc -c -g -O2  conftest.c >&5
configure:3533: $? = 0
configure:3536: test -z 			 || test ! -s conftest.err
configure:3539: $? = 0
configure:3542: test -s conftest.o
configure:3545: $? = 0
configure:3556: result: no
configure:3566: checking return type of signal handlers
configure:3597: gcc -c -g -O2  conftest.c >&5
configure:3603: $? = 0
configure:3606: test -z 			 || test ! -s conftest.err
configure:3609: $? = 0
configure:3612: test -s conftest.o
configure:3615: $? = 0
configure:3626: result: void
configure:3635: checking for size_t
configure:3659: gcc -c -g -O2  conftest.c >&5
configure:3665: $? = 0
configure:3668: test -z 			 || test ! -s conftest.err
configure:3671: $? = 0
configure:3674: test -s conftest.o
configure:3677: $? = 0
configure:3688: result: yes
configure:3700: checking for ssize_t
configure:3724: gcc -c -g -O2  conftest.c >&5
configure:3730: $? = 0
configure:3733: test -z 			 || test ! -s conftest.err
configure:3736: $? = 0
configure:3739: test -s conftest.o
configure:3742: $? = 0
configure:3753: result: yes
configure:3766: checking for ANSI C header files
configure:3921: result: yes
configure:3932: checking whether stat file-mode macros are broken
configure:3980: result: no
configure:3998: checking for dirent.h that defines DIR
configure:4022: gcc -c -g -O2  conftest.c >&5
configure:4028: $? = 0
configure:4031: test -z 			 || test ! -s conftest.err
configure:4034: $? = 0
configure:4037: test -s conftest.o
configure:4040: $? = 0
configure:4051: result: yes
configure:4064: checking for library containing opendir
configure:4094: gcc -o conftest -g -O2   conftest.c  >&5
configure:4100: $? = 0
configure:4103: test -z 			 || test ! -s conftest.err
configure:4106: $? = 0
configure:4109: test -s conftest
configure:4112: $? = 0
configure:4181: result: none required
configure:4322: checking for fcntl
configure:4379: gcc -o conftest -g -O2   conftest.c  >&5
configure:4385: $? = 0
configure:4388: test -z 			 || test ! -s conftest.err
configure:4391: $? = 0
configure:4394: test -s conftest
configure:4397: $? = 0
configure:4409: result: yes
configure:4322: checking for kill
configure:4379: gcc -o conftest -g -O2   conftest.c  >&5
configure:4385: $? = 0
configure:4388: test -z 			 || test ! -s conftest.err
configure:4391: $? = 0
configure:4394: test -s conftest
configure:4397: $? = 0
configure:4409: result: yes
configure:4322: checking for lstat
configure:4379: gcc -o conftest -g -O2   conftest.c  >&5
configure:4385: $? = 0
configure:4388: test -z 			 || test ! -s conftest.err
configure:4391: $? = 0
configure:4394: test -s conftest
configure:4397: $? = 0
configure:4409: result: yes
configure:4432: checking for memmove
configure:4489: gcc -o conftest -g -O2   conftest.c  >&5
conftest.c:51: warning: conflicting types for built-in function 'memmove'
configure:4495: $? = 0
configure:4498: test -z 			 || test ! -s conftest.err
configure:4501: $? = 0
configure:4504: test -s conftest
configure:4507: $? = 0
configure:4519: result: yes
configure:4432: checking for putenv
configure:4489: gcc -o conftest -g -O2   conftest.c  >&5
configure:4495: $? = 0
configure:4498: test -z 			 || test ! -s conftest.err
configure:4501: $? = 0
configure:4504: test -s conftest
configure:4507: $? = 0
configure:4519: result: yes
configure:4432: checking for select
configure:4489: gcc -o conftest -g -O2   conftest.c  >&5
configure:4495: $? = 0
configure:4498: test -z 			 || test ! -s conftest.err
configure:4501: $? = 0
configure:4504: test -s conftest
configure:4507: $? = 0
configure:4519: result: yes
configure:4432: checking for setenv
configure:4489: gcc -o conftest -g -O2   conftest.c  >&5
configure:4495: $? = 0
configure:4498: test -z 			 || test ! -s conftest.err
configure:4501: $? = 0
configure:4504: test -s conftest
configure:4507: $? = 0
configure:4519: result: yes
configure:4432: checking for setlocale
configure:4489: gcc -o conftest -g -O2   conftest.c  >&5
configure:4495: $? = 0
configure:4498: test -z 			 || test ! -s conftest.err
configure:4501: $? = 0
configure:4504: test -s conftest
configure:4507: $? = 0
configure:4519: result: yes
configure:4432: checking for strcasecmp
configure:4489: gcc -o conftest -g -O2   conftest.c  >&5
conftest.c:56: warning: conflicting types for built-in function 'strcasecmp'
configure:4495: $? = 0
configure:4498: test -z 			 || test ! -s conftest.err
configure:4501: $? = 0
configure:4504: test -s conftest
configure:4507: $? = 0
configure:4519: result: yes
configure:4432: checking for strpbrk
configure:4489: gcc -o conftest -g -O2   conftest.c  >&5
conftest.c:57: warning: conflicting types for built-in function 'strpbrk'
configure:4495: $? = 0
configure:4498: test -z 			 || test ! -s conftest.err
configure:4501: $? = 0
configure:4504: test -s conftest
configure:4507: $? = 0
configure:4519: result: yes
configure:4432: checking for tcgetattr
configure:4489: gcc -o conftest -g -O2   conftest.c  >&5
configure:4495: $? = 0
configure:4498: test -z 			 || test ! -s conftest.err
configure:4501: $? = 0
configure:4504: test -s conftest
configure:4507: $? = 0
configure:4519: result: yes
configure:4432: checking for vsnprintf
configure:4489: gcc -o conftest -g -O2   conftest.c  >&5
conftest.c:59: warning: conflicting types for built-in function 'vsnprintf'
configure:4495: $? = 0
configure:4498: test -z 			 || test ! -s conftest.err
configure:4501: $? = 0
configure:4504: test -s conftest
configure:4507: $? = 0
configure:4519: result: yes
configure:4534: checking for isascii
configure:4591: gcc -o conftest -g -O2   conftest.c  >&5
conftest.c:60: warning: conflicting types for built-in function 'isascii'
configure:4597: $? = 0
configure:4600: test -z 			 || test ! -s conftest.err
configure:4603: $? = 0
configure:4606: test -s conftest
configure:4609: $? = 0
configure:4621: result: yes
configure:4534: checking for isxdigit
configure:4591: gcc -o conftest -g -O2   conftest.c  >&5
conftest.c:61: warning: conflicting types for built-in function 'isxdigit'
configure:4597: $? = 0
configure:4600: test -z 			 || test ! -s conftest.err
configure:4603: $? = 0
configure:4606: test -s conftest
configure:4609: $? = 0
configure:4621: result: yes
configure:4637: checking for getpwent
configure:4694: gcc -o conftest -g -O2   conftest.c  >&5
configure:4700: $? = 0
configure:4703: test -z 			 || test ! -s conftest.err
configure:4706: $? = 0
configure:4709: test -s conftest
configure:4712: $? = 0
configure:4724: result: yes
configure:4637: checking for getpwnam
configure:4694: gcc -o conftest -g -O2   conftest.c  >&5
configure:4700: $? = 0
configure:4703: test -z 			 || test ! -s conftest.err
configure:4706: $? = 0
configure:4709: test -s conftest
configure:4712: $? = 0
configure:4724: result: yes
configure:4637: checking for getpwuid
configure:4694: gcc -o conftest -g -O2   conftest.c  >&5
configure:4700: $? = 0
configure:4703: test -z 			 || test ! -s conftest.err
configure:4706: $? = 0
configure:4709: test -s conftest
configure:4712: $? = 0
configure:4724: result: yes
configure:4735: checking for working strcoll
configure:4761: gcc -o conftest -g -O2   conftest.c  >&5
configure:4764: $? = 0
configure:4766: ./conftest
configure:4769: $? = 0
configure:4783: result: yes
configure:4822: checking fcntl.h usability
configure:4834: gcc -c -g -O2  conftest.c >&5
configure:4840: $? = 0
configure:4843: test -z 			 || test ! -s conftest.err
configure:4846: $? = 0
configure:4849: test -s conftest.o
configure:4852: $? = 0
configure:4862: result: yes
configure:4866: checking fcntl.h presence
configure:4876: gcc -E  conftest.c
configure:4882: $? = 0
configure:4902: result: yes
configure:4937: checking for fcntl.h
configure:4944: result: yes
configure:4813: checking for unistd.h
configure:4818: result: yes
configure:4813: checking for stdlib.h
configure:4818: result: yes
configure:4822: checking varargs.h usability
configure:4834: gcc -c -g -O2  conftest.c >&5
In file included from conftest.c:79:
/usr/lib/gcc/i386-redhat-linux/4.1.2/include/varargs.h:4:2: error: #error "GCC no longer implements <varargs.h>."
/usr/lib/gcc/i386-redhat-linux/4.1.2/include/varargs.h:5:2: error: #error "Revise your code to use <stdarg.h>."
configure:4840: $? = 1
configure: failed program was:
| /* confdefs.h.  */
| 
| #define PACKAGE_NAME "readline"
| #define PACKAGE_TARNAME "readline"
| #define PACKAGE_VERSION "5.1-release"
| #define PACKAGE_STRING "readline 5.1-release"
| #define PACKAGE_BUGREPORT "bug-readline@gnu.org"
| #define STDC_HEADERS 1
| #define HAVE_SYS_TYPES_H 1
| #define HAVE_SYS_STAT_H 1
| #define HAVE_STDLIB_H 1
| #define HAVE_STRING_H 1
| #define HAVE_MEMORY_H 1
| #define HAVE_STRINGS_H 1
| #define HAVE_INTTYPES_H 1
| #define HAVE_STDINT_H 1
| #define HAVE_UNISTD_H 1
| #define PROTOTYPES 1
| #define __PROTOTYPES 1
| #define RETSIGTYPE void
| #define STDC_HEADERS 1
| #define HAVE_DIRENT_H 1
| #define HAVE_FCNTL 1
| #define HAVE_KILL 1
| #define HAVE_LSTAT 1
| #define HAVE_MEMMOVE 1
| #define HAVE_PUTENV 1
| #define HAVE_SELECT 1
| #define HAVE_SETENV 1
| #define HAVE_SETLOCALE 1
| #define HAVE_STRCASECMP 1
| #define HAVE_STRPBRK 1
| #define HAVE_TCGETATTR 1
| #define HAVE_VSNPRINTF 1
| #define HAVE_ISASCII 1
| #define HAVE_ISXDIGIT 1
| #define HAVE_GETPWENT 1
| #define HAVE_GETPWNAM 1
| #define HAVE_GETPWUID 1
| #define HAVE_STRCOLL 1
| #define HAVE_FCNTL_H 1
| #define HAVE_UNISTD_H 1
| #define HAVE_STDLIB_H 1
| /* end confdefs.h.  */
| #include <stdio.h>
| #if HAVE_SYS_TYPES_H
| # include <sys/types.h>
| #endif
| #if HAVE_SYS_STAT_H
| # include <sys/stat.h>
| #endif
| #if STDC_HEADERS
| # include <stdlib.h>
| # include <stddef.h>
| #else
| # if HAVE_STDLIB_H
| #  include <stdlib.h>
| # endif
| #endif
| #if HAVE_STRING_H
| # if !STDC_HEADERS && HAVE_MEMORY_H
| #  include <memory.h>
| # endif
| # include <string.h>
| #endif
| #if HAVE_STRINGS_H
| # include <strings.h>
| #endif
| #if HAVE_INTTYPES_H
| # include <inttypes.h>
| #else
| # if HAVE_STDINT_H
| #  include <stdint.h>
| # endif
| #endif
| #if HAVE_UNISTD_H
| # include <unistd.h>
| #endif
| #include <varargs.h>
configure:4862: result: no
configure:4866: checking varargs.h presence
configure:4876: gcc -E  conftest.c
In file included from conftest.c:45:
/usr/lib/gcc/i386-redhat-linux/4.1.2/include/varargs.h:4:2: error: #error "GCC no longer implements <varargs.h>."
/usr/lib/gcc/i386-redhat-linux/4.1.2/include/varargs.h:5:2: error: #error "Revise your code to use <stdarg.h>."
configure:4882: $? = 1
configure: failed program was:
| /* confdefs.h.  */
| 
| #define PACKAGE_NAME "readline"
| #define PACKAGE_TARNAME "readline"
| #define PACKAGE_VERSION "5.1-release"
| #define PACKAGE_STRING "readline 5.1-release"
| #define PACKAGE_BUGREPORT "bug-readline@gnu.org"
| #define STDC_HEADERS 1
| #define HAVE_SYS_TYPES_H 1
| #define HAVE_SYS_STAT_H 1
| #define HAVE_STDLIB_H 1
| #define HAVE_STRING_H 1
| #define HAVE_MEMORY_H 1
| #define HAVE_STRINGS_H 1
| #define HAVE_INTTYPES_H 1
| #define HAVE_STDINT_H 1
| #define HAVE_UNISTD_H 1
| #define PROTOTYPES 1
| #define __PROTOTYPES 1
| #define RETSIGTYPE void
| #define STDC_HEADERS 1
| #define HAVE_DIRENT_H 1
| #define HAVE_FCNTL 1
| #define HAVE_KILL 1
| #define HAVE_LSTAT 1
| #define HAVE_MEMMOVE 1
| #define HAVE_PUTENV 1
| #define HAVE_SELECT 1
| #define HAVE_SETENV 1
| #define HAVE_SETLOCALE 1
| #define HAVE_STRCASECMP 1
| #define HAVE_STRPBRK 1
| #define HAVE_TCGETATTR 1
| #define HAVE_VSNPRINTF 1
| #define HAVE_ISASCII 1
| #define HAVE_ISXDIGIT 1
| #define HAVE_GETPWENT 1
| #define HAVE_GETPWNAM 1
| #define HAVE_GETPWUID 1
| #define HAVE_STRCOLL 1
| #define HAVE_FCNTL_H 1
| #define HAVE_UNISTD_H 1
| #define HAVE_STDLIB_H 1
| /* end confdefs.h.  */
| #include <varargs.h>
configure:4902: result: no
configure:4937: checking for varargs.h
configure:4944: result: no
configure:4822: checking stdarg.h usability
configure:4834: gcc -c -g -O2  conftest.c >&5
configure:4840: $? = 0
configure:4843: test -z 			 || test ! -s conftest.err
configure:4846: $? = 0
configure:4849: test -s conftest.o
configure:4852: $? = 0
configure:4862: result: yes
configure:4866: checking stdarg.h presence
configure:4876: gcc -E  conftest.c
configure:4882: $? = 0
configure:4902: result: yes
configure:4937: checking for stdarg.h
configure:4944: result: yes
configure:4813: checking for string.h
configure:4818: result: yes
configure:4813: checking for strings.h
configure:4818: result: yes
configure:4822: checking limits.h usability
configure:4834: gcc -c -g -O2  conftest.c >&5
configure:4840: $? = 0
configure:4843: test -z 			 || test ! -s conftest.err
configure:4846: $? = 0
configure:4849: test -s conftest.o
configure:4852: $? = 0
configure:4862: result: yes
configure:4866: checking limits.h presence
configure:4876: gcc -E  conftest.c
configure:4882: $? = 0
configure:4902: result: yes
configure:4937: checking for limits.h
configure:4944: result: yes
configure:4822: checking locale.h usability
configure:4834: gcc -c -g -O2  conftest.c >&5
configure:4840: $? = 0
configure:4843: test -z 			 || test ! -s conftest.err
configure:4846: $? = 0
configure:4849: test -s conftest.o
configure:4852: $? = 0
configure:4862: result: yes
configure:4866: checking locale.h presence
configure:4876: gcc -E  conftest.c
configure:4882: $? = 0
configure:4902: result: yes
configure:4937: checking for locale.h
configure:4944: result: yes
configure:4822: checking pwd.h usability
configure:4834: gcc -c -g -O2  conftest.c >&5
configure:4840: $? = 0
configure:4843: test -z 			 || test ! -s conftest.err
configure:4846: $? = 0
configure:4849: test -s conftest.o
configure:4852: $? = 0
configure:4862: result: yes
configure:4866: checking pwd.h presence
configure:4876: gcc -E  conftest.c
configure:4882: $? = 0
configure:4902: result: yes
configure:4937: checking for pwd.h
configure:4944: result: yes
configure:4813: checking for memory.h
configure:4818: result: yes
configure:4822: checking termcap.h usability
configure:4834: gcc -c -g -O2  conftest.c >&5
configure:4840: $? = 0
configure:4843: test -z 			 || test ! -s conftest.err
configure:4846: $? = 0
configure:4849: test -s conftest.o
configure:4852: $? = 0
configure:4862: result: yes
configure:4866: checking termcap.h presence
configure:4876: gcc -E  conftest.c
configure:4882: $? = 0
configure:4902: result: yes
configure:4937: checking for termcap.h
configure:4944: result: yes
configure:4822: checking termios.h usability
configure:4834: gcc -c -g -O2  conftest.c >&5
configure:4840: $? = 0
configure:4843: test -z 			 || test ! -s conftest.err
configure:4846: $? = 0
configure:4849: test -s conftest.o
configure:4852: $? = 0
configure:4862: result: yes
configure:4866: checking termios.h presence
configure:4876: gcc -E  conftest.c
configure:4882: $? = 0
configure:4902: result: yes
configure:4937: checking for termios.h
configure:4944: result: yes
configure:4822: checking termio.h usability
configure:4834: gcc -c -g -O2  conftest.c >&5
configure:4840: $? = 0
configure:4843: test -z 			 || test ! -s conftest.err
configure:4846: $? = 0
configure:4849: test -s conftest.o
configure:4852: $? = 0
configure:4862: result: yes
configure:4866: checking termio.h presence
configure:4876: gcc -E  conftest.c
configure:4882: $? = 0
configure:4902: result: yes
configure:4937: checking for termio.h
configure:4944: result: yes
configure:4974: checking sys/pte.h usability
configure:4986: gcc -c -g -O2  conftest.c >&5
conftest.c:89:21: error: sys/pte.h: No such file or directory
configure:4992: $? = 1
configure: failed program was:
| /* confdefs.h.  */
| 
| #define PACKAGE_NAME "readline"
| #define PACKAGE_TARNAME "readline"
| #define PACKAGE_VERSION "5.1-release"
| #define PACKAGE_STRING "readline 5.1-release"
| #define PACKAGE_BUGREPORT "bug-readline@gnu.org"
| #define STDC_HEADERS 1
| #define HAVE_SYS_TYPES_H 1
| #define HAVE_SYS_STAT_H 1
| #define HAVE_STDLIB_H 1
| #define HAVE_STRING_H 1
| #define HAVE_MEMORY_H 1
| #define HAVE_STRINGS_H 1
| #define HAVE_INTTYPES_H 1
| #define HAVE_STDINT_H 1
| #define HAVE_UNISTD_H 1
| #define PROTOTYPES 1
| #define __PROTOTYPES 1
| #define RETSIGTYPE void
| #define STDC_HEADERS 1
| #define HAVE_DIRENT_H 1
| #define HAVE_FCNTL 1
| #define HAVE_KILL 1
| #define HAVE_LSTAT 1
| #define HAVE_MEMMOVE 1
| #define HAVE_PUTENV 1
| #define HAVE_SELECT 1
| #define HAVE_SETENV 1
| #define HAVE_SETLOCALE 1
| #define HAVE_STRCASECMP 1
| #define HAVE_STRPBRK 1
| #define HAVE_TCGETATTR 1
| #define HAVE_VSNPRINTF 1
| #define HAVE_ISASCII 1
| #define HAVE_ISXDIGIT 1
| #define HAVE_GETPWENT 1
| #define HAVE_GETPWNAM 1
| #define HAVE_GETPWUID 1
| #define HAVE_STRCOLL 1
| #define HAVE_FCNTL_H 1
| #define HAVE_UNISTD_H 1
| #define HAVE_STDLIB_H 1
| #define HAVE_STDARG_H 1
| #define HAVE_STRING_H 1
| #define HAVE_STRINGS_H 1
| #define HAVE_LIMITS_H 1
| #define HAVE_LOCALE_H 1
| #define HAVE_PWD_H 1
| #define HAVE_MEMORY_H 1
| #define HAVE_TERMCAP_H 1
| #define HAVE_TERMIOS_H 1
| #define HAVE_TERMIO_H 1
| /* end confdefs.h.  */
| #include <stdio.h>
| #if HAVE_SYS_TYPES_H
| # include <sys/types.h>
| #endif
| #if HAVE_SYS_STAT_H
| # include <sys/stat.h>
| #endif
| #if STDC_HEADERS
| # include <stdlib.h>
| # include <stddef.h>
| #else
| # if HAVE_STDLIB_H
| #  include <stdlib.h>
| # endif
| #endif
| #if HAVE_STRING_H
| # if !STDC_HEADERS && HAVE_MEMORY_H
| #  include <memory.h>
| # endif
| # include <string.h>
| #endif
| #if HAVE_STRINGS_H
| # include <strings.h>
| #endif
| #if HAVE_INTTYPES_H
| # include <inttypes.h>
| #else
| # if HAVE_STDINT_H
| #  include <stdint.h>
| # endif
| #endif
| #if HAVE_UNISTD_H
| # include <unistd.h>
| #endif
| #include <sys/pte.h>
configure:5014: result: no
configure:5018: checking sys/pte.h presence
configure:5028: gcc -E  conftest.c
conftest.c:55:21: error: sys/pte.h: No such file or directory
configure:5034: $? = 1
configure: failed program was:
| /* confdefs.h.  */
| 
| #define PACKAGE_NAME "readline"
| #define PACKAGE_TARNAME "readline"
| #define PACKAGE_VERSION "5.1-release"
| #define PACKAGE_STRING "readline 5.1-release"
| #define PACKAGE_BUGREPORT "bug-readline@gnu.org"
| #define STDC_HEADERS 1
| #define HAVE_SYS_TYPES_H 1
| #define HAVE_SYS_STAT_H 1
| #define HAVE_STDLIB_H 1
| #define HAVE_STRING_H 1
| #define HAVE_MEMORY_H 1
| #define HAVE_STRINGS_H 1
| #define HAVE_INTTYPES_H 1
| #define HAVE_STDINT_H 1
| #define HAVE_UNISTD_H 1
| #define PROTOTYPES 1
| #define __PROTOTYPES 1
| #define RETSIGTYPE void
| #define STDC_HEADERS 1
| #define HAVE_DIRENT_H 1
| #define HAVE_FCNTL 1
| #define HAVE_KILL 1
| #define HAVE_LSTAT 1
| #define HAVE_MEMMOVE 1
| #define HAVE_PUTENV 1
| #define HAVE_SELECT 1
| #define HAVE_SETENV 1
| #define HAVE_SETLOCALE 1
| #define HAVE_STRCASECMP 1
| #define HAVE_STRPBRK 1
| #define HAVE_TCGETATTR 1
| #define HAVE_VSNPRINTF 1
| #define HAVE_ISASCII 1
| #define HAVE_ISXDIGIT 1
| #define HAVE_GETPWENT 1
| #define HAVE_GETPWNAM 1
| #define HAVE_GETPWUID 1
| #define HAVE_STRCOLL 1
| #define HAVE_FCNTL_H 1
| #define HAVE_UNISTD_H 1
| #define HAVE_STDLIB_H 1
| #define HAVE_STDARG_H 1
| #define HAVE_STRING_H 1
| #define HAVE_STRINGS_H 1
| #define HAVE_LIMITS_H 1
| #define HAVE_LOCALE_H 1
| #define HAVE_PWD_H 1
| #define HAVE_MEMORY_H 1
| #define HAVE_TERMCAP_H 1
| #define HAVE_TERMIOS_H 1
| #define HAVE_TERMIO_H 1
| /* end confdefs.h.  */
| #include <sys/pte.h>
configure:5054: result: no
configure:5089: checking for sys/pte.h
configure:5096: result: no
configure:4974: checking sys/stream.h usability
configure:4986: gcc -c -g -O2  conftest.c >&5
conftest.c:89:24: error: sys/stream.h: No such file or directory
configure:4992: $? = 1
configure: failed program was:
| /* confdefs.h.  */
| 
| #define PACKAGE_NAME "readline"
| #define PACKAGE_TARNAME "readline"
| #define PACKAGE_VERSION "5.1-release"
| #define PACKAGE_STRING "readline 5.1-release"
| #define PACKAGE_BUGREPORT "bug-readline@gnu.org"
| #define STDC_HEADERS 1
| #define HAVE_SYS_TYPES_H 1
| #define HAVE_SYS_STAT_H 1
| #define HAVE_STDLIB_H 1
| #define HAVE_STRING_H 1
| #define HAVE_MEMORY_H 1
| #define HAVE_STRINGS_H 1
| #define HAVE_INTTYPES_H 1
| #define HAVE_STDINT_H 1
| #define HAVE_UNISTD_H 1
| #define PROTOTYPES 1
| #define __PROTOTYPES 1
| #define RETSIGTYPE void
| #define STDC_HEADERS 1
| #define HAVE_DIRENT_H 1
| #define HAVE_FCNTL 1
| #define HAVE_KILL 1
| #define HAVE_LSTAT 1
| #define HAVE_MEMMOVE 1
| #define HAVE_PUTENV 1
| #define HAVE_SELECT 1
| #define HAVE_SETENV 1
| #define HAVE_SETLOCALE 1
| #define HAVE_STRCASECMP 1
| #define HAVE_STRPBRK 1
| #define HAVE_TCGETATTR 1
| #define HAVE_VSNPRINTF 1
| #define HAVE_ISASCII 1
| #define HAVE_ISXDIGIT 1
| #define HAVE_GETPWENT 1
| #define HAVE_GETPWNAM 1
| #define HAVE_GETPWUID 1
| #define HAVE_STRCOLL 1
| #define HAVE_FCNTL_H 1
| #define HAVE_UNISTD_H 1
| #define HAVE_STDLIB_H 1
| #define HAVE_STDARG_H 1
| #define HAVE_STRING_H 1
| #define HAVE_STRINGS_H 1
| #define HAVE_LIMITS_H 1
| #define HAVE_LOCALE_H 1
| #define HAVE_PWD_H 1
| #define HAVE_MEMORY_H 1
| #define HAVE_TERMCAP_H 1
| #define HAVE_TERMIOS_H 1
| #define HAVE_TERMIO_H 1
| /* end confdefs.h.  */
| #include <stdio.h>
| #if HAVE_SYS_TYPES_H
| # include <sys/types.h>
| #endif
| #if HAVE_SYS_STAT_H
| # include <sys/stat.h>
| #endif
| #if STDC_HEADERS
| # include <stdlib.h>
| # include <stddef.h>
| #else
| # if HAVE_STDLIB_H
| #  include <stdlib.h>
| # endif
| #endif
| #if HAVE_STRING_H
| # if !STDC_HEADERS && HAVE_MEMORY_H
| #  include <memory.h>
| # endif
| # include <string.h>
| #endif
| #if HAVE_STRINGS_H
| # include <strings.h>
| #endif
| #if HAVE_INTTYPES_H
| # include <inttypes.h>
| #else
| # if HAVE_STDINT_H
| #  include <stdint.h>
| # endif
| #endif
| #if HAVE_UNISTD_H
| # include <unistd.h>
| #endif
| #include <sys/stream.h>
configure:5014: result: no
configure:5018: checking sys/stream.h presence
configure:5028: gcc -E  conftest.c
conftest.c:55:24: error: sys/stream.h: No such file or directory
configure:5034: $? = 1
configure: failed program was:
| /* confdefs.h.  */
| 
| #define PACKAGE_NAME "readline"
| #define PACKAGE_TARNAME "readline"
| #define PACKAGE_VERSION "5.1-release"
| #define PACKAGE_STRING "readline 5.1-release"
| #define PACKAGE_BUGREPORT "bug-readline@gnu.org"
| #define STDC_HEADERS 1
| #define HAVE_SYS_TYPES_H 1
| #define HAVE_SYS_STAT_H 1
| #define HAVE_STDLIB_H 1
| #define HAVE_STRING_H 1
| #define HAVE_MEMORY_H 1
| #define HAVE_STRINGS_H 1
| #define HAVE_INTTYPES_H 1
| #define HAVE_STDINT_H 1
| #define HAVE_UNISTD_H 1
| #define PROTOTYPES 1
| #define __PROTOTYPES 1
| #define RETSIGTYPE void
| #define STDC_HEADERS 1
| #define HAVE_DIRENT_H 1
| #define HAVE_FCNTL 1
| #define HAVE_KILL 1
| #define HAVE_LSTAT 1
| #define HAVE_MEMMOVE 1
| #define HAVE_PUTENV 1
| #define HAVE_SELECT 1
| #define HAVE_SETENV 1
| #define HAVE_SETLOCALE 1
| #define HAVE_STRCASECMP 1
| #define HAVE_STRPBRK 1
| #define HAVE_TCGETATTR 1
| #define HAVE_VSNPRINTF 1
| #define HAVE_ISASCII 1
| #define HAVE_ISXDIGIT 1
| #define HAVE_GETPWENT 1
| #define HAVE_GETPWNAM 1
| #define HAVE_GETPWUID 1
| #define HAVE_STRCOLL 1
| #define HAVE_FCNTL_H 1
| #define HAVE_UNISTD_H 1
| #define HAVE_STDLIB_H 1
| #define HAVE_STDARG_H 1
| #define HAVE_STRING_H 1
| #define HAVE_STRINGS_H 1
| #define HAVE_LIMITS_H 1
| #define HAVE_LOCALE_H 1
| #define HAVE_PWD_H 1
| #define HAVE_MEMORY_H 1
| #define HAVE_TERMCAP_H 1
| #define HAVE_TERMIOS_H 1
| #define HAVE_TERMIO_H 1
| /* end confdefs.h.  */
| #include <sys/stream.h>
configure:5054: result: no
configure:5089: checking for sys/stream.h
configure:5096: result: no
configure:4974: checking sys/select.h usability
configure:4986: gcc -c -g -O2  conftest.c >&5
configure:4992: $? = 0
configure:4995: test -z 			 || test ! -s conftest.err
configure:4998: $? = 0
configure:5001: test -s conftest.o
configure:5004: $? = 0
configure:5014: result: yes
configure:5018: checking sys/select.h presence
configure:5028: gcc -E  conftest.c
configure:5034: $? = 0
configure:5054: result: yes
configure:5089: checking for sys/select.h
configure:5096: result: yes
configure:4974: checking sys/file.h usability
configure:4986: gcc -c -g -O2  conftest.c >&5
configure:4992: $? = 0
configure:4995: test -z 			 || test ! -s conftest.err
configure:4998: $? = 0
configure:5001: test -s conftest.o
configure:5004: $? = 0
configure:5014: result: yes
configure:5018: checking sys/file.h presence
configure:5028: gcc -E  conftest.c
configure:5034: $? = 0
configure:5054: result: yes
configure:5089: checking for sys/file.h
configure:5096: result: yes
configure:5114: checking for sys/ptem.h
configure:5134: gcc -c -g -O2  conftest.c >&5
conftest.c:63:22: error: sys/ptem.h: No such file or directory
configure:5140: $? = 1
configure: failed program was:
| /* confdefs.h.  */
| 
| #define PACKAGE_NAME "readline"
| #define PACKAGE_TARNAME "readline"
| #define PACKAGE_VERSION "5.1-release"
| #define PACKAGE_STRING "readline 5.1-release"
| #define PACKAGE_BUGREPORT "bug-readline@gnu.org"
| #define STDC_HEADERS 1
| #define HAVE_SYS_TYPES_H 1
| #define HAVE_SYS_STAT_H 1
| #define HAVE_STDLIB_H 1
| #define HAVE_STRING_H 1
| #define HAVE_MEMORY_H 1
| #define HAVE_STRINGS_H 1
| #define HAVE_INTTYPES_H 1
| #define HAVE_STDINT_H 1
| #define HAVE_UNISTD_H 1
| #define PROTOTYPES 1
| #define __PROTOTYPES 1
| #define RETSIGTYPE void
| #define STDC_HEADERS 1
| #define HAVE_DIRENT_H 1
| #define HAVE_FCNTL 1
| #define HAVE_KILL 1
| #define HAVE_LSTAT 1
| #define HAVE_MEMMOVE 1
| #define HAVE_PUTENV 1
| #define HAVE_SELECT 1
| #define HAVE_SETENV 1
| #define HAVE_SETLOCALE 1
| #define HAVE_STRCASECMP 1
| #define HAVE_STRPBRK 1
| #define HAVE_TCGETATTR 1
| #define HAVE_VSNPRINTF 1
| #define HAVE_ISASCII 1
| #define HAVE_ISXDIGIT 1
| #define HAVE_GETPWENT 1
| #define HAVE_GETPWNAM 1
| #define HAVE_GETPWUID 1
| #define HAVE_STRCOLL 1
| #define HAVE_FCNTL_H 1
| #define HAVE_UNISTD_H 1
| #define HAVE_STDLIB_H 1
| #define HAVE_STDARG_H 1
| #define HAVE_STRING_H 1
| #define HAVE_STRINGS_H 1
| #define HAVE_LIMITS_H 1
| #define HAVE_LOCALE_H 1
| #define HAVE_PWD_H 1
| #define HAVE_MEMORY_H 1
| #define HAVE_TERMCAP_H 1
| #define HAVE_TERMIOS_H 1
| #define HAVE_TERMIO_H 1
| #define HAVE_SYS_SELECT_H 1
| #define HAVE_SYS_FILE_H 1
| /* end confdefs.h.  */
| 
| #if HAVE_SYS_STREAM_H
| #  include <sys/stream.h>
| #endif
| 
| 
| #include <sys/ptem.h>
configure:5163: result: no
configure:5176: checking for type of signal functions
configure:5204: gcc -o conftest -g -O2   conftest.c  >&5
configure:5210: $? = 0
configure:5213: test -z 			 || test ! -s conftest.err
configure:5216: $? = 0
configure:5219: test -s conftest
configure:5222: $? = 0
configure:5338: result: posix
configure:5359: checking if signal handlers must be reinstalled when invoked
configure:5422: gcc -o conftest -g -O2   conftest.c  >&5
conftest.c: In function 'main':
conftest.c:99: warning: incompatible implicit declaration of built-in function 'exit'
configure:5425: $? = 0
configure:5427: ./conftest
configure:5430: $? = 0
configure:5445: result: no
configure:5456: checking for presence of POSIX-style sigsetjmp/siglongjmp
configure:5513: gcc -o conftest -g -O2   conftest.c  >&5
conftest.c: In function 'main':
conftest.c:85: warning: incompatible implicit declaration of built-in function 'exit'
configure:5516: $? = 0
configure:5518: ./conftest
configure:5521: $? = 0
configure:5536: result: present
configure:5545: checking for lstat
configure:5569: gcc -o conftest -g -O2   conftest.c  >&5
configure:5575: $? = 0
configure:5578: test -z 			 || test ! -s conftest.err
configure:5581: $? = 0
configure:5584: test -s conftest
configure:5587: $? = 0
configure:5599: result: yes
configure:5609: checking whether or not strcoll and strcmp differ
configure:5664: gcc -o conftest -g -O2   conftest.c  >&5
conftest.c: In function 'main':
conftest.c:93: warning: incompatible implicit declaration of built-in function 'exit'
configure:5667: $? = 0
configure:5669: ./conftest
configure:5672: $? = 1
configure: program exited with status 1
configure: failed program was:
| /* confdefs.h.  */
| 
| #define PACKAGE_NAME "readline"
| #define PACKAGE_TARNAME "readline"
| #define PACKAGE_VERSION "5.1-release"
| #define PACKAGE_STRING "readline 5.1-release"
| #define PACKAGE_BUGREPORT "bug-readline@gnu.org"
| #define STDC_HEADERS 1
| #define HAVE_SYS_TYPES_H 1
| #define HAVE_SYS_STAT_H 1
| #define HAVE_STDLIB_H 1
| #define HAVE_STRING_H 1
| #define HAVE_MEMORY_H 1
| #define HAVE_STRINGS_H 1
| #define HAVE_INTTYPES_H 1
| #define HAVE_STDINT_H 1
| #define HAVE_UNISTD_H 1
| #define PROTOTYPES 1
| #define __PROTOTYPES 1
| #define RETSIGTYPE void
| #define STDC_HEADERS 1
| #define HAVE_DIRENT_H 1
| #define HAVE_FCNTL 1
| #define HAVE_KILL 1
| #define HAVE_LSTAT 1
| #define HAVE_MEMMOVE 1
| #define HAVE_PUTENV 1
| #define HAVE_SELECT 1
| #define HAVE_SETENV 1
| #define HAVE_SETLOCALE 1
| #define HAVE_STRCASECMP 1
| #define HAVE_STRPBRK 1
| #define HAVE_TCGETATTR 1
| #define HAVE_VSNPRINTF 1
| #define HAVE_ISASCII 1
| #define HAVE_ISXDIGIT 1
| #define HAVE_GETPWENT 1
| #define HAVE_GETPWNAM 1
| #define HAVE_GETPWUID 1
| #define HAVE_STRCOLL 1
| #define HAVE_FCNTL_H 1
| #define HAVE_UNISTD_H 1
| #define HAVE_STDLIB_H 1
| #define HAVE_STDARG_H 1
| #define HAVE_STRING_H 1
| #define HAVE_STRINGS_H 1
| #define HAVE_LIMITS_H 1
| #define HAVE_LOCALE_H 1
| #define HAVE_PWD_H 1
| #define HAVE_MEMORY_H 1
| #define HAVE_TERMCAP_H 1
| #define HAVE_TERMIOS_H 1
| #define HAVE_TERMIO_H 1
| #define HAVE_SYS_SELECT_H 1
| #define HAVE_SYS_FILE_H 1
| #define HAVE_POSIX_SIGNALS 1
| #define HAVE_POSIX_SIGSETJMP 1
| #define HAVE_LSTAT 1
| /* end confdefs.h.  */
| 
| #include <stdio.h>
| #if defined (HAVE_LOCALE_H)
| #include <locale.h>
| #endif
| 
| main(c, v)
| int     c;
| char    *v[];
| {
|         int     r1, r2;
|         char    *deflocale, *defcoll;
| 
| #ifdef HAVE_SETLOCALE
|         deflocale = setlocale(LC_ALL, "");
| 	defcoll = setlocale(LC_COLLATE, "");
| #endif
| 
| #ifdef HAVE_STRCOLL
| 	/* These two values are taken from tests/glob-test. */
|         r1 = strcoll("abd", "aXd");
| #else
| 	r1 = 0;
| #endif
|         r2 = strcmp("abd", "aXd");
| 
| 	/* These two should both be greater than 0.  It is permissible for
| 	   a system to return different values, as long as the sign is the
| 	   same. */
| 
|         /* Exit with 1 (failure) if these two values are both > 0, since
| 	   this tests whether strcoll(3) is broken with respect to strcmp(3)
| 	   in the default locale. */
| 	exit (r1 > 0 && r2 > 0);
| }
| 
configure:5687: result: no
configure:5697: checking whether the ctype macros accept non-ascii characters
configure:5747: gcc -o conftest -g -O2   conftest.c  >&5
conftest.c: In function 'main':
conftest.c:88: warning: incompatible implicit declaration of built-in function 'exit'
configure:5750: $? = 0
configure:5752: ./conftest
configure:5755: $? = 0
configure:5770: result: yes
configure:5780: checking whether getpw functions are declared in pwd.h
configure:5809: result: yes
configure:5819: checking whether termios.h defines TIOCGWINSZ
configure:5846: result: no
configure:5850: checking whether sys/ioctl.h defines TIOCGWINSZ
configure:5877: result: yes
configure:5890: checking whether signal handlers are of type void
configure:5919: gcc -c -g -O2  conftest.c >&5
configure:5925: $? = 0
configure:5928: test -z 			 || test ! -s conftest.err
configure:5931: $? = 0
configure:5934: test -s conftest.o
configure:5937: $? = 0
configure:5948: result: yes
configure:5957: checking for TIOCSTAT in sys/ioctl.h
configure:5979: gcc -c -g -O2  conftest.c >&5
conftest.c: In function 'main':
conftest.c:69: error: 'TIOCSTAT' undeclared (first use in this function)
conftest.c:69: error: (Each undeclared identifier is reported only once
conftest.c:69: error: for each function it appears in.)
configure:5985: $? = 1
configure: failed program was:
| /* confdefs.h.  */
| 
| #define PACKAGE_NAME "readline"
| #define PACKAGE_TARNAME "readline"
| #define PACKAGE_VERSION "5.1-release"
| #define PACKAGE_STRING "readline 5.1-release"
| #define PACKAGE_BUGREPORT "bug-readline@gnu.org"
| #define STDC_HEADERS 1
| #define HAVE_SYS_TYPES_H 1
| #define HAVE_SYS_STAT_H 1
| #define HAVE_STDLIB_H 1
| #define HAVE_STRING_H 1
| #define HAVE_MEMORY_H 1
| #define HAVE_STRINGS_H 1
| #define HAVE_INTTYPES_H 1
| #define HAVE_STDINT_H 1
| #define HAVE_UNISTD_H 1
| #define PROTOTYPES 1
| #define __PROTOTYPES 1
| #define RETSIGTYPE void
| #define STDC_HEADERS 1
| #define HAVE_DIRENT_H 1
| #define HAVE_FCNTL 1
| #define HAVE_KILL 1
| #define HAVE_LSTAT 1
| #define HAVE_MEMMOVE 1
| #define HAVE_PUTENV 1
| #define HAVE_SELECT 1
| #define HAVE_SETENV 1
| #define HAVE_SETLOCALE 1
| #define HAVE_STRCASECMP 1
| #define HAVE_STRPBRK 1
| #define HAVE_TCGETATTR 1
| #define HAVE_VSNPRINTF 1
| #define HAVE_ISASCII 1
| #define HAVE_ISXDIGIT 1
| #define HAVE_GETPWENT 1
| #define HAVE_GETPWNAM 1
| #define HAVE_GETPWUID 1
| #define HAVE_STRCOLL 1
| #define HAVE_FCNTL_H 1
| #define HAVE_UNISTD_H 1
| #define HAVE_STDLIB_H 1
| #define HAVE_STDARG_H 1
| #define HAVE_STRING_H 1
| #define HAVE_STRINGS_H 1
| #define HAVE_LIMITS_H 1
| #define HAVE_LOCALE_H 1
| #define HAVE_PWD_H 1
| #define HAVE_MEMORY_H 1
| #define HAVE_TERMCAP_H 1
| #define HAVE_TERMIOS_H 1
| #define HAVE_TERMIO_H 1
| #define HAVE_SYS_SELECT_H 1
| #define HAVE_SYS_FILE_H 1
| #define HAVE_POSIX_SIGNALS 1
| #define HAVE_POSIX_SIGSETJMP 1
| #define HAVE_LSTAT 1
| #define CTYPE_NON_ASCII 1
| #define HAVE_GETPW_DECLS 1
| #define GWINSZ_IN_SYS_IOCTL 1
| #define VOID_SIGHANDLER 1
| /* end confdefs.h.  */
| #include <sys/types.h>
| #include <sys/ioctl.h>
| int
| main ()
| {
| int x = TIOCSTAT;
|   ;
|   return 0;
| }
configure:6009: result: no
configure:6018: checking for FIONREAD in sys/ioctl.h
configure:6040: gcc -c -g -O2  conftest.c >&5
configure:6046: $? = 0
configure:6049: test -z 			 || test ! -s conftest.err
configure:6052: $? = 0
configure:6055: test -s conftest.o
configure:6058: $? = 0
configure:6070: result: yes
configure:6079: checking for speed_t in sys/types.h
configure:6100: gcc -c -g -O2  conftest.c >&5
conftest.c: In function 'main':
conftest.c:69: error: 'speed_t' undeclared (first use in this function)
conftest.c:69: error: (Each undeclared identifier is reported only once
conftest.c:69: error: for each function it appears in.)
conftest.c:69: error: expected ';' before 'x'
configure:6106: $? = 1
configure: failed program was:
| /* confdefs.h.  */
| 
| #define PACKAGE_NAME "readline"
| #define PACKAGE_TARNAME "readline"
| #define PACKAGE_VERSION "5.1-release"
| #define PACKAGE_STRING "readline 5.1-release"
| #define PACKAGE_BUGREPORT "bug-readline@gnu.org"
| #define STDC_HEADERS 1
| #define HAVE_SYS_TYPES_H 1
| #define HAVE_SYS_STAT_H 1
| #define HAVE_STDLIB_H 1
| #define HAVE_STRING_H 1
| #define HAVE_MEMORY_H 1
| #define HAVE_STRINGS_H 1
| #define HAVE_INTTYPES_H 1
| #define HAVE_STDINT_H 1
| #define HAVE_UNISTD_H 1
| #define PROTOTYPES 1
| #define __PROTOTYPES 1
| #define RETSIGTYPE void
| #define STDC_HEADERS 1
| #define HAVE_DIRENT_H 1
| #define HAVE_FCNTL 1
| #define HAVE_KILL 1
| #define HAVE_LSTAT 1
| #define HAVE_MEMMOVE 1
| #define HAVE_PUTENV 1
| #define HAVE_SELECT 1
| #define HAVE_SETENV 1
| #define HAVE_SETLOCALE 1
| #define HAVE_STRCASECMP 1
| #define HAVE_STRPBRK 1
| #define HAVE_TCGETATTR 1
| #define HAVE_VSNPRINTF 1
| #define HAVE_ISASCII 1
| #define HAVE_ISXDIGIT 1
| #define HAVE_GETPWENT 1
| #define HAVE_GETPWNAM 1
| #define HAVE_GETPWUID 1
| #define HAVE_STRCOLL 1
| #define HAVE_FCNTL_H 1
| #define HAVE_UNISTD_H 1
| #define HAVE_STDLIB_H 1
| #define HAVE_STDARG_H 1
| #define HAVE_STRING_H 1
| #define HAVE_STRINGS_H 1
| #define HAVE_LIMITS_H 1
| #define HAVE_LOCALE_H 1
| #define HAVE_PWD_H 1
| #define HAVE_MEMORY_H 1
| #define HAVE_TERMCAP_H 1
| #define HAVE_TERMIOS_H 1
| #define HAVE_TERMIO_H 1
| #define HAVE_SYS_SELECT_H 1
| #define HAVE_SYS_FILE_H 1
| #define HAVE_POSIX_SIGNALS 1
| #define HAVE_POSIX_SIGSETJMP 1
| #define HAVE_LSTAT 1
| #define CTYPE_NON_ASCII 1
| #define HAVE_GETPW_DECLS 1
| #define GWINSZ_IN_SYS_IOCTL 1
| #define VOID_SIGHANDLER 1
| #define FIONREAD_IN_SYS_IOCTL 1
| /* end confdefs.h.  */
| #include <sys/types.h>
| int
| main ()
| {
| speed_t x;
|   ;
|   return 0;
| }
configure:6130: result: no
configure:6139: checking for struct winsize in sys/ioctl.h and termios.h
configure:6161: gcc -c -g -O2  conftest.c >&5
configure:6167: $? = 0
configure:6170: test -z 			 || test ! -s conftest.err
configure:6173: $? = 0
configure:6176: test -s conftest.o
configure:6179: $? = 0
configure:6237: result: sys/ioctl.h
configure:6256: checking for struct dirent.d_ino
configure:6299: gcc -c -g -O2  conftest.c >&5
configure:6305: $? = 0
configure:6308: test -z 			 || test ! -s conftest.err
configure:6311: $? = 0
configure:6314: test -s conftest.o
configure:6317: $? = 0
configure:6329: result: yes
configure:6339: checking for struct dirent.d_fileno
configure:6382: gcc -c -g -O2  conftest.c >&5
configure:6388: $? = 0
configure:6391: test -z 			 || test ! -s conftest.err
configure:6394: $? = 0
configure:6397: test -s conftest.o
configure:6400: $? = 0
configure:6412: result: yes
configure:6436: checking for tgetent
configure:6493: gcc -o conftest -g -O2   conftest.c  >&5
/tmp/ccMt4k5g.o: In function `main':
/opt/smp86xx/smp86xx_toolchain_2.8.2.0/toolchain_build_mipsel_nofpu/gdbclient-6.5/readline/conftest.c:107: undefined reference to `tgetent'
/tmp/ccMt4k5g.o:(.data+0x0): undefined reference to `tgetent'
collect2: ld returned 1 exit status
configure:6499: $? = 1
configure: failed program was:
| /* confdefs.h.  */
| 
| #define PACKAGE_NAME "readline"
| #define PACKAGE_TARNAME "readline"
| #define PACKAGE_VERSION "5.1-release"
| #define PACKAGE_STRING "readline 5.1-release"
| #define PACKAGE_BUGREPORT "bug-readline@gnu.org"
| #define STDC_HEADERS 1
| #define HAVE_SYS_TYPES_H 1
| #define HAVE_SYS_STAT_H 1
| #define HAVE_STDLIB_H 1
| #define HAVE_STRING_H 1
| #define HAVE_MEMORY_H 1
| #define HAVE_STRINGS_H 1
| #define HAVE_INTTYPES_H 1
| #define HAVE_STDINT_H 1
| #define HAVE_UNISTD_H 1
| #define PROTOTYPES 1
| #define __PROTOTYPES 1
| #define RETSIGTYPE void
| #define STDC_HEADERS 1
| #define HAVE_DIRENT_H 1
| #define HAVE_FCNTL 1
| #define HAVE_KILL 1
| #define HAVE_LSTAT 1
| #define HAVE_MEMMOVE 1
| #define HAVE_PUTENV 1
| #define HAVE_SELECT 1
| #define HAVE_SETENV 1
| #define HAVE_SETLOCALE 1
| #define HAVE_STRCASECMP 1
| #define HAVE_STRPBRK 1
| #define HAVE_TCGETATTR 1
| #define HAVE_VSNPRINTF 1
| #define HAVE_ISASCII 1
| #define HAVE_ISXDIGIT 1
| #define HAVE_GETPWENT 1
| #define HAVE_GETPWNAM 1
| #define HAVE_GETPWUID 1
| #define HAVE_STRCOLL 1
| #define HAVE_FCNTL_H 1
| #define HAVE_UNISTD_H 1
| #define HAVE_STDLIB_H 1
| #define HAVE_STDARG_H 1
| #define HAVE_STRING_H 1
| #define HAVE_STRINGS_H 1
| #define HAVE_LIMITS_H 1
| #define HAVE_LOCALE_H 1
| #define HAVE_PWD_H 1
| #define HAVE_MEMORY_H 1
| #define HAVE_TERMCAP_H 1
| #define HAVE_TERMIOS_H 1
| #define HAVE_TERMIO_H 1
| #define HAVE_SYS_SELECT_H 1
| #define HAVE_SYS_FILE_H 1
| #define HAVE_POSIX_SIGNALS 1
| #define HAVE_POSIX_SIGSETJMP 1
| #define HAVE_LSTAT 1
| #define CTYPE_NON_ASCII 1
| #define HAVE_GETPW_DECLS 1
| #define GWINSZ_IN_SYS_IOCTL 1
| #define VOID_SIGHANDLER 1
| #define FIONREAD_IN_SYS_IOCTL 1
| #define STRUCT_WINSIZE_IN_SYS_IOCTL 1
| #define HAVE_STRUCT_DIRENT_D_INO 1
| #define HAVE_STRUCT_DIRENT_D_FILENO 1
| /* end confdefs.h.  */
| /* Define tgetent to an innocuous variant, in case <limits.h> declares tgetent.
|    For example, HP-UX 11i <limits.h> declares gettimeofday.  */
| #define tgetent innocuous_tgetent
| 
| /* System header to define __stub macros and hopefully few prototypes,
|     which can conflict with char tgetent (); below.
|     Prefer <limits.h> to <assert.h> if __STDC__ is defined, since
|     <limits.h> exists even on freestanding compilers.  */
| 
| #ifdef __STDC__
| # include <limits.h>
| #else
| # include <assert.h>
| #endif
| 
| #undef tgetent
| 
| /* Override any gcc2 internal prototype to avoid an error.  */
| #ifdef __cplusplus
| extern "C"
| {
| #endif
| /* We use char because int might match the return type of a gcc2
|    builtin and then its argument prototype would still apply.  */
| char tgetent ();
| /* The GNU C library defines this for functions which it implements
|     to always fail with ENOSYS.  Some functions are actually named
|     something starting with __ and the normal name is an alias.  */
| #if defined (__stub_tgetent) || defined (__stub___tgetent)
| choke me
| #else
| char (*f) () = tgetent;
| #endif
| #ifdef __cplusplus
| }
| #endif
| 
| int
| main ()
| {
| return f != tgetent;
|   ;
|   return 0;
| }
configure:6523: result: no
configure:6528: checking for tgetent in -ltermcap
configure:6558: gcc -o conftest -g -O2   conftest.c -ltermcap   >&5
configure:6564: $? = 0
configure:6567: test -z 			 || test ! -s conftest.err
configure:6570: $? = 0
configure:6573: test -s conftest
configure:6576: $? = 0
configure:6589: result: yes
configure:6806: checking which library has the termcap functions
configure:6809: result: using libtermcap
configure:6855: checking wctype.h usability
configure:6867: gcc -c -g -O2  conftest.c >&5
configure:6873: $? = 0
configure:6876: test -z 			 || test ! -s conftest.err
configure:6879: $? = 0
configure:6882: test -s conftest.o
configure:6885: $? = 0
configure:6895: result: yes
configure:6899: checking wctype.h presence
configure:6909: gcc -E  conftest.c
configure:6915: $? = 0
configure:6935: result: yes
configure:6970: checking for wctype.h
configure:6977: result: yes
configure:7004: checking wchar.h usability
configure:7016: gcc -c -g -O2  conftest.c >&5
configure:7022: $? = 0
configure:7025: test -z 			 || test ! -s conftest.err
configure:7028: $? = 0
configure:7031: test -s conftest.o
configure:7034: $? = 0
configure:7044: result: yes
configure:7048: checking wchar.h presence
configure:7058: gcc -E  conftest.c
configure:7064: $? = 0
configure:7084: result: yes
configure:7119: checking for wchar.h
configure:7126: result: yes
configure:7153: checking langinfo.h usability
configure:7165: gcc -c -g -O2  conftest.c >&5
configure:7171: $? = 0
configure:7174: test -z 			 || test ! -s conftest.err
configure:7177: $? = 0
configure:7180: test -s conftest.o
configure:7183: $? = 0
configure:7193: result: yes
configure:7197: checking langinfo.h presence
configure:7207: gcc -E  conftest.c
configure:7213: $? = 0
configure:7233: result: yes
configure:7268: checking for langinfo.h
configure:7275: result: yes
configure:7289: checking for mbsrtowcs
configure:7346: gcc -o conftest -g -O2   conftest.c  >&5
configure:7352: $? = 0
configure:7355: test -z 			 || test ! -s conftest.err
configure:7358: $? = 0
configure:7361: test -s conftest
configure:7364: $? = 0
configure:7376: result: yes
configure:7385: checking for mbrtowc
configure:7442: gcc -o conftest -g -O2   conftest.c  >&5
configure:7448: $? = 0
configure:7451: test -z 			 || test ! -s conftest.err
configure:7454: $? = 0
configure:7457: test -s conftest
configure:7460: $? = 0
configure:7472: result: yes
configure:7481: checking for mbrlen
configure:7538: gcc -o conftest -g -O2   conftest.c  >&5
configure:7544: $? = 0
configure:7547: test -z 			 || test ! -s conftest.err
configure:7550: $? = 0
configure:7553: test -s conftest
configure:7556: $? = 0
configure:7568: result: yes
configure:7577: checking for wctomb
configure:7634: gcc -o conftest -g -O2   conftest.c  >&5
configure:7640: $? = 0
configure:7643: test -z 			 || test ! -s conftest.err
configure:7646: $? = 0
configure:7649: test -s conftest
configure:7652: $? = 0
configure:7664: result: yes
configure:7673: checking for wcwidth
configure:7730: gcc -o conftest -g -O2   conftest.c  >&5
configure:7736: $? = 0
configure:7739: test -z 			 || test ! -s conftest.err
configure:7742: $? = 0
configure:7745: test -s conftest
configure:7748: $? = 0
configure:7760: result: yes
configure:7769: checking for wcsdup
configure:7826: gcc -o conftest -g -O2   conftest.c  >&5
configure:7832: $? = 0
configure:7835: test -z 			 || test ! -s conftest.err
configure:7838: $? = 0
configure:7841: test -s conftest
configure:7844: $? = 0
configure:7856: result: yes
configure:7873: checking for mbstate_t
configure:7933: result: yes
configure:7942: checking for nl_langinfo and CODESET
configure:7963: gcc -o conftest -g -O2   conftest.c  >&5
configure:7969: $? = 0
configure:7972: test -z 			 || test ! -s conftest.err
configure:7975: $? = 0
configure:7978: test -s conftest
configure:7981: $? = 0
configure:7993: result: yes
configure:8019: checking configuration for building shared libraries
configure:8043: result: supported
configure:8199: creating ./config.status

## ---------------------- ##
## Running config.status. ##
## ---------------------- ##

This file was extended by readline config.status 5.1-release, which was
generated by GNU Autoconf 2.59.  Invocation command line was

  CONFIG_FILES    = 
  CONFIG_HEADERS  = 
  CONFIG_LINKS    = 
  CONFIG_COMMANDS = 
  $ ./config.status 

on DavidLinux

config.status:742: creating Makefile
config.status:742: creating doc/Makefile
config.status:742: creating examples/Makefile
config.status:742: creating shlib/Makefile
config.status:801: creating config.h
config.status:1199: executing default commands

## ---------------- ##
## Cache variables. ##
## ---------------- ##

ac_cv_build=i386-pc-linux-gnu
ac_cv_build_alias=i386-pc-linux-gnu
ac_cv_c_char_unsigned=no
ac_cv_c_compiler_gnu=yes
ac_cv_c_const=yes
ac_cv_env_CC_set=set
ac_cv_env_CC_value=gcc
ac_cv_env_CFLAGS_set=set
ac_cv_env_CFLAGS_value='-g -O2'
ac_cv_env_CPPFLAGS_set=
ac_cv_env_CPPFLAGS_value=
ac_cv_env_CPP_set=
ac_cv_env_CPP_value=
ac_cv_env_LDFLAGS_set=set
ac_cv_env_LDFLAGS_value=
ac_cv_env_build_alias_set=set
ac_cv_env_build_alias_value=i386-pc-linux-gnu
ac_cv_env_host_alias_set=set
ac_cv_env_host_alias_value=i386-pc-linux-gnu
ac_cv_env_target_alias_set=set
ac_cv_env_target_alias_value=mipsel-linux-uclibc
ac_cv_exeext=
ac_cv_func_fcntl=yes
ac_cv_func_getpwent=yes
ac_cv_func_getpwnam=yes
ac_cv_func_getpwuid=yes
ac_cv_func_isascii=yes
ac_cv_func_isxdigit=yes
ac_cv_func_kill=yes
ac_cv_func_lstat=yes
ac_cv_func_mbrlen=yes
ac_cv_func_mbrtowc=yes
ac_cv_func_mbsrtowcs=yes
ac_cv_func_memmove=yes
ac_cv_func_putenv=yes
ac_cv_func_select=yes
ac_cv_func_setenv=yes
ac_cv_func_setlocale=yes
ac_cv_func_strcasecmp=yes
ac_cv_func_strcoll_works=yes
ac_cv_func_strpbrk=yes
ac_cv_func_tcgetattr=yes
ac_cv_func_tgetent=no
ac_cv_func_vsnprintf=yes
ac_cv_func_wcsdup=yes
ac_cv_func_wctomb=yes
ac_cv_func_wcwidth=yes
ac_cv_header_dirent_dirent_h=yes
ac_cv_header_fcntl_h=yes
ac_cv_header_inttypes_h=yes
ac_cv_header_langinfo_h=yes
ac_cv_header_limits_h=yes
ac_cv_header_locale_h=yes
ac_cv_header_memory_h=yes
ac_cv_header_minix_config_h=no
ac_cv_header_pwd_h=yes
ac_cv_header_stat_broken=no
ac_cv_header_stdarg_h=yes
ac_cv_header_stdc=yes
ac_cv_header_stdint_h=yes
ac_cv_header_stdlib_h=yes
ac_cv_header_string_h=yes
ac_cv_header_strings_h=yes
ac_cv_header_sys_file_h=yes
ac_cv_header_sys_pte_h=no
ac_cv_header_sys_ptem_h=no
ac_cv_header_sys_select_h=yes
ac_cv_header_sys_stat_h=yes
ac_cv_header_sys_stream_h=no
ac_cv_header_sys_types_h=yes
ac_cv_header_termcap_h=yes
ac_cv_header_termio_h=yes
ac_cv_header_termios_h=yes
ac_cv_header_unistd_h=yes
ac_cv_header_varargs_h=no
ac_cv_header_wchar_h=yes
ac_cv_header_wctype_h=yes
ac_cv_host=i386-pc-linux-gnu
ac_cv_host_alias=i386-pc-linux-gnu
ac_cv_lib_termcap_tgetent=yes
ac_cv_objext=o
ac_cv_prog_AR=ar
ac_cv_prog_CC=gcc
ac_cv_prog_CPP='gcc -E'
ac_cv_prog_RANLIB=ranlib
ac_cv_prog_cc_g=yes
ac_cv_prog_cc_stdc=
ac_cv_prog_egrep='grep -E'
ac_cv_prog_gcc_traditional=no
ac_cv_prog_make_make_set=yes
ac_cv_search_opendir='none required'
ac_cv_sys_tiocgwinsz_in_sys_ioctl_h=yes
ac_cv_sys_tiocgwinsz_in_termios_h=no
ac_cv_type_signal=void
ac_cv_type_size_t=yes
ac_cv_type_ssize_t=yes
bash_cv_dirent_has_d_fileno=yes
bash_cv_dirent_has_dino=yes
bash_cv_fionread_in_ioctl=yes
bash_cv_func_ctype_nonascii=yes
bash_cv_func_lstat=yes
bash_cv_func_sigsetjmp=present
bash_cv_func_strcoll_broken=no
bash_cv_getpw_declared=yes
bash_cv_have_mbstate_t=yes
bash_cv_langinfo_codeset=yes
bash_cv_must_reinstall_sighandlers=no
bash_cv_signal_vintage=posix
bash_cv_speed_t_in_sys_types=no
bash_cv_struct_winsize_header=ioctl_h
bash_cv_termcap_lib=libtermcap
bash_cv_tiocstat_in_ioctl=no
bash_cv_void_sighandler=yes

## ----------------- ##
## Output variables. ##
## ----------------- ##

AR='ar'
ARFLAGS='cr'
BUILD_DIR='/opt/smp86xx/smp86xx_toolchain_2.8.2.0/toolchain_build_mipsel_nofpu/gdbclient-6.5/readline'
CC='gcc'
CC_FOR_BUILD='gcc'
CFLAGS='-g -O2'
CPP='gcc -E'
CPPFLAGS=''
CROSS_COMPILE=''
DEFS='-DHAVE_CONFIG_H'
ECHO_C=''
ECHO_N='-n'
ECHO_T=''
EGREP='grep -E'
EXEEXT=''
INSTALL_DATA='/usr/bin/install -c -m 644'
INSTALL_PROGRAM='/usr/bin/install -c'
INSTALL_SCRIPT='/usr/bin/install -c'
LDFLAGS=''
LIBOBJS=''
LIBS=''
LIBVERSION='5.1'
LOCAL_CFLAGS=''
LOCAL_DEFS=''
LOCAL_LDFLAGS=''
LTLIBOBJS=''
MAKE_SHELL='/bin/sh'
OBJEXT='o'
PACKAGE_BUGREPORT='bug-readline@gnu.org'
PACKAGE_NAME='readline'
PACKAGE_STRING='readline 5.1-release'
PACKAGE_TARNAME='readline'
PACKAGE_VERSION='5.1-release'
PATH_SEPARATOR=':'
PURIFY=''
RANLIB='ranlib'
SET_MAKE=''
SHARED_INSTALL_TARGET=''
SHARED_TARGET=''
SHELL='/bin/sh'
SHLIB_DLLVERSION='$(SHLIB_MAJOR)'
SHLIB_DOT='.'
SHLIB_LIBPREF='lib'
SHLIB_LIBS=''
SHLIB_LIBSUFF='so'
SHLIB_LIBVERSION='$(SHLIB_LIBSUFF).$(SHLIB_MAJOR)$(SHLIB_MINOR)'
SHLIB_MAJOR='5'
SHLIB_MINOR='1'
SHLIB_STATUS='supported'
SHLIB_XLDFLAGS='-Wl,-rpath,$(libdir) -Wl,-soname,`basename $@ $(SHLIB_MINOR)`'
SHOBJ_CC='gcc'
SHOBJ_CFLAGS='-fPIC'
SHOBJ_LD='${CC}'
SHOBJ_LDFLAGS='-shared -Wl,-soname,$@'
SHOBJ_LIBS=''
SHOBJ_STATUS='supported'
SHOBJ_XLDFLAGS=''
STATIC_INSTALL_TARGET='install-static'
STATIC_TARGET='static'
TERMCAP_LIB='-ltermcap'
WCWIDTH_OBJ=''
ac_ct_CC=''
ac_ct_RANLIB=''
bindir='${exec_prefix}/bin'
build='i386-pc-linux-gnu'
build_alias='i386-pc-linux-gnu'
build_cpu='i386'
build_os='linux-gnu'
build_vendor='pc'
datadir='${prefix}/share'
exec_prefix='${prefix}'
host='i386-pc-linux-gnu'
host_alias='i386-pc-linux-gnu'
host_cpu='i386'
host_os='linux-gnu'
host_vendor='pc'
includedir='${prefix}/include'
infodir='${prefix}/info'
libdir='${exec_prefix}/lib'
libexecdir='${exec_prefix}/libexec'
localstatedir='${prefix}/var'
mandir='${prefix}/man'
oldincludedir='/usr/include'
prefix='/opt/smp86xx/smp86xx_toolchain_2.8.2.0/build_mipsel_nofpu/staging_dir'
program_transform_name='s,^,mipsel-linux-uclibc-,; '
sbindir='${exec_prefix}/sbin'
sharedstatedir='${prefix}/com'
sysconfdir='${prefix}/etc'
target_alias='mipsel-linux-uclibc'

## ----------- ##
## confdefs.h. ##
## ----------- ##

#define CTYPE_NON_ASCII 1
#define FIONREAD_IN_SYS_IOCTL 1
#define GWINSZ_IN_SYS_IOCTL 1
#define HAVE_DIRENT_H 1
#define HAVE_FCNTL 1
#define HAVE_FCNTL_H 1
#define HAVE_GETPWENT 1
#define HAVE_GETPWNAM 1
#define HAVE_GETPWUID 1
#define HAVE_GETPW_DECLS 1
#define HAVE_INTTYPES_H 1
#define HAVE_ISASCII 1
#define HAVE_ISXDIGIT 1
#define HAVE_KILL 1
#define HAVE_LANGINFO_CODESET 1
#define HAVE_LANGINFO_H 1
#define HAVE_LIMITS_H 1
#define HAVE_LOCALE_H 1
#define HAVE_LSTAT 1
#define HAVE_LSTAT 1
#define HAVE_MBRLEN 1
#define HAVE_MBRTOWC 1
#define HAVE_MBSRTOWCS 1
#define HAVE_MBSTATE_T 1
#define HAVE_MEMMOVE 1
#define HAVE_MEMORY_H 1
#define HAVE_MEMORY_H 1
#define HAVE_POSIX_SIGNALS 1
#define HAVE_POSIX_SIGSETJMP 1
#define HAVE_PUTENV 1
#define HAVE_PWD_H 1
#define HAVE_SELECT 1
#define HAVE_SETENV 1
#define HAVE_SETLOCALE 1
#define HAVE_STDARG_H 1
#define HAVE_STDINT_H 1
#define HAVE_STDLIB_H 1
#define HAVE_STDLIB_H 1
#define HAVE_STRCASECMP 1
#define HAVE_STRCOLL 1
#define HAVE_STRINGS_H 1
#define HAVE_STRINGS_H 1
#define HAVE_STRING_H 1
#define HAVE_STRING_H 1
#define HAVE_STRPBRK 1
#define HAVE_STRUCT_DIRENT_D_FILENO 1
#define HAVE_STRUCT_DIRENT_D_INO 1
#define HAVE_SYS_FILE_H 1
#define HAVE_SYS_SELECT_H 1
#define HAVE_SYS_STAT_H 1
#define HAVE_SYS_TYPES_H 1
#define HAVE_TCGETATTR 1
#define HAVE_TERMCAP_H 1
#define HAVE_TERMIOS_H 1
#define HAVE_TERMIO_H 1
#define HAVE_UNISTD_H 1
#define HAVE_UNISTD_H 1
#define HAVE_VSNPRINTF 1
#define HAVE_WCHAR_H 1
#define HAVE_WCSDUP 1
#define HAVE_WCTOMB 1
#define HAVE_WCTYPE_H 1
#define HAVE_WCWIDTH 1
#define PACKAGE_BUGREPORT "bug-readline@gnu.org"
#define PACKAGE_NAME "readline"
#define PACKAGE_STRING "readline 5.1-release"
#define PACKAGE_TARNAME "readline"
#define PACKAGE_VERSION "5.1-release"
#define PROTOTYPES 1
#define RETSIGTYPE void
#define STDC_HEADERS 1
#define STDC_HEADERS 1
#define STRUCT_WINSIZE_IN_SYS_IOCTL 1
#define VOID_SIGHANDLER 1
#define __PROTOTYPES 1

configure: exit 0
