This file contains any messages produced by compilers while
running configure, to aid debugging if configure makes a mistake.

It was created by configure, which was
generated by GNU Autoconf 2.57.  Invocation command line was

  $ /opt/smp86xx/smp86xx_toolchain_2.8.2.0/toolchain_build_mipsel_nofpu/ccache-2.3/configure --target=i386-pc-linux-gnu --host=i386-pc-linux-gnu --build=i386-pc-linux-gnu --prefix=/usr

## --------- ##
## Platform. ##
## --------- ##

hostname = DavidLinux
uname -m = i686
uname -r = 2.6.23.15-80.fc7
uname -s = Linux
uname -v = #1 SMP Sun Feb 10 17:29:10 EST 2008

/usr/bin/uname -p = unknown
/bin/uname -X     = unknown

/bin/arch              = i686
/usr/bin/arch -k       = unknown
/usr/convex/getsysinfo = unknown
hostinfo               = unknown
/bin/machine           = unknown
/usr/bin/oslevel       = unknown
/bin/universe          = unknown

PATH: /usr/lib/qt-3.3/bin
PATH: /usr/kerberos/bin
PATH: /usr/lib/ccache
PATH: /usr/local/bin
PATH: /usr/bin
PATH: /bin
PATH: /home/davidhu/bin
PATH: /home/davidhu/bin


## ----------- ##
## Core tests. ##
## ----------- ##

configure:1255: Configuring ccache
configure:1269: checking for i386-pc-linux-gnu-gcc
configure:1295: result: gcc
configure:1577: checking for C compiler version
configure:1580: gcc --version </dev/null >&5
gcc (GCC) 4.1.2 20070925 (Red Hat 4.1.2-27)
Copyright (C) 2006 Free Software Foundation, Inc.
This is free software; see the source for copying conditions.  There is NO
warranty; not even for MERCHANTABILITY or FITNESS FOR A PARTICULAR PURPOSE.

configure:1583: $? = 0
configure:1585: gcc -v </dev/null >&5
Using built-in specs.
Target: i386-redhat-linux
Configured with: ../configure --prefix=/usr --mandir=/usr/share/man --infodir=/usr/share/info --enable-shared --enable-threads=posix --enable-checking=release --with-system-zlib --enable-__cxa_atexit --disable-libunwind-exceptions --enable-languages=c,c++,objc,obj-c++,java,fortran,ada --enable-java-awt=gtk --disable-dssi --enable-plugin --with-java-home=/usr/lib/jvm/java-1.5.0-gcj-1.5.0.0/jre --enable-libgcj-multifile --enable-java-maintainer-mode --with-ecj-jar=/usr/share/java/eclipse-ecj.jar --with-cpu=generic --host=i386-redhat-linux
Thread model: posix
gcc version 4.1.2 20070925 (Red Hat 4.1.2-27)
configure:1588: $? = 0
configure:1590: gcc -V </dev/null >&5
gcc: '-V' option must have argument
configure:1593: $? = 1
configure:1617: checking for C compiler default output
configure:1620: gcc    conftest.c  >&5
configure:1623: $? = 0
configure:1669: result: a.out
configure:1674: checking whether the C compiler works
configure:1680: ./a.out
configure:1683: $? = 0
configure:1700: result: yes
configure:1707: checking whether we are cross compiling
configure:1709: result: no
configure:1712: checking for suffix of executables
configure:1714: gcc -o conftest    conftest.c  >&5
configure:1717: $? = 0
configure:1742: result: 
configure:1748: checking for suffix of object files
configure:1770: gcc -c   conftest.c >&5
configure:1773: $? = 0
configure:1795: result: o
configure:1799: checking whether we are using the GNU C compiler
configure:1824: gcc -c   conftest.c >&5
configure:1827: $? = 0
configure:1830: test -s conftest.o
configure:1833: $? = 0
configure:1846: result: yes
configure:1852: checking whether gcc accepts -g
configure:1874: gcc -c -g  conftest.c >&5
configure:1877: $? = 0
configure:1880: test -s conftest.o
configure:1883: $? = 0
configure:1894: result: yes
configure:1911: checking for gcc option to accept ANSI C
configure:1972: gcc  -c -g -O2  conftest.c >&5
configure:1975: $? = 0
configure:1978: test -s conftest.o
configure:1981: $? = 0
configure:1999: result: none needed
configure:2017: gcc -c -g -O2  conftest.c >&5
conftest.c:2: error: expected '=', ',', ';', 'asm' or '__attribute__' before 'me'
configure:2020: $? = 1
configure: failed program was:
| #ifndef __cplusplus
|   choke me
| #endif
configure:2133: checking how to run the C preprocessor
configure:2169: gcc -E  conftest.c
configure:2175: $? = 0
configure:2207: gcc -E  conftest.c
configure:2206:28: error: ac_nonexistent.h: No such file or directory
configure:2213: $? = 1
configure: failed program was:
| #line 2198 "configure"
| /* confdefs.h.  */
| 
| #define PACKAGE_NAME ""
| #define PACKAGE_TARNAME ""
| #define PACKAGE_VERSION ""
| #define PACKAGE_STRING ""
| #define PACKAGE_BUGREPORT ""
| /* end confdefs.h.  */
| #include <ac_nonexistent.h>
configure:2251: result: gcc -E
configure:2276: gcc -E  conftest.c
configure:2282: $? = 0
configure:2314: gcc -E  conftest.c
configure:2313:28: error: ac_nonexistent.h: No such file or directory
configure:2320: $? = 1
configure: failed program was:
| #line 2305 "configure"
| /* confdefs.h.  */
| 
| #define PACKAGE_NAME ""
| #define PACKAGE_TARNAME ""
| #define PACKAGE_VERSION ""
| #define PACKAGE_STRING ""
| #define PACKAGE_BUGREPORT ""
| /* end confdefs.h.  */
| #include <ac_nonexistent.h>
configure:2399: checking for a BSD-compatible install
configure:2453: result: /usr/bin/install -c
configure:2488: checking for dirent.h that defines DIR
configure:2513: gcc -c -g -O2 -Wall -W  conftest.c >&5
configure:2516: $? = 0
configure:2519: test -s conftest.o
configure:2522: $? = 0
configure:2533: result: yes
configure:2546: checking for library containing opendir
configure:2577: gcc -o conftest -g -O2 -Wall -W   conftest.c  >&5
configure:2580: $? = 0
configure:2583: test -s conftest
configure:2586: $? = 0
configure:2645: result: none required
configure:2761: checking whether time.h and sys/time.h may both be included
configure:2787: gcc -c -g -O2 -Wall -W  conftest.c >&5
configure:2790: $? = 0
configure:2793: test -s conftest.o
configure:2796: $? = 0
configure:2807: result: yes
configure:2817: checking for sys/wait.h that is POSIX.1 compatible
configure:2849: gcc -c -g -O2 -Wall -W  conftest.c >&5
configure:2852: $? = 0
configure:2855: test -s conftest.o
configure:2858: $? = 0
configure:2869: result: yes
configure:2881: checking for egrep
configure:2891: result: grep -E
configure:2896: checking for ANSI C header files
configure:2922: gcc -c -g -O2 -Wall -W  conftest.c >&5
configure:2925: $? = 0
configure:2928: test -s conftest.o
configure:2931: $? = 0
configure:3023: gcc -o conftest -g -O2 -Wall -W   conftest.c  >&5
configure: In function 'main':
configure:3020: warning: implicit declaration of function 'exit'
configure:3020: warning: incompatible implicit declaration of built-in function 'exit'
configure:3026: $? = 0
configure:3028: ./conftest
configure:3031: $? = 0
configure:3046: result: yes
configure:3070: checking for sys/types.h
configure:3087: gcc -c -g -O2 -Wall -W  conftest.c >&5
configure:3090: $? = 0
configure:3093: test -s conftest.o
configure:3096: $? = 0
configure:3107: result: yes
configure:3070: checking for sys/stat.h
configure:3087: gcc -c -g -O2 -Wall -W  conftest.c >&5
configure:3090: $? = 0
configure:3093: test -s conftest.o
configure:3096: $? = 0
configure:3107: result: yes
configure:3070: checking for stdlib.h
configure:3087: gcc -c -g -O2 -Wall -W  conftest.c >&5
configure:3090: $? = 0
configure:3093: test -s conftest.o
configure:3096: $? = 0
configure:3107: result: yes
configure:3070: checking for string.h
configure:3087: gcc -c -g -O2 -Wall -W  conftest.c >&5
configure:3090: $? = 0
configure:3093: test -s conftest.o
configure:3096: $? = 0
configure:3107: result: yes
configure:3070: checking for memory.h
configure:3087: gcc -c -g -O2 -Wall -W  conftest.c >&5
configure:3090: $? = 0
configure:3093: test -s conftest.o
configure:3096: $? = 0
configure:3107: result: yes
configure:3070: checking for strings.h
configure:3087: gcc -c -g -O2 -Wall -W  conftest.c >&5
configure:3090: $? = 0
configure:3093: test -s conftest.o
configure:3096: $? = 0
configure:3107: result: yes
configure:3070: checking for inttypes.h
configure:3087: gcc -c -g -O2 -Wall -W  conftest.c >&5
configure:3090: $? = 0
configure:3093: test -s conftest.o
configure:3096: $? = 0
configure:3107: result: yes
configure:3070: checking for stdint.h
configure:3087: gcc -c -g -O2 -Wall -W  conftest.c >&5
configure:3090: $? = 0
configure:3093: test -s conftest.o
configure:3096: $? = 0
configure:3107: result: yes
configure:3070: checking for unistd.h
configure:3087: gcc -c -g -O2 -Wall -W  conftest.c >&5
configure:3090: $? = 0
configure:3093: test -s conftest.o
configure:3096: $? = 0
configure:3107: result: yes
configure:3136: checking ctype.h usability
configure:3149: gcc -c -g -O2 -Wall -W  conftest.c >&5
configure:3152: $? = 0
configure:3155: test -s conftest.o
configure:3158: $? = 0
configure:3168: result: yes
configure:3172: checking ctype.h presence
configure:3183: gcc -E  conftest.c
configure:3189: $? = 0
configure:3208: result: yes
configure:3244: checking for ctype.h
configure:3251: result: yes
configure:3127: checking for strings.h
configure:3132: result: yes
configure:3127: checking for stdlib.h
configure:3132: result: yes
configure:3127: checking for string.h
configure:3132: result: yes
configure:3275: checking for realpath
configure:3325: gcc -o conftest -g -O2 -Wall -W   conftest.c  >&5
configure:3328: $? = 0
configure:3331: test -s conftest
configure:3334: $? = 0
configure:3345: result: yes
configure:3275: checking for snprintf
configure:3325: gcc -o conftest -g -O2 -Wall -W   conftest.c  >&5
configure:3323: warning: conflicting types for built-in function 'snprintf'
configure:3328: $? = 0
configure:3331: test -s conftest
configure:3334: $? = 0
configure:3345: result: yes
configure:3275: checking for vsnprintf
configure:3325: gcc -o conftest -g -O2 -Wall -W   conftest.c  >&5
configure:3324: warning: conflicting types for built-in function 'vsnprintf'
configure:3328: $? = 0
configure:3331: test -s conftest
configure:3334: $? = 0
configure:3345: result: yes
configure:3275: checking for vasprintf
configure:3325: gcc -o conftest -g -O2 -Wall -W   conftest.c  >&5
configure:3328: $? = 0
configure:3331: test -s conftest
configure:3334: $? = 0
configure:3345: result: yes
configure:3275: checking for asprintf
configure:3325: gcc -o conftest -g -O2 -Wall -W   conftest.c  >&5
configure:3328: $? = 0
configure:3331: test -s conftest
configure:3334: $? = 0
configure:3345: result: yes
configure:3275: checking for mkstemp
configure:3325: gcc -o conftest -g -O2 -Wall -W   conftest.c  >&5
configure:3328: $? = 0
configure:3331: test -s conftest
configure:3334: $? = 0
configure:3345: result: yes
configure:3275: checking for gethostname
configure:3325: gcc -o conftest -g -O2 -Wall -W   conftest.c  >&5
configure:3328: $? = 0
configure:3331: test -s conftest
configure:3334: $? = 0
configure:3345: result: yes
configure:3356: checking for compar_fn_t in stdlib.h
configure:3381: gcc -c -g -O2 -Wall -W  conftest.c >&5
configure: In function 'test_fn':
configure:3400: warning: null argument where non-null required (argument 1)
configure:3400: warning: null argument where non-null required (argument 4)
configure:3384: $? = 0
configure:3387: test -s conftest.o
configure:3390: $? = 0
configure:3401: result: yes
configure:3411: checking for C99 vsnprintf
configure:3448: gcc -o conftest -g -O2 -Wall -W   conftest.c  >&5
configure: In function 'foo':
configure:3463: warning: implicit declaration of function 'vsnprintf'
configure:3465: warning: implicit declaration of function 'exit'
configure:3465: warning: incompatible implicit declaration of built-in function 'exit'
configure:3467: warning: implicit declaration of function 'snprintf'
configure:3467: warning: incompatible implicit declaration of built-in function 'snprintf'
configure:3467: warning: implicit declaration of function 'strcmp'
configure: At top level:
configure:3471: warning: return type defaults to 'int'
configure: In function 'main':
configure:3471: warning: control reaches end of non-void function
configure:3451: $? = 0
configure:3453: ./conftest
configure:3456: $? = 0
configure:3470: result: yes
configure:3577: creating ./config.status

## ---------------------- ##
## Running config.status. ##
## ---------------------- ##

This file was extended by config.status, which was
generated by GNU Autoconf 2.57.  Invocation command line was

  CONFIG_FILES    = 
  CONFIG_HEADERS  = 
  CONFIG_LINKS    = 
  CONFIG_COMMANDS = 
  $ ./config.status 

on DavidLinux

config.status:615: creating Makefile
config.status:712: creating config.h

## ---------------- ##
## Cache variables. ##
## ---------------- ##

ac_cv_c_compiler_gnu=yes
ac_cv_env_CC_set=set
ac_cv_env_CC_value=gcc
ac_cv_env_CFLAGS_set=
ac_cv_env_CFLAGS_value=
ac_cv_env_CPPFLAGS_set=
ac_cv_env_CPPFLAGS_value=
ac_cv_env_CPP_set=
ac_cv_env_CPP_value=
ac_cv_env_LDFLAGS_set=
ac_cv_env_LDFLAGS_value=
ac_cv_env_build_alias_set=set
ac_cv_env_build_alias_value=i386-pc-linux-gnu
ac_cv_env_host_alias_set=set
ac_cv_env_host_alias_value=i386-pc-linux-gnu
ac_cv_env_target_alias_set=set
ac_cv_env_target_alias_value=i386-pc-linux-gnu
ac_cv_exeext=
ac_cv_func_asprintf=yes
ac_cv_func_gethostname=yes
ac_cv_func_mkstemp=yes
ac_cv_func_realpath=yes
ac_cv_func_snprintf=yes
ac_cv_func_vasprintf=yes
ac_cv_func_vsnprintf=yes
ac_cv_header_ctype_h=yes
ac_cv_header_dirent_dirent_h=yes
ac_cv_header_inttypes_h=yes
ac_cv_header_memory_h=yes
ac_cv_header_stdc=yes
ac_cv_header_stdint_h=yes
ac_cv_header_stdlib_h=yes
ac_cv_header_string_h=yes
ac_cv_header_strings_h=yes
ac_cv_header_sys_stat_h=yes
ac_cv_header_sys_types_h=yes
ac_cv_header_sys_wait_h=yes
ac_cv_header_time=yes
ac_cv_header_unistd_h=yes
ac_cv_objext=o
ac_cv_path_install='/usr/bin/install -c'
ac_cv_prog_CC=gcc
ac_cv_prog_CPP='gcc -E'
ac_cv_prog_cc_g=yes
ac_cv_prog_cc_stdc=
ac_cv_prog_egrep='grep -E'
ac_cv_search_opendir='none required'
ccache_cv_COMPAR_FN_T=yes
ccache_cv_HAVE_C99_VSNPRINTF=yes

## ----------------- ##
## Output variables. ##
## ----------------- ##

CC='gcc'
CFLAGS='-g -O2 -Wall -W'
CPP='gcc -E'
CPPFLAGS=''
DEFS='-DHAVE_CONFIG_H'
ECHO_C=''
ECHO_N='-n'
ECHO_T=''
EGREP='grep -E'
EXEEXT=''
INSTALL_DATA='${INSTALL} -m 644'
INSTALL_PROGRAM='${INSTALL}'
INSTALL_SCRIPT='${INSTALL}'
LDFLAGS=''
LIBOBJS=''
LIBS=''
LTLIBOBJS=''
OBJEXT='o'
PACKAGE_BUGREPORT=''
PACKAGE_NAME=''
PACKAGE_STRING=''
PACKAGE_TARNAME=''
PACKAGE_VERSION=''
PATH_SEPARATOR=':'
SHELL='/bin/sh'
ac_ct_CC=''
bindir='${exec_prefix}/bin'
build_alias='i386-pc-linux-gnu'
datadir='${prefix}/share'
exec_prefix='${prefix}'
host_alias='i386-pc-linux-gnu'
includedir='${prefix}/include'
infodir='${prefix}/info'
libdir='${exec_prefix}/lib'
libexecdir='${exec_prefix}/libexec'
localstatedir='${prefix}/var'
mandir='${prefix}/man'
oldincludedir='/usr/include'
prefix='/usr'
program_transform_name='s,x,x,'
sbindir='${exec_prefix}/sbin'
sharedstatedir='${prefix}/com'
sysconfdir='${prefix}/etc'
target_alias='i386-pc-linux-gnu'

## ----------- ##
## confdefs.h. ##
## ----------- ##

#define HAVE_ASPRINTF 1
#define HAVE_C99_VSNPRINTF 1
#define HAVE_COMPAR_FN_T 1
#define HAVE_CTYPE_H 1
#define HAVE_DIRENT_H 1
#define HAVE_GETHOSTNAME 1
#define HAVE_INTTYPES_H 1
#define HAVE_MEMORY_H 1
#define HAVE_MKSTEMP 1
#define HAVE_REALPATH 1
#define HAVE_SNPRINTF 1
#define HAVE_STDINT_H 1
#define HAVE_STDLIB_H 1
#define HAVE_STDLIB_H 1
#define HAVE_STRINGS_H 1
#define HAVE_STRINGS_H 1
#define HAVE_STRING_H 1
#define HAVE_STRING_H 1
#define HAVE_SYS_STAT_H 1
#define HAVE_SYS_TYPES_H 1
#define HAVE_SYS_WAIT_H 1
#define HAVE_UNISTD_H 1
#define HAVE_VASPRINTF 1
#define HAVE_VSNPRINTF 1
#define PACKAGE_BUGREPORT ""
#define PACKAGE_NAME ""
#define PACKAGE_STRING ""
#define PACKAGE_TARNAME ""
#define PACKAGE_VERSION ""
#define STDC_HEADERS 1
#define TIME_WITH_SYS_TIME 1
#define _GNU_SOURCE 1

configure: exit 0
