This file contains any messages produced by compilers while
running configure, to aid debugging if configure makes a mistake.

It was created by configure, which was
generated by GNU Autoconf 2.59.  Invocation command line was

  $ /opt/smp86xx/smp86xx_toolchain_2.8.2.0/toolchain_build_mipsel_nofpu/gdb-6.5/sim/configure --cache-file=./config.cache --build=i386-pc-linux-gnu --host=i386-pc-linux-gnu --target=mipsel-linux-uclibc --with-stabs --prefix=/opt/smp86xx/smp86xx_toolchain_2.8.2.0/build_mipsel_nofpu/staging_dir --disable-nls --without-uiout --disable-tui --disable-gdbtk --without-x --without-included-gettext --enable-threads --program-transform-name=s,^,mipsel-linux-uclibc-,;  --srcdir=/opt/smp86xx/smp86xx_toolchain_2.8.2.0/toolchain_build_mipsel_nofpu/gdb-6.5/sim

## --------- ##
## Platform. ##
## --------- ##

hostname = DavidLinux
uname -m = i686
uname -r = 2.6.23.15-80.fc7
uname -s = Linux
uname -v = #1 SMP Sun Feb 10 17:29:10 EST 2008

/usr/bin/uname -p = unknown
/bin/uname -X     = unknown

/bin/arch              = i686
/usr/bin/arch -k       = unknown
/usr/convex/getsysinfo = unknown
hostinfo               = unknown
/bin/machine           = unknown
/usr/bin/oslevel       = unknown
/bin/universe          = unknown

PATH: /usr/lib/qt-3.3/bin
PATH: /usr/kerberos/bin
PATH: /usr/lib/ccache
PATH: /usr/local/bin
PATH: /usr/bin
PATH: /bin
PATH: /home/davidhu/bin
PATH: /home/davidhu/bin


## ----------- ##
## Core tests. ##
## ----------- ##

configure:1199: creating cache ./config.cache
configure:1288: checking for i386-pc-linux-gnu-gcc
configure:1314: result: gcc
configure:1596: checking for C compiler version
configure:1599: gcc --version </dev/null >&5
gcc (GCC) 4.1.2 20070925 (Red Hat 4.1.2-27)
Copyright (C) 2006 Free Software Foundation, Inc.
This is free software; see the source for copying conditions.  There is NO
warranty; not even for MERCHANTABILITY or FITNESS FOR A PARTICULAR PURPOSE.

configure:1602: $? = 0
configure:1604: gcc -v </dev/null >&5
Using built-in specs.
Target: i386-redhat-linux
Configured with: ../configure --prefix=/usr --mandir=/usr/share/man --infodir=/usr/share/info --enable-shared --enable-threads=posix --enable-checking=release --with-system-zlib --enable-__cxa_atexit --disable-libunwind-exceptions --enable-languages=c,c++,objc,obj-c++,java,fortran,ada --enable-java-awt=gtk --disable-dssi --enable-plugin --with-java-home=/usr/lib/jvm/java-1.5.0-gcj-1.5.0.0/jre --enable-libgcj-multifile --enable-java-maintainer-mode --with-ecj-jar=/usr/share/java/eclipse-ecj.jar --with-cpu=generic --host=i386-redhat-linux
Thread model: posix
gcc version 4.1.2 20070925 (Red Hat 4.1.2-27)
configure:1607: $? = 0
configure:1609: gcc -V </dev/null >&5
gcc: '-V' option must have argument
configure:1612: $? = 1
configure:1635: checking for C compiler default output file name
configure:1638: gcc -g -O2   conftest.c  >&5
configure:1641: $? = 0
configure:1687: result: a.out
configure:1692: checking whether the C compiler works
configure:1698: ./a.out
configure:1701: $? = 0
configure:1718: result: yes
configure:1725: checking whether we are cross compiling
configure:1727: result: no
configure:1730: checking for suffix of executables
configure:1732: gcc -o conftest -g -O2   conftest.c  >&5
configure:1735: $? = 0
configure:1760: result: 
configure:1766: checking for suffix of object files
configure:1787: gcc -c -g -O2  conftest.c >&5
configure:1790: $? = 0
configure:1812: result: o
configure:1816: checking whether we are using the GNU C compiler
configure:1840: gcc -c -g -O2  conftest.c >&5
configure:1846: $? = 0
configure:1850: test -z 
			 || test ! -s conftest.err
configure:1853: $? = 0
configure:1856: test -s conftest.o
configure:1859: $? = 0
configure:1872: result: yes
configure:1878: checking whether gcc accepts -g
configure:1899: gcc -c -g  conftest.c >&5
configure:1905: $? = 0
configure:1909: test -z 
			 || test ! -s conftest.err
configure:1912: $? = 0
configure:1915: test -s conftest.o
configure:1918: $? = 0
configure:1929: result: yes
configure:1946: checking for gcc option to accept ANSI C
configure:2016: gcc  -c -g -O2  conftest.c >&5
configure:2022: $? = 0
configure:2026: test -z 
			 || test ! -s conftest.err
configure:2029: $? = 0
configure:2032: test -s conftest.o
configure:2035: $? = 0
configure:2053: result: none needed
configure:2071: gcc -c -g -O2  conftest.c >&5
conftest.c:2: error: expected '=', ',', ';', 'asm' or '__attribute__' before 'me'
configure:2077: $? = 1
configure: failed program was:
| #ifndef __cplusplus
|   choke me
| #endif
configure:2248: checking for a BSD-compatible install
configure:2303: result: /usr/bin/install -c
configure:2317: checking for i386-pc-linux-gnu-ar
configure:2343: result: ar
configure:2396: checking for i386-pc-linux-gnu-ranlib
configure:2422: result: ranlib
configure:2480: checking build system type
configure:2498: result: i386-pc-linux-gnu
configure:2506: checking host system type
configure:2520: result: i386-pc-linux-gnu
configure:2528: checking target system type
configure:2542: result: mipsel-unknown-linux-uclibc
configure:2577: checking for i386-pc-linux-gnu-gcc
configure:2603: result: gcc
configure:2885: checking for C compiler version
configure:2888: gcc --version </dev/null >&5
gcc (GCC) 4.1.2 20070925 (Red Hat 4.1.2-27)
Copyright (C) 2006 Free Software Foundation, Inc.
This is free software; see the source for copying conditions.  There is NO
warranty; not even for MERCHANTABILITY or FITNESS FOR A PARTICULAR PURPOSE.

configure:2891: $? = 0
configure:2893: gcc -v </dev/null >&5
Using built-in specs.
Target: i386-redhat-linux
Configured with: ../configure --prefix=/usr --mandir=/usr/share/man --infodir=/usr/share/info --enable-shared --enable-threads=posix --enable-checking=release --with-system-zlib --enable-__cxa_atexit --disable-libunwind-exceptions --enable-languages=c,c++,objc,obj-c++,java,fortran,ada --enable-java-awt=gtk --disable-dssi --enable-plugin --with-java-home=/usr/lib/jvm/java-1.5.0-gcj-1.5.0.0/jre --enable-libgcj-multifile --enable-java-maintainer-mode --with-ecj-jar=/usr/share/java/eclipse-ecj.jar --with-cpu=generic --host=i386-redhat-linux
Thread model: posix
gcc version 4.1.2 20070925 (Red Hat 4.1.2-27)
configure:2896: $? = 0
configure:2898: gcc -V </dev/null >&5
gcc: '-V' option must have argument
configure:2901: $? = 1
configure:2904: checking whether we are using the GNU C compiler
configure:2960: result: yes
configure:2966: checking whether gcc accepts -g
configure:3017: result: yes
configure:3034: checking for gcc option to accept ANSI C
configure:3141: result: none needed
configure:3159: gcc -c -g -O2  conftest.c >&5
conftest.c:2: error: expected '=', ',', ';', 'asm' or '__attribute__' before 'me'
configure:3165: $? = 1
configure: failed program was:
| #ifndef __cplusplus
|   choke me
| #endif
configure:3305: checking for i386-pc-linux-gnu-ranlib
configure:3331: result: ranlib
configure:3691: creating ./config.status

## ---------------------- ##
## Running config.status. ##
## ---------------------- ##

This file was extended by config.status, which was
generated by GNU Autoconf 2.59.  Invocation command line was

  CONFIG_FILES    = 
  CONFIG_HEADERS  = 
  CONFIG_LINKS    = 
  CONFIG_COMMANDS = 
  $ ./config.status 

on DavidLinux

config.status:659: creating Makefile
configure:4546: configuring in mips
configure:4663: running /bin/sh '/opt/smp86xx/smp86xx_toolchain_2.8.2.0/toolchain_build_mipsel_nofpu/gdb-6.5/sim/mips/configure' --prefix=/opt/smp86xx/smp86xx_toolchain_2.8.2.0/build_mipsel_nofpu/staging_dir  '--cache-file=./config.cache' '--build=i386-pc-linux-gnu' '--host=i386-pc-linux-gnu' '--target=mipsel-linux-uclibc' '--with-stabs' '--prefix=/opt/smp86xx/smp86xx_toolchain_2.8.2.0/build_mipsel_nofpu/staging_dir' '--disable-nls' '--without-uiout' '--disable-tui' '--disable-gdbtk' '--without-x' '--without-included-gettext' '--enable-threads' '--program-transform-name=s,^,mipsel-linux-uclibc-,; ' '--srcdir=/opt/smp86xx/smp86xx_toolchain_2.8.2.0/toolchain_build_mipsel_nofpu/gdb-6.5/sim' 'CC=gcc' 'CFLAGS=-g -O2' 'LDFLAGS=' 'build_alias=i386-pc-linux-gnu' 'host_alias=i386-pc-linux-gnu' 'target_alias=mipsel-linux-uclibc' --cache-file=.././config.cache --srcdir=/opt/smp86xx/smp86xx_toolchain_2.8.2.0/toolchain_build_mipsel_nofpu/gdb-6.5/sim/mips
configure:4546: configuring in testsuite
configure:4663: running /bin/sh '/opt/smp86xx/smp86xx_toolchain_2.8.2.0/toolchain_build_mipsel_nofpu/gdb-6.5/sim/testsuite/configure' --prefix=/opt/smp86xx/smp86xx_toolchain_2.8.2.0/build_mipsel_nofpu/staging_dir  '--cache-file=./config.cache' '--build=i386-pc-linux-gnu' '--host=i386-pc-linux-gnu' '--target=mipsel-linux-uclibc' '--with-stabs' '--prefix=/opt/smp86xx/smp86xx_toolchain_2.8.2.0/build_mipsel_nofpu/staging_dir' '--disable-nls' '--without-uiout' '--disable-tui' '--disable-gdbtk' '--without-x' '--without-included-gettext' '--enable-threads' '--program-transform-name=s,^,mipsel-linux-uclibc-,; ' '--srcdir=/opt/smp86xx/smp86xx_toolchain_2.8.2.0/toolchain_build_mipsel_nofpu/gdb-6.5/sim' 'CC=gcc' 'CFLAGS=-g -O2' 'LDFLAGS=' 'build_alias=i386-pc-linux-gnu' 'host_alias=i386-pc-linux-gnu' 'target_alias=mipsel-linux-uclibc' --cache-file=.././config.cache --srcdir=/opt/smp86xx/smp86xx_toolchain_2.8.2.0/toolchain_build_mipsel_nofpu/gdb-6.5/sim/testsuite
configure:4546: configuring in common
configure:4663: running /bin/sh '/opt/smp86xx/smp86xx_toolchain_2.8.2.0/toolchain_build_mipsel_nofpu/gdb-6.5/sim/common/configure' --prefix=/opt/smp86xx/smp86xx_toolchain_2.8.2.0/build_mipsel_nofpu/staging_dir  '--cache-file=./config.cache' '--build=i386-pc-linux-gnu' '--host=i386-pc-linux-gnu' '--target=mipsel-linux-uclibc' '--with-stabs' '--prefix=/opt/smp86xx/smp86xx_toolchain_2.8.2.0/build_mipsel_nofpu/staging_dir' '--disable-nls' '--without-uiout' '--disable-tui' '--disable-gdbtk' '--without-x' '--without-included-gettext' '--enable-threads' '--program-transform-name=s,^,mipsel-linux-uclibc-,; ' '--srcdir=/opt/smp86xx/smp86xx_toolchain_2.8.2.0/toolchain_build_mipsel_nofpu/gdb-6.5/sim' 'CC=gcc' 'CFLAGS=-g -O2' 'LDFLAGS=' 'build_alias=i386-pc-linux-gnu' 'host_alias=i386-pc-linux-gnu' 'target_alias=mipsel-linux-uclibc' --cache-file=.././config.cache --srcdir=/opt/smp86xx/smp86xx_toolchain_2.8.2.0/toolchain_build_mipsel_nofpu/gdb-6.5/sim/common
configure:4546: configuring in igen
configure:4663: running /bin/sh '/opt/smp86xx/smp86xx_toolchain_2.8.2.0/toolchain_build_mipsel_nofpu/gdb-6.5/sim/igen/configure' --prefix=/opt/smp86xx/smp86xx_toolchain_2.8.2.0/build_mipsel_nofpu/staging_dir  '--cache-file=./config.cache' '--build=i386-pc-linux-gnu' '--host=i386-pc-linux-gnu' '--target=mipsel-linux-uclibc' '--with-stabs' '--prefix=/opt/smp86xx/smp86xx_toolchain_2.8.2.0/build_mipsel_nofpu/staging_dir' '--disable-nls' '--without-uiout' '--disable-tui' '--disable-gdbtk' '--without-x' '--without-included-gettext' '--enable-threads' '--program-transform-name=s,^,mipsel-linux-uclibc-,; ' '--srcdir=/opt/smp86xx/smp86xx_toolchain_2.8.2.0/toolchain_build_mipsel_nofpu/gdb-6.5/sim' 'CC=gcc' 'CFLAGS=-g -O2' 'LDFLAGS=' 'build_alias=i386-pc-linux-gnu' 'host_alias=i386-pc-linux-gnu' 'target_alias=mipsel-linux-uclibc' --cache-file=.././config.cache --srcdir=/opt/smp86xx/smp86xx_toolchain_2.8.2.0/toolchain_build_mipsel_nofpu/gdb-6.5/sim/igen

## ---------------- ##
## Cache variables. ##
## ---------------- ##

ac_cv_build=i386-pc-linux-gnu
ac_cv_build_alias=i386-pc-linux-gnu
ac_cv_c_compiler_gnu=yes
ac_cv_env_CC_set=set
ac_cv_env_CC_value=gcc
ac_cv_env_CFLAGS_set=set
ac_cv_env_CFLAGS_value='-g -O2'
ac_cv_env_CPPFLAGS_set=
ac_cv_env_CPPFLAGS_value=
ac_cv_env_LDFLAGS_set=set
ac_cv_env_LDFLAGS_value=
ac_cv_env_build_alias_set=set
ac_cv_env_build_alias_value=i386-pc-linux-gnu
ac_cv_env_host_alias_set=set
ac_cv_env_host_alias_value=i386-pc-linux-gnu
ac_cv_env_target_alias_set=set
ac_cv_env_target_alias_value=mipsel-linux-uclibc
ac_cv_exeext=
ac_cv_host=i386-pc-linux-gnu
ac_cv_host_alias=i386-pc-linux-gnu
ac_cv_objext=o
ac_cv_prog_AR=ar
ac_cv_prog_CC=gcc
ac_cv_prog_RANLIB=ranlib
ac_cv_prog_cc_g=yes
ac_cv_prog_cc_stdc=
ac_cv_target=mipsel-unknown-linux-uclibc
ac_cv_target_alias=mipsel-linux-uclibc

## ----------------- ##
## Output variables. ##
## ----------------- ##

AR='ar'
CC='gcc'
CC_FOR_BUILD='$(CC)'
CFLAGS='-g -O2'
CFLAGS_FOR_BUILD='-g -O2'
CPPFLAGS=''
DEFS='-DPACKAGE_NAME=\"\" -DPACKAGE_TARNAME=\"\" -DPACKAGE_VERSION=\"\" -DPACKAGE_STRING=\"\" -DPACKAGE_BUGREPORT=\"\" '
ECHO_C=''
ECHO_N='-n'
ECHO_T=''
EXEEXT=''
HDEFINES=''
INSTALL_DATA='/usr/bin/install -c -m 644'
INSTALL_PROGRAM='/usr/bin/install -c'
INSTALL_SCRIPT='/usr/bin/install -c'
LDFLAGS=''
LIBOBJS=''
LIBS=''
LTLIBOBJS=''
OBJEXT='o'
PACKAGE_BUGREPORT=''
PACKAGE_NAME=''
PACKAGE_STRING=''
PACKAGE_TARNAME=''
PACKAGE_VERSION=''
PATH_SEPARATOR=':'
RANLIB='ranlib'
SHELL='/bin/sh'
ac_ct_AR=''
ac_ct_CC=''
ac_ct_RANLIB=''
bindir='${exec_prefix}/bin'
build='i386-pc-linux-gnu'
build_alias='i386-pc-linux-gnu'
build_cpu='i386'
build_os='linux-gnu'
build_vendor='pc'
datadir='${prefix}/share'
exec_prefix='${prefix}'
host='i386-pc-linux-gnu'
host_alias='i386-pc-linux-gnu'
host_cpu='i386'
host_os='linux-gnu'
host_vendor='pc'
includedir='${prefix}/include'
infodir='${prefix}/info'
libdir='${exec_prefix}/lib'
libexecdir='${exec_prefix}/libexec'
localstatedir='${prefix}/var'
mandir='${prefix}/man'
oldincludedir='/usr/include'
prefix='/opt/smp86xx/smp86xx_toolchain_2.8.2.0/build_mipsel_nofpu/staging_dir'
program_transform_name='s,^,mipsel-linux-uclibc-,;'
sbindir='${exec_prefix}/sbin'
sharedstatedir='${prefix}/com'
subdirs=' mips testsuite common igen'
sysconfdir='${prefix}/etc'
target='mipsel-unknown-linux-uclibc'
target_alias='mipsel-linux-uclibc'
target_cpu='mipsel'
target_os='linux-uclibc'
target_vendor='unknown'

## ----------- ##
## confdefs.h. ##
## ----------- ##

#define PACKAGE_BUGREPORT ""
#define PACKAGE_NAME ""
#define PACKAGE_STRING ""
#define PACKAGE_TARNAME ""
#define PACKAGE_VERSION ""

configure: exit 0
