This file contains any messages produced by compilers while
running configure, to aid debugging if configure makes a mistake.

It was created by configure, which was
generated by GNU Autoconf 2.59.  Invocation command line was

  $ /opt/smp86xx/smp86xx_toolchain_2.8.2.0/toolchain_build_mipsel_nofpu/gdb-6.5/bfd/configure --cache-file=./config.cache --build=i386-pc-linux-gnu --host=i386-pc-linux-gnu --target=mipsel-linux-uclibc --with-stabs --prefix=/opt/smp86xx/smp86xx_toolchain_2.8.2.0/build_mipsel_nofpu/staging_dir --disable-nls --without-uiout --disable-tui --disable-gdbtk --without-x --without-included-gettext --enable-threads --program-transform-name=s,^,mipsel-linux-uclibc-,;  --srcdir=/opt/smp86xx/smp86xx_toolchain_2.8.2.0/toolchain_build_mipsel_nofpu/gdb-6.5/bfd

## --------- ##
## Platform. ##
## --------- ##

hostname = DavidLinux
uname -m = i686
uname -r = 2.6.23.15-80.fc7
uname -s = Linux
uname -v = #1 SMP Sun Feb 10 17:29:10 EST 2008

/usr/bin/uname -p = unknown
/bin/uname -X     = unknown

/bin/arch              = i686
/usr/bin/arch -k       = unknown
/usr/convex/getsysinfo = unknown
hostinfo               = unknown
/bin/machine           = unknown
/usr/bin/oslevel       = unknown
/bin/universe          = unknown

PATH: /usr/lib/qt-3.3/bin
PATH: /usr/kerberos/bin
PATH: /usr/lib/ccache
PATH: /usr/local/bin
PATH: /usr/bin
PATH: /bin
PATH: /home/davidhu/bin
PATH: /home/davidhu/bin


## ----------- ##
## Core tests. ##
## ----------- ##

configure:1245: creating cache ./config.cache
configure:1358: checking build system type
configure:1376: result: i386-pc-linux-gnu
configure:1384: checking host system type
configure:1398: result: i386-pc-linux-gnu
configure:1406: checking target system type
configure:1420: result: mipsel-unknown-linux-uclibc
configure:1442: checking for i386-pc-linux-gnu-gcc
configure:1468: result: gcc
configure:1750: checking for C compiler version
configure:1753: gcc --version </dev/null >&5
gcc (GCC) 4.1.2 20070925 (Red Hat 4.1.2-27)
Copyright (C) 2006 Free Software Foundation, Inc.
This is free software; see the source for copying conditions.  There is NO
warranty; not even for MERCHANTABILITY or FITNESS FOR A PARTICULAR PURPOSE.

configure:1756: $? = 0
configure:1758: gcc -v </dev/null >&5
Using built-in specs.
Target: i386-redhat-linux
Configured with: ../configure --prefix=/usr --mandir=/usr/share/man --infodir=/usr/share/info --enable-shared --enable-threads=posix --enable-checking=release --with-system-zlib --enable-__cxa_atexit --disable-libunwind-exceptions --enable-languages=c,c++,objc,obj-c++,java,fortran,ada --enable-java-awt=gtk --disable-dssi --enable-plugin --with-java-home=/usr/lib/jvm/java-1.5.0-gcj-1.5.0.0/jre --enable-libgcj-multifile --enable-java-maintainer-mode --with-ecj-jar=/usr/share/java/eclipse-ecj.jar --with-cpu=generic --host=i386-redhat-linux
Thread model: posix
gcc version 4.1.2 20070925 (Red Hat 4.1.2-27)
configure:1761: $? = 0
configure:1763: gcc -V </dev/null >&5
gcc: '-V' option must have argument
configure:1766: $? = 1
configure:1789: checking for C compiler default output file name
configure:1792: gcc -g -O2   conftest.c  >&5
configure:1795: $? = 0
configure:1841: result: a.out
configure:1846: checking whether the C compiler works
configure:1852: ./a.out
configure:1855: $? = 0
configure:1872: result: yes
configure:1879: checking whether we are cross compiling
configure:1881: result: no
configure:1884: checking for suffix of executables
configure:1886: gcc -o conftest -g -O2   conftest.c  >&5
configure:1889: $? = 0
configure:1914: result: 
configure:1920: checking for suffix of object files
configure:1941: gcc -c -g -O2  conftest.c >&5
configure:1944: $? = 0
configure:1966: result: o
configure:1970: checking whether we are using the GNU C compiler
configure:1994: gcc -c -g -O2  conftest.c >&5
configure:2000: $? = 0
configure:2004: test -z 
			 || test ! -s conftest.err
configure:2007: $? = 0
configure:2010: test -s conftest.o
configure:2013: $? = 0
configure:2026: result: yes
configure:2032: checking whether gcc accepts -g
configure:2053: gcc -c -g  conftest.c >&5
configure:2059: $? = 0
configure:2063: test -z 
			 || test ! -s conftest.err
configure:2066: $? = 0
configure:2069: test -s conftest.o
configure:2072: $? = 0
configure:2083: result: yes
configure:2100: checking for gcc option to accept ANSI C
configure:2170: gcc  -c -g -O2  conftest.c >&5
configure:2176: $? = 0
configure:2180: test -z 
			 || test ! -s conftest.err
configure:2183: $? = 0
configure:2186: test -s conftest.o
configure:2189: $? = 0
configure:2207: result: none needed
configure:2225: gcc -c -g -O2  conftest.c >&5
conftest.c:2: error: expected '=', ',', ';', 'asm' or '__attribute__' before 'me'
configure:2231: $? = 1
configure: failed program was:
| #ifndef __cplusplus
|   choke me
| #endif
configure:2365: checking for library containing strerror
configure:2395: gcc -o conftest -g -O2   conftest.c  >&5
configure:2401: $? = 0
configure:2405: test -z 
			 || test ! -s conftest.err
configure:2408: $? = 0
configure:2411: test -s conftest
configure:2414: $? = 0
configure:2484: result: none required
configure:2506: checking for a BSD-compatible install
configure:2561: result: /usr/bin/install -c
configure:2572: checking whether build environment is sane
configure:2615: result: yes
configure:2680: checking for gawk
configure:2696: found /usr/bin/gawk
configure:2706: result: gawk
configure:2716: checking whether make sets $(MAKE)
configure:2736: result: yes
configure:2766: checking for style of include used by make
configure:2794: result: GNU
configure:2970: checking dependency style of gcc
configure:3060: result: none
configure:3082: checking for i386-pc-linux-gnu-ar
configure:3108: result: ar
configure:3161: checking for i386-pc-linux-gnu-ranlib
configure:3187: result: ranlib
configure:3317: checking for ld used by GCC
configure:3380: result: ld
configure:3389: checking if the linker (ld) is GNU ld
GNU ld version 2.17.50.0.12-4 20070128
configure:3401: result: yes
configure:3406: checking for ld option to reload object files
configure:3413: result: -r
configure:3418: checking for BSD-compatible nm
configure:3454: result: nm
configure:3457: checking whether ln -s works
configure:3461: result: yes
configure:3468: checking how to recognise dependant libraries
configure:3636: result: pass_all
configure:3647: checking the maximum length of command line arguments
configure:3702: result: none
configure:3849: checking for i386-pc-linux-gnu-ranlib
configure:3875: result: ranlib
configure:3929: checking for i386-pc-linux-gnu-strip
configure:3958: result: no
configure:3967: checking for strip
configure:3983: found /usr/bin/strip
configure:3994: result: strip
configure:4297: loading cache ./config.cache
ce PIC
ltconfig:687:checking that gcc PIC flag -fPIC -DPIC works.
ltconfig:697: gcc -c -g -O2 -fPIC -DPIC -DPIC  conftest.c 1>&5
ltconfig:749: checking if gcc static flag -static works
ltconfig:758: gcc -o conftest -g -O2   -static conftest.c  1>&5
ltconfig:780: finding the maximum length of command line arguments
ltconfig:@lineno@: result: 49153
ltconfig:833: checking if gcc supports -c -o file.o
ltconfig:834: gcc -c -g -O2 -o out/conftest2.o  conftest.c 1>&5
ltconfig:887: checking if gcc supports -fno-rtti -fno-exceptions
ltconfig:888: gcc -c -g -O2 -fno-rtti -fno-exceptions -c conftest.c  conftest.c 1>&5
ltconfig:1431: checking if global_symbol_pipe works
ltconfig:1432: gcc -c -g -O2  conftest.c 1>&5
ltconfig:1435: eval "nm conftest.o | sed -n -e 's/^.*[ 	]\([ABCDGISTW][ABCDGISTW]*\)[ 	][ 	]*\(\)\([_A-Za-z][_A-Za-z0-9]*\)$/\1 \2\3 \3/p' > conftest.nm"
ltconfig:1487: gcc -o conftest -g -O2 -fno-builtin   conftest.c conftstm.o 1>&5
configure:4457: checking whether to enable maintainer-specific portions of Makefiles
configure:4466: result: no
configure:4496: checking whether to install libbfd
configure:4509: result: no
configure:4553: checking for i386-pc-linux-gnu-gcc
configure:4579: result: gcc
configure:4861: checking for C compiler version
configure:4864: gcc --version </dev/null >&5
gcc (GCC) 4.1.2 20070925 (Red Hat 4.1.2-27)
Copyright (C) 2006 Free Software Foundation, Inc.
This is free software; see the source for copying conditions.  There is NO
warranty; not even for MERCHANTABILITY or FITNESS FOR A PARTICULAR PURPOSE.

configure:4867: $? = 0
configure:4869: gcc -v </dev/null >&5
Using built-in specs.
Target: i386-redhat-linux
Configured with: ../configure --prefix=/usr --mandir=/usr/share/man --infodir=/usr/share/info --enable-shared --enable-threads=posix --enable-checking=release --with-system-zlib --enable-__cxa_atexit --disable-libunwind-exceptions --enable-languages=c,c++,objc,obj-c++,java,fortran,ada --enable-java-awt=gtk --disable-dssi --enable-plugin --with-java-home=/usr/lib/jvm/java-1.5.0-gcj-1.5.0.0/jre --enable-libgcj-multifile --enable-java-maintainer-mode --with-ecj-jar=/usr/share/java/eclipse-ecj.jar --with-cpu=generic --host=i386-redhat-linux
Thread model: posix
gcc version 4.1.2 20070925 (Red Hat 4.1.2-27)
configure:4872: $? = 0
configure:4874: gcc -V </dev/null >&5
gcc: '-V' option must have argument
configure:4877: $? = 1
configure:4880: checking whether we are using the GNU C compiler
configure:4936: result: yes
configure:4942: checking whether gcc accepts -g
configure:4993: result: yes
configure:5010: checking for gcc option to accept ANSI C
configure:5117: result: none needed
configure:5135: gcc -c -g -O2  conftest.c >&5
conftest.c:2: error: expected '=', ',', ';', 'asm' or '__attribute__' before 'me'
configure:5141: $? = 1
configure: failed program was:
| #ifndef __cplusplus
|   choke me
| #endif
configure:5285: checking for i386-pc-linux-gnu-ranlib
configure:5311: result: ranlib
configure:5367: checking how to run the C preprocessor
configure:5402: gcc -E  conftest.c
configure:5408: $? = 0
configure:5440: gcc -E  conftest.c
conftest.c:12:28: error: ac_nonexistent.h: No such file or directory
configure:5446: $? = 1
configure: failed program was:
| /* confdefs.h.  */
| 
| #define PACKAGE_NAME ""
| #define PACKAGE_TARNAME ""
| #define PACKAGE_VERSION ""
| #define PACKAGE_STRING ""
| #define PACKAGE_BUGREPORT ""
| #define PACKAGE "bfd"
| #define VERSION "2.17.50"
| #define _GNU_SOURCE 1
| /* end confdefs.h.  */
| #include <ac_nonexistent.h>
configure:5485: result: gcc -E
configure:5509: gcc -E  conftest.c
configure:5515: $? = 0
configure:5547: gcc -E  conftest.c
conftest.c:12:28: error: ac_nonexistent.h: No such file or directory
configure:5553: $? = 1
configure: failed program was:
| /* confdefs.h.  */
| 
| #define PACKAGE_NAME ""
| #define PACKAGE_TARNAME ""
| #define PACKAGE_VERSION ""
| #define PACKAGE_STRING ""
| #define PACKAGE_BUGREPORT ""
| #define PACKAGE "bfd"
| #define VERSION "2.17.50"
| #define _GNU_SOURCE 1
| /* end confdefs.h.  */
| #include <ac_nonexistent.h>
configure:5597: checking for egrep
configure:5607: result: grep -E
configure:5612: checking for ANSI C header files
configure:5637: gcc -c -g -O2  conftest.c >&5
configure:5643: $? = 0
configure:5647: test -z 
			 || test ! -s conftest.err
configure:5650: $? = 0
configure:5653: test -s conftest.o
configure:5656: $? = 0
configure:5745: gcc -o conftest -g -O2   conftest.c  >&5
conftest.c: In function 'main':
conftest.c:29: warning: incompatible implicit declaration of built-in function 'exit'
configure:5748: $? = 0
configure:5750: ./conftest
configure:5753: $? = 0
configure:5768: result: yes
configure:5778: checking for an ANSI C-conforming const
configure:5845: gcc -c -g -O2  conftest.c >&5
configure:5851: $? = 0
configure:5855: test -z 
			 || test ! -s conftest.err
configure:5858: $? = 0
configure:5861: test -s conftest.o
configure:5864: $? = 0
configure:5875: result: yes
configure:5885: checking for inline
configure:5906: gcc -c -g -O2  conftest.c >&5
configure:5912: $? = 0
configure:5916: test -z 
			 || test ! -s conftest.err
configure:5919: $? = 0
configure:5922: test -s conftest.o
configure:5925: $? = 0
configure:5937: result: inline
configure:5970: checking for sys/types.h
configure:5986: gcc -c -g -O2  conftest.c >&5
configure:5992: $? = 0
configure:5996: test -z 
			 || test ! -s conftest.err
configure:5999: $? = 0
configure:6002: test -s conftest.o
configure:6005: $? = 0
configure:6016: result: yes
configure:5970: checking for sys/stat.h
configure:5986: gcc -c -g -O2  conftest.c >&5
configure:5992: $? = 0
configure:5996: test -z 
			 || test ! -s conftest.err
configure:5999: $? = 0
configure:6002: test -s conftest.o
configure:6005: $? = 0
configure:6016: result: yes
configure:5970: checking for stdlib.h
configure:5986: gcc -c -g -O2  conftest.c >&5
configure:5992: $? = 0
configure:5996: test -z 
			 || test ! -s conftest.err
configure:5999: $? = 0
configure:6002: test -s conftest.o
configure:6005: $? = 0
configure:6016: result: yes
configure:5970: checking for string.h
configure:5986: gcc -c -g -O2  conftest.c >&5
configure:5992: $? = 0
configure:5996: test -z 
			 || test ! -s conftest.err
configure:5999: $? = 0
configure:6002: test -s conftest.o
configure:6005: $? = 0
configure:6016: result: yes
configure:5970: checking for memory.h
configure:5986: gcc -c -g -O2  conftest.c >&5
configure:5992: $? = 0
configure:5996: test -z 
			 || test ! -s conftest.err
configure:5999: $? = 0
configure:6002: test -s conftest.o
configure:6005: $? = 0
configure:6016: result: yes
configure:5970: checking for strings.h
configure:5986: gcc -c -g -O2  conftest.c >&5
configure:5992: $? = 0
configure:5996: test -z 
			 || test ! -s conftest.err
configure:5999: $? = 0
configure:6002: test -s conftest.o
configure:6005: $? = 0
configure:6016: result: yes
configure:5970: checking for inttypes.h
configure:5986: gcc -c -g -O2  conftest.c >&5
configure:5992: $? = 0
configure:5996: test -z 
			 || test ! -s conftest.err
configure:5999: $? = 0
configure:6002: test -s conftest.o
configure:6005: $? = 0
configure:6016: result: yes
configure:5970: checking for stdint.h
configure:5986: gcc -c -g -O2  conftest.c >&5
configure:5992: $? = 0
configure:5996: test -z 
			 || test ! -s conftest.err
configure:5999: $? = 0
configure:6002: test -s conftest.o
configure:6005: $? = 0
configure:6016: result: yes
configure:5970: checking for unistd.h
configure:5986: gcc -c -g -O2  conftest.c >&5
configure:5992: $? = 0
configure:5996: test -z 
			 || test ! -s conftest.err
configure:5999: $? = 0
configure:6002: test -s conftest.o
configure:6005: $? = 0
configure:6016: result: yes
configure:6028: checking for off_t
configure:6052: gcc -c -g -O2  conftest.c >&5
configure:6058: $? = 0
configure:6062: test -z 
			 || test ! -s conftest.err
configure:6065: $? = 0
configure:6068: test -s conftest.o
configure:6071: $? = 0
configure:6082: result: yes
configure:6094: checking for size_t
configure:6118: gcc -c -g -O2  conftest.c >&5
configure:6124: $? = 0
configure:6128: test -z 
			 || test ! -s conftest.err
configure:6131: $? = 0
configure:6134: test -s conftest.o
configure:6137: $? = 0
configure:6148: result: yes
configure:6162: checking for working alloca.h
configure:6183: gcc -o conftest -g -O2   conftest.c  >&5
configure:6189: $? = 0
configure:6193: test -z 
			 || test ! -s conftest.err
configure:6196: $? = 0
configure:6199: test -s conftest
configure:6202: $? = 0
configure:6214: result: yes
configure:6224: checking for alloca
configure:6265: gcc -o conftest -g -O2   conftest.c  >&5
configure:6271: $? = 0
configure:6275: test -z 
			 || test ! -s conftest.err
configure:6278: $? = 0
configure:6281: test -s conftest
configure:6284: $? = 0
configure:6296: result: yes
configure:6525: checking for stdlib.h
configure:6530: result: yes
configure:6525: checking for unistd.h
configure:6530: result: yes
configure:6674: checking for getpagesize
configure:6731: gcc -o conftest -g -O2   conftest.c  >&5
configure:6737: $? = 0
configure:6741: test -z 
			 || test ! -s conftest.err
configure:6744: $? = 0
configure:6747: test -s conftest
configure:6750: $? = 0
configure:6762: result: yes
configure:6772: checking for working mmap
configure:6914: gcc -o conftest -g -O2   conftest.c  >&5
configure:6917: $? = 0
configure:6919: ./conftest
configure:6922: $? = 0
configure:6936: result: yes
configure:6971: checking argz.h usability
configure:6983: gcc -c -g -O2  conftest.c >&5
configure:6989: $? = 0
configure:6993: test -z 
			 || test ! -s conftest.err
configure:6996: $? = 0
configure:6999: test -s conftest.o
configure:7002: $? = 0
configure:7012: result: yes
configure:7016: checking argz.h presence
configure:7026: gcc -E  conftest.c
configure:7032: $? = 0
configure:7052: result: yes
configure:7087: checking for argz.h
configure:7094: result: yes
configure:6971: checking limits.h usability
configure:6983: gcc -c -g -O2  conftest.c >&5
configure:6989: $? = 0
configure:6993: test -z 
			 || test ! -s conftest.err
configure:6996: $? = 0
configure:6999: test -s conftest.o
configure:7002: $? = 0
configure:7012: result: yes
configure:7016: checking limits.h presence
configure:7026: gcc -E  conftest.c
configure:7032: $? = 0
configure:7052: result: yes
configure:7087: checking for limits.h
configure:7094: result: yes
configure:6971: checking locale.h usability
configure:6983: gcc -c -g -O2  conftest.c >&5
configure:6989: $? = 0
configure:6993: test -z 
			 || test ! -s conftest.err
configure:6996: $? = 0
configure:6999: test -s conftest.o
configure:7002: $? = 0
configure:7012: result: yes
configure:7016: checking locale.h presence
configure:7026: gcc -E  conftest.c
configure:7032: $? = 0
configure:7052: result: yes
configure:7087: checking for locale.h
configure:7094: result: yes
configure:6971: checking nl_types.h usability
configure:6983: gcc -c -g -O2  conftest.c >&5
configure:6989: $? = 0
configure:6993: test -z 
			 || test ! -s conftest.err
configure:6996: $? = 0
configure:6999: test -s conftest.o
configure:7002: $? = 0
configure:7012: result: yes
configure:7016: checking nl_types.h presence
configure:7026: gcc -E  conftest.c
configure:7032: $? = 0
configure:7052: result: yes
configure:7087: checking for nl_types.h
configure:7094: result: yes
configure:6971: checking malloc.h usability
configure:6983: gcc -c -g -O2  conftest.c >&5
configure:6989: $? = 0
configure:6993: test -z 
			 || test ! -s conftest.err
configure:6996: $? = 0
configure:6999: test -s conftest.o
configure:7002: $? = 0
configure:7012: result: yes
configure:7016: checking malloc.h presence
configure:7026: gcc -E  conftest.c
configure:7032: $? = 0
configure:7052: result: yes
configure:7087: checking for malloc.h
configure:7094: result: yes
configure:6962: checking for string.h
configure:6967: result: yes
configure:6962: checking for unistd.h
configure:6967: result: yes
configure:6971: checking values.h usability
configure:6983: gcc -c -g -O2  conftest.c >&5
configure:6989: $? = 0
configure:6993: test -z 
			 || test ! -s conftest.err
configure:6996: $? = 0
configure:6999: test -s conftest.o
configure:7002: $? = 0
configure:7012: result: yes
configure:7016: checking values.h presence
configure:7026: gcc -E  conftest.c
configure:7032: $? = 0
configure:7052: result: yes
configure:7087: checking for values.h
configure:7094: result: yes
configure:6971: checking sys/param.h usability
configure:6983: gcc -c -g -O2  conftest.c >&5
configure:6989: $? = 0
configure:6993: test -z 
			 || test ! -s conftest.err
configure:6996: $? = 0
configure:6999: test -s conftest.o
configure:7002: $? = 0
configure:7012: result: yes
configure:7016: checking sys/param.h presence
configure:7026: gcc -E  conftest.c
configure:7032: $? = 0
configure:7052: result: yes
configure:7087: checking for sys/param.h
configure:7094: result: yes
configure:7121: checking for getcwd
configure:7178: gcc -o conftest -g -O2   conftest.c  >&5
configure:7184: $? = 0
configure:7188: test -z 
			 || test ! -s conftest.err
configure:7191: $? = 0
configure:7194: test -s conftest
configure:7197: $? = 0
configure:7209: result: yes
configure:7121: checking for munmap
configure:7178: gcc -o conftest -g -O2   conftest.c  >&5
configure:7184: $? = 0
configure:7188: test -z 
			 || test ! -s conftest.err
configure:7191: $? = 0
configure:7194: test -s conftest
configure:7197: $? = 0
configure:7209: result: yes
configure:7121: checking for putenv
configure:7178: gcc -o conftest -g -O2   conftest.c  >&5
configure:7184: $? = 0
configure:7188: test -z 
			 || test ! -s conftest.err
configure:7191: $? = 0
configure:7194: test -s conftest
configure:7197: $? = 0
configure:7209: result: yes
configure:7121: checking for setenv
configure:7178: gcc -o conftest -g -O2   conftest.c  >&5
configure:7184: $? = 0
configure:7188: test -z 
			 || test ! -s conftest.err
configure:7191: $? = 0
configure:7194: test -s conftest
configure:7197: $? = 0
configure:7209: result: yes
configure:7121: checking for setlocale
configure:7178: gcc -o conftest -g -O2   conftest.c  >&5
configure:7184: $? = 0
configure:7188: test -z 
			 || test ! -s conftest.err
configure:7191: $? = 0
configure:7194: test -s conftest
configure:7197: $? = 0
configure:7209: result: yes
configure:7121: checking for strchr
configure:7178: gcc -o conftest -g -O2   conftest.c  >&5
conftest.c:66: warning: conflicting types for built-in function 'strchr'
configure:7184: $? = 0
configure:7188: test -z 
			 || test ! -s conftest.err
configure:7191: $? = 0
configure:7194: test -s conftest
configure:7197: $? = 0
configure:7209: result: yes
configure:7121: checking for strcasecmp
configure:7178: gcc -o conftest -g -O2   conftest.c  >&5
conftest.c:67: warning: conflicting types for built-in function 'strcasecmp'
configure:7184: $? = 0
configure:7188: test -z 
			 || test ! -s conftest.err
configure:7191: $? = 0
configure:7194: test -s conftest
configure:7197: $? = 0
configure:7209: result: yes
configure:7121: checking for __argz_count
configure:7178: gcc -o conftest -g -O2   conftest.c  >&5
configure:7184: $? = 0
configure:7188: test -z 
			 || test ! -s conftest.err
configure:7191: $? = 0
configure:7194: test -s conftest
configure:7197: $? = 0
configure:7209: result: yes
configure:7121: checking for __argz_stringify
configure:7178: gcc -o conftest -g -O2   conftest.c  >&5
configure:7184: $? = 0
configure:7188: test -z 
			 || test ! -s conftest.err
configure:7191: $? = 0
configure:7194: test -s conftest
configure:7197: $? = 0
configure:7209: result: yes
configure:7121: checking for __argz_next
configure:7178: gcc -o conftest -g -O2   conftest.c  >&5
configure:7184: $? = 0
configure:7188: test -z 
			 || test ! -s conftest.err
configure:7191: $? = 0
configure:7194: test -s conftest
configure:7197: $? = 0
configure:7209: result: yes
configure:7225: checking for stpcpy
configure:7282: gcc -o conftest -g -O2   conftest.c  >&5
conftest.c:71: warning: conflicting types for built-in function 'stpcpy'
configure:7288: $? = 0
configure:7292: test -z 
			 || test ! -s conftest.err
configure:7295: $? = 0
configure:7298: test -s conftest
configure:7301: $? = 0
configure:7313: result: yes
configure:7333: checking for LC_MESSAGES
configure:7354: gcc -o conftest -g -O2   conftest.c  >&5
configure:7360: $? = 0
configure:7364: test -z 
			 || test ! -s conftest.err
configure:7367: $? = 0
configure:7370: test -s conftest
configure:7373: $? = 0
configure:7385: result: yes
configure:7395: checking whether NLS is requested
configure:7404: result: no
configure:8442: checking for a BSD-compatible install
configure:8497: result: /usr/bin/install -c
configure:8515: checking for long long
configure:8536: gcc -c -g -O2  conftest.c >&5
configure:8542: $? = 0
configure:8546: test -z 
			 || test ! -s conftest.err
configure:8549: $? = 0
configure:8552: test -s conftest.o
configure:8555: $? = 0
configure:8567: result: yes
configure:8571: checking for long long
configure:8595: gcc -c -g -O2  conftest.c >&5
configure:8601: $? = 0
configure:8605: test -z 
			 || test ! -s conftest.err
configure:8608: $? = 0
configure:8611: test -s conftest.o
configure:8614: $? = 0
configure:8625: result: yes
configure:8628: checking size of long long
configure:8947: gcc -o conftest -g -O2   conftest.c  >&5
configure:8950: $? = 0
configure:8952: ./conftest
configure:8955: $? = 0
configure:8978: result: 8
configure:8987: checking for long
configure:9011: gcc -c -g -O2  conftest.c >&5
configure:9017: $? = 0
configure:9021: test -z 
			 || test ! -s conftest.err
configure:9024: $? = 0
configure:9027: test -s conftest.o
configure:9030: $? = 0
configure:9041: result: yes
configure:9044: checking size of long
configure:9363: gcc -o conftest -g -O2   conftest.c  >&5
configure:9366: $? = 0
configure:9368: ./conftest
configure:9371: $? = 0
configure:9394: result: 4
configure:9480: checking stddef.h usability
configure:9492: gcc -c -g -O2  conftest.c >&5
configure:9498: $? = 0
configure:9502: test -z 
			 || test ! -s conftest.err
configure:9505: $? = 0
configure:9508: test -s conftest.o
configure:9511: $? = 0
configure:9521: result: yes
configure:9525: checking stddef.h presence
configure:9535: gcc -E  conftest.c
configure:9541: $? = 0
configure:9561: result: yes
configure:9596: checking for stddef.h
configure:9603: result: yes
configure:9471: checking for string.h
configure:9476: result: yes
configure:9471: checking for strings.h
configure:9476: result: yes
configure:9471: checking for stdlib.h
configure:9476: result: yes
configure:9480: checking time.h usability
configure:9492: gcc -c -g -O2  conftest.c >&5
configure:9498: $? = 0
configure:9502: test -z 
			 || test ! -s conftest.err
configure:9505: $? = 0
configure:9508: test -s conftest.o
configure:9511: $? = 0
configure:9521: result: yes
configure:9525: checking time.h presence
configure:9535: gcc -E  conftest.c
configure:9541: $? = 0
configure:9561: result: yes
configure:9596: checking for time.h
configure:9603: result: yes
configure:9471: checking for unistd.h
configure:9476: result: yes
configure:9632: checking fcntl.h usability
configure:9644: gcc -c -g -O2  conftest.c >&5
configure:9650: $? = 0
configure:9654: test -z 
			 || test ! -s conftest.err
configure:9657: $? = 0
configure:9660: test -s conftest.o
configure:9663: $? = 0
configure:9673: result: yes
configure:9677: checking fcntl.h presence
configure:9687: gcc -E  conftest.c
configure:9693: $? = 0
configure:9713: result: yes
configure:9748: checking for fcntl.h
configure:9755: result: yes
configure:9632: checking sys/file.h usability
configure:9644: gcc -c -g -O2  conftest.c >&5
configure:9650: $? = 0
configure:9654: test -z 
			 || test ! -s conftest.err
configure:9657: $? = 0
configure:9660: test -s conftest.o
configure:9663: $? = 0
configure:9673: result: yes
configure:9677: checking sys/file.h presence
configure:9687: gcc -E  conftest.c
configure:9693: $? = 0
configure:9713: result: yes
configure:9748: checking for sys/file.h
configure:9755: result: yes
configure:9632: checking sys/time.h usability
configure:9644: gcc -c -g -O2  conftest.c >&5
configure:9650: $? = 0
configure:9654: test -z 
			 || test ! -s conftest.err
configure:9657: $? = 0
configure:9660: test -s conftest.o
configure:9663: $? = 0
configure:9673: result: yes
configure:9677: checking sys/time.h presence
configure:9687: gcc -E  conftest.c
configure:9693: $? = 0
configure:9713: result: yes
configure:9748: checking for sys/time.h
configure:9755: result: yes
configure:9768: checking whether time.h and sys/time.h may both be included
configure:9793: gcc -c -g -O2  conftest.c >&5
configure:9799: $? = 0
configure:9803: test -z 
			 || test ! -s conftest.err
configure:9806: $? = 0
configure:9809: test -s conftest.o
configure:9812: $? = 0
configure:9823: result: yes
configure:9841: checking for dirent.h that defines DIR
configure:9865: gcc -c -g -O2  conftest.c >&5
configure:9871: $? = 0
configure:9875: test -z 
			 || test ! -s conftest.err
configure:9878: $? = 0
configure:9881: test -s conftest.o
configure:9884: $? = 0
configure:9895: result: yes
configure:9908: checking for library containing opendir
configure:9938: gcc -o conftest -g -O2   conftest.c  >&5
configure:9944: $? = 0
configure:9948: test -z 
			 || test ! -s conftest.err
configure:9951: $? = 0
configure:9954: test -s conftest
configure:9957: $? = 0
configure:10027: result: none required
configure:10163: checking whether string.h and strings.h may both be included
configure:10185: gcc -c -g -O2  conftest.c >&5
configure:10191: $? = 0
configure:10195: test -z 
			 || test ! -s conftest.err
configure:10198: $? = 0
configure:10201: test -s conftest.o
configure:10204: $? = 0
configure:10215: result: yes
configure:10235: checking for fcntl
configure:10292: gcc -o conftest -g -O2   conftest.c  >&5
configure:10298: $? = 0
configure:10302: test -z 
			 || test ! -s conftest.err
configure:10305: $? = 0
configure:10308: test -s conftest
configure:10311: $? = 0
configure:10323: result: yes
configure:10235: checking for getpagesize
configure:10323: result: yes
configure:10235: checking for setitimer
configure:10292: gcc -o conftest -g -O2   conftest.c  >&5
configure:10298: $? = 0
configure:10302: test -z 
			 || test ! -s conftest.err
configure:10305: $? = 0
configure:10308: test -s conftest
configure:10311: $? = 0
configure:10323: result: yes
configure:10235: checking for sysconf
configure:10292: gcc -o conftest -g -O2   conftest.c  >&5
configure:10298: $? = 0
configure:10302: test -z 
			 || test ! -s conftest.err
configure:10305: $? = 0
configure:10308: test -s conftest
configure:10311: $? = 0
configure:10323: result: yes
configure:10235: checking for fdopen
configure:10292: gcc -o conftest -g -O2   conftest.c  >&5
configure:10298: $? = 0
configure:10302: test -z 
			 || test ! -s conftest.err
configure:10305: $? = 0
configure:10308: test -s conftest
configure:10311: $? = 0
configure:10323: result: yes
configure:10235: checking for getuid
configure:10292: gcc -o conftest -g -O2   conftest.c  >&5
configure:10298: $? = 0
configure:10302: test -z 
			 || test ! -s conftest.err
configure:10305: $? = 0
configure:10308: test -s conftest
configure:10311: $? = 0
configure:10323: result: yes
configure:10235: checking for getgid
configure:10292: gcc -o conftest -g -O2   conftest.c  >&5
configure:10298: $? = 0
configure:10302: test -z 
			 || test ! -s conftest.err
configure:10305: $? = 0
configure:10308: test -s conftest
configure:10311: $? = 0
configure:10323: result: yes
configure:10337: checking for strtoull
configure:10394: gcc -o conftest -g -O2   conftest.c  >&5
configure:10400: $? = 0
configure:10404: test -z 
			 || test ! -s conftest.err
configure:10407: $? = 0
configure:10410: test -s conftest
configure:10413: $? = 0
configure:10425: result: yes
configure:10436: checking whether basename is declared
configure:10460: gcc -c -g -O2  conftest.c >&5
configure:10466: $? = 0
configure:10470: test -z 
			 || test ! -s conftest.err
configure:10473: $? = 0
configure:10476: test -s conftest.o
configure:10479: $? = 0
configure:10490: result: yes
configure:10508: checking whether ftello is declared
configure:10532: gcc -c -g -O2  conftest.c >&5
configure:10538: $? = 0
configure:10542: test -z 
			 || test ! -s conftest.err
configure:10545: $? = 0
configure:10548: test -s conftest.o
configure:10551: $? = 0
configure:10562: result: yes
configure:10580: checking whether ftello64 is declared
configure:10604: gcc -c -g -O2  conftest.c >&5
configure:10610: $? = 0
configure:10614: test -z 
			 || test ! -s conftest.err
configure:10617: $? = 0
configure:10620: test -s conftest.o
configure:10623: $? = 0
configure:10634: result: yes
configure:10652: checking whether fseeko is declared
configure:10676: gcc -c -g -O2  conftest.c >&5
configure:10682: $? = 0
configure:10686: test -z 
			 || test ! -s conftest.err
configure:10689: $? = 0
configure:10692: test -s conftest.o
configure:10695: $? = 0
configure:10706: result: yes
configure:10724: checking whether fseeko64 is declared
configure:10748: gcc -c -g -O2  conftest.c >&5
configure:10754: $? = 0
configure:10758: test -z 
			 || test ! -s conftest.err
configure:10761: $? = 0
configure:10764: test -s conftest.o
configure:10767: $? = 0
configure:10778: result: yes
configure:10807: checking whether ffs is declared
configure:10831: gcc -c -g -O2  conftest.c >&5
configure:10837: $? = 0
configure:10841: test -z 
			 || test ! -s conftest.err
configure:10844: $? = 0
configure:10847: test -s conftest.o
configure:10850: $? = 0
configure:10861: result: yes
configure:10879: checking whether free is declared
configure:10903: gcc -c -g -O2  conftest.c >&5
configure:10909: $? = 0
configure:10913: test -z 
			 || test ! -s conftest.err
configure:10916: $? = 0
configure:10919: test -s conftest.o
configure:10922: $? = 0
configure:10933: result: yes
configure:10951: checking whether getenv is declared
configure:10975: gcc -c -g -O2  conftest.c >&5
configure:10981: $? = 0
configure:10985: test -z 
			 || test ! -s conftest.err
configure:10988: $? = 0
configure:10991: test -s conftest.o
configure:10994: $? = 0
configure:11005: result: yes
configure:11023: checking whether malloc is declared
configure:11047: gcc -c -g -O2  conftest.c >&5
configure:11053: $? = 0
configure:11057: test -z 
			 || test ! -s conftest.err
configure:11060: $? = 0
configure:11063: test -s conftest.o
configure:11066: $? = 0
configure:11077: result: yes
configure:11095: checking whether realloc is declared
configure:11119: gcc -c -g -O2  conftest.c >&5
configure:11125: $? = 0
configure:11129: test -z 
			 || test ! -s conftest.err
configure:11132: $? = 0
configure:11135: test -s conftest.o
configure:11138: $? = 0
configure:11149: result: yes
configure:11167: checking whether stpcpy is declared
configure:11191: gcc -c -g -O2  conftest.c >&5
configure:11197: $? = 0
configure:11201: test -z 
			 || test ! -s conftest.err
configure:11204: $? = 0
configure:11207: test -s conftest.o
configure:11210: $? = 0
configure:11221: result: yes
configure:11239: checking whether strstr is declared
configure:11263: gcc -c -g -O2  conftest.c >&5
configure:11269: $? = 0
configure:11273: test -z 
			 || test ! -s conftest.err
configure:11276: $? = 0
configure:11279: test -s conftest.o
configure:11282: $? = 0
configure:11293: result: yes
configure:11311: checking whether snprintf is declared
configure:11335: gcc -c -g -O2  conftest.c >&5
configure:11341: $? = 0
configure:11345: test -z 
			 || test ! -s conftest.err
configure:11348: $? = 0
configure:11351: test -s conftest.o
configure:11354: $? = 0
configure:11365: result: yes
configure:11383: checking whether vsnprintf is declared
configure:11407: gcc -c -g -O2  conftest.c >&5
configure:11413: $? = 0
configure:11417: test -z 
			 || test ! -s conftest.err
configure:11420: $? = 0
configure:11423: test -s conftest.o
configure:11426: $? = 0
configure:11437: result: yes
configure:13397: checking for gcc version with buggy 64-bit support
configure:13414: result: no
configure:13453: checking for ftello
configure:13510: gcc -o conftest -g -O2   conftest.c  >&5
configure:13516: $? = 0
configure:13520: test -z 
			 || test ! -s conftest.err
configure:13523: $? = 0
configure:13526: test -s conftest
configure:13529: $? = 0
configure:13541: result: yes
configure:13453: checking for ftello64
configure:13510: gcc -o conftest -g -O2   conftest.c  >&5
configure:13516: $? = 0
configure:13520: test -z 
			 || test ! -s conftest.err
configure:13523: $? = 0
configure:13526: test -s conftest
configure:13529: $? = 0
configure:13541: result: yes
configure:13453: checking for fseeko
configure:13510: gcc -o conftest -g -O2   conftest.c  >&5
configure:13516: $? = 0
configure:13520: test -z 
			 || test ! -s conftest.err
configure:13523: $? = 0
configure:13526: test -s conftest
configure:13529: $? = 0
configure:13541: result: yes
configure:13453: checking for fseeko64
configure:13510: gcc -o conftest -g -O2   conftest.c  >&5
configure:13516: $? = 0
configure:13520: test -z 
			 || test ! -s conftest.err
configure:13523: $? = 0
configure:13526: test -s conftest
configure:13529: $? = 0
configure:13541: result: yes
configure:13453: checking for fopen64
configure:13510: gcc -o conftest -g -O2   conftest.c  >&5
configure:13516: $? = 0
configure:13520: test -z 
			 || test ! -s conftest.err
configure:13523: $? = 0
configure:13526: test -s conftest
configure:13529: $? = 0
configure:13541: result: yes
configure:13552: checking for off_t
configure:13606: result: yes
configure:13609: checking size of off_t
configure:13928: gcc -o conftest -g -O2   conftest.c  >&5
configure:13931: $? = 0
configure:13933: ./conftest
configure:13936: $? = 0
configure:13959: result: 4
configure:13967: checking file_ptr type
configure:13976: result: BFD_HOST_64_BIT
configure:13996: checking for stdlib.h
configure:14001: result: yes
configure:13996: checking for unistd.h
configure:14001: result: yes
configure:14145: checking for getpagesize
configure:14233: result: yes
configure:14243: checking for working mmap
configure:14407: result: yes
configure:14423: checking for madvise
configure:14480: gcc -o conftest -g -O2   conftest.c  >&5
configure:14486: $? = 0
configure:14490: test -z 
			 || test ! -s conftest.err
configure:14493: $? = 0
configure:14496: test -s conftest
configure:14499: $? = 0
configure:14511: result: yes
configure:14423: checking for mprotect
configure:14480: gcc -o conftest -g -O2   conftest.c  >&5
configure:14486: $? = 0
configure:14490: test -z 
			 || test ! -s conftest.err
configure:14493: $? = 0
configure:14496: test -s conftest
configure:14499: $? = 0
configure:14511: result: yes
configure:14662: creating ./config.status

## ---------------------- ##
## Running config.status. ##
## ---------------------- ##

This file was extended by config.status, which was
generated by GNU Autoconf 2.59.  Invocation command line was

  CONFIG_FILES    = 
  CONFIG_HEADERS  = 
  CONFIG_LINKS    = 
  CONFIG_COMMANDS = 
  $ ./config.status 

on DavidLinux

config.status:769: creating Makefile
config.status:769: creating doc/Makefile
config.status:769: creating bfd-in3.h
config.status:769: creating po/Makefile.in
config.status:866: creating config.h
config.status:1340: executing depfiles commands
config.status:1340: executing default commands

## ---------------- ##
## Cache variables. ##
## ---------------- ##

ac_cv_archive_cmds_needs_lc=yes
ac_cv_build=i386-pc-linux-gnu
ac_cv_build_alias=i386-pc-linux-gnu
ac_cv_c_compiler_gnu=yes
ac_cv_c_const=yes
ac_cv_c_inline=inline
ac_cv_env_CC_set=set
ac_cv_env_CC_value=gcc
ac_cv_env_CFLAGS_set=set
ac_cv_env_CFLAGS_value='-g -O2'
ac_cv_env_CPPFLAGS_set=
ac_cv_env_CPPFLAGS_value=
ac_cv_env_CPP_set=
ac_cv_env_CPP_value=
ac_cv_env_LDFLAGS_set=set
ac_cv_env_LDFLAGS_value=
ac_cv_env_build_alias_set=set
ac_cv_env_build_alias_value=i386-pc-linux-gnu
ac_cv_env_host_alias_set=set
ac_cv_env_host_alias_value=i386-pc-linux-gnu
ac_cv_env_target_alias_set=set
ac_cv_env_target_alias_value=mipsel-linux-uclibc
ac_cv_exeext=
ac_cv_func___argz_count=yes
ac_cv_func___argz_next=yes
ac_cv_func___argz_stringify=yes
ac_cv_func_alloca_works=yes
ac_cv_func_fcntl=yes
ac_cv_func_fdopen=yes
ac_cv_func_fopen64=yes
ac_cv_func_fseeko=yes
ac_cv_func_fseeko64=yes
ac_cv_func_ftello=yes
ac_cv_func_ftello64=yes
ac_cv_func_getcwd=yes
ac_cv_func_getgid=yes
ac_cv_func_getpagesize=yes
ac_cv_func_getuid=yes
ac_cv_func_madvise=yes
ac_cv_func_mmap_fixed_mapped=yes
ac_cv_func_mprotect=yes
ac_cv_func_munmap=yes
ac_cv_func_putenv=yes
ac_cv_func_setenv=yes
ac_cv_func_setitimer=yes
ac_cv_func_setlocale=yes
ac_cv_func_stpcpy=yes
ac_cv_func_strcasecmp=yes
ac_cv_func_strchr=yes
ac_cv_func_strtoull=yes
ac_cv_func_sysconf=yes
ac_cv_have_decl_basename=yes
ac_cv_have_decl_ffs=yes
ac_cv_have_decl_free=yes
ac_cv_have_decl_fseeko=yes
ac_cv_have_decl_fseeko64=yes
ac_cv_have_decl_ftello=yes
ac_cv_have_decl_ftello64=yes
ac_cv_have_decl_getenv=yes
ac_cv_have_decl_malloc=yes
ac_cv_have_decl_realloc=yes
ac_cv_have_decl_snprintf=yes
ac_cv_have_decl_stpcpy=yes
ac_cv_have_decl_strstr=yes
ac_cv_have_decl_vsnprintf=yes
ac_cv_header_argz_h=yes
ac_cv_header_dirent_dirent_h=yes
ac_cv_header_fcntl_h=yes
ac_cv_header_inttypes_h=yes
ac_cv_header_limits_h=yes
ac_cv_header_locale_h=yes
ac_cv_header_malloc_h=yes
ac_cv_header_memory_h=yes
ac_cv_header_nl_types_h=yes
ac_cv_header_stdc=yes
ac_cv_header_stddef_h=yes
ac_cv_header_stdint_h=yes
ac_cv_header_stdlib_h=yes
ac_cv_header_string_h=yes
ac_cv_header_strings_h=yes
ac_cv_header_sys_file_h=yes
ac_cv_header_sys_param_h=yes
ac_cv_header_sys_stat_h=yes
ac_cv_header_sys_time_h=yes
ac_cv_header_sys_types_h=yes
ac_cv_header_time=yes
ac_cv_header_time_h=yes
ac_cv_header_unistd_h=yes
ac_cv_header_values_h=yes
ac_cv_host=i386-pc-linux-gnu
ac_cv_host_alias=i386-pc-linux-gnu
ac_cv_objext=o
ac_cv_prog_AR=ar
ac_cv_prog_AWK=gawk
ac_cv_prog_CC=gcc
ac_cv_prog_CPP='gcc -E'
ac_cv_prog_RANLIB=ranlib
ac_cv_prog_ac_ct_STRIP=strip
ac_cv_prog_cc_can_build_shared=yes
ac_cv_prog_cc_g=yes
ac_cv_prog_cc_no_builtin=
ac_cv_prog_cc_pic=' -fPIC -DPIC'
ac_cv_prog_cc_pic_works=yes
ac_cv_prog_cc_shlib=
ac_cv_prog_cc_static=-static
ac_cv_prog_cc_static_works=yes
ac_cv_prog_cc_stdc=
ac_cv_prog_cc_wl=-Wl,
ac_cv_prog_egrep='grep -E'
ac_cv_prog_make_make_set=yes
ac_cv_search_opendir='none required'
ac_cv_search_strerror='none required'
ac_cv_sizeof_long=4
ac_cv_sizeof_long_long=8
ac_cv_sizeof_off_t=4
ac_cv_target=mipsel-unknown-linux-uclibc
ac_cv_target_alias=mipsel-linux-uclibc
ac_cv_type_long=yes
ac_cv_type_long_long=yes
ac_cv_type_off_t=yes
ac_cv_type_size_t=yes
ac_cv_working_alloca_h=yes
am_cv_CC_dependencies_compiler_type=none
am_cv_val_LC_MESSAGES=yes
bfd_cv_has_long_long=yes
gcc_cv_header_string=yes
lt_cv_compiler_c_o=yes
lt_cv_deplibs_check_method=pass_all
lt_cv_file_magic_cmd='$MAGIC_CMD'
lt_cv_file_magic_test_file=
lt_cv_ld_reload_flag=-r
lt_cv_path_LD=ld
lt_cv_path_NM=nm
lt_cv_prog_gnu_ld=yes
lt_cv_sys_max_cmd_len=49153
nls_cv_header_intl=libintl.h
nls_cv_header_libgt=libgettext.h

## ----------------- ##
## Output variables. ##
## ----------------- ##

ACLOCAL='${SHELL} /opt/smp86xx/smp86xx_toolchain_2.8.2.0/toolchain_build_mipsel_nofpu/gdb-6.5/missing --run aclocal-1.9'
ALLOCA=''
AMDEPBACKSLASH='\'
AMDEP_FALSE='#'
AMDEP_TRUE=''
AMTAR='${SHELL} /opt/smp86xx/smp86xx_toolchain_2.8.2.0/toolchain_build_mipsel_nofpu/gdb-6.5/missing --run tar'
AR='ar'
AUTOCONF='${SHELL} /opt/smp86xx/smp86xx_toolchain_2.8.2.0/toolchain_build_mipsel_nofpu/gdb-6.5/missing --run autoconf'
AUTOHEADER='${SHELL} /opt/smp86xx/smp86xx_toolchain_2.8.2.0/toolchain_build_mipsel_nofpu/gdb-6.5/missing --run autoheader'
AUTOMAKE='${SHELL} /opt/smp86xx/smp86xx_toolchain_2.8.2.0/toolchain_build_mipsel_nofpu/gdb-6.5/missing --run automake-1.9'
AWK='gawk'
BFD_HOST_64BIT_LONG='0'
BFD_HOST_64_BIT='long long'
BFD_HOST_64_BIT_DEFINED='1'
BFD_HOST_LONG_LONG='1'
BFD_HOST_U_64_BIT='unsigned long long'
CATALOGS=''
CATOBJEXT=''
CC='gcc'
CCDEPMODE='depmode=none'
CC_FOR_BUILD='gcc'
CFLAGS='-g -O2'
COREFILE=''
COREFLAG=''
CPP='gcc -E'
CPPFLAGS=''
CYGPATH_W='echo'
DATADIRNAME='share'
DEFS='-DHAVE_CONFIG_H'
DEPDIR='.deps'
ECHO_C=''
ECHO_N='-n'
ECHO_T=''
EGREP='grep -E'
EXEEXT=''
EXEEXT_FOR_BUILD='$(EXEEXT)'
GMOFILES=' fr.gmo tr.gmo ja.gmo es.gmo sv.gmo da.gmo zh_CN.gmo ro.gmo rw.gmo vi.gmo'
GMSGFMT=''
GT_NO=''
GT_YES='#YES#'
HDEFINES=''
INCLUDE_LOCALE_H='#include <locale.h>'
INSTALL_DATA='/usr/bin/install -c -m 644'
INSTALL_LIBBFD_FALSE=''
INSTALL_LIBBFD_TRUE='#'
INSTALL_PROGRAM='/usr/bin/install -c'
INSTALL_SCRIPT='/usr/bin/install -c'
INSTALL_STRIP_PROGRAM='${SHELL} $(install_sh) -c -s'
INSTOBJEXT=''
INTLDEPS=''
INTLLIBS=''
INTLOBJS=''
LDFLAGS=''
LIBOBJS=''
LIBS=''
LIBTOOL='$(SHELL) $(top_builddir)/libtool'
LN_S='ln -s'
LTLIBOBJS=''
MAINT='#'
MAINTAINER_MODE_FALSE=''
MAINTAINER_MODE_TRUE='#'
MAKEINFO='/opt/smp86xx/smp86xx_toolchain_2.8.2.0/toolchain_build_mipsel_nofpu/gdb-6.5/missing makeinfo --split-size=5000000'
MKINSTALLDIRS='$(srcdir)/../../mkinstalldirs'
MSGFMT=''
NO_WERROR='-Wno-error'
OBJEXT='o'
PACKAGE='bfd'
PACKAGE_BUGREPORT=''
PACKAGE_NAME=''
PACKAGE_STRING=''
PACKAGE_TARNAME=''
PACKAGE_VERSION=''
PATH_SEPARATOR=':'
POFILES=' fr.po tr.po ja.po es.po sv.po da.po zh_CN.po ro.po rw.po vi.po'
POSUB=''
RANLIB='ranlib'
SET_MAKE=''
SHELL='/bin/sh'
STRIP='strip'
TDEFINES=' '
USE_INCLUDED_LIBINTL='no'
USE_NLS='no'
VERSION='2.17.50'
WARN_CFLAGS='-W -Wall -Wstrict-prototypes -Wmissing-prototypes -Werror'
WIN32LDFLAGS=''
WIN32LIBADD=''
XGETTEXT=''
ac_ct_AR=''
ac_ct_CC=''
ac_ct_RANLIB=''
ac_ct_STRIP='strip'
all_backends='$(BFD64_BACKENDS) $(BFD32_BACKENDS)'
am__fastdepCC_FALSE=''
am__fastdepCC_TRUE='#'
am__include='include'
am__leading_dot='.'
am__quote=''
am__tar='${AMTAR} chof - "$$tardir"'
am__untar='${AMTAR} xf -'
bfd_backends=' elf32-mips.lo elfxx-mips.lo elf-vxworks.lo elf32.lo elf.lo elflink.lo elf-strtab.lo elf-eh-frame.lo dwarf1.lo ecofflink.lo coff-mips.lo ecoff.lo elfn32-mips.lo elf64-mips.lo elf64.lo elf64-gen.lo elf32-gen.lo'
bfd_default_target_size='32'
bfd_file_ptr='BFD_HOST_64_BIT'
bfd_libs='$(BFD64_LIBS) $(BFD32_LIBS)'
bfd_machines=' cpu-mips.lo'
bfd_ufile_ptr='BFD_HOST_U_64_BIT'
bfdincludedir='$(exec_prefix)/$(host_noncanonical)/$(target_noncanonical)/include'
bfdlibdir='$(exec_prefix)/$(host_noncanonical)/$(target_noncanonical)/lib'
bindir='${exec_prefix}/bin'
build='i386-pc-linux-gnu'
build_alias='i386-pc-linux-gnu'
build_cpu='i386'
build_os='linux-gnu'
build_vendor='pc'
datadir='${prefix}/share'
datarootdir='/opt/smp86xx/smp86xx_toolchain_2.8.2.0/build_mipsel_nofpu/staging_dir/share'
docdir='/opt/smp86xx/smp86xx_toolchain_2.8.2.0/build_mipsel_nofpu/staging_dir/share/doc'
exec_prefix='${prefix}'
host='i386-pc-linux-gnu'
host_alias='i386-pc-linux-gnu'
host_cpu='i386'
host_noncanonical='i386-pc-linux-gnu'
host_os='linux-gnu'
host_vendor='pc'
htmldir='/opt/smp86xx/smp86xx_toolchain_2.8.2.0/build_mipsel_nofpu/staging_dir/share/doc'
includedir='${prefix}/include'
infodir='${prefix}/info'
install_sh='/opt/smp86xx/smp86xx_toolchain_2.8.2.0/toolchain_build_mipsel_nofpu/gdb-6.5/install-sh'
l=''
libdir='${exec_prefix}/lib'
libexecdir='${exec_prefix}/libexec'
localstatedir='${prefix}/var'
mandir='${prefix}/man'
mkdir_p='mkdir -p --'
oldincludedir='/usr/include'
prefix='/opt/smp86xx/smp86xx_toolchain_2.8.2.0/build_mipsel_nofpu/staging_dir'
program_transform_name='s,^,mipsel-linux-uclibc-,;'
sbindir='${exec_prefix}/sbin'
sharedstatedir='${prefix}/com'
sysconfdir='${prefix}/etc'
target='mipsel-unknown-linux-uclibc'
target_alias='mipsel-linux-uclibc'
target_cpu='mipsel'
target_noncanonical='mipsel-linux-uclibc'
target_os='linux-uclibc'
target_vendor='unknown'
tdefaults=' -DDEFAULT_VECTOR=bfd_elf32_tradlittlemips_vec -DSELECT_VECS='&bfd_elf32_tradlittlemips_vec,&bfd_elf32_tradbigmips_vec,&ecoff_little_vec,&ecoff_big_vec,&bfd_elf32_ntradlittlemips_vec,&bfd_elf64_tradlittlemips_vec,&bfd_elf32_ntradbigmips_vec,&bfd_elf64_tradbigmips_vec,&bfd_elf64_little_generic_vec,&bfd_elf64_big_generic_vec,&bfd_elf32_little_generic_vec,&bfd_elf32_big_generic_vec' -DSELECT_ARCHITECTURES='&bfd_mips_arch' -DHAVE_bfd_elf32_tradlittlemips_vec -DHAVE_bfd_elf32_tradbigmips_vec -DHAVE_ecoff_little_vec -DHAVE_ecoff_big_vec -DHAVE_bfd_elf32_ntradlittlemips_vec -DHAVE_bfd_elf64_tradlittlemips_vec -DHAVE_bfd_elf32_ntradbigmips_vec -DHAVE_bfd_elf64_tradbigmips_vec -DHAVE_bfd_elf64_little_generic_vec -DHAVE_bfd_elf64_big_generic_vec -DHAVE_bfd_elf32_little_generic_vec -DHAVE_bfd_elf32_big_generic_vec'
wordsize='64'

## ----------- ##
## confdefs.h. ##
## ----------- ##

#define HAVE_ALLOCA 1
#define HAVE_ALLOCA_H 1
#define HAVE_ARGZ_H 1
#define HAVE_DECL_BASENAME 1
#define HAVE_DECL_FFS 1
#define HAVE_DECL_FREE 1
#define HAVE_DECL_FSEEKO 1
#define HAVE_DECL_FSEEKO64 1
#define HAVE_DECL_FTELLO 1
#define HAVE_DECL_FTELLO64 1
#define HAVE_DECL_GETENV 1
#define HAVE_DECL_MALLOC 1
#define HAVE_DECL_REALLOC 1
#define HAVE_DECL_SNPRINTF 1
#define HAVE_DECL_STPCPY 1
#define HAVE_DECL_STRSTR 1
#define HAVE_DECL_VSNPRINTF 1
#define HAVE_DIRENT_H 1
#define HAVE_FCNTL 1
#define HAVE_FCNTL_H 1
#define HAVE_FDOPEN 1
#define HAVE_FOPEN64 1
#define HAVE_FSEEKO 1
#define HAVE_FSEEKO64 1
#define HAVE_FTELLO 1
#define HAVE_FTELLO64 1
#define HAVE_GETCWD 1
#define HAVE_GETGID 1
#define HAVE_GETPAGESIZE 1
#define HAVE_GETPAGESIZE 1
#define HAVE_GETPAGESIZE 1
#define HAVE_GETUID 1
#define HAVE_INTTYPES_H 1
#define HAVE_LC_MESSAGES 1
#define HAVE_LIMITS_H 1
#define HAVE_LOCALE_H 1
#define HAVE_MADVISE 1
#define HAVE_MALLOC_H 1
#define HAVE_MEMORY_H 1
#define HAVE_MMAP 1
#define HAVE_MMAP 1
#define HAVE_MPROTECT 1
#define HAVE_MUNMAP 1
#define HAVE_NL_TYPES_H 1
#define HAVE_PUTENV 1
#define HAVE_SETENV 1
#define HAVE_SETITIMER 1
#define HAVE_SETLOCALE 1
#define HAVE_STDDEF_H 1
#define HAVE_STDINT_H 1
#define HAVE_STDLIB_H 1
#define HAVE_STDLIB_H 1
#define HAVE_STDLIB_H 1
#define HAVE_STDLIB_H 1
#define HAVE_STPCPY 1
#define HAVE_STPCPY 1
#define HAVE_STRCASECMP 1
#define HAVE_STRCHR 1
#define HAVE_STRINGS_H 1
#define HAVE_STRINGS_H 1
#define HAVE_STRING_H 1
#define HAVE_STRING_H 1
#define HAVE_STRING_H 1
#define HAVE_STRTOULL 1
#define HAVE_SYSCONF 1
#define HAVE_SYS_FILE_H 1
#define HAVE_SYS_PARAM_H 1
#define HAVE_SYS_STAT_H 1
#define HAVE_SYS_TIME_H 1
#define HAVE_SYS_TYPES_H 1
#define HAVE_TIME_H 1
#define HAVE_UNISTD_H 1
#define HAVE_UNISTD_H 1
#define HAVE_UNISTD_H 1
#define HAVE_UNISTD_H 1
#define HAVE_UNISTD_H 1
#define HAVE_VALUES_H 1
#define HAVE___ARGZ_COUNT 1
#define HAVE___ARGZ_NEXT 1
#define HAVE___ARGZ_STRINGIFY 1
#define PACKAGE "bfd"
#define PACKAGE_BUGREPORT ""
#define PACKAGE_NAME ""
#define PACKAGE_STRING ""
#define PACKAGE_TARNAME ""
#define PACKAGE_VERSION ""
#define SIZEOF_LONG 4
#define SIZEOF_LONG_LONG 8
#define SIZEOF_OFF_T 4
#define STDC_HEADERS 1
#define STRING_WITH_STRINGS 1
#define TIME_WITH_SYS_TIME 1
#define VERSION "2.17.50"
#define _GNU_SOURCE 1

configure: exit 0

## ---------------------- ##
## Running config.status. ##
## ---------------------- ##

This file was extended by config.status, which was
generated by GNU Autoconf 2.59.  Invocation command line was

  CONFIG_FILES    = po/Makefile.in:po/Make-in
  CONFIG_HEADERS  = 
  CONFIG_LINKS    = 
  CONFIG_COMMANDS = 
  $ ./config.status 

on DavidLinux

config.status:769: creating po/Makefile.in
config.status:1340: executing depfiles commands
config.status:1340: executing default commands
