This file contains any messages produced by compilers while
running configure, to aid debugging if configure makes a mistake.

It was created by fixincludes configure  , which was
generated by GNU Autoconf 2.59.  Invocation command line was

  $ /opt/smp86xx/smp86xx_toolchain_2.8.2.0/toolchain_build_mipsel_nofpu/gcc-4.0.4/fixincludes/configure --cache-file=../config.cache --build=i386-pc-linux-gnu --host=i386-pc-linux-gnu --target=mipsel-linux-uclibc --prefix=/opt/smp86xx/smp86xx_toolchain_2.8.2.0/build_mipsel_nofpu/staging_dir --disable-shared --with-sysroot=/opt/smp86xx/smp86xx_toolchain_2.8.2.0/toolchain_build_mipsel_nofpu/uClibc_dev/ --disable-__cxa_atexit --enable-target-optspace --with-gnu-ld --disable-nls --enable-multilib --with-float=soft --with-gcc-version-trigger=/opt/smp86xx/smp86xx_toolchain_2.8.2.0/toolchain_build_mipsel_nofpu/gcc-4.0.4/gcc/version.c --enable-languages=c --program-transform-name=s,^,mipsel-linux-uclibc-,;  --srcdir=/opt/smp86xx/smp86xx_toolchain_2.8.2.0/toolchain_build_mipsel_nofpu/gcc-4.0.4/fixincludes --with-build-subdir=build-i386-pc-linux-gnu

## --------- ##
## Platform. ##
## --------- ##

hostname = DavidLinux
uname -m = i686
uname -r = 2.6.23.15-80.fc7
uname -s = Linux
uname -v = #1 SMP Sun Feb 10 17:29:10 EST 2008

/usr/bin/uname -p = unknown
/bin/uname -X     = unknown

/bin/arch              = i686
/usr/bin/arch -k       = unknown
/usr/convex/getsysinfo = unknown
hostinfo               = unknown
/bin/machine           = unknown
/usr/bin/oslevel       = unknown
/bin/universe          = unknown

PATH: /opt/smp86xx/smp86xx_toolchain_2.8.2.0/build_mipsel_nofpu/staging_dir/bin
PATH: /bin
PATH: /sbin
PATH: /usr/bin
PATH: /usr/sbin


## ----------- ##
## Core tests. ##
## ----------- ##

configure:1220: loading cache ../config.cache
configure:1348: checking build system type
configure:1366: result: i386-pc-linux-gnu
configure:1374: checking host system type
configure:1388: result: i386-pc-linux-gnu
configure:1396: checking target system type
configure:1410: result: mipsel-unknown-linux-uclibc
configure:1432: checking for i386-pc-linux-gnu-gcc
configure:1458: result: gcc
configure:1740: checking for C compiler version
configure:1743: gcc --version </dev/null >&5
gcc (GCC) 4.1.2 20070925 (Red Hat 4.1.2-27)
Copyright (C) 2006 Free Software Foundation, Inc.
This is free software; see the source for copying conditions.  There is NO
warranty; not even for MERCHANTABILITY or FITNESS FOR A PARTICULAR PURPOSE.

configure:1746: $? = 0
configure:1748: gcc -v </dev/null >&5
Using built-in specs.
Target: i386-redhat-linux
Configured with: ../configure --prefix=/usr --mandir=/usr/share/man --infodir=/usr/share/info --enable-shared --enable-threads=posix --enable-checking=release --with-system-zlib --enable-__cxa_atexit --disable-libunwind-exceptions --enable-languages=c,c++,objc,obj-c++,java,fortran,ada --enable-java-awt=gtk --disable-dssi --enable-plugin --with-java-home=/usr/lib/jvm/java-1.5.0-gcj-1.5.0.0/jre --enable-libgcj-multifile --enable-java-maintainer-mode --with-ecj-jar=/usr/share/java/eclipse-ecj.jar --with-cpu=generic --host=i386-redhat-linux
Thread model: posix
gcc version 4.1.2 20070925 (Red Hat 4.1.2-27)
configure:1751: $? = 0
configure:1753: gcc -V </dev/null >&5
gcc: '-V' option must have argument
configure:1756: $? = 1
configure:1779: checking for C compiler default output file name
configure:1782: gcc -g -O2   conftest.c  >&5
configure:1785: $? = 0
configure:1831: result: a.out
configure:1836: checking whether the C compiler works
configure:1842: ./a.out
configure:1845: $? = 0
configure:1862: result: yes
configure:1869: checking whether we are cross compiling
configure:1871: result: no
configure:1874: checking for suffix of executables
configure:1876: gcc -o conftest -g -O2   conftest.c  >&5
configure:1879: $? = 0
configure:1904: result: 
configure:1910: checking for suffix of object files
configure:1956: result: o
configure:1960: checking whether we are using the GNU C compiler
configure:2016: result: yes
configure:2022: checking whether gcc accepts -g
configure:2073: result: yes
configure:2090: checking for gcc option to accept ANSI C
configure:2197: result: none needed
configure:2215: gcc -c -g -O2  conftest.c >&5
conftest.c:2: error: expected '=', ',', ';', 'asm' or '__attribute__' before 'me'
configure:2221: $? = 1
configure: failed program was:
| #ifndef __cplusplus
|   choke me
| #endif
configure:2473: checking how to run the C preprocessor
configure:2591: result: gcc -E
configure:2615: gcc -E  conftest.c
configure:2621: $? = 0
configure:2653: gcc -E  conftest.c
conftest.c:10:28: error: ac_nonexistent.h: No such file or directory
configure:2659: $? = 1
configure: failed program was:
| /* confdefs.h.  */
| 
| #define PACKAGE_NAME "fixincludes"
| #define PACKAGE_TARNAME "fixincludes"
| #define PACKAGE_VERSION " "
| #define PACKAGE_STRING "fixincludes  "
| #define PACKAGE_BUGREPORT ""
| #define EXE_EXT ""
| /* end confdefs.h.  */
| #include <ac_nonexistent.h>
configure:2703: checking for egrep
configure:2713: result: grep -E
configure:2718: checking for ANSI C header files
configure:2874: result: yes
configure:2898: checking for sys/types.h
configure:2944: result: yes
configure:2898: checking for sys/stat.h
configure:2944: result: yes
configure:2898: checking for stdlib.h
configure:2944: result: yes
configure:2898: checking for string.h
configure:2944: result: yes
configure:2898: checking for memory.h
configure:2944: result: yes
configure:2898: checking for strings.h
configure:2944: result: yes
configure:2898: checking for inttypes.h
configure:2944: result: yes
configure:2898: checking for stdint.h
configure:2944: result: yes
configure:2898: checking for unistd.h
configure:2944: result: yes
configure:2977: checking stddef.h usability
configure:2989: gcc -c -g -O2  conftest.c >&5
configure:2995: $? = 0
configure:2999: test -z 
			 || test ! -s conftest.err
configure:3002: $? = 0
configure:3005: test -s conftest.o
configure:3008: $? = 0
configure:3018: result: yes
configure:3022: checking stddef.h presence
configure:3032: gcc -E  conftest.c
configure:3038: $? = 0
configure:3058: result: yes
configure:3093: checking for stddef.h
configure:3100: result: yes
configure:2968: checking for stdlib.h
configure:2973: result: yes
configure:2968: checking for strings.h
configure:2973: result: yes
configure:2968: checking for unistd.h
configure:2973: result: yes
configure:2968: checking for fcntl.h
configure:2973: result: yes
configure:2968: checking for sys/file.h
configure:2973: result: yes
configure:2968: checking for sys/stat.h
configure:2973: result: yes
configure:3133: checking for clearerr_unlocked
configure:3190: gcc -o conftest -g -O2   conftest.c  >&5
configure:3196: $? = 0
configure:3200: test -z 
			 || test ! -s conftest.err
configure:3203: $? = 0
configure:3206: test -s conftest
configure:3209: $? = 0
configure:3221: result: yes
configure:3133: checking for feof_unlocked
configure:3190: gcc -o conftest -g -O2   conftest.c  >&5
configure:3196: $? = 0
configure:3200: test -z 
			 || test ! -s conftest.err
configure:3203: $? = 0
configure:3206: test -s conftest
configure:3209: $? = 0
configure:3221: result: yes
configure:3133: checking for ferror_unlocked
configure:3190: gcc -o conftest -g -O2   conftest.c  >&5
configure:3196: $? = 0
configure:3200: test -z 
			 || test ! -s conftest.err
configure:3203: $? = 0
configure:3206: test -s conftest
configure:3209: $? = 0
configure:3221: result: yes
configure:3133: checking for fflush_unlocked
configure:3190: gcc -o conftest -g -O2   conftest.c  >&5
configure:3196: $? = 0
configure:3200: test -z 
			 || test ! -s conftest.err
configure:3203: $? = 0
configure:3206: test -s conftest
configure:3209: $? = 0
configure:3221: result: yes
configure:3133: checking for fgetc_unlocked
configure:3190: gcc -o conftest -g -O2   conftest.c  >&5
configure:3196: $? = 0
configure:3200: test -z 
			 || test ! -s conftest.err
configure:3203: $? = 0
configure:3206: test -s conftest
configure:3209: $? = 0
configure:3221: result: yes
configure:3133: checking for fgets_unlocked
configure:3190: gcc -o conftest -g -O2   conftest.c  >&5
configure:3196: $? = 0
configure:3200: test -z 
			 || test ! -s conftest.err
configure:3203: $? = 0
configure:3206: test -s conftest
configure:3209: $? = 0
configure:3221: result: yes
configure:3133: checking for fileno_unlocked
configure:3190: gcc -o conftest -g -O2   conftest.c  >&5
configure:3196: $? = 0
configure:3200: test -z 
			 || test ! -s conftest.err
configure:3203: $? = 0
configure:3206: test -s conftest
configure:3209: $? = 0
configure:3221: result: yes
configure:3133: checking for fprintf_unlocked
configure:3190: gcc -o conftest -g -O2   conftest.c  >&5
conftest.c:58: warning: conflicting types for built-in function 'fprintf_unlocked'
/tmp/cc4UdrXr.o: In function `main':
/opt/smp86xx/smp86xx_toolchain_2.8.2.0/toolchain_build_mipsel_nofpu/gcc-4.0.4-initial/build-i386-pc-linux-gnu/fixincludes/conftest.c:73: undefined reference to `fprintf_unlocked'
/tmp/cc4UdrXr.o:(.data+0x0): undefined reference to `fprintf_unlocked'
collect2: ld returned 1 exit status
configure:3196: $? = 1
configure: failed program was:
| /* confdefs.h.  */
| 
| #define PACKAGE_NAME "fixincludes"
| #define PACKAGE_TARNAME "fixincludes"
| #define PACKAGE_VERSION " "
| #define PACKAGE_STRING "fixincludes  "
| #define PACKAGE_BUGREPORT ""
| #define EXE_EXT ""
| #define STDC_HEADERS 1
| #define HAVE_SYS_TYPES_H 1
| #define HAVE_SYS_STAT_H 1
| #define HAVE_STDLIB_H 1
| #define HAVE_STRING_H 1
| #define HAVE_MEMORY_H 1
| #define HAVE_STRINGS_H 1
| #define HAVE_INTTYPES_H 1
| #define HAVE_STDINT_H 1
| #define HAVE_UNISTD_H 1
| #define HAVE_STDDEF_H 1
| #define HAVE_STDLIB_H 1
| #define HAVE_STRINGS_H 1
| #define HAVE_UNISTD_H 1
| #define HAVE_FCNTL_H 1
| #define HAVE_SYS_FILE_H 1
| #define HAVE_SYS_STAT_H 1
| #define HAVE_CLEARERR_UNLOCKED 1
| #define HAVE_FEOF_UNLOCKED 1
| #define HAVE_FERROR_UNLOCKED 1
| #define HAVE_FFLUSH_UNLOCKED 1
| #define HAVE_FGETC_UNLOCKED 1
| #define HAVE_FGETS_UNLOCKED 1
| #define HAVE_FILENO_UNLOCKED 1
| /* end confdefs.h.  */
| /* Define fprintf_unlocked to an innocuous variant, in case <limits.h> declares fprintf_unlocked.
|    For example, HP-UX 11i <limits.h> declares gettimeofday.  */
| #define fprintf_unlocked innocuous_fprintf_unlocked
| 
| /* System header to define __stub macros and hopefully few prototypes,
|     which can conflict with char fprintf_unlocked (); below.
|     Prefer <limits.h> to <assert.h> if __STDC__ is defined, since
|     <limits.h> exists even on freestanding compilers.  */
| 
| #ifdef __STDC__
| # include <limits.h>
| #else
| # include <assert.h>
| #endif
| 
| #undef fprintf_unlocked
| 
| /* Override any gcc2 internal prototype to avoid an error.  */
| #ifdef __cplusplus
| extern "C"
| {
| #endif
| /* We use char because int might match the return type of a gcc2
|    builtin and then its argument prototype would still apply.  */
| char fprintf_unlocked ();
| /* The GNU C library defines this for functions which it implements
|     to always fail with ENOSYS.  Some functions are actually named
|     something starting with __ and the normal name is an alias.  */
| #if defined (__stub_fprintf_unlocked) || defined (__stub___fprintf_unlocked)
| choke me
| #else
| char (*f) () = fprintf_unlocked;
| #endif
| #ifdef __cplusplus
| }
| #endif
| 
| int
| main ()
| {
| return f != fprintf_unlocked;
|   ;
|   return 0;
| }
configure:3221: result: no
configure:3133: checking for fputc_unlocked
configure:3190: gcc -o conftest -g -O2   conftest.c  >&5
conftest.c:58: warning: conflicting types for built-in function 'fputc_unlocked'
configure:3196: $? = 0
configure:3200: test -z 
			 || test ! -s conftest.err
configure:3203: $? = 0
configure:3206: test -s conftest
configure:3209: $? = 0
configure:3221: result: yes
configure:3133: checking for fputs_unlocked
configure:3190: gcc -o conftest -g -O2   conftest.c  >&5
conftest.c:59: warning: conflicting types for built-in function 'fputs_unlocked'
configure:3196: $? = 0
configure:3200: test -z 
			 || test ! -s conftest.err
configure:3203: $? = 0
configure:3206: test -s conftest
configure:3209: $? = 0
configure:3221: result: yes
configure:3133: checking for fread_unlocked
configure:3190: gcc -o conftest -g -O2   conftest.c  >&5
configure:3196: $? = 0
configure:3200: test -z 
			 || test ! -s conftest.err
configure:3203: $? = 0
configure:3206: test -s conftest
configure:3209: $? = 0
configure:3221: result: yes
configure:3133: checking for fwrite_unlocked
configure:3190: gcc -o conftest -g -O2   conftest.c  >&5
conftest.c:61: warning: conflicting types for built-in function 'fwrite_unlocked'
configure:3196: $? = 0
configure:3200: test -z 
			 || test ! -s conftest.err
configure:3203: $? = 0
configure:3206: test -s conftest
configure:3209: $? = 0
configure:3221: result: yes
configure:3133: checking for getchar_unlocked
configure:3190: gcc -o conftest -g -O2   conftest.c  >&5
configure:3196: $? = 0
configure:3200: test -z 
			 || test ! -s conftest.err
configure:3203: $? = 0
configure:3206: test -s conftest
configure:3209: $? = 0
configure:3221: result: yes
configure:3133: checking for getc_unlocked
configure:3190: gcc -o conftest -g -O2   conftest.c  >&5
configure:3196: $? = 0
configure:3200: test -z 
			 || test ! -s conftest.err
configure:3203: $? = 0
configure:3206: test -s conftest
configure:3209: $? = 0
configure:3221: result: yes
configure:3133: checking for putchar_unlocked
configure:3190: gcc -o conftest -g -O2   conftest.c  >&5
conftest.c:64: warning: conflicting types for built-in function 'putchar_unlocked'
configure:3196: $? = 0
configure:3200: test -z 
			 || test ! -s conftest.err
configure:3203: $? = 0
configure:3206: test -s conftest
configure:3209: $? = 0
configure:3221: result: yes
configure:3133: checking for putc_unlocked
configure:3190: gcc -o conftest -g -O2   conftest.c  >&5
configure:3196: $? = 0
configure:3200: test -z 
			 || test ! -s conftest.err
configure:3203: $? = 0
configure:3206: test -s conftest
configure:3209: $? = 0
configure:3221: result: yes
configure:3231: checking whether abort is declared
configure:3255: gcc -c -g -O2  conftest.c >&5
configure:3261: $? = 0
configure:3265: test -z 
			 || test ! -s conftest.err
configure:3268: $? = 0
configure:3271: test -s conftest.o
configure:3274: $? = 0
configure:3285: result: yes
configure:3301: checking whether errno is declared
configure:3325: gcc -c -g -O2  conftest.c >&5
conftest.c: In function 'main':
conftest.c:81: error: 'errno' undeclared (first use in this function)
conftest.c:81: error: (Each undeclared identifier is reported only once
conftest.c:81: error: for each function it appears in.)
configure:3331: $? = 1
configure: failed program was:
| /* confdefs.h.  */
| 
| #define PACKAGE_NAME "fixincludes"
| #define PACKAGE_TARNAME "fixincludes"
| #define PACKAGE_VERSION " "
| #define PACKAGE_STRING "fixincludes  "
| #define PACKAGE_BUGREPORT ""
| #define EXE_EXT ""
| #define STDC_HEADERS 1
| #define HAVE_SYS_TYPES_H 1
| #define HAVE_SYS_STAT_H 1
| #define HAVE_STDLIB_H 1
| #define HAVE_STRING_H 1
| #define HAVE_MEMORY_H 1
| #define HAVE_STRINGS_H 1
| #define HAVE_INTTYPES_H 1
| #define HAVE_STDINT_H 1
| #define HAVE_UNISTD_H 1
| #define HAVE_STDDEF_H 1
| #define HAVE_STDLIB_H 1
| #define HAVE_STRINGS_H 1
| #define HAVE_UNISTD_H 1
| #define HAVE_FCNTL_H 1
| #define HAVE_SYS_FILE_H 1
| #define HAVE_SYS_STAT_H 1
| #define HAVE_CLEARERR_UNLOCKED 1
| #define HAVE_FEOF_UNLOCKED 1
| #define HAVE_FERROR_UNLOCKED 1
| #define HAVE_FFLUSH_UNLOCKED 1
| #define HAVE_FGETC_UNLOCKED 1
| #define HAVE_FGETS_UNLOCKED 1
| #define HAVE_FILENO_UNLOCKED 1
| #define HAVE_FPUTC_UNLOCKED 1
| #define HAVE_FPUTS_UNLOCKED 1
| #define HAVE_FREAD_UNLOCKED 1
| #define HAVE_FWRITE_UNLOCKED 1
| #define HAVE_GETCHAR_UNLOCKED 1
| #define HAVE_GETC_UNLOCKED 1
| #define HAVE_PUTCHAR_UNLOCKED 1
| #define HAVE_PUTC_UNLOCKED 1
| #define HAVE_DECL_ABORT 1
| /* end confdefs.h.  */
| #include <stdio.h>
| #if HAVE_SYS_TYPES_H
| # include <sys/types.h>
| #endif
| #if HAVE_SYS_STAT_H
| # include <sys/stat.h>
| #endif
| #if STDC_HEADERS
| # include <stdlib.h>
| # include <stddef.h>
| #else
| # if HAVE_STDLIB_H
| #  include <stdlib.h>
| # endif
| #endif
| #if HAVE_STRING_H
| # if !STDC_HEADERS && HAVE_MEMORY_H
| #  include <memory.h>
| # endif
| # include <string.h>
| #endif
| #if HAVE_STRINGS_H
| # include <strings.h>
| #endif
| #if HAVE_INTTYPES_H
| # include <inttypes.h>
| #else
| # if HAVE_STDINT_H
| #  include <stdint.h>
| # endif
| #endif
| #if HAVE_UNISTD_H
| # include <unistd.h>
| #endif
| int
| main ()
| {
| #ifndef errno
|   char *p = (char *) errno;
| #endif
| 
|   ;
|   return 0;
| }
configure:3355: result: no
configure:3371: checking whether clearerr_unlocked is declared
configure:3395: gcc -c -g -O2  conftest.c >&5
configure:3401: $? = 0
configure:3405: test -z 
			 || test ! -s conftest.err
configure:3408: $? = 0
configure:3411: test -s conftest.o
configure:3414: $? = 0
configure:3425: result: yes
configure:3441: checking whether feof_unlocked is declared
configure:3465: gcc -c -g -O2  conftest.c >&5
configure:3471: $? = 0
configure:3475: test -z 
			 || test ! -s conftest.err
configure:3478: $? = 0
configure:3481: test -s conftest.o
configure:3484: $? = 0
configure:3495: result: yes
configure:3511: checking whether ferror_unlocked is declared
configure:3535: gcc -c -g -O2  conftest.c >&5
configure:3541: $? = 0
configure:3545: test -z 
			 || test ! -s conftest.err
configure:3548: $? = 0
configure:3551: test -s conftest.o
configure:3554: $? = 0
configure:3565: result: yes
configure:3581: checking whether fflush_unlocked is declared
configure:3605: gcc -c -g -O2  conftest.c >&5
configure:3611: $? = 0
configure:3615: test -z 
			 || test ! -s conftest.err
configure:3618: $? = 0
configure:3621: test -s conftest.o
configure:3624: $? = 0
configure:3635: result: yes
configure:3651: checking whether fgetc_unlocked is declared
configure:3675: gcc -c -g -O2  conftest.c >&5
configure:3681: $? = 0
configure:3685: test -z 
			 || test ! -s conftest.err
configure:3688: $? = 0
configure:3691: test -s conftest.o
configure:3694: $? = 0
configure:3705: result: yes
configure:3721: checking whether fgets_unlocked is declared
configure:3745: gcc -c -g -O2  conftest.c >&5
conftest.c: In function 'main':
conftest.c:87: error: 'fgets_unlocked' undeclared (first use in this function)
conftest.c:87: error: (Each undeclared identifier is reported only once
conftest.c:87: error: for each function it appears in.)
configure:3751: $? = 1
configure: failed program was:
| /* confdefs.h.  */
| 
| #define PACKAGE_NAME "fixincludes"
| #define PACKAGE_TARNAME "fixincludes"
| #define PACKAGE_VERSION " "
| #define PACKAGE_STRING "fixincludes  "
| #define PACKAGE_BUGREPORT ""
| #define EXE_EXT ""
| #define STDC_HEADERS 1
| #define HAVE_SYS_TYPES_H 1
| #define HAVE_SYS_STAT_H 1
| #define HAVE_STDLIB_H 1
| #define HAVE_STRING_H 1
| #define HAVE_MEMORY_H 1
| #define HAVE_STRINGS_H 1
| #define HAVE_INTTYPES_H 1
| #define HAVE_STDINT_H 1
| #define HAVE_UNISTD_H 1
| #define HAVE_STDDEF_H 1
| #define HAVE_STDLIB_H 1
| #define HAVE_STRINGS_H 1
| #define HAVE_UNISTD_H 1
| #define HAVE_FCNTL_H 1
| #define HAVE_SYS_FILE_H 1
| #define HAVE_SYS_STAT_H 1
| #define HAVE_CLEARERR_UNLOCKED 1
| #define HAVE_FEOF_UNLOCKED 1
| #define HAVE_FERROR_UNLOCKED 1
| #define HAVE_FFLUSH_UNLOCKED 1
| #define HAVE_FGETC_UNLOCKED 1
| #define HAVE_FGETS_UNLOCKED 1
| #define HAVE_FILENO_UNLOCKED 1
| #define HAVE_FPUTC_UNLOCKED 1
| #define HAVE_FPUTS_UNLOCKED 1
| #define HAVE_FREAD_UNLOCKED 1
| #define HAVE_FWRITE_UNLOCKED 1
| #define HAVE_GETCHAR_UNLOCKED 1
| #define HAVE_GETC_UNLOCKED 1
| #define HAVE_PUTCHAR_UNLOCKED 1
| #define HAVE_PUTC_UNLOCKED 1
| #define HAVE_DECL_ABORT 1
| #define HAVE_DECL_ERRNO 0
| #define HAVE_DECL_CLEARERR_UNLOCKED 1
| #define HAVE_DECL_FEOF_UNLOCKED 1
| #define HAVE_DECL_FERROR_UNLOCKED 1
| #define HAVE_DECL_FFLUSH_UNLOCKED 1
| #define HAVE_DECL_FGETC_UNLOCKED 1
| /* end confdefs.h.  */
| #include <stdio.h>
| #if HAVE_SYS_TYPES_H
| # include <sys/types.h>
| #endif
| #if HAVE_SYS_STAT_H
| # include <sys/stat.h>
| #endif
| #if STDC_HEADERS
| # include <stdlib.h>
| # include <stddef.h>
| #else
| # if HAVE_STDLIB_H
| #  include <stdlib.h>
| # endif
| #endif
| #if HAVE_STRING_H
| # if !STDC_HEADERS && HAVE_MEMORY_H
| #  include <memory.h>
| # endif
| # include <string.h>
| #endif
| #if HAVE_STRINGS_H
| # include <strings.h>
| #endif
| #if HAVE_INTTYPES_H
| # include <inttypes.h>
| #else
| # if HAVE_STDINT_H
| #  include <stdint.h>
| # endif
| #endif
| #if HAVE_UNISTD_H
| # include <unistd.h>
| #endif
| int
| main ()
| {
| #ifndef fgets_unlocked
|   char *p = (char *) fgets_unlocked;
| #endif
| 
|   ;
|   return 0;
| }
configure:3775: result: no
configure:3791: checking whether fileno_unlocked is declared
configure:3815: gcc -c -g -O2  conftest.c >&5
configure:3821: $? = 0
configure:3825: test -z 
			 || test ! -s conftest.err
configure:3828: $? = 0
configure:3831: test -s conftest.o
configure:3834: $? = 0
configure:3845: result: yes
configure:3861: checking whether fprintf_unlocked is declared
configure:3885: gcc -c -g -O2  conftest.c >&5
conftest.c: In function 'main':
conftest.c:89: error: 'fprintf_unlocked' undeclared (first use in this function)
conftest.c:89: error: (Each undeclared identifier is reported only once
conftest.c:89: error: for each function it appears in.)
configure:3891: $? = 1
configure: failed program was:
| /* confdefs.h.  */
| 
| #define PACKAGE_NAME "fixincludes"
| #define PACKAGE_TARNAME "fixincludes"
| #define PACKAGE_VERSION " "
| #define PACKAGE_STRING "fixincludes  "
| #define PACKAGE_BUGREPORT ""
| #define EXE_EXT ""
| #define STDC_HEADERS 1
| #define HAVE_SYS_TYPES_H 1
| #define HAVE_SYS_STAT_H 1
| #define HAVE_STDLIB_H 1
| #define HAVE_STRING_H 1
| #define HAVE_MEMORY_H 1
| #define HAVE_STRINGS_H 1
| #define HAVE_INTTYPES_H 1
| #define HAVE_STDINT_H 1
| #define HAVE_UNISTD_H 1
| #define HAVE_STDDEF_H 1
| #define HAVE_STDLIB_H 1
| #define HAVE_STRINGS_H 1
| #define HAVE_UNISTD_H 1
| #define HAVE_FCNTL_H 1
| #define HAVE_SYS_FILE_H 1
| #define HAVE_SYS_STAT_H 1
| #define HAVE_CLEARERR_UNLOCKED 1
| #define HAVE_FEOF_UNLOCKED 1
| #define HAVE_FERROR_UNLOCKED 1
| #define HAVE_FFLUSH_UNLOCKED 1
| #define HAVE_FGETC_UNLOCKED 1
| #define HAVE_FGETS_UNLOCKED 1
| #define HAVE_FILENO_UNLOCKED 1
| #define HAVE_FPUTC_UNLOCKED 1
| #define HAVE_FPUTS_UNLOCKED 1
| #define HAVE_FREAD_UNLOCKED 1
| #define HAVE_FWRITE_UNLOCKED 1
| #define HAVE_GETCHAR_UNLOCKED 1
| #define HAVE_GETC_UNLOCKED 1
| #define HAVE_PUTCHAR_UNLOCKED 1
| #define HAVE_PUTC_UNLOCKED 1
| #define HAVE_DECL_ABORT 1
| #define HAVE_DECL_ERRNO 0
| #define HAVE_DECL_CLEARERR_UNLOCKED 1
| #define HAVE_DECL_FEOF_UNLOCKED 1
| #define HAVE_DECL_FERROR_UNLOCKED 1
| #define HAVE_DECL_FFLUSH_UNLOCKED 1
| #define HAVE_DECL_FGETC_UNLOCKED 1
| #define HAVE_DECL_FGETS_UNLOCKED 0
| #define HAVE_DECL_FILENO_UNLOCKED 1
| /* end confdefs.h.  */
| #include <stdio.h>
| #if HAVE_SYS_TYPES_H
| # include <sys/types.h>
| #endif
| #if HAVE_SYS_STAT_H
| # include <sys/stat.h>
| #endif
| #if STDC_HEADERS
| # include <stdlib.h>
| # include <stddef.h>
| #else
| # if HAVE_STDLIB_H
| #  include <stdlib.h>
| # endif
| #endif
| #if HAVE_STRING_H
| # if !STDC_HEADERS && HAVE_MEMORY_H
| #  include <memory.h>
| # endif
| # include <string.h>
| #endif
| #if HAVE_STRINGS_H
| # include <strings.h>
| #endif
| #if HAVE_INTTYPES_H
| # include <inttypes.h>
| #else
| # if HAVE_STDINT_H
| #  include <stdint.h>
| # endif
| #endif
| #if HAVE_UNISTD_H
| # include <unistd.h>
| #endif
| int
| main ()
| {
| #ifndef fprintf_unlocked
|   char *p = (char *) fprintf_unlocked;
| #endif
| 
|   ;
|   return 0;
| }
configure:3915: result: no
configure:3931: checking whether fputc_unlocked is declared
configure:3955: gcc -c -g -O2  conftest.c >&5
configure:3961: $? = 0
configure:3965: test -z 
			 || test ! -s conftest.err
configure:3968: $? = 0
configure:3971: test -s conftest.o
configure:3974: $? = 0
configure:3985: result: yes
configure:4001: checking whether fputs_unlocked is declared
configure:4025: gcc -c -g -O2  conftest.c >&5
conftest.c: In function 'main':
conftest.c:91: error: 'fputs_unlocked' undeclared (first use in this function)
conftest.c:91: error: (Each undeclared identifier is reported only once
conftest.c:91: error: for each function it appears in.)
configure:4031: $? = 1
configure: failed program was:
| /* confdefs.h.  */
| 
| #define PACKAGE_NAME "fixincludes"
| #define PACKAGE_TARNAME "fixincludes"
| #define PACKAGE_VERSION " "
| #define PACKAGE_STRING "fixincludes  "
| #define PACKAGE_BUGREPORT ""
| #define EXE_EXT ""
| #define STDC_HEADERS 1
| #define HAVE_SYS_TYPES_H 1
| #define HAVE_SYS_STAT_H 1
| #define HAVE_STDLIB_H 1
| #define HAVE_STRING_H 1
| #define HAVE_MEMORY_H 1
| #define HAVE_STRINGS_H 1
| #define HAVE_INTTYPES_H 1
| #define HAVE_STDINT_H 1
| #define HAVE_UNISTD_H 1
| #define HAVE_STDDEF_H 1
| #define HAVE_STDLIB_H 1
| #define HAVE_STRINGS_H 1
| #define HAVE_UNISTD_H 1
| #define HAVE_FCNTL_H 1
| #define HAVE_SYS_FILE_H 1
| #define HAVE_SYS_STAT_H 1
| #define HAVE_CLEARERR_UNLOCKED 1
| #define HAVE_FEOF_UNLOCKED 1
| #define HAVE_FERROR_UNLOCKED 1
| #define HAVE_FFLUSH_UNLOCKED 1
| #define HAVE_FGETC_UNLOCKED 1
| #define HAVE_FGETS_UNLOCKED 1
| #define HAVE_FILENO_UNLOCKED 1
| #define HAVE_FPUTC_UNLOCKED 1
| #define HAVE_FPUTS_UNLOCKED 1
| #define HAVE_FREAD_UNLOCKED 1
| #define HAVE_FWRITE_UNLOCKED 1
| #define HAVE_GETCHAR_UNLOCKED 1
| #define HAVE_GETC_UNLOCKED 1
| #define HAVE_PUTCHAR_UNLOCKED 1
| #define HAVE_PUTC_UNLOCKED 1
| #define HAVE_DECL_ABORT 1
| #define HAVE_DECL_ERRNO 0
| #define HAVE_DECL_CLEARERR_UNLOCKED 1
| #define HAVE_DECL_FEOF_UNLOCKED 1
| #define HAVE_DECL_FERROR_UNLOCKED 1
| #define HAVE_DECL_FFLUSH_UNLOCKED 1
| #define HAVE_DECL_FGETC_UNLOCKED 1
| #define HAVE_DECL_FGETS_UNLOCKED 0
| #define HAVE_DECL_FILENO_UNLOCKED 1
| #define HAVE_DECL_FPRINTF_UNLOCKED 0
| #define HAVE_DECL_FPUTC_UNLOCKED 1
| /* end confdefs.h.  */
| #include <stdio.h>
| #if HAVE_SYS_TYPES_H
| # include <sys/types.h>
| #endif
| #if HAVE_SYS_STAT_H
| # include <sys/stat.h>
| #endif
| #if STDC_HEADERS
| # include <stdlib.h>
| # include <stddef.h>
| #else
| # if HAVE_STDLIB_H
| #  include <stdlib.h>
| # endif
| #endif
| #if HAVE_STRING_H
| # if !STDC_HEADERS && HAVE_MEMORY_H
| #  include <memory.h>
| # endif
| # include <string.h>
| #endif
| #if HAVE_STRINGS_H
| # include <strings.h>
| #endif
| #if HAVE_INTTYPES_H
| # include <inttypes.h>
| #else
| # if HAVE_STDINT_H
| #  include <stdint.h>
| # endif
| #endif
| #if HAVE_UNISTD_H
| # include <unistd.h>
| #endif
| int
| main ()
| {
| #ifndef fputs_unlocked
|   char *p = (char *) fputs_unlocked;
| #endif
| 
|   ;
|   return 0;
| }
configure:4055: result: no
configure:4071: checking whether fread_unlocked is declared
configure:4095: gcc -c -g -O2  conftest.c >&5
configure:4101: $? = 0
configure:4105: test -z 
			 || test ! -s conftest.err
configure:4108: $? = 0
configure:4111: test -s conftest.o
configure:4114: $? = 0
configure:4125: result: yes
configure:4141: checking whether fwrite_unlocked is declared
configure:4165: gcc -c -g -O2  conftest.c >&5
configure:4171: $? = 0
configure:4175: test -z 
			 || test ! -s conftest.err
configure:4178: $? = 0
configure:4181: test -s conftest.o
configure:4184: $? = 0
configure:4195: result: yes
configure:4211: checking whether getchar_unlocked is declared
configure:4235: gcc -c -g -O2  conftest.c >&5
configure:4241: $? = 0
configure:4245: test -z 
			 || test ! -s conftest.err
configure:4248: $? = 0
configure:4251: test -s conftest.o
configure:4254: $? = 0
configure:4265: result: yes
configure:4281: checking whether getc_unlocked is declared
configure:4305: gcc -c -g -O2  conftest.c >&5
configure:4311: $? = 0
configure:4315: test -z 
			 || test ! -s conftest.err
configure:4318: $? = 0
configure:4321: test -s conftest.o
configure:4324: $? = 0
configure:4335: result: yes
configure:4351: checking whether putchar_unlocked is declared
configure:4375: gcc -c -g -O2  conftest.c >&5
configure:4381: $? = 0
configure:4385: test -z 
			 || test ! -s conftest.err
configure:4388: $? = 0
configure:4391: test -s conftest.o
configure:4394: $? = 0
configure:4405: result: yes
configure:4421: checking whether putc_unlocked is declared
configure:4445: gcc -c -g -O2  conftest.c >&5
configure:4451: $? = 0
configure:4455: test -z 
			 || test ! -s conftest.err
configure:4458: $? = 0
configure:4461: test -s conftest.o
configure:4464: $? = 0
configure:4475: result: yes
configure:4495: checking for an ANSI C-conforming const
configure:4592: result: yes
configure:4606: checking for sys/mman.h
configure:4611: result: yes
configure:4749: checking for mmap
configure:4806: gcc -o conftest -g -O2   conftest.c  >&5
configure:4812: $? = 0
configure:4816: test -z 
			 || test ! -s conftest.err
configure:4819: $? = 0
configure:4822: test -s conftest
configure:4825: $? = 0
configure:4837: result: yes
configure:4851: checking whether read-only mmap of a plain file works
configure:4868: result: yes
configure:4870: checking whether mmap from /dev/zero works
configure:4892: result: yes
configure:4896: checking for MAP_ANON(YMOUS)
configure:4924: gcc -c -g -O2  conftest.c >&5
configure:4930: $? = 0
configure:4934: test -z 
			 || test ! -s conftest.err
configure:4937: $? = 0
configure:4940: test -s conftest.o
configure:4943: $? = 0
configure:4954: result: yes
configure:4960: checking whether mmap with MAP_ANON(YMOUS) works
configure:4977: result: yes
configure:5005: checking whether to enable maintainer-specific portions of Makefiles
configure:5014: result: no
configure:5122: creating ./config.status

## ---------------------- ##
## Running config.status. ##
## ---------------------- ##

This file was extended by fixincludes config.status  , which was
generated by GNU Autoconf 2.59.  Invocation command line was

  CONFIG_FILES    = 
  CONFIG_HEADERS  = 
  CONFIG_LINKS    = 
  CONFIG_COMMANDS = 
  $ ./config.status 

on DavidLinux

config.status:660: creating Makefile
config.status:660: creating mkheaders
config.status:756: creating config.h

## ---------------- ##
## Cache variables. ##
## ---------------- ##

ac_cv_build=i386-pc-linux-gnu
ac_cv_build_alias=i386-pc-linux-gnu
ac_cv_c_bigendian=no
ac_cv_c_compiler_gnu=yes
ac_cv_c_const=yes
ac_cv_c_inline=inline
ac_cv_c_stack_direction=-1
ac_cv_env_CC_set=set
ac_cv_env_CC_value=gcc
ac_cv_env_CFLAGS_set=set
ac_cv_env_CFLAGS_value='-g -O2'
ac_cv_env_CPPFLAGS_set=
ac_cv_env_CPPFLAGS_value=
ac_cv_env_CPP_set=
ac_cv_env_CPP_value=
ac_cv_env_LDFLAGS_set=set
ac_cv_env_LDFLAGS_value=
ac_cv_env_build_alias_set=set
ac_cv_env_build_alias_value=i386-pc-linux-gnu
ac_cv_env_host_alias_set=set
ac_cv_env_host_alias_value=i386-pc-linux-gnu
ac_cv_env_target_alias_set=set
ac_cv_env_target_alias_value=mipsel-linux-uclibc
ac_cv_exeext=
ac_cv_func___fsetlocking=yes
ac_cv_func__doprnt=no
ac_cv_func_asprintf=yes
ac_cv_func_atexit=yes
ac_cv_func_basename=yes
ac_cv_func_bcmp=yes
ac_cv_func_bcopy=yes
ac_cv_func_bsearch=yes
ac_cv_func_bzero=yes
ac_cv_func_calloc=yes
ac_cv_func_canonicalize_file_name=yes
ac_cv_func_clearerr_unlocked=yes
ac_cv_func_clock=yes
ac_cv_func_feof_unlocked=yes
ac_cv_func_ferror_unlocked=yes
ac_cv_func_fflush_unlocked=yes
ac_cv_func_ffs=yes
ac_cv_func_fgetc_unlocked=yes
ac_cv_func_fgets_unlocked=yes
ac_cv_func_fileno_unlocked=yes
ac_cv_func_fork=yes
ac_cv_func_fork_works=yes
ac_cv_func_fprintf_unlocked=no
ac_cv_func_fputc_unlocked=yes
ac_cv_func_fputs_unlocked=yes
ac_cv_func_fread_unlocked=yes
ac_cv_func_fwrite_unlocked=yes
ac_cv_func_getc_unlocked=yes
ac_cv_func_getchar_unlocked=yes
ac_cv_func_getcwd=yes
ac_cv_func_getpagesize=yes
ac_cv_func_getrusage=yes
ac_cv_func_getsysinfo=no
ac_cv_func_gettimeofday=yes
ac_cv_func_index=yes
ac_cv_func_insque=yes
ac_cv_func_memchr=yes
ac_cv_func_memcmp=yes
ac_cv_func_memcpy=yes
ac_cv_func_memmove=yes
ac_cv_func_mempcpy=yes
ac_cv_func_memset=yes
ac_cv_func_mkstemps=no
ac_cv_func_mmap=yes
ac_cv_func_mmap_fixed_mapped=yes
ac_cv_func_on_exit=yes
ac_cv_func_psignal=yes
ac_cv_func_pstat_getdynamic=no
ac_cv_func_pstat_getstatic=no
ac_cv_func_putc_unlocked=yes
ac_cv_func_putchar_unlocked=yes
ac_cv_func_putenv=yes
ac_cv_func_random=yes
ac_cv_func_realpath=yes
ac_cv_func_rename=yes
ac_cv_func_rindex=yes
ac_cv_func_sbrk=yes
ac_cv_func_setenv=yes
ac_cv_func_sigsetmask=yes
ac_cv_func_snprintf=yes
ac_cv_func_stpcpy=yes
ac_cv_func_stpncpy=yes
ac_cv_func_strcasecmp=yes
ac_cv_func_strchr=yes
ac_cv_func_strdup=yes
ac_cv_func_strerror=yes
ac_cv_func_strncasecmp=yes
ac_cv_func_strncmp_works=yes
ac_cv_func_strrchr=yes
ac_cv_func_strsignal=yes
ac_cv_func_strstr=yes
ac_cv_func_strtod=yes
ac_cv_func_strtol=yes
ac_cv_func_strtoul=yes
ac_cv_func_sysconf=yes
ac_cv_func_sysctl=yes
ac_cv_func_sysmp=no
ac_cv_func_table=no
ac_cv_func_times=yes
ac_cv_func_tmpnam=yes
ac_cv_func_vasprintf=yes
ac_cv_func_vfork=yes
ac_cv_func_vfork_works=yes
ac_cv_func_vfprintf=yes
ac_cv_func_vprintf=yes
ac_cv_func_vsnprintf=yes
ac_cv_func_vsprintf=yes
ac_cv_func_waitpid=yes
ac_cv_have_decl_abort=yes
ac_cv_have_decl_clearerr_unlocked=yes
ac_cv_have_decl_errno=no
ac_cv_have_decl_feof_unlocked=yes
ac_cv_have_decl_ferror_unlocked=yes
ac_cv_have_decl_fflush_unlocked=yes
ac_cv_have_decl_fgetc_unlocked=yes
ac_cv_have_decl_fgets_unlocked=no
ac_cv_have_decl_fileno_unlocked=yes
ac_cv_have_decl_fprintf_unlocked=no
ac_cv_have_decl_fputc_unlocked=yes
ac_cv_have_decl_fputs_unlocked=no
ac_cv_have_decl_fread_unlocked=yes
ac_cv_have_decl_fwrite_unlocked=yes
ac_cv_have_decl_getc_unlocked=yes
ac_cv_have_decl_getchar_unlocked=yes
ac_cv_have_decl_putc_unlocked=yes
ac_cv_have_decl_putchar_unlocked=yes
ac_cv_header_alloca_h=yes
ac_cv_header_fcntl_h=yes
ac_cv_header_inttypes_h=yes
ac_cv_header_limits_h=yes
ac_cv_header_machine_hal_sysinfo_h=no
ac_cv_header_malloc_h=yes
ac_cv_header_memory_h=yes
ac_cv_header_stdc=yes
ac_cv_header_stddef_h=yes
ac_cv_header_stdint_h=yes
ac_cv_header_stdio_ext_h=yes
ac_cv_header_stdlib_h=yes
ac_cv_header_string_h=yes
ac_cv_header_strings_h=yes
ac_cv_header_sys_file_h=yes
ac_cv_header_sys_mman_h=yes
ac_cv_header_sys_param_h=yes
ac_cv_header_sys_pstat_h=no
ac_cv_header_sys_resource_h=yes
ac_cv_header_sys_stat_h=yes
ac_cv_header_sys_sysctl_h=yes
ac_cv_header_sys_sysinfo_h=yes
ac_cv_header_sys_sysmp_h=no
ac_cv_header_sys_systemcfg_h=no
ac_cv_header_sys_table_h=no
ac_cv_header_sys_time_h=yes
ac_cv_header_sys_types_h=yes
ac_cv_header_sys_wait_h=yes
ac_cv_header_time=yes
ac_cv_header_time_h=yes
ac_cv_header_unistd_h=yes
ac_cv_header_vfork_h=no
ac_cv_host=i386-pc-linux-gnu
ac_cv_host_alias=i386-pc-linux-gnu
ac_cv_objext=o
ac_cv_os_cray=no
ac_cv_path_install='/usr/bin/install -c'
ac_cv_prog_CC=gcc
ac_cv_prog_CPP='gcc -E'
ac_cv_prog_MAKEINFO='/opt/smp86xx/smp86xx_toolchain_2.8.2.0/toolchain_build_mipsel_nofpu/gcc-4.0.4/missing makeinfo'
ac_cv_prog_PERL=perl
ac_cv_prog_ac_ct_AR=ar
ac_cv_prog_ac_ct_RANLIB=ranlib
ac_cv_prog_cc_g=yes
ac_cv_prog_cc_gcc_c_o=yes
ac_cv_prog_cc_stdc=
ac_cv_prog_egrep='grep -E'
ac_cv_search_strerror='none required'
ac_cv_sizeof_int=4
ac_cv_target=mipsel-unknown-linux-uclibc
ac_cv_target_alias=mipsel-linux-uclibc
ac_cv_type_int=yes
ac_cv_type_pid_t=yes
ac_cv_type_uintptr_t=yes
gcc_cv_decl_map_anon=yes
gcc_cv_func_mmap_anon=yes
gcc_cv_func_mmap_dev_zero=yes
gcc_cv_func_mmap_file=yes
liberty_cv_uint64=uint64_t
libiberty_cv_decl_needed_canonicalize_file_name=yes
libiberty_cv_declare_errno=no
libiberty_cv_var_sys_errlist=yes
libiberty_cv_var_sys_nerr=yes
libiberty_cv_var_sys_siglist=yes

## ----------------- ##
## Output variables. ##
## ----------------- ##

CC='gcc'
CFLAGS='-g -O2'
CPP='gcc -E'
CPPFLAGS=''
DEFS='-DHAVE_CONFIG_H'
ECHO_C=''
ECHO_N='-n'
ECHO_T=''
EGREP='grep -E'
EXEEXT=''
LDFLAGS=''
LIBOBJS=''
LIBS=''
LTLIBOBJS=''
MAINT='#'
OBJEXT='o'
PACKAGE_BUGREPORT=''
PACKAGE_NAME='fixincludes'
PACKAGE_STRING='fixincludes  '
PACKAGE_TARNAME='fixincludes'
PACKAGE_VERSION=' '
PATH_SEPARATOR=':'
SHELL='/bin/sh'
TARGET='oneprocess'
ac_ct_CC=''
bindir='${exec_prefix}/bin'
build='i386-pc-linux-gnu'
build_alias='i386-pc-linux-gnu'
build_cpu='i386'
build_os='linux-gnu'
build_vendor='pc'
datadir='${prefix}/share'
exec_prefix='${prefix}'
gcc_version='4.0.4'
gcc_version_full='4.0.4'
gcc_version_trigger='/opt/smp86xx/smp86xx_toolchain_2.8.2.0/toolchain_build_mipsel_nofpu/gcc-4.0.4/gcc/version.c'
host='i386-pc-linux-gnu'
host_alias='i386-pc-linux-gnu'
host_cpu='i386'
host_os='linux-gnu'
host_vendor='pc'
includedir='${prefix}/include'
infodir='${prefix}/info'
libdir='${exec_prefix}/lib'
libexecdir='${exec_prefix}/libexec'
localstatedir='${prefix}/var'
mandir='${prefix}/man'
oldincludedir='/usr/include'
prefix='/opt/smp86xx/smp86xx_toolchain_2.8.2.0/build_mipsel_nofpu/staging_dir'
program_transform_name='s,^,mipsel-linux-uclibc-,; '
sbindir='${exec_prefix}/sbin'
sharedstatedir='${prefix}/com'
sysconfdir='${prefix}/etc'
target='mipsel-unknown-linux-uclibc'
target_alias='mipsel-linux-uclibc'
target_cpu='mipsel'
target_noncanonical='mipsel-linux-uclibc'
target_os='linux-uclibc'
target_vendor='unknown'

## ----------- ##
## confdefs.h. ##
## ----------- ##

#define EXE_EXT ""
#define HAVE_CLEARERR_UNLOCKED 1
#define HAVE_DECL_ABORT 1
#define HAVE_DECL_CLEARERR_UNLOCKED 1
#define HAVE_DECL_ERRNO 0
#define HAVE_DECL_FEOF_UNLOCKED 1
#define HAVE_DECL_FERROR_UNLOCKED 1
#define HAVE_DECL_FFLUSH_UNLOCKED 1
#define HAVE_DECL_FGETC_UNLOCKED 1
#define HAVE_DECL_FGETS_UNLOCKED 0
#define HAVE_DECL_FILENO_UNLOCKED 1
#define HAVE_DECL_FPRINTF_UNLOCKED 0
#define HAVE_DECL_FPUTC_UNLOCKED 1
#define HAVE_DECL_FPUTS_UNLOCKED 0
#define HAVE_DECL_FREAD_UNLOCKED 1
#define HAVE_DECL_FWRITE_UNLOCKED 1
#define HAVE_DECL_GETCHAR_UNLOCKED 1
#define HAVE_DECL_GETC_UNLOCKED 1
#define HAVE_DECL_PUTCHAR_UNLOCKED 1
#define HAVE_DECL_PUTC_UNLOCKED 1
#define HAVE_FCNTL_H 1
#define HAVE_FEOF_UNLOCKED 1
#define HAVE_FERROR_UNLOCKED 1
#define HAVE_FFLUSH_UNLOCKED 1
#define HAVE_FGETC_UNLOCKED 1
#define HAVE_FGETS_UNLOCKED 1
#define HAVE_FILENO_UNLOCKED 1
#define HAVE_FPUTC_UNLOCKED 1
#define HAVE_FPUTS_UNLOCKED 1
#define HAVE_FREAD_UNLOCKED 1
#define HAVE_FWRITE_UNLOCKED 1
#define HAVE_GETCHAR_UNLOCKED 1
#define HAVE_GETC_UNLOCKED 1
#define HAVE_INTTYPES_H 1
#define HAVE_MEMORY_H 1
#define HAVE_MMAP_ANON 1
#define HAVE_MMAP_DEV_ZERO 1
#define HAVE_MMAP_FILE 1
#define HAVE_PUTCHAR_UNLOCKED 1
#define HAVE_PUTC_UNLOCKED 1
#define HAVE_STDDEF_H 1
#define HAVE_STDINT_H 1
#define HAVE_STDLIB_H 1
#define HAVE_STDLIB_H 1
#define HAVE_STRINGS_H 1
#define HAVE_STRINGS_H 1
#define HAVE_STRING_H 1
#define HAVE_SYS_FILE_H 1
#define HAVE_SYS_STAT_H 1
#define HAVE_SYS_STAT_H 1
#define HAVE_SYS_TYPES_H 1
#define HAVE_UNISTD_H 1
#define HAVE_UNISTD_H 1
#define PACKAGE_BUGREPORT ""
#define PACKAGE_NAME "fixincludes"
#define PACKAGE_STRING "fixincludes  "
#define PACKAGE_TARNAME "fixincludes"
#define PACKAGE_VERSION " "
#define STDC_HEADERS 1

configure: exit 0
