This file contains any messages produced by compilers while
running configure, to aid debugging if configure makes a mistake.

It was created by configure, which was
generated by GNU Autoconf 2.59.  Invocation command line was

  $ /opt/smp86xx/smp86xx_rootfs_2.8.2.0/toolchain_build_mipsel/gdb-6.5/gdb/gdbserver/configure --build=i386-pc-linux-gnu --host=mipsel-linux-uclibc --target=mipsel-linux-uclibc --prefix=/usr --exec-prefix=/usr --bindir=/usr/bin --sbindir=/usr/sbin --libexecdir=/usr/lib --sysconfdir=/etc --datadir=/usr/share --localstatedir=/var --mandir=/usr/man --infodir=/usr/info --includedir=/opt/smp86xx/smp86xx_toolchain_2.8.2.0/build_mipsel_nofpu/staging_dir/include --disable-nls --without-uiout --disable-tui --disable-gdbtk --without-x --without-included-gettext

## --------- ##
## Platform. ##
## --------- ##

hostname = DavidLinux
uname -m = i686
uname -r = 2.6.23.15-80.fc7
uname -s = Linux
uname -v = #1 SMP Sun Feb 10 17:29:10 EST 2008

/usr/bin/uname -p = unknown
/bin/uname -X     = unknown

/bin/arch              = i686
/usr/bin/arch -k       = unknown
/usr/convex/getsysinfo = unknown
hostinfo               = unknown
/bin/machine           = unknown
/usr/bin/oslevel       = unknown
/bin/universe          = unknown

PATH: /opt/smp86xx/smp86xx_toolchain_2.8.2.0/build_mipsel_nofpu/staging_dir/bin
PATH: /opt/smp86xx/smp86xx_toolchain_2.8.2.0/build_mipsel_nofpu/staging_dir/bin
PATH: /bin
PATH: /sbin
PATH: /usr/bin
PATH: /usr/sbin


## ----------- ##
## Core tests. ##
## ----------- ##

configure:1308: checking for mipsel-linux-uclibc-gcc
configure:1334: result: /opt/smp86xx/smp86xx_toolchain_2.8.2.0/build_mipsel_nofpu/staging_dir/bin/mipsel-linux-uclibc-gcc
configure:1616: checking for C compiler version
configure:1619: /opt/smp86xx/smp86xx_toolchain_2.8.2.0/build_mipsel_nofpu/staging_dir/bin/mipsel-linux-uclibc-gcc --version </dev/null >&5
mipsel-linux-uclibc-gcc (GCC) 4.0.4
Copyright (C) 2006 Free Software Foundation, Inc.
This is free software; see the source for copying conditions.  There is NO
warranty; not even for MERCHANTABILITY or FITNESS FOR A PARTICULAR PURPOSE.

configure:1622: $? = 0
configure:1624: /opt/smp86xx/smp86xx_toolchain_2.8.2.0/build_mipsel_nofpu/staging_dir/bin/mipsel-linux-uclibc-gcc -v </dev/null >&5
Using built-in specs.
Target: mipsel-linux-uclibc
Configured with: /opt/smp86xx/smp86xx_toolchain_2.8.2.0/toolchain_build_mipsel_nofpu/gcc-4.0.4/configure --prefix=/opt/smp86xx/smp86xx_toolchain_2.8.2.0/build_mipsel_nofpu/staging_dir --build=i386-pc-linux-gnu --host=i386-pc-linux-gnu --target=mipsel-linux-uclibc --enable-languages=c,c++ --enable-shared --disable-__cxa_atexit --enable-target-optspace --with-gnu-ld --disable-nls --enable-multilib --with-float=soft --enable-sjlj-exceptions
Thread model: posix
gcc version 4.0.4
configure:1627: $? = 0
configure:1629: /opt/smp86xx/smp86xx_toolchain_2.8.2.0/build_mipsel_nofpu/staging_dir/bin/mipsel-linux-uclibc-gcc -V </dev/null >&5
mipsel-linux-uclibc-gcc: '-V' option must have argument
configure:1632: $? = 1
configure:1655: checking for C compiler default output file name
configure:1658: /opt/smp86xx/smp86xx_toolchain_2.8.2.0/build_mipsel_nofpu/staging_dir/bin/mipsel-linux-uclibc-gcc    conftest.c  >&5
configure:1661: $? = 0
configure:1707: result: a.out
configure:1712: checking whether the C compiler works
configure:1738: result: yes
configure:1745: checking whether we are cross compiling
configure:1747: result: yes
configure:1750: checking for suffix of executables
configure:1752: /opt/smp86xx/smp86xx_toolchain_2.8.2.0/build_mipsel_nofpu/staging_dir/bin/mipsel-linux-uclibc-gcc -o conftest    conftest.c  >&5
configure:1755: $? = 0
configure:1780: result: 
configure:1786: checking for suffix of object files
configure:1807: /opt/smp86xx/smp86xx_toolchain_2.8.2.0/build_mipsel_nofpu/staging_dir/bin/mipsel-linux-uclibc-gcc -c   conftest.c >&5
configure:1810: $? = 0
configure:1832: result: o
configure:1836: checking whether we are using the GNU C compiler
configure:1860: /opt/smp86xx/smp86xx_toolchain_2.8.2.0/build_mipsel_nofpu/staging_dir/bin/mipsel-linux-uclibc-gcc -c   conftest.c >&5
configure:1866: $? = 0
configure:1869: test -z 			 || test ! -s conftest.err
configure:1872: $? = 0
configure:1875: test -s conftest.o
configure:1878: $? = 0
configure:1891: result: yes
configure:1897: checking whether /opt/smp86xx/smp86xx_toolchain_2.8.2.0/build_mipsel_nofpu/staging_dir/bin/mipsel-linux-uclibc-gcc accepts -g
configure:1918: /opt/smp86xx/smp86xx_toolchain_2.8.2.0/build_mipsel_nofpu/staging_dir/bin/mipsel-linux-uclibc-gcc -c -g  conftest.c >&5
configure:1924: $? = 0
configure:1927: test -z 			 || test ! -s conftest.err
configure:1930: $? = 0
configure:1933: test -s conftest.o
configure:1936: $? = 0
configure:1947: result: yes
configure:1964: checking for /opt/smp86xx/smp86xx_toolchain_2.8.2.0/build_mipsel_nofpu/staging_dir/bin/mipsel-linux-uclibc-gcc option to accept ANSI C
configure:2034: /opt/smp86xx/smp86xx_toolchain_2.8.2.0/build_mipsel_nofpu/staging_dir/bin/mipsel-linux-uclibc-gcc  -c -g -O2  conftest.c >&5
configure:2040: $? = 0
configure:2043: test -z 			 || test ! -s conftest.err
configure:2046: $? = 0
configure:2049: test -s conftest.o
configure:2052: $? = 0
configure:2070: result: none needed
configure:2088: /opt/smp86xx/smp86xx_toolchain_2.8.2.0/build_mipsel_nofpu/staging_dir/bin/mipsel-linux-uclibc-gcc -c -g -O2  conftest.c >&5
conftest.c:2: error: syntax error before 'me'
configure:2094: $? = 1
configure: failed program was:
| #ifndef __cplusplus
|   choke me
| #endif
configure:2256: checking build system type
configure:2274: result: i386-pc-linux-gnu
configure:2282: checking host system type
configure:2296: result: mipsel-unknown-linux-uclibc
configure:2304: checking target system type
configure:2318: result: mipsel-unknown-linux-uclibc
configure:2346: checking for a BSD-compatible install
configure:2401: result: /usr/bin/install -c
configure:2433: checking how to run the C preprocessor
configure:2468: /opt/smp86xx/smp86xx_toolchain_2.8.2.0/build_mipsel_nofpu/staging_dir/bin/mipsel-linux-uclibc-gcc -E  conftest.c
configure:2474: $? = 0
configure:2506: /opt/smp86xx/smp86xx_toolchain_2.8.2.0/build_mipsel_nofpu/staging_dir/bin/mipsel-linux-uclibc-gcc -E  conftest.c
conftest.c:9:28: error: ac_nonexistent.h: No such file or directory
configure:2512: $? = 1
configure: failed program was:
| /* confdefs.h.  */
| 
| #define PACKAGE_NAME ""
| #define PACKAGE_TARNAME ""
| #define PACKAGE_VERSION ""
| #define PACKAGE_STRING ""
| #define PACKAGE_BUGREPORT ""
| /* end confdefs.h.  */
| #include <ac_nonexistent.h>
configure:2551: result: /opt/smp86xx/smp86xx_toolchain_2.8.2.0/build_mipsel_nofpu/staging_dir/bin/mipsel-linux-uclibc-gcc -E
configure:2575: /opt/smp86xx/smp86xx_toolchain_2.8.2.0/build_mipsel_nofpu/staging_dir/bin/mipsel-linux-uclibc-gcc -E  conftest.c
configure:2581: $? = 0
configure:2613: /opt/smp86xx/smp86xx_toolchain_2.8.2.0/build_mipsel_nofpu/staging_dir/bin/mipsel-linux-uclibc-gcc -E  conftest.c
conftest.c:9:28: error: ac_nonexistent.h: No such file or directory
configure:2619: $? = 1
configure: failed program was:
| /* confdefs.h.  */
| 
| #define PACKAGE_NAME ""
| #define PACKAGE_TARNAME ""
| #define PACKAGE_VERSION ""
| #define PACKAGE_STRING ""
| #define PACKAGE_BUGREPORT ""
| /* end confdefs.h.  */
| #include <ac_nonexistent.h>
configure:2663: checking for egrep
configure:2673: result: grep -E
configure:2678: checking for ANSI C header files
configure:2703: /opt/smp86xx/smp86xx_toolchain_2.8.2.0/build_mipsel_nofpu/staging_dir/bin/mipsel-linux-uclibc-gcc -c -g -O2  conftest.c >&5
configure:2709: $? = 0
configure:2712: test -z 			 || test ! -s conftest.err
configure:2715: $? = 0
configure:2718: test -s conftest.o
configure:2721: $? = 0
configure:2833: result: yes
configure:2858: checking for sys/types.h
configure:2874: /opt/smp86xx/smp86xx_toolchain_2.8.2.0/build_mipsel_nofpu/staging_dir/bin/mipsel-linux-uclibc-gcc -c -g -O2  conftest.c >&5
configure:2880: $? = 0
configure:2883: test -z 			 || test ! -s conftest.err
configure:2886: $? = 0
configure:2889: test -s conftest.o
configure:2892: $? = 0
configure:2903: result: yes
configure:2858: checking for sys/stat.h
configure:2874: /opt/smp86xx/smp86xx_toolchain_2.8.2.0/build_mipsel_nofpu/staging_dir/bin/mipsel-linux-uclibc-gcc -c -g -O2  conftest.c >&5
configure:2880: $? = 0
configure:2883: test -z 			 || test ! -s conftest.err
configure:2886: $? = 0
configure:2889: test -s conftest.o
configure:2892: $? = 0
configure:2903: result: yes
configure:2858: checking for stdlib.h
configure:2874: /opt/smp86xx/smp86xx_toolchain_2.8.2.0/build_mipsel_nofpu/staging_dir/bin/mipsel-linux-uclibc-gcc -c -g -O2  conftest.c >&5
configure:2880: $? = 0
configure:2883: test -z 			 || test ! -s conftest.err
configure:2886: $? = 0
configure:2889: test -s conftest.o
configure:2892: $? = 0
configure:2903: result: yes
configure:2858: checking for string.h
configure:2874: /opt/smp86xx/smp86xx_toolchain_2.8.2.0/build_mipsel_nofpu/staging_dir/bin/mipsel-linux-uclibc-gcc -c -g -O2  conftest.c >&5
configure:2880: $? = 0
configure:2883: test -z 			 || test ! -s conftest.err
configure:2886: $? = 0
configure:2889: test -s conftest.o
configure:2892: $? = 0
configure:2903: result: yes
configure:2858: checking for memory.h
configure:2874: /opt/smp86xx/smp86xx_toolchain_2.8.2.0/build_mipsel_nofpu/staging_dir/bin/mipsel-linux-uclibc-gcc -c -g -O2  conftest.c >&5
configure:2880: $? = 0
configure:2883: test -z 			 || test ! -s conftest.err
configure:2886: $? = 0
configure:2889: test -s conftest.o
configure:2892: $? = 0
configure:2903: result: yes
configure:2858: checking for strings.h
configure:2874: /opt/smp86xx/smp86xx_toolchain_2.8.2.0/build_mipsel_nofpu/staging_dir/bin/mipsel-linux-uclibc-gcc -c -g -O2  conftest.c >&5
configure:2880: $? = 0
configure:2883: test -z 			 || test ! -s conftest.err
configure:2886: $? = 0
configure:2889: test -s conftest.o
configure:2892: $? = 0
configure:2903: result: yes
configure:2858: checking for inttypes.h
configure:2874: /opt/smp86xx/smp86xx_toolchain_2.8.2.0/build_mipsel_nofpu/staging_dir/bin/mipsel-linux-uclibc-gcc -c -g -O2  conftest.c >&5
configure:2880: $? = 0
configure:2883: test -z 			 || test ! -s conftest.err
configure:2886: $? = 0
configure:2889: test -s conftest.o
configure:2892: $? = 0
configure:2903: result: yes
configure:2858: checking for stdint.h
configure:2874: /opt/smp86xx/smp86xx_toolchain_2.8.2.0/build_mipsel_nofpu/staging_dir/bin/mipsel-linux-uclibc-gcc -c -g -O2  conftest.c >&5
configure:2880: $? = 0
configure:2883: test -z 			 || test ! -s conftest.err
configure:2886: $? = 0
configure:2889: test -s conftest.o
configure:2892: $? = 0
configure:2903: result: yes
configure:2858: checking for unistd.h
configure:2874: /opt/smp86xx/smp86xx_toolchain_2.8.2.0/build_mipsel_nofpu/staging_dir/bin/mipsel-linux-uclibc-gcc -c -g -O2  conftest.c >&5
configure:2880: $? = 0
configure:2883: test -z 			 || test ! -s conftest.err
configure:2886: $? = 0
configure:2889: test -s conftest.o
configure:2892: $? = 0
configure:2903: result: yes
configure:2939: checking sgtty.h usability
configure:2951: /opt/smp86xx/smp86xx_toolchain_2.8.2.0/build_mipsel_nofpu/staging_dir/bin/mipsel-linux-uclibc-gcc -c -g -O2  conftest.c >&5
configure:2957: $? = 0
configure:2960: test -z 			 || test ! -s conftest.err
configure:2963: $? = 0
configure:2966: test -s conftest.o
configure:2969: $? = 0
configure:2979: result: yes
configure:2983: checking sgtty.h presence
configure:2993: /opt/smp86xx/smp86xx_toolchain_2.8.2.0/build_mipsel_nofpu/staging_dir/bin/mipsel-linux-uclibc-gcc -E  conftest.c
configure:2999: $? = 0
configure:3019: result: yes
configure:3054: checking for sgtty.h
configure:3061: result: yes
configure:2939: checking termio.h usability
configure:2951: /opt/smp86xx/smp86xx_toolchain_2.8.2.0/build_mipsel_nofpu/staging_dir/bin/mipsel-linux-uclibc-gcc -c -g -O2  conftest.c >&5
configure:2957: $? = 0
configure:2960: test -z 			 || test ! -s conftest.err
configure:2963: $? = 0
configure:2966: test -s conftest.o
configure:2969: $? = 0
configure:2979: result: yes
configure:2983: checking termio.h presence
configure:2993: /opt/smp86xx/smp86xx_toolchain_2.8.2.0/build_mipsel_nofpu/staging_dir/bin/mipsel-linux-uclibc-gcc -E  conftest.c
configure:2999: $? = 0
configure:3019: result: yes
configure:3054: checking for termio.h
configure:3061: result: yes
configure:2939: checking termios.h usability
configure:2951: /opt/smp86xx/smp86xx_toolchain_2.8.2.0/build_mipsel_nofpu/staging_dir/bin/mipsel-linux-uclibc-gcc -c -g -O2  conftest.c >&5
configure:2957: $? = 0
configure:2960: test -z 			 || test ! -s conftest.err
configure:2963: $? = 0
configure:2966: test -s conftest.o
configure:2969: $? = 0
configure:2979: result: yes
configure:2983: checking termios.h presence
configure:2993: /opt/smp86xx/smp86xx_toolchain_2.8.2.0/build_mipsel_nofpu/staging_dir/bin/mipsel-linux-uclibc-gcc -E  conftest.c
configure:2999: $? = 0
configure:3019: result: yes
configure:3054: checking for termios.h
configure:3061: result: yes
configure:2939: checking sys/reg.h usability
configure:2951: /opt/smp86xx/smp86xx_toolchain_2.8.2.0/build_mipsel_nofpu/staging_dir/bin/mipsel-linux-uclibc-gcc -c -g -O2  conftest.c >&5
conftest.c:56:21: error: sys/reg.h: No such file or directory
configure:2957: $? = 1
configure: failed program was:
| /* confdefs.h.  */
| 
| #define PACKAGE_NAME ""
| #define PACKAGE_TARNAME ""
| #define PACKAGE_VERSION ""
| #define PACKAGE_STRING ""
| #define PACKAGE_BUGREPORT ""
| #define STDC_HEADERS 1
| #define HAVE_SYS_TYPES_H 1
| #define HAVE_SYS_STAT_H 1
| #define HAVE_STDLIB_H 1
| #define HAVE_STRING_H 1
| #define HAVE_MEMORY_H 1
| #define HAVE_STRINGS_H 1
| #define HAVE_INTTYPES_H 1
| #define HAVE_STDINT_H 1
| #define HAVE_UNISTD_H 1
| #define HAVE_SGTTY_H 1
| #define HAVE_TERMIO_H 1
| #define HAVE_TERMIOS_H 1
| /* end confdefs.h.  */
| #include <stdio.h>
| #if HAVE_SYS_TYPES_H
| # include <sys/types.h>
| #endif
| #if HAVE_SYS_STAT_H
| # include <sys/stat.h>
| #endif
| #if STDC_HEADERS
| # include <stdlib.h>
| # include <stddef.h>
| #else
| # if HAVE_STDLIB_H
| #  include <stdlib.h>
| # endif
| #endif
| #if HAVE_STRING_H
| # if !STDC_HEADERS && HAVE_MEMORY_H
| #  include <memory.h>
| # endif
| # include <string.h>
| #endif
| #if HAVE_STRINGS_H
| # include <strings.h>
| #endif
| #if HAVE_INTTYPES_H
| # include <inttypes.h>
| #else
| # if HAVE_STDINT_H
| #  include <stdint.h>
| # endif
| #endif
| #if HAVE_UNISTD_H
| # include <unistd.h>
| #endif
| #include <sys/reg.h>
configure:2979: result: no
configure:2983: checking sys/reg.h presence
configure:2993: /opt/smp86xx/smp86xx_toolchain_2.8.2.0/build_mipsel_nofpu/staging_dir/bin/mipsel-linux-uclibc-gcc -E  conftest.c
conftest.c:22:21: error: sys/reg.h: No such file or directory
configure:2999: $? = 1
configure: failed program was:
| /* confdefs.h.  */
| 
| #define PACKAGE_NAME ""
| #define PACKAGE_TARNAME ""
| #define PACKAGE_VERSION ""
| #define PACKAGE_STRING ""
| #define PACKAGE_BUGREPORT ""
| #define STDC_HEADERS 1
| #define HAVE_SYS_TYPES_H 1
| #define HAVE_SYS_STAT_H 1
| #define HAVE_STDLIB_H 1
| #define HAVE_STRING_H 1
| #define HAVE_MEMORY_H 1
| #define HAVE_STRINGS_H 1
| #define HAVE_INTTYPES_H 1
| #define HAVE_STDINT_H 1
| #define HAVE_UNISTD_H 1
| #define HAVE_SGTTY_H 1
| #define HAVE_TERMIO_H 1
| #define HAVE_TERMIOS_H 1
| /* end confdefs.h.  */
| #include <sys/reg.h>
configure:3019: result: no
configure:3054: checking for sys/reg.h
configure:3061: result: no
configure:2930: checking for string.h
configure:2935: result: yes
configure:2939: checking proc_service.h usability
configure:2951: /opt/smp86xx/smp86xx_toolchain_2.8.2.0/build_mipsel_nofpu/staging_dir/bin/mipsel-linux-uclibc-gcc -c -g -O2  conftest.c >&5
conftest.c:57:26: error: proc_service.h: No such file or directory
configure:2957: $? = 1
configure: failed program was:
| /* confdefs.h.  */
| 
| #define PACKAGE_NAME ""
| #define PACKAGE_TARNAME ""
| #define PACKAGE_VERSION ""
| #define PACKAGE_STRING ""
| #define PACKAGE_BUGREPORT ""
| #define STDC_HEADERS 1
| #define HAVE_SYS_TYPES_H 1
| #define HAVE_SYS_STAT_H 1
| #define HAVE_STDLIB_H 1
| #define HAVE_STRING_H 1
| #define HAVE_MEMORY_H 1
| #define HAVE_STRINGS_H 1
| #define HAVE_INTTYPES_H 1
| #define HAVE_STDINT_H 1
| #define HAVE_UNISTD_H 1
| #define HAVE_SGTTY_H 1
| #define HAVE_TERMIO_H 1
| #define HAVE_TERMIOS_H 1
| #define HAVE_STRING_H 1
| /* end confdefs.h.  */
| #include <stdio.h>
| #if HAVE_SYS_TYPES_H
| # include <sys/types.h>
| #endif
| #if HAVE_SYS_STAT_H
| # include <sys/stat.h>
| #endif
| #if STDC_HEADERS
| # include <stdlib.h>
| # include <stddef.h>
| #else
| # if HAVE_STDLIB_H
| #  include <stdlib.h>
| # endif
| #endif
| #if HAVE_STRING_H
| # if !STDC_HEADERS && HAVE_MEMORY_H
| #  include <memory.h>
| # endif
| # include <string.h>
| #endif
| #if HAVE_STRINGS_H
| # include <strings.h>
| #endif
| #if HAVE_INTTYPES_H
| # include <inttypes.h>
| #else
| # if HAVE_STDINT_H
| #  include <stdint.h>
| # endif
| #endif
| #if HAVE_UNISTD_H
| # include <unistd.h>
| #endif
| #include <proc_service.h>
configure:2979: result: no
configure:2983: checking proc_service.h presence
configure:2993: /opt/smp86xx/smp86xx_toolchain_2.8.2.0/build_mipsel_nofpu/staging_dir/bin/mipsel-linux-uclibc-gcc -E  conftest.c
conftest.c:23:26: error: proc_service.h: No such file or directory
configure:2999: $? = 1
configure: failed program was:
| /* confdefs.h.  */
| 
| #define PACKAGE_NAME ""
| #define PACKAGE_TARNAME ""
| #define PACKAGE_VERSION ""
| #define PACKAGE_STRING ""
| #define PACKAGE_BUGREPORT ""
| #define STDC_HEADERS 1
| #define HAVE_SYS_TYPES_H 1
| #define HAVE_SYS_STAT_H 1
| #define HAVE_STDLIB_H 1
| #define HAVE_STRING_H 1
| #define HAVE_MEMORY_H 1
| #define HAVE_STRINGS_H 1
| #define HAVE_INTTYPES_H 1
| #define HAVE_STDINT_H 1
| #define HAVE_UNISTD_H 1
| #define HAVE_SGTTY_H 1
| #define HAVE_TERMIO_H 1
| #define HAVE_TERMIOS_H 1
| #define HAVE_STRING_H 1
| /* end confdefs.h.  */
| #include <proc_service.h>
configure:3019: result: no
configure:3054: checking for proc_service.h
configure:3061: result: no
configure:2939: checking sys/procfs.h usability
configure:2951: /opt/smp86xx/smp86xx_toolchain_2.8.2.0/build_mipsel_nofpu/staging_dir/bin/mipsel-linux-uclibc-gcc -c -g -O2  conftest.c >&5
configure:2957: $? = 0
configure:2960: test -z 			 || test ! -s conftest.err
configure:2963: $? = 0
configure:2966: test -s conftest.o
configure:2969: $? = 0
configure:2979: result: yes
configure:2983: checking sys/procfs.h presence
configure:2993: /opt/smp86xx/smp86xx_toolchain_2.8.2.0/build_mipsel_nofpu/staging_dir/bin/mipsel-linux-uclibc-gcc -E  conftest.c
configure:2999: $? = 0
configure:3019: result: yes
configure:3054: checking for sys/procfs.h
configure:3061: result: yes
configure:2939: checking thread_db.h usability
configure:2951: /opt/smp86xx/smp86xx_toolchain_2.8.2.0/build_mipsel_nofpu/staging_dir/bin/mipsel-linux-uclibc-gcc -c -g -O2  conftest.c >&5
configure:2957: $? = 0
configure:2960: test -z 			 || test ! -s conftest.err
configure:2963: $? = 0
configure:2966: test -s conftest.o
configure:2969: $? = 0
configure:2979: result: yes
configure:2983: checking thread_db.h presence
configure:2993: /opt/smp86xx/smp86xx_toolchain_2.8.2.0/build_mipsel_nofpu/staging_dir/bin/mipsel-linux-uclibc-gcc -E  conftest.c
configure:2999: $? = 0
configure:3019: result: yes
configure:3054: checking for thread_db.h
configure:3061: result: yes
configure:2939: checking linux/elf.h usability
configure:2951: /opt/smp86xx/smp86xx_toolchain_2.8.2.0/build_mipsel_nofpu/staging_dir/bin/mipsel-linux-uclibc-gcc -c -g -O2  conftest.c >&5
configure:2957: $? = 0
configure:2960: test -z 			 || test ! -s conftest.err
configure:2963: $? = 0
configure:2966: test -s conftest.o
configure:2969: $? = 0
configure:2979: result: yes
configure:2983: checking linux/elf.h presence
configure:2993: /opt/smp86xx/smp86xx_toolchain_2.8.2.0/build_mipsel_nofpu/staging_dir/bin/mipsel-linux-uclibc-gcc -E  conftest.c
configure:2999: $? = 0
configure:3019: result: yes
configure:3054: checking for linux/elf.h
configure:3061: result: yes
configure:2930: checking for stdlib.h
configure:2935: result: yes
configure:2930: checking for unistd.h
configure:2935: result: yes
configure:3075: checking whether strerror is declared
configure:3099: /opt/smp86xx/smp86xx_toolchain_2.8.2.0/build_mipsel_nofpu/staging_dir/bin/mipsel-linux-uclibc-gcc -c -g -O2  conftest.c >&5
configure:3105: $? = 0
configure:3108: test -z 			 || test ! -s conftest.err
configure:3111: $? = 0
configure:3114: test -s conftest.o
configure:3117: $? = 0
configure:3128: result: yes
configure:3147: checking for socklen_t
configure:3174: /opt/smp86xx/smp86xx_toolchain_2.8.2.0/build_mipsel_nofpu/staging_dir/bin/mipsel-linux-uclibc-gcc -c -g -O2  conftest.c >&5
configure:3180: $? = 0
configure:3183: test -z 			 || test ! -s conftest.err
configure:3186: $? = 0
configure:3189: test -s conftest.o
configure:3192: $? = 0
configure:3203: result: yes
configure:3355: checking for lwpid_t in sys/procfs.h
configure:3378: /opt/smp86xx/smp86xx_toolchain_2.8.2.0/build_mipsel_nofpu/staging_dir/bin/mipsel-linux-uclibc-gcc -c -g -O2  conftest.c >&5
configure:3384: $? = 0
configure:3387: test -z 			 || test ! -s conftest.err
configure:3390: $? = 0
configure:3393: test -s conftest.o
configure:3396: $? = 0
configure:3416: result: yes
configure:3419: checking for psaddr_t in sys/procfs.h
configure:3442: /opt/smp86xx/smp86xx_toolchain_2.8.2.0/build_mipsel_nofpu/staging_dir/bin/mipsel-linux-uclibc-gcc -c -g -O2  conftest.c >&5
configure:3448: $? = 0
configure:3451: test -z 			 || test ! -s conftest.err
configure:3454: $? = 0
configure:3457: test -s conftest.o
configure:3460: $? = 0
configure:3480: result: yes
configure:3483: checking for prgregset_t in sys/procfs.h
configure:3506: /opt/smp86xx/smp86xx_toolchain_2.8.2.0/build_mipsel_nofpu/staging_dir/bin/mipsel-linux-uclibc-gcc -c -g -O2  conftest.c >&5
configure:3512: $? = 0
configure:3515: test -z 			 || test ! -s conftest.err
configure:3518: $? = 0
configure:3521: test -s conftest.o
configure:3524: $? = 0
configure:3544: result: yes
configure:3547: checking for elf_fpregset_t in sys/procfs.h
configure:3570: /opt/smp86xx/smp86xx_toolchain_2.8.2.0/build_mipsel_nofpu/staging_dir/bin/mipsel-linux-uclibc-gcc -c -g -O2  conftest.c >&5
configure:3576: $? = 0
configure:3579: test -z 			 || test ! -s conftest.err
configure:3582: $? = 0
configure:3585: test -s conftest.o
configure:3588: $? = 0
configure:3608: result: yes
configure:3618: checking for libthread_db
configure:3649: /opt/smp86xx/smp86xx_toolchain_2.8.2.0/build_mipsel_nofpu/staging_dir/bin/mipsel-linux-uclibc-gcc -o conftest -g -O2   conftest.c  -lthread_db >&5
configure:3655: $? = 0
configure:3658: test -z 			 || test ! -s conftest.err
configure:3661: $? = 0
configure:3664: test -s conftest
configure:3667: $? = 0
configure:3742: result: -lthread_db
configure:3771: /opt/smp86xx/smp86xx_toolchain_2.8.2.0/build_mipsel_nofpu/staging_dir/bin/mipsel-linux-uclibc-gcc -o conftest -g -O2   -rdynamic conftest.c  >&5
configure:3777: $? = 0
configure:3780: test -z 			 || test ! -s conftest.err
configure:3783: $? = 0
configure:3786: test -s conftest
configure:3789: $? = 0
configure:3807: checking for TD_VERSION
configure:3828: /opt/smp86xx/smp86xx_toolchain_2.8.2.0/build_mipsel_nofpu/staging_dir/bin/mipsel-linux-uclibc-gcc -c -g -O2  conftest.c >&5
conftest.c: In function 'main':
conftest.c:39: error: 'TD_VERSION' undeclared (first use in this function)
conftest.c:39: error: (Each undeclared identifier is reported only once
conftest.c:39: error: for each function it appears in.)
configure:3834: $? = 1
configure: failed program was:
| /* confdefs.h.  */
| 
| #define PACKAGE_NAME ""
| #define PACKAGE_TARNAME ""
| #define PACKAGE_VERSION ""
| #define PACKAGE_STRING ""
| #define PACKAGE_BUGREPORT ""
| #define STDC_HEADERS 1
| #define HAVE_SYS_TYPES_H 1
| #define HAVE_SYS_STAT_H 1
| #define HAVE_STDLIB_H 1
| #define HAVE_STRING_H 1
| #define HAVE_MEMORY_H 1
| #define HAVE_STRINGS_H 1
| #define HAVE_INTTYPES_H 1
| #define HAVE_STDINT_H 1
| #define HAVE_UNISTD_H 1
| #define HAVE_SGTTY_H 1
| #define HAVE_TERMIO_H 1
| #define HAVE_TERMIOS_H 1
| #define HAVE_STRING_H 1
| #define HAVE_SYS_PROCFS_H 1
| #define HAVE_THREAD_DB_H 1
| #define HAVE_LINUX_ELF_H 1
| #define HAVE_STDLIB_H 1
| #define HAVE_UNISTD_H 1
| #define HAVE_DECL_STRERROR 1
| #define HAVE_SOCKLEN_T 1
| #define HAVE_LINUX_USRREGS 1
| #define HAVE_LWPID_T 1
| #define HAVE_PSADDR_T 1
| #define HAVE_PRGREGSET_T 1
| #define HAVE_ELF_FPREGSET_T 1
| /* end confdefs.h.  */
| #include <thread_db.h>
| int
| main ()
| {
| TD_VERSION;
|   ;
|   return 0;
| }
configure:3857: result: no
configure:3972: creating ./config.status

## ---------------------- ##
## Running config.status. ##
## ---------------------- ##

This file was extended by config.status, which was
generated by GNU Autoconf 2.59.  Invocation command line was

  CONFIG_FILES    = 
  CONFIG_HEADERS  = 
  CONFIG_LINKS    = 
  CONFIG_COMMANDS = 
  $ ./config.status 

on DavidLinux

config.status:710: creating Makefile
config.status:769: creating config.h
config.status:1061: executing default commands

## ---------------- ##
## Cache variables. ##
## ---------------- ##

ac_cv_build=i386-pc-linux-gnu
ac_cv_build_alias=i386-pc-linux-gnu
ac_cv_c_compiler_gnu=yes
ac_cv_env_CC_set=set
ac_cv_env_CC_value=/opt/smp86xx/smp86xx_toolchain_2.8.2.0/build_mipsel_nofpu/staging_dir/bin/mipsel-linux-uclibc-gcc
ac_cv_env_CFLAGS_set=
ac_cv_env_CFLAGS_value=
ac_cv_env_CPPFLAGS_set=
ac_cv_env_CPPFLAGS_value=
ac_cv_env_CPP_set=
ac_cv_env_CPP_value=
ac_cv_env_LDFLAGS_set=
ac_cv_env_LDFLAGS_value=
ac_cv_env_build_alias_set=set
ac_cv_env_build_alias_value=i386-pc-linux-gnu
ac_cv_env_host_alias_set=set
ac_cv_env_host_alias_value=mipsel-linux-uclibc
ac_cv_env_target_alias_set=set
ac_cv_env_target_alias_value=mipsel-linux-uclibc
ac_cv_exeext=
ac_cv_have_decl_strerror=yes
ac_cv_header_inttypes_h=yes
ac_cv_header_linux_elf_h=yes
ac_cv_header_memory_h=yes
ac_cv_header_proc_service_h=no
ac_cv_header_sgtty_h=yes
ac_cv_header_stdc=yes
ac_cv_header_stdint_h=yes
ac_cv_header_stdlib_h=yes
ac_cv_header_string_h=yes
ac_cv_header_strings_h=yes
ac_cv_header_sys_procfs_h=yes
ac_cv_header_sys_reg_h=no
ac_cv_header_sys_stat_h=yes
ac_cv_header_sys_types_h=yes
ac_cv_header_termio_h=yes
ac_cv_header_termios_h=yes
ac_cv_header_thread_db_h=yes
ac_cv_header_unistd_h=yes
ac_cv_host=mipsel-unknown-linux-uclibc
ac_cv_host_alias=mipsel-linux-uclibc
ac_cv_objext=o
ac_cv_path_install='/usr/bin/install -c'
ac_cv_prog_CC=/opt/smp86xx/smp86xx_toolchain_2.8.2.0/build_mipsel_nofpu/staging_dir/bin/mipsel-linux-uclibc-gcc
ac_cv_prog_CPP='/opt/smp86xx/smp86xx_toolchain_2.8.2.0/build_mipsel_nofpu/staging_dir/bin/mipsel-linux-uclibc-gcc -E'
ac_cv_prog_cc_g=yes
ac_cv_prog_cc_stdc=
ac_cv_prog_egrep='grep -E'
ac_cv_target=mipsel-unknown-linux-uclibc
ac_cv_target_alias=mipsel-linux-uclibc
ac_cv_type_socklen_t=yes
bfd_cv_have_sys_procfs_type_elf_fpregset_t=yes
bfd_cv_have_sys_procfs_type_lwpid_t=yes
bfd_cv_have_sys_procfs_type_prgregset_t=yes
bfd_cv_have_sys_procfs_type_psaddr_t=yes
gdb_cv_func_sigsetjmp=yes
gdbsrv_cv_have_td_version=no
srv_cv_thread_db=-lthread_db

## ----------------- ##
## Output variables. ##
## ----------------- ##

CC='/opt/smp86xx/smp86xx_toolchain_2.8.2.0/build_mipsel_nofpu/staging_dir/bin/mipsel-linux-uclibc-gcc'
CFLAGS='-g -O2'
CPP='/opt/smp86xx/smp86xx_toolchain_2.8.2.0/build_mipsel_nofpu/staging_dir/bin/mipsel-linux-uclibc-gcc -E'
CPPFLAGS=''
DEFS='-DHAVE_CONFIG_H'
ECHO_C=''
ECHO_N='-n'
ECHO_T=''
EGREP='grep -E'
EXEEXT=''
GDBSERVER_DEPFILES='reg-mips.o linux-low.o linux-mips-low.o thread-db.o proc-service.o'
GDBSERVER_LIBS='-lthread_db'
INSTALL_DATA='${INSTALL} -m 644'
INSTALL_PROGRAM='${INSTALL}'
INSTALL_SCRIPT='${INSTALL}'
LDFLAGS=''
LIBOBJS=''
LIBS=''
LTLIBOBJS=''
OBJEXT='o'
PACKAGE_BUGREPORT=''
PACKAGE_NAME=''
PACKAGE_STRING=''
PACKAGE_TARNAME=''
PACKAGE_VERSION=''
PATH_SEPARATOR=':'
RDYNAMIC='-rdynamic'
SHELL='/bin/sh'
USE_THREAD_DB='-DUSE_THREAD_DB'
ac_ct_CC=''
bindir='/usr/bin'
build='i386-pc-linux-gnu'
build_alias='i386-pc-linux-gnu'
build_cpu='i386'
build_os='linux-gnu'
build_vendor='pc'
datadir='/usr/share'
exec_prefix='/usr'
host='mipsel-unknown-linux-uclibc'
host_alias='mipsel-linux-uclibc'
host_cpu='mipsel'
host_os='linux-uclibc'
host_vendor='unknown'
includedir='/opt/smp86xx/smp86xx_toolchain_2.8.2.0/build_mipsel_nofpu/staging_dir/include'
infodir='/usr/info'
libdir='${exec_prefix}/lib'
libexecdir='/usr/lib'
localstatedir='/var'
mandir='/usr/man'
oldincludedir='/usr/include'
prefix='/usr'
program_transform_name='s,^,mipsel-linux-uclibc-,'
sbindir='/usr/sbin'
sharedstatedir='${prefix}/com'
sysconfdir='/etc'
target='mipsel-unknown-linux-uclibc'
target_alias='mipsel-linux-uclibc'
target_cpu='mipsel'
target_os='linux-uclibc'
target_vendor='unknown'

## ----------- ##
## confdefs.h. ##
## ----------- ##

#define HAVE_DECL_STRERROR 1
#define HAVE_ELF_FPREGSET_T 1
#define HAVE_INTTYPES_H 1
#define HAVE_LINUX_ELF_H 1
#define HAVE_LINUX_USRREGS 1
#define HAVE_LWPID_T 1
#define HAVE_MEMORY_H 1
#define HAVE_PRGREGSET_T 1
#define HAVE_PSADDR_T 1
#define HAVE_SGTTY_H 1
#define HAVE_SOCKLEN_T 1
#define HAVE_STDINT_H 1
#define HAVE_STDLIB_H 1
#define HAVE_STDLIB_H 1
#define HAVE_STRINGS_H 1
#define HAVE_STRING_H 1
#define HAVE_STRING_H 1
#define HAVE_SYS_PROCFS_H 1
#define HAVE_SYS_STAT_H 1
#define HAVE_SYS_TYPES_H 1
#define HAVE_TERMIOS_H 1
#define HAVE_TERMIO_H 1
#define HAVE_THREAD_DB_H 1
#define HAVE_UNISTD_H 1
#define HAVE_UNISTD_H 1
#define PACKAGE_BUGREPORT ""
#define PACKAGE_NAME ""
#define PACKAGE_STRING ""
#define PACKAGE_TARNAME ""
#define PACKAGE_VERSION ""
#define STDC_HEADERS 1

configure: exit 0

## ---------------------- ##
## Running config.status. ##
## ---------------------- ##

This file was extended by config.status, which was
generated by GNU Autoconf 2.59.  Invocation command line was

  CONFIG_FILES    = 
  CONFIG_HEADERS  = config.h:config.in
  CONFIG_LINKS    = 
  CONFIG_COMMANDS = 
  $ ./config.status 

on DavidLinux

config.status:769: creating config.h
config.status:903: config.h is unchanged
config.status:1061: executing default commands
