This file contains any messages produced by compilers while
running configure, to aid debugging if configure makes a mistake.

It was created by cpplib configure  , which was
generated by GNU Autoconf 2.59.  Invocation command line was

  $ /opt/smp86xx/smp86xx_toolchain_2.8.2.0/toolchain_build_mipsel_nofpu/gcc-4.0.4/libcpp/configure --cache-file=./config.cache --build=i386-pc-linux-gnu --host=i386-pc-linux-gnu --target=mipsel-linux-uclibc --with-stabs --prefix=/opt/smp86xx/smp86xx_toolchain_2.8.2.0/build_mipsel_nofpu/staging_dir --disable-shared --with-sysroot=/opt/smp86xx/smp86xx_toolchain_2.8.2.0/toolchain_build_mipsel_nofpu/uClibc_dev/ --disable-__cxa_atexit --enable-target-optspace --with-gnu-ld --disable-nls --enable-multilib --with-float=soft --with-gcc-version-trigger=/opt/smp86xx/smp86xx_toolchain_2.8.2.0/toolchain_build_mipsel_nofpu/gcc-4.0.4/gcc/version.c --enable-languages=c --program-transform-name=s,^,mipsel-linux-uclibc-,;  --srcdir=/opt/smp86xx/smp86xx_toolchain_2.8.2.0/toolchain_build_mipsel_nofpu/gcc-4.0.4/libcpp

## --------- ##
## Platform. ##
## --------- ##

hostname = DavidLinux
uname -m = i686
uname -r = 2.6.23.15-80.fc7
uname -s = Linux
uname -v = #1 SMP Sun Feb 10 17:29:10 EST 2008

/usr/bin/uname -p = unknown
/bin/uname -X     = unknown

/bin/arch              = i686
/usr/bin/arch -k       = unknown
/usr/convex/getsysinfo = unknown
hostinfo               = unknown
/bin/machine           = unknown
/usr/bin/oslevel       = unknown
/bin/universe          = unknown

PATH: /opt/smp86xx/smp86xx_toolchain_2.8.2.0/build_mipsel_nofpu/staging_dir/bin
PATH: /bin
PATH: /sbin
PATH: /usr/bin
PATH: /usr/sbin


## ----------- ##
## Core tests. ##
## ----------- ##

configure:1234: creating cache ./config.cache
configure:1365: checking build system type
configure:1383: result: i386-pc-linux-gnu
configure:1391: checking host system type
configure:1405: result: i386-pc-linux-gnu
configure:1413: checking target system type
configure:1427: result: mipsel-unknown-linux-uclibc
configure:1443: checking whether make sets $(MAKE)
configure:1463: result: yes
configure:1485: checking for a BSD-compatible install
configure:1540: result: /usr/bin/install -c
configure:1559: checking for i386-pc-linux-gnu-gcc
configure:1585: result: gcc
configure:1867: checking for C compiler version
configure:1870: gcc --version </dev/null >&5
gcc (GCC) 4.1.2 20070925 (Red Hat 4.1.2-27)
Copyright (C) 2006 Free Software Foundation, Inc.
This is free software; see the source for copying conditions.  There is NO
warranty; not even for MERCHANTABILITY or FITNESS FOR A PARTICULAR PURPOSE.

configure:1873: $? = 0
configure:1875: gcc -v </dev/null >&5
Using built-in specs.
Target: i386-redhat-linux
Configured with: ../configure --prefix=/usr --mandir=/usr/share/man --infodir=/usr/share/info --enable-shared --enable-threads=posix --enable-checking=release --with-system-zlib --enable-__cxa_atexit --disable-libunwind-exceptions --enable-languages=c,c++,objc,obj-c++,java,fortran,ada --enable-java-awt=gtk --disable-dssi --enable-plugin --with-java-home=/usr/lib/jvm/java-1.5.0-gcj-1.5.0.0/jre --enable-libgcj-multifile --enable-java-maintainer-mode --with-ecj-jar=/usr/share/java/eclipse-ecj.jar --with-cpu=generic --host=i386-redhat-linux
Thread model: posix
gcc version 4.1.2 20070925 (Red Hat 4.1.2-27)
configure:1878: $? = 0
configure:1880: gcc -V </dev/null >&5
gcc: '-V' option must have argument
configure:1883: $? = 1
configure:1906: checking for C compiler default output file name
configure:1909: gcc -g -O2   conftest.c  >&5
configure:1912: $? = 0
configure:1958: result: a.out
configure:1963: checking whether the C compiler works
configure:1969: ./a.out
configure:1972: $? = 0
configure:1989: result: yes
configure:1996: checking whether we are cross compiling
configure:1998: result: no
configure:2001: checking for suffix of executables
configure:2003: gcc -o conftest -g -O2   conftest.c  >&5
configure:2006: $? = 0
configure:2031: result: 
configure:2037: checking for suffix of object files
configure:2058: gcc -c -g -O2  conftest.c >&5
configure:2061: $? = 0
configure:2083: result: o
configure:2087: checking whether we are using the GNU C compiler
configure:2111: gcc -c -g -O2  conftest.c >&5
configure:2117: $? = 0
configure:2121: test -z 
			 || test ! -s conftest.err
configure:2124: $? = 0
configure:2127: test -s conftest.o
configure:2130: $? = 0
configure:2143: result: yes
configure:2149: checking whether gcc accepts -g
configure:2170: gcc -c -g  conftest.c >&5
configure:2176: $? = 0
configure:2180: test -z 
			 || test ! -s conftest.err
configure:2183: $? = 0
configure:2186: test -s conftest.o
configure:2189: $? = 0
configure:2200: result: yes
configure:2217: checking for gcc option to accept ANSI C
configure:2287: gcc  -c -g -O2  conftest.c >&5
configure:2293: $? = 0
configure:2297: test -z 
			 || test ! -s conftest.err
configure:2300: $? = 0
configure:2303: test -s conftest.o
configure:2306: $? = 0
configure:2324: result: none needed
configure:2342: gcc -c -g -O2  conftest.c >&5
conftest.c:2: error: expected '=', ',', ';', 'asm' or '__attribute__' before 'me'
configure:2348: $? = 1
configure: failed program was:
| #ifndef __cplusplus
|   choke me
| #endif
configure:2484: checking for i386-pc-linux-gnu-ranlib
configure:2510: result: ranlib
configure:2567: checking for aclocal
configure:2583: found /usr/bin/aclocal
configure:2593: result: aclocal
configure:2608: checking for autoconf
configure:2624: found /usr/bin/autoconf
configure:2634: result: autoconf
configure:2649: checking for autoheader
configure:2665: found /usr/bin/autoheader
configure:2675: result: autoheader
configure:2697: checking whether gcc supports -W
configure:2719: gcc -c -W  conftest.c >&5
configure:2725: $? = 0
configure:2729: test -z 
			 || test ! -s conftest.err
configure:2732: $? = 0
configure:2735: test -s conftest.o
configure:2738: $? = 0
configure:2750: result: yes
configure:2697: checking whether gcc supports -Wall
configure:2719: gcc -c -Wall  conftest.c >&5
configure:2725: $? = 0
configure:2729: test -z 
			 || test ! -s conftest.err
configure:2732: $? = 0
configure:2735: test -s conftest.o
configure:2738: $? = 0
configure:2750: result: yes
configure:2697: checking whether gcc supports -Wwrite-strings
configure:2719: gcc -c -Wwrite-strings  conftest.c >&5
configure:2725: $? = 0
configure:2729: test -z 
			 || test ! -s conftest.err
configure:2732: $? = 0
configure:2735: test -s conftest.o
configure:2738: $? = 0
configure:2750: result: yes
configure:2697: checking whether gcc supports -Wstrict-prototypes
configure:2719: gcc -c -Wstrict-prototypes  conftest.c >&5
conftest.c:12: warning: function declaration isn't a prototype
configure:2725: $? = 0
configure:2729: test -z 
			 || test ! -s conftest.err
configure:2732: $? = 0
configure:2735: test -s conftest.o
configure:2738: $? = 0
configure:2750: result: yes
configure:2697: checking whether gcc supports -Wmissing-prototypes
configure:2719: gcc -c -Wmissing-prototypes  conftest.c >&5
configure:2725: $? = 0
configure:2729: test -z 
			 || test ! -s conftest.err
configure:2732: $? = 0
configure:2735: test -s conftest.o
configure:2738: $? = 0
configure:2750: result: yes
configure:2697: checking whether gcc supports -Wold-style-definition
configure:2719: gcc -c -Wold-style-definition  conftest.c >&5
conftest.c: In function 'main':
conftest.c:12: warning: old-style function definition
configure:2725: $? = 0
configure:2729: test -z 
			 || test ! -s conftest.err
configure:2732: $? = 0
configure:2735: test -s conftest.o
configure:2738: $? = 0
configure:2750: result: yes
configure:2761: checking whether gcc supports -pedantic -Wno-long-long
configure:2784: gcc -c -pedantic -Wno-long-long  conftest.c >&5
configure:2790: $? = 0
configure:2794: test -z 
			 || test ! -s conftest.err
configure:2797: $? = 0
configure:2800: test -s conftest.o
configure:2803: $? = 0
configure:2815: result: yes
configure:2843: checking whether time.h and sys/time.h may both be included
configure:2868: gcc -c -g -O2  conftest.c >&5
configure:2874: $? = 0
configure:2878: test -z 
			 || test ! -s conftest.err
configure:2881: $? = 0
configure:2884: test -s conftest.o
configure:2887: $? = 0
configure:2898: result: yes
configure:2908: checking whether string.h and strings.h may both be included
configure:2930: gcc -c -g -O2  conftest.c >&5
configure:2936: $? = 0
configure:2940: test -z 
			 || test ! -s conftest.err
configure:2943: $? = 0
configure:2946: test -s conftest.o
configure:2949: $? = 0
configure:2960: result: yes
configure:2975: checking how to run the C preprocessor
configure:3010: gcc -E  conftest.c
configure:3016: $? = 0
configure:3048: gcc -E  conftest.c
conftest.c:11:28: error: ac_nonexistent.h: No such file or directory
configure:3054: $? = 1
configure: failed program was:
| /* confdefs.h.  */
| 
| #define PACKAGE_NAME "cpplib"
| #define PACKAGE_TARNAME "cpplib"
| #define PACKAGE_VERSION " "
| #define PACKAGE_STRING "cpplib  "
| #define PACKAGE_BUGREPORT "gcc-bugs@gcc.gnu.org"
| #define TIME_WITH_SYS_TIME 1
| #define STRING_WITH_STRINGS 1
| /* end confdefs.h.  */
| #include <ac_nonexistent.h>
configure:3093: result: gcc -E
configure:3117: gcc -E  conftest.c
configure:3123: $? = 0
configure:3155: gcc -E  conftest.c
conftest.c:11:28: error: ac_nonexistent.h: No such file or directory
configure:3161: $? = 1
configure: failed program was:
| /* confdefs.h.  */
| 
| #define PACKAGE_NAME "cpplib"
| #define PACKAGE_TARNAME "cpplib"
| #define PACKAGE_VERSION " "
| #define PACKAGE_STRING "cpplib  "
| #define PACKAGE_BUGREPORT "gcc-bugs@gcc.gnu.org"
| #define TIME_WITH_SYS_TIME 1
| #define STRING_WITH_STRINGS 1
| /* end confdefs.h.  */
| #include <ac_nonexistent.h>
configure:3205: checking for egrep
configure:3215: result: grep -E
configure:3220: checking for ANSI C header files
configure:3245: gcc -c -g -O2  conftest.c >&5
configure:3251: $? = 0
configure:3255: test -z 
			 || test ! -s conftest.err
configure:3258: $? = 0
configure:3261: test -s conftest.o
configure:3264: $? = 0
configure:3353: gcc -o conftest -g -O2   conftest.c  >&5
conftest.c: In function 'main':
conftest.c:28: warning: incompatible implicit declaration of built-in function 'exit'
configure:3356: $? = 0
configure:3358: ./conftest
configure:3361: $? = 0
configure:3376: result: yes
configure:3400: checking for sys/types.h
configure:3416: gcc -c -g -O2  conftest.c >&5
configure:3422: $? = 0
configure:3426: test -z 
			 || test ! -s conftest.err
configure:3429: $? = 0
configure:3432: test -s conftest.o
configure:3435: $? = 0
configure:3446: result: yes
configure:3400: checking for sys/stat.h
configure:3416: gcc -c -g -O2  conftest.c >&5
configure:3422: $? = 0
configure:3426: test -z 
			 || test ! -s conftest.err
configure:3429: $? = 0
configure:3432: test -s conftest.o
configure:3435: $? = 0
configure:3446: result: yes
configure:3400: checking for stdlib.h
configure:3416: gcc -c -g -O2  conftest.c >&5
configure:3422: $? = 0
configure:3426: test -z 
			 || test ! -s conftest.err
configure:3429: $? = 0
configure:3432: test -s conftest.o
configure:3435: $? = 0
configure:3446: result: yes
configure:3400: checking for string.h
configure:3416: gcc -c -g -O2  conftest.c >&5
configure:3422: $? = 0
configure:3426: test -z 
			 || test ! -s conftest.err
configure:3429: $? = 0
configure:3432: test -s conftest.o
configure:3435: $? = 0
configure:3446: result: yes
configure:3400: checking for memory.h
configure:3416: gcc -c -g -O2  conftest.c >&5
configure:3422: $? = 0
configure:3426: test -z 
			 || test ! -s conftest.err
configure:3429: $? = 0
configure:3432: test -s conftest.o
configure:3435: $? = 0
configure:3446: result: yes
configure:3400: checking for strings.h
configure:3416: gcc -c -g -O2  conftest.c >&5
configure:3422: $? = 0
configure:3426: test -z 
			 || test ! -s conftest.err
configure:3429: $? = 0
configure:3432: test -s conftest.o
configure:3435: $? = 0
configure:3446: result: yes
configure:3400: checking for inttypes.h
configure:3416: gcc -c -g -O2  conftest.c >&5
configure:3422: $? = 0
configure:3426: test -z 
			 || test ! -s conftest.err
configure:3429: $? = 0
configure:3432: test -s conftest.o
configure:3435: $? = 0
configure:3446: result: yes
configure:3400: checking for stdint.h
configure:3416: gcc -c -g -O2  conftest.c >&5
configure:3422: $? = 0
configure:3426: test -z 
			 || test ! -s conftest.err
configure:3429: $? = 0
configure:3432: test -s conftest.o
configure:3435: $? = 0
configure:3446: result: yes
configure:3400: checking for unistd.h
configure:3416: gcc -c -g -O2  conftest.c >&5
configure:3422: $? = 0
configure:3426: test -z 
			 || test ! -s conftest.err
configure:3429: $? = 0
configure:3432: test -s conftest.o
configure:3435: $? = 0
configure:3446: result: yes
configure:3482: checking iconv.h usability
configure:3494: gcc -c -g -O2  conftest.c >&5
configure:3500: $? = 0
configure:3504: test -z 
			 || test ! -s conftest.err
configure:3507: $? = 0
configure:3510: test -s conftest.o
configure:3513: $? = 0
configure:3523: result: yes
configure:3527: checking iconv.h presence
configure:3537: gcc -E  conftest.c
configure:3543: $? = 0
configure:3563: result: yes
configure:3598: checking for iconv.h
configure:3605: result: yes
configure:3482: checking locale.h usability
configure:3494: gcc -c -g -O2  conftest.c >&5
configure:3500: $? = 0
configure:3504: test -z 
			 || test ! -s conftest.err
configure:3507: $? = 0
configure:3510: test -s conftest.o
configure:3513: $? = 0
configure:3523: result: yes
configure:3527: checking locale.h presence
configure:3537: gcc -E  conftest.c
configure:3543: $? = 0
configure:3563: result: yes
configure:3598: checking for locale.h
configure:3605: result: yes
configure:3482: checking fcntl.h usability
configure:3494: gcc -c -g -O2  conftest.c >&5
configure:3500: $? = 0
configure:3504: test -z 
			 || test ! -s conftest.err
configure:3507: $? = 0
configure:3510: test -s conftest.o
configure:3513: $? = 0
configure:3523: result: yes
configure:3527: checking fcntl.h presence
configure:3537: gcc -E  conftest.c
configure:3543: $? = 0
configure:3563: result: yes
configure:3598: checking for fcntl.h
configure:3605: result: yes
configure:3482: checking limits.h usability
configure:3494: gcc -c -g -O2  conftest.c >&5
configure:3500: $? = 0
configure:3504: test -z 
			 || test ! -s conftest.err
configure:3507: $? = 0
configure:3510: test -s conftest.o
configure:3513: $? = 0
configure:3523: result: yes
configure:3527: checking limits.h presence
configure:3537: gcc -E  conftest.c
configure:3543: $? = 0
configure:3563: result: yes
configure:3598: checking for limits.h
configure:3605: result: yes
configure:3482: checking stddef.h usability
configure:3494: gcc -c -g -O2  conftest.c >&5
configure:3500: $? = 0
configure:3504: test -z 
			 || test ! -s conftest.err
configure:3507: $? = 0
configure:3510: test -s conftest.o
configure:3513: $? = 0
configure:3523: result: yes
configure:3527: checking stddef.h presence
configure:3537: gcc -E  conftest.c
configure:3543: $? = 0
configure:3563: result: yes
configure:3598: checking for stddef.h
configure:3605: result: yes
configure:3473: checking for stdlib.h
configure:3478: result: yes
configure:3473: checking for strings.h
configure:3478: result: yes
configure:3473: checking for string.h
configure:3478: result: yes
configure:3482: checking sys/file.h usability
configure:3494: gcc -c -g -O2  conftest.c >&5
configure:3500: $? = 0
configure:3504: test -z 
			 || test ! -s conftest.err
configure:3507: $? = 0
configure:3510: test -s conftest.o
configure:3513: $? = 0
configure:3523: result: yes
configure:3527: checking sys/file.h presence
configure:3537: gcc -E  conftest.c
configure:3543: $? = 0
configure:3563: result: yes
configure:3598: checking for sys/file.h
configure:3605: result: yes
configure:3473: checking for unistd.h
configure:3478: result: yes
configure:3620: checking for an ANSI C-conforming const
configure:3687: gcc -c -g -O2  conftest.c >&5
configure:3693: $? = 0
configure:3697: test -z 
			 || test ! -s conftest.err
configure:3700: $? = 0
configure:3703: test -s conftest.o
configure:3706: $? = 0
configure:3717: result: yes
configure:3727: checking for inline
configure:3748: gcc -c -g -O2  conftest.c >&5
configure:3754: $? = 0
configure:3758: test -z 
			 || test ! -s conftest.err
configure:3761: $? = 0
configure:3764: test -s conftest.o
configure:3767: $? = 0
configure:3779: result: inline
configure:3798: checking for obstacks
configure:3819: gcc -o conftest -g -O2   conftest.c  >&5
configure:3825: $? = 0
configure:3829: test -z 
			 || test ! -s conftest.err
configure:3832: $? = 0
configure:3835: test -s conftest
configure:3838: $? = 0
configure:3850: result: yes
configure:3869: checking for off_t
configure:3893: gcc -c -g -O2  conftest.c >&5
configure:3899: $? = 0
configure:3903: test -z 
			 || test ! -s conftest.err
configure:3906: $? = 0
configure:3909: test -s conftest.o
configure:3912: $? = 0
configure:3923: result: yes
configure:3935: checking for size_t
configure:3959: gcc -c -g -O2  conftest.c >&5
configure:3965: $? = 0
configure:3969: test -z 
			 || test ! -s conftest.err
configure:3972: $? = 0
configure:3975: test -s conftest.o
configure:3978: $? = 0
configure:3989: result: yes
configure:4001: checking whether struct tm is in sys/time.h or time.h
configure:4024: gcc -c -g -O2  conftest.c >&5
configure:4030: $? = 0
configure:4034: test -z 
			 || test ! -s conftest.err
configure:4037: $? = 0
configure:4040: test -s conftest.o
configure:4043: $? = 0
configure:4054: result: time.h
configure:4064: checking for int
configure:4088: gcc -c -g -O2  conftest.c >&5
configure:4094: $? = 0
configure:4098: test -z 
			 || test ! -s conftest.err
configure:4101: $? = 0
configure:4104: test -s conftest.o
configure:4107: $? = 0
configure:4118: result: yes
configure:4121: checking size of int
configure:4440: gcc -o conftest -g -O2   conftest.c  >&5
configure:4443: $? = 0
configure:4445: ./conftest
configure:4448: $? = 0
configure:4471: result: 4
configure:4478: checking for long
configure:4502: gcc -c -g -O2  conftest.c >&5
configure:4508: $? = 0
configure:4512: test -z 
			 || test ! -s conftest.err
configure:4515: $? = 0
configure:4518: test -s conftest.o
configure:4521: $? = 0
configure:4532: result: yes
configure:4535: checking size of long
configure:4854: gcc -o conftest -g -O2   conftest.c  >&5
configure:4857: $? = 0
configure:4859: ./conftest
configure:4862: $? = 0
configure:4885: result: 4
configure:4912: checking for clearerr_unlocked
configure:4969: gcc -o conftest -g -O2   conftest.c  >&5
configure:4975: $? = 0
configure:4979: test -z 
			 || test ! -s conftest.err
configure:4982: $? = 0
configure:4985: test -s conftest
configure:4988: $? = 0
configure:5000: result: yes
configure:4912: checking for feof_unlocked
configure:4969: gcc -o conftest -g -O2   conftest.c  >&5
configure:4975: $? = 0
configure:4979: test -z 
			 || test ! -s conftest.err
configure:4982: $? = 0
configure:4985: test -s conftest
configure:4988: $? = 0
configure:5000: result: yes
configure:4912: checking for ferror_unlocked
configure:4969: gcc -o conftest -g -O2   conftest.c  >&5
configure:4975: $? = 0
configure:4979: test -z 
			 || test ! -s conftest.err
configure:4982: $? = 0
configure:4985: test -s conftest
configure:4988: $? = 0
configure:5000: result: yes
configure:4912: checking for fflush_unlocked
configure:4969: gcc -o conftest -g -O2   conftest.c  >&5
configure:4975: $? = 0
configure:4979: test -z 
			 || test ! -s conftest.err
configure:4982: $? = 0
configure:4985: test -s conftest
configure:4988: $? = 0
configure:5000: result: yes
configure:4912: checking for fgetc_unlocked
configure:4969: gcc -o conftest -g -O2   conftest.c  >&5
configure:4975: $? = 0
configure:4979: test -z 
			 || test ! -s conftest.err
configure:4982: $? = 0
configure:4985: test -s conftest
configure:4988: $? = 0
configure:5000: result: yes
configure:4912: checking for fgets_unlocked
configure:4969: gcc -o conftest -g -O2   conftest.c  >&5
configure:4975: $? = 0
configure:4979: test -z 
			 || test ! -s conftest.err
configure:4982: $? = 0
configure:4985: test -s conftest
configure:4988: $? = 0
configure:5000: result: yes
configure:4912: checking for fileno_unlocked
configure:4969: gcc -o conftest -g -O2   conftest.c  >&5
configure:4975: $? = 0
configure:4979: test -z 
			 || test ! -s conftest.err
configure:4982: $? = 0
configure:4985: test -s conftest
configure:4988: $? = 0
configure:5000: result: yes
configure:4912: checking for fprintf_unlocked
configure:4969: gcc -o conftest -g -O2   conftest.c  >&5
conftest.c:65: warning: conflicting types for built-in function 'fprintf_unlocked'
/tmp/ccAZeh6Z.o: In function `main':
/opt/smp86xx/smp86xx_toolchain_2.8.2.0/toolchain_build_mipsel_nofpu/gcc-4.0.4-initial/libcpp/conftest.c:80: undefined reference to `fprintf_unlocked'
/tmp/ccAZeh6Z.o:(.data+0x0): undefined reference to `fprintf_unlocked'
collect2: ld returned 1 exit status
configure:4975: $? = 1
configure: failed program was:
| /* confdefs.h.  */
| 
| #define PACKAGE_NAME "cpplib"
| #define PACKAGE_TARNAME "cpplib"
| #define PACKAGE_VERSION " "
| #define PACKAGE_STRING "cpplib  "
| #define PACKAGE_BUGREPORT "gcc-bugs@gcc.gnu.org"
| #define TIME_WITH_SYS_TIME 1
| #define STRING_WITH_STRINGS 1
| #define STDC_HEADERS 1
| #define HAVE_SYS_TYPES_H 1
| #define HAVE_SYS_STAT_H 1
| #define HAVE_STDLIB_H 1
| #define HAVE_STRING_H 1
| #define HAVE_MEMORY_H 1
| #define HAVE_STRINGS_H 1
| #define HAVE_INTTYPES_H 1
| #define HAVE_STDINT_H 1
| #define HAVE_UNISTD_H 1
| #define HAVE_ICONV_H 1
| #define HAVE_LOCALE_H 1
| #define HAVE_FCNTL_H 1
| #define HAVE_LIMITS_H 1
| #define HAVE_STDDEF_H 1
| #define HAVE_STDLIB_H 1
| #define HAVE_STRINGS_H 1
| #define HAVE_STRING_H 1
| #define HAVE_SYS_FILE_H 1
| #define HAVE_UNISTD_H 1
| #define HAVE_OBSTACK 1
| #define SIZEOF_INT 4
| #define SIZEOF_LONG 4
| #define HAVE_CLEARERR_UNLOCKED 1
| #define HAVE_FEOF_UNLOCKED 1
| #define HAVE_FERROR_UNLOCKED 1
| #define HAVE_FFLUSH_UNLOCKED 1
| #define HAVE_FGETC_UNLOCKED 1
| #define HAVE_FGETS_UNLOCKED 1
| #define HAVE_FILENO_UNLOCKED 1
| /* end confdefs.h.  */
| /* Define fprintf_unlocked to an innocuous variant, in case <limits.h> declares fprintf_unlocked.
|    For example, HP-UX 11i <limits.h> declares gettimeofday.  */
| #define fprintf_unlocked innocuous_fprintf_unlocked
| 
| /* System header to define __stub macros and hopefully few prototypes,
|     which can conflict with char fprintf_unlocked (); below.
|     Prefer <limits.h> to <assert.h> if __STDC__ is defined, since
|     <limits.h> exists even on freestanding compilers.  */
| 
| #ifdef __STDC__
| # include <limits.h>
| #else
| # include <assert.h>
| #endif
| 
| #undef fprintf_unlocked
| 
| /* Override any gcc2 internal prototype to avoid an error.  */
| #ifdef __cplusplus
| extern "C"
| {
| #endif
| /* We use char because int might match the return type of a gcc2
|    builtin and then its argument prototype would still apply.  */
| char fprintf_unlocked ();
| /* The GNU C library defines this for functions which it implements
|     to always fail with ENOSYS.  Some functions are actually named
|     something starting with __ and the normal name is an alias.  */
| #if defined (__stub_fprintf_unlocked) || defined (__stub___fprintf_unlocked)
| choke me
| #else
| char (*f) () = fprintf_unlocked;
| #endif
| #ifdef __cplusplus
| }
| #endif
| 
| int
| main ()
| {
| return f != fprintf_unlocked;
|   ;
|   return 0;
| }
configure:5000: result: no
configure:4912: checking for fputc_unlocked
configure:4969: gcc -o conftest -g -O2   conftest.c  >&5
conftest.c:65: warning: conflicting types for built-in function 'fputc_unlocked'
configure:4975: $? = 0
configure:4979: test -z 
			 || test ! -s conftest.err
configure:4982: $? = 0
configure:4985: test -s conftest
configure:4988: $? = 0
configure:5000: result: yes
configure:4912: checking for fputs_unlocked
configure:4969: gcc -o conftest -g -O2   conftest.c  >&5
conftest.c:66: warning: conflicting types for built-in function 'fputs_unlocked'
configure:4975: $? = 0
configure:4979: test -z 
			 || test ! -s conftest.err
configure:4982: $? = 0
configure:4985: test -s conftest
configure:4988: $? = 0
configure:5000: result: yes
configure:4912: checking for fread_unlocked
configure:4969: gcc -o conftest -g -O2   conftest.c  >&5
configure:4975: $? = 0
configure:4979: test -z 
			 || test ! -s conftest.err
configure:4982: $? = 0
configure:4985: test -s conftest
configure:4988: $? = 0
configure:5000: result: yes
configure:4912: checking for fwrite_unlocked
configure:4969: gcc -o conftest -g -O2   conftest.c  >&5
conftest.c:68: warning: conflicting types for built-in function 'fwrite_unlocked'
configure:4975: $? = 0
configure:4979: test -z 
			 || test ! -s conftest.err
configure:4982: $? = 0
configure:4985: test -s conftest
configure:4988: $? = 0
configure:5000: result: yes
configure:4912: checking for getchar_unlocked
configure:4969: gcc -o conftest -g -O2   conftest.c  >&5
configure:4975: $? = 0
configure:4979: test -z 
			 || test ! -s conftest.err
configure:4982: $? = 0
configure:4985: test -s conftest
configure:4988: $? = 0
configure:5000: result: yes
configure:4912: checking for getc_unlocked
configure:4969: gcc -o conftest -g -O2   conftest.c  >&5
configure:4975: $? = 0
configure:4979: test -z 
			 || test ! -s conftest.err
configure:4982: $? = 0
configure:4985: test -s conftest
configure:4988: $? = 0
configure:5000: result: yes
configure:4912: checking for putchar_unlocked
configure:4969: gcc -o conftest -g -O2   conftest.c  >&5
conftest.c:71: warning: conflicting types for built-in function 'putchar_unlocked'
configure:4975: $? = 0
configure:4979: test -z 
			 || test ! -s conftest.err
configure:4982: $? = 0
configure:4985: test -s conftest
configure:4988: $? = 0
configure:5000: result: yes
configure:4912: checking for putc_unlocked
configure:4969: gcc -o conftest -g -O2   conftest.c  >&5
configure:4975: $? = 0
configure:4979: test -z 
			 || test ! -s conftest.err
configure:4982: $? = 0
configure:4985: test -s conftest
configure:4988: $? = 0
configure:5000: result: yes
configure:5010: checking whether abort is declared
configure:5034: gcc -c -g -O2  conftest.c >&5
configure:5040: $? = 0
configure:5044: test -z 
			 || test ! -s conftest.err
configure:5047: $? = 0
configure:5050: test -s conftest.o
configure:5053: $? = 0
configure:5064: result: yes
configure:5080: checking whether basename is declared
configure:5104: gcc -c -g -O2  conftest.c >&5
conftest.c: In function 'main':
conftest.c:88: error: 'basename' undeclared (first use in this function)
conftest.c:88: error: (Each undeclared identifier is reported only once
conftest.c:88: error: for each function it appears in.)
configure:5110: $? = 1
configure: failed program was:
| /* confdefs.h.  */
| 
| #define PACKAGE_NAME "cpplib"
| #define PACKAGE_TARNAME "cpplib"
| #define PACKAGE_VERSION " "
| #define PACKAGE_STRING "cpplib  "
| #define PACKAGE_BUGREPORT "gcc-bugs@gcc.gnu.org"
| #define TIME_WITH_SYS_TIME 1
| #define STRING_WITH_STRINGS 1
| #define STDC_HEADERS 1
| #define HAVE_SYS_TYPES_H 1
| #define HAVE_SYS_STAT_H 1
| #define HAVE_STDLIB_H 1
| #define HAVE_STRING_H 1
| #define HAVE_MEMORY_H 1
| #define HAVE_STRINGS_H 1
| #define HAVE_INTTYPES_H 1
| #define HAVE_STDINT_H 1
| #define HAVE_UNISTD_H 1
| #define HAVE_ICONV_H 1
| #define HAVE_LOCALE_H 1
| #define HAVE_FCNTL_H 1
| #define HAVE_LIMITS_H 1
| #define HAVE_STDDEF_H 1
| #define HAVE_STDLIB_H 1
| #define HAVE_STRINGS_H 1
| #define HAVE_STRING_H 1
| #define HAVE_SYS_FILE_H 1
| #define HAVE_UNISTD_H 1
| #define HAVE_OBSTACK 1
| #define SIZEOF_INT 4
| #define SIZEOF_LONG 4
| #define HAVE_CLEARERR_UNLOCKED 1
| #define HAVE_FEOF_UNLOCKED 1
| #define HAVE_FERROR_UNLOCKED 1
| #define HAVE_FFLUSH_UNLOCKED 1
| #define HAVE_FGETC_UNLOCKED 1
| #define HAVE_FGETS_UNLOCKED 1
| #define HAVE_FILENO_UNLOCKED 1
| #define HAVE_FPUTC_UNLOCKED 1
| #define HAVE_FPUTS_UNLOCKED 1
| #define HAVE_FREAD_UNLOCKED 1
| #define HAVE_FWRITE_UNLOCKED 1
| #define HAVE_GETCHAR_UNLOCKED 1
| #define HAVE_GETC_UNLOCKED 1
| #define HAVE_PUTCHAR_UNLOCKED 1
| #define HAVE_PUTC_UNLOCKED 1
| #define HAVE_DECL_ABORT 1
| /* end confdefs.h.  */
| #include <stdio.h>
| #if HAVE_SYS_TYPES_H
| # include <sys/types.h>
| #endif
| #if HAVE_SYS_STAT_H
| # include <sys/stat.h>
| #endif
| #if STDC_HEADERS
| # include <stdlib.h>
| # include <stddef.h>
| #else
| # if HAVE_STDLIB_H
| #  include <stdlib.h>
| # endif
| #endif
| #if HAVE_STRING_H
| # if !STDC_HEADERS && HAVE_MEMORY_H
| #  include <memory.h>
| # endif
| # include <string.h>
| #endif
| #if HAVE_STRINGS_H
| # include <strings.h>
| #endif
| #if HAVE_INTTYPES_H
| # include <inttypes.h>
| #else
| # if HAVE_STDINT_H
| #  include <stdint.h>
| # endif
| #endif
| #if HAVE_UNISTD_H
| # include <unistd.h>
| #endif
| int
| main ()
| {
| #ifndef basename
|   char *p = (char *) basename;
| #endif
| 
|   ;
|   return 0;
| }
configure:5134: result: no
configure:5150: checking whether errno is declared
configure:5174: gcc -c -g -O2  conftest.c >&5
conftest.c: In function 'main':
conftest.c:89: error: 'errno' undeclared (first use in this function)
conftest.c:89: error: (Each undeclared identifier is reported only once
conftest.c:89: error: for each function it appears in.)
configure:5180: $? = 1
configure: failed program was:
| /* confdefs.h.  */
| 
| #define PACKAGE_NAME "cpplib"
| #define PACKAGE_TARNAME "cpplib"
| #define PACKAGE_VERSION " "
| #define PACKAGE_STRING "cpplib  "
| #define PACKAGE_BUGREPORT "gcc-bugs@gcc.gnu.org"
| #define TIME_WITH_SYS_TIME 1
| #define STRING_WITH_STRINGS 1
| #define STDC_HEADERS 1
| #define HAVE_SYS_TYPES_H 1
| #define HAVE_SYS_STAT_H 1
| #define HAVE_STDLIB_H 1
| #define HAVE_STRING_H 1
| #define HAVE_MEMORY_H 1
| #define HAVE_STRINGS_H 1
| #define HAVE_INTTYPES_H 1
| #define HAVE_STDINT_H 1
| #define HAVE_UNISTD_H 1
| #define HAVE_ICONV_H 1
| #define HAVE_LOCALE_H 1
| #define HAVE_FCNTL_H 1
| #define HAVE_LIMITS_H 1
| #define HAVE_STDDEF_H 1
| #define HAVE_STDLIB_H 1
| #define HAVE_STRINGS_H 1
| #define HAVE_STRING_H 1
| #define HAVE_SYS_FILE_H 1
| #define HAVE_UNISTD_H 1
| #define HAVE_OBSTACK 1
| #define SIZEOF_INT 4
| #define SIZEOF_LONG 4
| #define HAVE_CLEARERR_UNLOCKED 1
| #define HAVE_FEOF_UNLOCKED 1
| #define HAVE_FERROR_UNLOCKED 1
| #define HAVE_FFLUSH_UNLOCKED 1
| #define HAVE_FGETC_UNLOCKED 1
| #define HAVE_FGETS_UNLOCKED 1
| #define HAVE_FILENO_UNLOCKED 1
| #define HAVE_FPUTC_UNLOCKED 1
| #define HAVE_FPUTS_UNLOCKED 1
| #define HAVE_FREAD_UNLOCKED 1
| #define HAVE_FWRITE_UNLOCKED 1
| #define HAVE_GETCHAR_UNLOCKED 1
| #define HAVE_GETC_UNLOCKED 1
| #define HAVE_PUTCHAR_UNLOCKED 1
| #define HAVE_PUTC_UNLOCKED 1
| #define HAVE_DECL_ABORT 1
| #define HAVE_DECL_BASENAME 0
| /* end confdefs.h.  */
| #include <stdio.h>
| #if HAVE_SYS_TYPES_H
| # include <sys/types.h>
| #endif
| #if HAVE_SYS_STAT_H
| # include <sys/stat.h>
| #endif
| #if STDC_HEADERS
| # include <stdlib.h>
| # include <stddef.h>
| #else
| # if HAVE_STDLIB_H
| #  include <stdlib.h>
| # endif
| #endif
| #if HAVE_STRING_H
| # if !STDC_HEADERS && HAVE_MEMORY_H
| #  include <memory.h>
| # endif
| # include <string.h>
| #endif
| #if HAVE_STRINGS_H
| # include <strings.h>
| #endif
| #if HAVE_INTTYPES_H
| # include <inttypes.h>
| #else
| # if HAVE_STDINT_H
| #  include <stdint.h>
| # endif
| #endif
| #if HAVE_UNISTD_H
| # include <unistd.h>
| #endif
| int
| main ()
| {
| #ifndef errno
|   char *p = (char *) errno;
| #endif
| 
|   ;
|   return 0;
| }
configure:5204: result: no
configure:5220: checking whether getopt is declared
configure:5244: gcc -c -g -O2  conftest.c >&5
configure:5250: $? = 0
configure:5254: test -z 
			 || test ! -s conftest.err
configure:5257: $? = 0
configure:5260: test -s conftest.o
configure:5263: $? = 0
configure:5274: result: yes
configure:5290: checking whether clearerr_unlocked is declared
configure:5314: gcc -c -g -O2  conftest.c >&5
configure:5320: $? = 0
configure:5324: test -z 
			 || test ! -s conftest.err
configure:5327: $? = 0
configure:5330: test -s conftest.o
configure:5333: $? = 0
configure:5344: result: yes
configure:5360: checking whether feof_unlocked is declared
configure:5384: gcc -c -g -O2  conftest.c >&5
configure:5390: $? = 0
configure:5394: test -z 
			 || test ! -s conftest.err
configure:5397: $? = 0
configure:5400: test -s conftest.o
configure:5403: $? = 0
configure:5414: result: yes
configure:5430: checking whether ferror_unlocked is declared
configure:5454: gcc -c -g -O2  conftest.c >&5
configure:5460: $? = 0
configure:5464: test -z 
			 || test ! -s conftest.err
configure:5467: $? = 0
configure:5470: test -s conftest.o
configure:5473: $? = 0
configure:5484: result: yes
configure:5500: checking whether fflush_unlocked is declared
configure:5524: gcc -c -g -O2  conftest.c >&5
configure:5530: $? = 0
configure:5534: test -z 
			 || test ! -s conftest.err
configure:5537: $? = 0
configure:5540: test -s conftest.o
configure:5543: $? = 0
configure:5554: result: yes
configure:5570: checking whether fgetc_unlocked is declared
configure:5594: gcc -c -g -O2  conftest.c >&5
configure:5600: $? = 0
configure:5604: test -z 
			 || test ! -s conftest.err
configure:5607: $? = 0
configure:5610: test -s conftest.o
configure:5613: $? = 0
configure:5624: result: yes
configure:5640: checking whether fgets_unlocked is declared
configure:5664: gcc -c -g -O2  conftest.c >&5
conftest.c: In function 'main':
conftest.c:96: error: 'fgets_unlocked' undeclared (first use in this function)
conftest.c:96: error: (Each undeclared identifier is reported only once
conftest.c:96: error: for each function it appears in.)
configure:5670: $? = 1
configure: failed program was:
| /* confdefs.h.  */
| 
| #define PACKAGE_NAME "cpplib"
| #define PACKAGE_TARNAME "cpplib"
| #define PACKAGE_VERSION " "
| #define PACKAGE_STRING "cpplib  "
| #define PACKAGE_BUGREPORT "gcc-bugs@gcc.gnu.org"
| #define TIME_WITH_SYS_TIME 1
| #define STRING_WITH_STRINGS 1
| #define STDC_HEADERS 1
| #define HAVE_SYS_TYPES_H 1
| #define HAVE_SYS_STAT_H 1
| #define HAVE_STDLIB_H 1
| #define HAVE_STRING_H 1
| #define HAVE_MEMORY_H 1
| #define HAVE_STRINGS_H 1
| #define HAVE_INTTYPES_H 1
| #define HAVE_STDINT_H 1
| #define HAVE_UNISTD_H 1
| #define HAVE_ICONV_H 1
| #define HAVE_LOCALE_H 1
| #define HAVE_FCNTL_H 1
| #define HAVE_LIMITS_H 1
| #define HAVE_STDDEF_H 1
| #define HAVE_STDLIB_H 1
| #define HAVE_STRINGS_H 1
| #define HAVE_STRING_H 1
| #define HAVE_SYS_FILE_H 1
| #define HAVE_UNISTD_H 1
| #define HAVE_OBSTACK 1
| #define SIZEOF_INT 4
| #define SIZEOF_LONG 4
| #define HAVE_CLEARERR_UNLOCKED 1
| #define HAVE_FEOF_UNLOCKED 1
| #define HAVE_FERROR_UNLOCKED 1
| #define HAVE_FFLUSH_UNLOCKED 1
| #define HAVE_FGETC_UNLOCKED 1
| #define HAVE_FGETS_UNLOCKED 1
| #define HAVE_FILENO_UNLOCKED 1
| #define HAVE_FPUTC_UNLOCKED 1
| #define HAVE_FPUTS_UNLOCKED 1
| #define HAVE_FREAD_UNLOCKED 1
| #define HAVE_FWRITE_UNLOCKED 1
| #define HAVE_GETCHAR_UNLOCKED 1
| #define HAVE_GETC_UNLOCKED 1
| #define HAVE_PUTCHAR_UNLOCKED 1
| #define HAVE_PUTC_UNLOCKED 1
| #define HAVE_DECL_ABORT 1
| #define HAVE_DECL_BASENAME 0
| #define HAVE_DECL_ERRNO 0
| #define HAVE_DECL_GETOPT 1
| #define HAVE_DECL_CLEARERR_UNLOCKED 1
| #define HAVE_DECL_FEOF_UNLOCKED 1
| #define HAVE_DECL_FERROR_UNLOCKED 1
| #define HAVE_DECL_FFLUSH_UNLOCKED 1
| #define HAVE_DECL_FGETC_UNLOCKED 1
| /* end confdefs.h.  */
| #include <stdio.h>
| #if HAVE_SYS_TYPES_H
| # include <sys/types.h>
| #endif
| #if HAVE_SYS_STAT_H
| # include <sys/stat.h>
| #endif
| #if STDC_HEADERS
| # include <stdlib.h>
| # include <stddef.h>
| #else
| # if HAVE_STDLIB_H
| #  include <stdlib.h>
| # endif
| #endif
| #if HAVE_STRING_H
| # if !STDC_HEADERS && HAVE_MEMORY_H
| #  include <memory.h>
| # endif
| # include <string.h>
| #endif
| #if HAVE_STRINGS_H
| # include <strings.h>
| #endif
| #if HAVE_INTTYPES_H
| # include <inttypes.h>
| #else
| # if HAVE_STDINT_H
| #  include <stdint.h>
| # endif
| #endif
| #if HAVE_UNISTD_H
| # include <unistd.h>
| #endif
| int
| main ()
| {
| #ifndef fgets_unlocked
|   char *p = (char *) fgets_unlocked;
| #endif
| 
|   ;
|   return 0;
| }
configure:5694: result: no
configure:5710: checking whether fileno_unlocked is declared
configure:5734: gcc -c -g -O2  conftest.c >&5
configure:5740: $? = 0
configure:5744: test -z 
			 || test ! -s conftest.err
configure:5747: $? = 0
configure:5750: test -s conftest.o
configure:5753: $? = 0
configure:5764: result: yes
configure:5780: checking whether fprintf_unlocked is declared
configure:5804: gcc -c -g -O2  conftest.c >&5
conftest.c: In function 'main':
conftest.c:98: error: 'fprintf_unlocked' undeclared (first use in this function)
conftest.c:98: error: (Each undeclared identifier is reported only once
conftest.c:98: error: for each function it appears in.)
configure:5810: $? = 1
configure: failed program was:
| /* confdefs.h.  */
| 
| #define PACKAGE_NAME "cpplib"
| #define PACKAGE_TARNAME "cpplib"
| #define PACKAGE_VERSION " "
| #define PACKAGE_STRING "cpplib  "
| #define PACKAGE_BUGREPORT "gcc-bugs@gcc.gnu.org"
| #define TIME_WITH_SYS_TIME 1
| #define STRING_WITH_STRINGS 1
| #define STDC_HEADERS 1
| #define HAVE_SYS_TYPES_H 1
| #define HAVE_SYS_STAT_H 1
| #define HAVE_STDLIB_H 1
| #define HAVE_STRING_H 1
| #define HAVE_MEMORY_H 1
| #define HAVE_STRINGS_H 1
| #define HAVE_INTTYPES_H 1
| #define HAVE_STDINT_H 1
| #define HAVE_UNISTD_H 1
| #define HAVE_ICONV_H 1
| #define HAVE_LOCALE_H 1
| #define HAVE_FCNTL_H 1
| #define HAVE_LIMITS_H 1
| #define HAVE_STDDEF_H 1
| #define HAVE_STDLIB_H 1
| #define HAVE_STRINGS_H 1
| #define HAVE_STRING_H 1
| #define HAVE_SYS_FILE_H 1
| #define HAVE_UNISTD_H 1
| #define HAVE_OBSTACK 1
| #define SIZEOF_INT 4
| #define SIZEOF_LONG 4
| #define HAVE_CLEARERR_UNLOCKED 1
| #define HAVE_FEOF_UNLOCKED 1
| #define HAVE_FERROR_UNLOCKED 1
| #define HAVE_FFLUSH_UNLOCKED 1
| #define HAVE_FGETC_UNLOCKED 1
| #define HAVE_FGETS_UNLOCKED 1
| #define HAVE_FILENO_UNLOCKED 1
| #define HAVE_FPUTC_UNLOCKED 1
| #define HAVE_FPUTS_UNLOCKED 1
| #define HAVE_FREAD_UNLOCKED 1
| #define HAVE_FWRITE_UNLOCKED 1
| #define HAVE_GETCHAR_UNLOCKED 1
| #define HAVE_GETC_UNLOCKED 1
| #define HAVE_PUTCHAR_UNLOCKED 1
| #define HAVE_PUTC_UNLOCKED 1
| #define HAVE_DECL_ABORT 1
| #define HAVE_DECL_BASENAME 0
| #define HAVE_DECL_ERRNO 0
| #define HAVE_DECL_GETOPT 1
| #define HAVE_DECL_CLEARERR_UNLOCKED 1
| #define HAVE_DECL_FEOF_UNLOCKED 1
| #define HAVE_DECL_FERROR_UNLOCKED 1
| #define HAVE_DECL_FFLUSH_UNLOCKED 1
| #define HAVE_DECL_FGETC_UNLOCKED 1
| #define HAVE_DECL_FGETS_UNLOCKED 0
| #define HAVE_DECL_FILENO_UNLOCKED 1
| /* end confdefs.h.  */
| #include <stdio.h>
| #if HAVE_SYS_TYPES_H
| # include <sys/types.h>
| #endif
| #if HAVE_SYS_STAT_H
| # include <sys/stat.h>
| #endif
| #if STDC_HEADERS
| # include <stdlib.h>
| # include <stddef.h>
| #else
| # if HAVE_STDLIB_H
| #  include <stdlib.h>
| # endif
| #endif
| #if HAVE_STRING_H
| # if !STDC_HEADERS && HAVE_MEMORY_H
| #  include <memory.h>
| # endif
| # include <string.h>
| #endif
| #if HAVE_STRINGS_H
| # include <strings.h>
| #endif
| #if HAVE_INTTYPES_H
| # include <inttypes.h>
| #else
| # if HAVE_STDINT_H
| #  include <stdint.h>
| # endif
| #endif
| #if HAVE_UNISTD_H
| # include <unistd.h>
| #endif
| int
| main ()
| {
| #ifndef fprintf_unlocked
|   char *p = (char *) fprintf_unlocked;
| #endif
| 
|   ;
|   return 0;
| }
configure:5834: result: no
configure:5850: checking whether fputc_unlocked is declared
configure:5874: gcc -c -g -O2  conftest.c >&5
configure:5880: $? = 0
configure:5884: test -z 
			 || test ! -s conftest.err
configure:5887: $? = 0
configure:5890: test -s conftest.o
configure:5893: $? = 0
configure:5904: result: yes
configure:5920: checking whether fputs_unlocked is declared
configure:5944: gcc -c -g -O2  conftest.c >&5
conftest.c: In function 'main':
conftest.c:100: error: 'fputs_unlocked' undeclared (first use in this function)
conftest.c:100: error: (Each undeclared identifier is reported only once
conftest.c:100: error: for each function it appears in.)
configure:5950: $? = 1
configure: failed program was:
| /* confdefs.h.  */
| 
| #define PACKAGE_NAME "cpplib"
| #define PACKAGE_TARNAME "cpplib"
| #define PACKAGE_VERSION " "
| #define PACKAGE_STRING "cpplib  "
| #define PACKAGE_BUGREPORT "gcc-bugs@gcc.gnu.org"
| #define TIME_WITH_SYS_TIME 1
| #define STRING_WITH_STRINGS 1
| #define STDC_HEADERS 1
| #define HAVE_SYS_TYPES_H 1
| #define HAVE_SYS_STAT_H 1
| #define HAVE_STDLIB_H 1
| #define HAVE_STRING_H 1
| #define HAVE_MEMORY_H 1
| #define HAVE_STRINGS_H 1
| #define HAVE_INTTYPES_H 1
| #define HAVE_STDINT_H 1
| #define HAVE_UNISTD_H 1
| #define HAVE_ICONV_H 1
| #define HAVE_LOCALE_H 1
| #define HAVE_FCNTL_H 1
| #define HAVE_LIMITS_H 1
| #define HAVE_STDDEF_H 1
| #define HAVE_STDLIB_H 1
| #define HAVE_STRINGS_H 1
| #define HAVE_STRING_H 1
| #define HAVE_SYS_FILE_H 1
| #define HAVE_UNISTD_H 1
| #define HAVE_OBSTACK 1
| #define SIZEOF_INT 4
| #define SIZEOF_LONG 4
| #define HAVE_CLEARERR_UNLOCKED 1
| #define HAVE_FEOF_UNLOCKED 1
| #define HAVE_FERROR_UNLOCKED 1
| #define HAVE_FFLUSH_UNLOCKED 1
| #define HAVE_FGETC_UNLOCKED 1
| #define HAVE_FGETS_UNLOCKED 1
| #define HAVE_FILENO_UNLOCKED 1
| #define HAVE_FPUTC_UNLOCKED 1
| #define HAVE_FPUTS_UNLOCKED 1
| #define HAVE_FREAD_UNLOCKED 1
| #define HAVE_FWRITE_UNLOCKED 1
| #define HAVE_GETCHAR_UNLOCKED 1
| #define HAVE_GETC_UNLOCKED 1
| #define HAVE_PUTCHAR_UNLOCKED 1
| #define HAVE_PUTC_UNLOCKED 1
| #define HAVE_DECL_ABORT 1
| #define HAVE_DECL_BASENAME 0
| #define HAVE_DECL_ERRNO 0
| #define HAVE_DECL_GETOPT 1
| #define HAVE_DECL_CLEARERR_UNLOCKED 1
| #define HAVE_DECL_FEOF_UNLOCKED 1
| #define HAVE_DECL_FERROR_UNLOCKED 1
| #define HAVE_DECL_FFLUSH_UNLOCKED 1
| #define HAVE_DECL_FGETC_UNLOCKED 1
| #define HAVE_DECL_FGETS_UNLOCKED 0
| #define HAVE_DECL_FILENO_UNLOCKED 1
| #define HAVE_DECL_FPRINTF_UNLOCKED 0
| #define HAVE_DECL_FPUTC_UNLOCKED 1
| /* end confdefs.h.  */
| #include <stdio.h>
| #if HAVE_SYS_TYPES_H
| # include <sys/types.h>
| #endif
| #if HAVE_SYS_STAT_H
| # include <sys/stat.h>
| #endif
| #if STDC_HEADERS
| # include <stdlib.h>
| # include <stddef.h>
| #else
| # if HAVE_STDLIB_H
| #  include <stdlib.h>
| # endif
| #endif
| #if HAVE_STRING_H
| # if !STDC_HEADERS && HAVE_MEMORY_H
| #  include <memory.h>
| # endif
| # include <string.h>
| #endif
| #if HAVE_STRINGS_H
| # include <strings.h>
| #endif
| #if HAVE_INTTYPES_H
| # include <inttypes.h>
| #else
| # if HAVE_STDINT_H
| #  include <stdint.h>
| # endif
| #endif
| #if HAVE_UNISTD_H
| # include <unistd.h>
| #endif
| int
| main ()
| {
| #ifndef fputs_unlocked
|   char *p = (char *) fputs_unlocked;
| #endif
| 
|   ;
|   return 0;
| }
configure:5974: result: no
configure:5990: checking whether fread_unlocked is declared
configure:6014: gcc -c -g -O2  conftest.c >&5
configure:6020: $? = 0
configure:6024: test -z 
			 || test ! -s conftest.err
configure:6027: $? = 0
configure:6030: test -s conftest.o
configure:6033: $? = 0
configure:6044: result: yes
configure:6060: checking whether fwrite_unlocked is declared
configure:6084: gcc -c -g -O2  conftest.c >&5
configure:6090: $? = 0
configure:6094: test -z 
			 || test ! -s conftest.err
configure:6097: $? = 0
configure:6100: test -s conftest.o
configure:6103: $? = 0
configure:6114: result: yes
configure:6130: checking whether getchar_unlocked is declared
configure:6154: gcc -c -g -O2  conftest.c >&5
configure:6160: $? = 0
configure:6164: test -z 
			 || test ! -s conftest.err
configure:6167: $? = 0
configure:6170: test -s conftest.o
configure:6173: $? = 0
configure:6184: result: yes
configure:6200: checking whether getc_unlocked is declared
configure:6224: gcc -c -g -O2  conftest.c >&5
configure:6230: $? = 0
configure:6234: test -z 
			 || test ! -s conftest.err
configure:6237: $? = 0
configure:6240: test -s conftest.o
configure:6243: $? = 0
configure:6254: result: yes
configure:6270: checking whether putchar_unlocked is declared
configure:6294: gcc -c -g -O2  conftest.c >&5
configure:6300: $? = 0
configure:6304: test -z 
			 || test ! -s conftest.err
configure:6307: $? = 0
configure:6310: test -s conftest.o
configure:6313: $? = 0
configure:6324: result: yes
configure:6340: checking whether putc_unlocked is declared
configure:6364: gcc -c -g -O2  conftest.c >&5
configure:6370: $? = 0
configure:6374: test -z 
			 || test ! -s conftest.err
configure:6377: $? = 0
configure:6380: test -s conftest.o
configure:6383: $? = 0
configure:6394: result: yes
configure:6416: checking for working alloca.h
configure:6437: gcc -o conftest -g -O2   conftest.c  >&5
configure:6443: $? = 0
configure:6447: test -z 
			 || test ! -s conftest.err
configure:6450: $? = 0
configure:6453: test -s conftest
configure:6456: $? = 0
configure:6468: result: yes
configure:6478: checking for alloca
configure:6519: gcc -o conftest -g -O2   conftest.c  >&5
configure:6525: $? = 0
configure:6529: test -z 
			 || test ! -s conftest.err
configure:6532: $? = 0
configure:6535: test -s conftest
configure:6538: $? = 0
configure:6550: result: yes
configure:6773: checking for ANSI C header files
configure:6929: result: yes
configure:6940: checking for nl_langinfo and CODESET
configure:6961: gcc -o conftest -g -O2   conftest.c  >&5
configure:6967: $? = 0
configure:6971: test -z 
			 || test ! -s conftest.err
configure:6974: $? = 0
configure:6977: test -s conftest
configure:6980: $? = 0
configure:6993: result: yes
configure:7015: checking whether NLS is requested
configure:7018: result: no
configure:7065: checking for uchar
configure:7089: gcc -c -g -O2  conftest.c >&5
conftest.c: In function 'main':
conftest.c:79: error: 'uchar' undeclared (first use in this function)
conftest.c:79: error: (Each undeclared identifier is reported only once
conftest.c:79: error: for each function it appears in.)
conftest.c:79: error: expected expression before ')' token
configure:7095: $? = 1
configure: failed program was:
| /* confdefs.h.  */
| 
| #define PACKAGE_NAME "cpplib"
| #define PACKAGE_TARNAME "cpplib"
| #define PACKAGE_VERSION " "
| #define PACKAGE_STRING "cpplib  "
| #define PACKAGE_BUGREPORT "gcc-bugs@gcc.gnu.org"
| #define TIME_WITH_SYS_TIME 1
| #define STRING_WITH_STRINGS 1
| #define STDC_HEADERS 1
| #define HAVE_SYS_TYPES_H 1
| #define HAVE_SYS_STAT_H 1
| #define HAVE_STDLIB_H 1
| #define HAVE_STRING_H 1
| #define HAVE_MEMORY_H 1
| #define HAVE_STRINGS_H 1
| #define HAVE_INTTYPES_H 1
| #define HAVE_STDINT_H 1
| #define HAVE_UNISTD_H 1
| #define HAVE_ICONV_H 1
| #define HAVE_LOCALE_H 1
| #define HAVE_FCNTL_H 1
| #define HAVE_LIMITS_H 1
| #define HAVE_STDDEF_H 1
| #define HAVE_STDLIB_H 1
| #define HAVE_STRINGS_H 1
| #define HAVE_STRING_H 1
| #define HAVE_SYS_FILE_H 1
| #define HAVE_UNISTD_H 1
| #define HAVE_OBSTACK 1
| #define SIZEOF_INT 4
| #define SIZEOF_LONG 4
| #define HAVE_CLEARERR_UNLOCKED 1
| #define HAVE_FEOF_UNLOCKED 1
| #define HAVE_FERROR_UNLOCKED 1
| #define HAVE_FFLUSH_UNLOCKED 1
| #define HAVE_FGETC_UNLOCKED 1
| #define HAVE_FGETS_UNLOCKED 1
| #define HAVE_FILENO_UNLOCKED 1
| #define HAVE_FPUTC_UNLOCKED 1
| #define HAVE_FPUTS_UNLOCKED 1
| #define HAVE_FREAD_UNLOCKED 1
| #define HAVE_FWRITE_UNLOCKED 1
| #define HAVE_GETCHAR_UNLOCKED 1
| #define HAVE_GETC_UNLOCKED 1
| #define HAVE_PUTCHAR_UNLOCKED 1
| #define HAVE_PUTC_UNLOCKED 1
| #define HAVE_DECL_ABORT 1
| #define HAVE_DECL_BASENAME 0
| #define HAVE_DECL_ERRNO 0
| #define HAVE_DECL_GETOPT 1
| #define HAVE_DECL_CLEARERR_UNLOCKED 1
| #define HAVE_DECL_FEOF_UNLOCKED 1
| #define HAVE_DECL_FERROR_UNLOCKED 1
| #define HAVE_DECL_FFLUSH_UNLOCKED 1
| #define HAVE_DECL_FGETC_UNLOCKED 1
| #define HAVE_DECL_FGETS_UNLOCKED 0
| #define HAVE_DECL_FILENO_UNLOCKED 1
| #define HAVE_DECL_FPRINTF_UNLOCKED 0
| #define HAVE_DECL_FPUTC_UNLOCKED 1
| #define HAVE_DECL_FPUTS_UNLOCKED 0
| #define HAVE_DECL_FREAD_UNLOCKED 1
| #define HAVE_DECL_FWRITE_UNLOCKED 1
| #define HAVE_DECL_GETCHAR_UNLOCKED 1
| #define HAVE_DECL_GETC_UNLOCKED 1
| #define HAVE_DECL_PUTCHAR_UNLOCKED 1
| #define HAVE_DECL_PUTC_UNLOCKED 1
| #define HAVE_ALLOCA_H 1
| #define HAVE_ALLOCA 1
| #define STDC_HEADERS 1
| #define HAVE_LANGINFO_CODESET 1
| /* end confdefs.h.  */
| 
| #include <sys/types.h>
| 
| int
| main ()
| {
| if ((uchar *)0) return 0;
|  if (sizeof(uchar)) return 0;
|   ;
|   return 0;
| }
configure:7119: result: 
configure:7169: checking for ld used by GCC
configure:7232: result: ld
configure:7241: checking if the linker (ld) is GNU ld
GNU ld version 2.17.50.0.12-4 20070128
configure:7253: result: yes
configure:7259: checking for shared library run path origin
configure:7272: result: done
configure:7702: checking for iconv
configure:7729: gcc -o conftest -g -O2   conftest.c  >&5
configure:7735: $? = 0
configure:7739: test -z 
			 || test ! -s conftest.err
configure:7742: $? = 0
configure:7745: test -s conftest
configure:7748: $? = 0
configure:7814: result: yes
configure:7837: checking for iconv declaration
configure:7871: gcc -c -g -O2  conftest.c >&5
configure:7877: $? = 0
configure:7881: test -z 
			 || test ! -s conftest.err
configure:7884: $? = 0
configure:7887: test -s conftest.o
configure:7890: $? = 0
configure:7905: result: 
         extern size_t iconv (iconv_t cd, char * *inbuf, size_t *inbytesleft, char * *outbuf, size_t *outbytesleft);
configure:8099: creating ./config.status

## ---------------------- ##
## Running config.status. ##
## ---------------------- ##

This file was extended by cpplib config.status  , which was
generated by GNU Autoconf 2.59.  Invocation command line was

  CONFIG_FILES    = 
  CONFIG_HEADERS  = 
  CONFIG_LINKS    = 
  CONFIG_COMMANDS = 
  $ ./config.status 

on DavidLinux

config.status:684: creating Makefile
config.status:781: creating config.h

## ---------------- ##
## Cache variables. ##
## ---------------- ##

ac_cv_build=i386-pc-linux-gnu
ac_cv_build_alias=i386-pc-linux-gnu
ac_cv_c_compiler_gnu=yes
ac_cv_c_const=yes
ac_cv_c_inline=inline
ac_cv_env_CC_set=set
ac_cv_env_CC_value=gcc
ac_cv_env_CFLAGS_set=set
ac_cv_env_CFLAGS_value='-g -O2'
ac_cv_env_CPPFLAGS_set=
ac_cv_env_CPPFLAGS_value=
ac_cv_env_CPP_set=
ac_cv_env_CPP_value=
ac_cv_env_LDFLAGS_set=set
ac_cv_env_LDFLAGS_value=
ac_cv_env_build_alias_set=set
ac_cv_env_build_alias_value=i386-pc-linux-gnu
ac_cv_env_host_alias_set=set
ac_cv_env_host_alias_value=i386-pc-linux-gnu
ac_cv_env_target_alias_set=set
ac_cv_env_target_alias_value=mipsel-linux-uclibc
ac_cv_exeext=
ac_cv_func_alloca_works=yes
ac_cv_func_clearerr_unlocked=yes
ac_cv_func_feof_unlocked=yes
ac_cv_func_ferror_unlocked=yes
ac_cv_func_fflush_unlocked=yes
ac_cv_func_fgetc_unlocked=yes
ac_cv_func_fgets_unlocked=yes
ac_cv_func_fileno_unlocked=yes
ac_cv_func_fprintf_unlocked=no
ac_cv_func_fputc_unlocked=yes
ac_cv_func_fputs_unlocked=yes
ac_cv_func_fread_unlocked=yes
ac_cv_func_fwrite_unlocked=yes
ac_cv_func_getc_unlocked=yes
ac_cv_func_getchar_unlocked=yes
ac_cv_func_obstack=yes
ac_cv_func_putc_unlocked=yes
ac_cv_func_putchar_unlocked=yes
ac_cv_have_decl_abort=yes
ac_cv_have_decl_basename=no
ac_cv_have_decl_clearerr_unlocked=yes
ac_cv_have_decl_errno=no
ac_cv_have_decl_feof_unlocked=yes
ac_cv_have_decl_ferror_unlocked=yes
ac_cv_have_decl_fflush_unlocked=yes
ac_cv_have_decl_fgetc_unlocked=yes
ac_cv_have_decl_fgets_unlocked=no
ac_cv_have_decl_fileno_unlocked=yes
ac_cv_have_decl_fprintf_unlocked=no
ac_cv_have_decl_fputc_unlocked=yes
ac_cv_have_decl_fputs_unlocked=no
ac_cv_have_decl_fread_unlocked=yes
ac_cv_have_decl_fwrite_unlocked=yes
ac_cv_have_decl_getc_unlocked=yes
ac_cv_have_decl_getchar_unlocked=yes
ac_cv_have_decl_getopt=yes
ac_cv_have_decl_putc_unlocked=yes
ac_cv_have_decl_putchar_unlocked=yes
ac_cv_header_fcntl_h=yes
ac_cv_header_iconv_h=yes
ac_cv_header_inttypes_h=yes
ac_cv_header_limits_h=yes
ac_cv_header_locale_h=yes
ac_cv_header_memory_h=yes
ac_cv_header_stdc=yes
ac_cv_header_stddef_h=yes
ac_cv_header_stdint_h=yes
ac_cv_header_stdlib_h=yes
ac_cv_header_string_h=yes
ac_cv_header_strings_h=yes
ac_cv_header_sys_file_h=yes
ac_cv_header_sys_stat_h=yes
ac_cv_header_sys_types_h=yes
ac_cv_header_time=yes
ac_cv_header_unistd_h=yes
ac_cv_host=i386-pc-linux-gnu
ac_cv_host_alias=i386-pc-linux-gnu
ac_cv_objext=o
ac_cv_path_install='/usr/bin/install -c'
ac_cv_prog_ACLOCAL=aclocal
ac_cv_prog_AUTOCONF=autoconf
ac_cv_prog_AUTOHEADER=autoheader
ac_cv_prog_CC=gcc
ac_cv_prog_CPP='gcc -E'
ac_cv_prog_RANLIB=ranlib
ac_cv_prog_cc_g=yes
ac_cv_prog_cc_stdc=
ac_cv_prog_egrep='grep -E'
ac_cv_prog_make_make_set=yes
ac_cv_sizeof_int=4
ac_cv_sizeof_long=4
ac_cv_struct_tm=time.h
ac_cv_target=mipsel-unknown-linux-uclibc
ac_cv_target_alias=mipsel-linux-uclibc
ac_cv_type_int=yes
ac_cv_type_long=yes
ac_cv_type_off_t=yes
ac_cv_type_size_t=yes
ac_cv_type_uchar=no
ac_cv_working_alloca_h=yes
acl_cv_hardcode_direct=no
acl_cv_hardcode_libdir_flag_spec='${wl}-rpath ${wl}$libdir'
acl_cv_hardcode_libdir_separator=
acl_cv_hardcode_minus_L=no
acl_cv_libext=a
acl_cv_path_LD=ld
acl_cv_prog_gnu_ld=yes
acl_cv_rpath=done
acl_cv_shlibext=so
acl_cv_wl=-Wl,
acx_cv_prog_cc_pedantic__Wno_long_long=yes
acx_cv_prog_cc_warning__W=yes
acx_cv_prog_cc_warning__Wall=yes
acx_cv_prog_cc_warning__Wmissing_prototypes=yes
acx_cv_prog_cc_warning__Wold_style_definition=yes
acx_cv_prog_cc_warning__Wstrict_prototypes=yes
acx_cv_prog_cc_warning__Wwrite_strings=yes
am_cv_func_iconv=yes
am_cv_langinfo_codeset=yes
am_cv_lib_iconv=no
am_cv_proto_iconv='extern size_t iconv (iconv_t cd, char * *inbuf, size_t *inbytesleft, char * *outbuf, size_t *outbytesleft);'
am_cv_proto_iconv_arg1=
gcc_cv_header_string=yes

## ----------------- ##
## Output variables. ##
## ----------------- ##

ACLOCAL='aclocal'
ALLOCA=''
AUTOCONF='autoconf'
AUTOHEADER='autoheader'
CATALOGS=''
CC='gcc'
CFLAGS='-g -O2'
CPP='gcc -E'
CPPFLAGS=''
DEFS='-DHAVE_CONFIG_H'
ECHO_C=''
ECHO_N='-n'
ECHO_T=''
EGREP='grep -E'
EXEEXT=''
GMSGFMT='/usr/bin/msgfmt'
INCINTL=''
INSTALL_DATA='${INSTALL} -m 644'
INSTALL_PROGRAM='${INSTALL}'
INSTALL_SCRIPT='${INSTALL}'
LDFLAGS=''
LIBICONV=''
LIBINTL=''
LIBINTL_DEP=''
LIBOBJS=''
LIBS=''
LTLIBICONV=''
LTLIBOBJS=''
MAINT='#'
OBJEXT='o'
PACKAGE='cpplib'
PACKAGE_BUGREPORT='gcc-bugs@gcc.gnu.org'
PACKAGE_NAME='cpplib'
PACKAGE_STRING='cpplib  '
PACKAGE_TARNAME='cpplib'
PACKAGE_VERSION=' '
PATH_SEPARATOR=':'
POSUB=''
RANLIB='ranlib'
SET_MAKE=''
SHELL='/bin/sh'
USED_CATALOGS=''
USE_NLS='no'
WARN_CFLAGS='-W -Wall -Wwrite-strings -Wstrict-prototypes -Wmissing-prototypes -Wold-style-definition'
WARN_PEDANTIC='-pedantic -Wno-long-long'
WERROR=''
XGETTEXT='/usr/bin/xgettext'
ac_ct_CC=''
ac_ct_RANLIB=''
bindir='${exec_prefix}/bin'
build='i386-pc-linux-gnu'
build_alias='i386-pc-linux-gnu'
build_cpu='i386'
build_os='linux-gnu'
build_vendor='pc'
datadir='${prefix}/share'
exec_prefix='${prefix}'
host='i386-pc-linux-gnu'
host_alias='i386-pc-linux-gnu'
host_cpu='i386'
host_os='linux-gnu'
host_vendor='pc'
includedir='${prefix}/include'
infodir='${prefix}/info'
libdir='${exec_prefix}/lib'
libexecdir='${exec_prefix}/libexec'
localstatedir='${prefix}/var'
mandir='${prefix}/man'
oldincludedir='/usr/include'
prefix='/opt/smp86xx/smp86xx_toolchain_2.8.2.0/build_mipsel_nofpu/staging_dir'
program_transform_name='s,^,mipsel-linux-uclibc-,; '
sbindir='${exec_prefix}/sbin'
sharedstatedir='${prefix}/com'
sysconfdir='${prefix}/etc'
target='mipsel-unknown-linux-uclibc'
target_alias='mipsel-linux-uclibc'
target_cpu='mipsel'
target_os='linux-uclibc'
target_vendor='unknown'

## ----------- ##
## confdefs.h. ##
## ----------- ##

#define HAVE_ALLOCA 1
#define HAVE_ALLOCA_H 1
#define HAVE_CLEARERR_UNLOCKED 1
#define HAVE_DECL_ABORT 1
#define HAVE_DECL_BASENAME 0
#define HAVE_DECL_CLEARERR_UNLOCKED 1
#define HAVE_DECL_ERRNO 0
#define HAVE_DECL_FEOF_UNLOCKED 1
#define HAVE_DECL_FERROR_UNLOCKED 1
#define HAVE_DECL_FFLUSH_UNLOCKED 1
#define HAVE_DECL_FGETC_UNLOCKED 1
#define HAVE_DECL_FGETS_UNLOCKED 0
#define HAVE_DECL_FILENO_UNLOCKED 1
#define HAVE_DECL_FPRINTF_UNLOCKED 0
#define HAVE_DECL_FPUTC_UNLOCKED 1
#define HAVE_DECL_FPUTS_UNLOCKED 0
#define HAVE_DECL_FREAD_UNLOCKED 1
#define HAVE_DECL_FWRITE_UNLOCKED 1
#define HAVE_DECL_GETCHAR_UNLOCKED 1
#define HAVE_DECL_GETC_UNLOCKED 1
#define HAVE_DECL_GETOPT 1
#define HAVE_DECL_PUTCHAR_UNLOCKED 1
#define HAVE_DECL_PUTC_UNLOCKED 1
#define HAVE_FCNTL_H 1
#define HAVE_FEOF_UNLOCKED 1
#define HAVE_FERROR_UNLOCKED 1
#define HAVE_FFLUSH_UNLOCKED 1
#define HAVE_FGETC_UNLOCKED 1
#define HAVE_FGETS_UNLOCKED 1
#define HAVE_FILENO_UNLOCKED 1
#define HAVE_FPUTC_UNLOCKED 1
#define HAVE_FPUTS_UNLOCKED 1
#define HAVE_FREAD_UNLOCKED 1
#define HAVE_FWRITE_UNLOCKED 1
#define HAVE_GETCHAR_UNLOCKED 1
#define HAVE_GETC_UNLOCKED 1
#define HAVE_ICONV 1
#define HAVE_ICONV_H 1
#define HAVE_INTTYPES_H 1
#define HAVE_LANGINFO_CODESET 1
#define HAVE_LIMITS_H 1
#define HAVE_LOCALE_H 1
#define HAVE_MEMORY_H 1
#define HAVE_OBSTACK 1
#define HAVE_PUTCHAR_UNLOCKED 1
#define HAVE_PUTC_UNLOCKED 1
#define HAVE_STDDEF_H 1
#define HAVE_STDINT_H 1
#define HAVE_STDLIB_H 1
#define HAVE_STDLIB_H 1
#define HAVE_STRINGS_H 1
#define HAVE_STRINGS_H 1
#define HAVE_STRING_H 1
#define HAVE_STRING_H 1
#define HAVE_SYS_FILE_H 1
#define HAVE_SYS_STAT_H 1
#define HAVE_SYS_TYPES_H 1
#define HAVE_UNISTD_H 1
#define HAVE_UNISTD_H 1
#define HOST_WIDE_INT long long
#define ICONV_CONST 
#define PACKAGE "cpplib"
#define PACKAGE_BUGREPORT "gcc-bugs@gcc.gnu.org"
#define PACKAGE_NAME "cpplib"
#define PACKAGE_STRING "cpplib  "
#define PACKAGE_TARNAME "cpplib"
#define PACKAGE_VERSION " "
#define SIZEOF_INT 4
#define SIZEOF_LONG 4
#define STDC_HEADERS 1
#define STDC_HEADERS 1
#define STRING_WITH_STRINGS 1
#define TIME_WITH_SYS_TIME 1

configure: exit 0
