This file contains any messages produced by compilers while
running configure, to aid debugging if configure makes a mistake.

It was created by configure, which was
generated by GNU Autoconf 2.59.  Invocation command line was

  $ /opt/smp86xx/smp86xx_toolchain_2.8.2.0/toolchain_build_mipsel_nofpu/binutils-2.17/gas/configure --cache-file=./config.cache --build=i386-pc-linux-gnu --host=i386-pc-linux-gnu --target=mipsel-linux-uclibc --with-gnu-as --with-gnu-ld --with-stabs --prefix=/opt/smp86xx/smp86xx_toolchain_2.8.2.0/build_mipsel_nofpu/staging_dir --disable-nls --enable-multilib --with-float=soft --program-transform-name=s,^,mipsel-linux-uclibc-,;  --srcdir=/opt/smp86xx/smp86xx_toolchain_2.8.2.0/toolchain_build_mipsel_nofpu/binutils-2.17/gas

## --------- ##
## Platform. ##
## --------- ##

hostname = DavidLinux
uname -m = i686
uname -r = 2.6.23.15-80.fc7
uname -s = Linux
uname -v = #1 SMP Sun Feb 10 17:29:10 EST 2008

/usr/bin/uname -p = unknown
/bin/uname -X     = unknown

/bin/arch              = i686
/usr/bin/arch -k       = unknown
/usr/convex/getsysinfo = unknown
hostinfo               = unknown
/bin/machine           = unknown
/usr/bin/oslevel       = unknown
/bin/universe          = unknown

PATH: /usr/lib/qt-3.3/bin
PATH: /usr/kerberos/bin
PATH: /usr/lib/ccache
PATH: /usr/local/bin
PATH: /usr/bin
PATH: /bin
PATH: /home/davidhu/bin
PATH: /home/davidhu/bin


## ----------- ##
## Core tests. ##
## ----------- ##

configure:1241: creating cache ./config.cache
configure:1353: checking build system type
configure:1371: result: i386-pc-linux-gnu
configure:1379: checking host system type
configure:1393: result: i386-pc-linux-gnu
configure:1401: checking target system type
configure:1415: result: mipsel-unknown-linux-uclibc
configure:1437: checking for i386-pc-linux-gnu-gcc
configure:1463: result: gcc
configure:1745: checking for C compiler version
configure:1748: gcc --version </dev/null >&5
gcc (GCC) 4.1.2 20070925 (Red Hat 4.1.2-27)
Copyright (C) 2006 Free Software Foundation, Inc.
This is free software; see the source for copying conditions.  There is NO
warranty; not even for MERCHANTABILITY or FITNESS FOR A PARTICULAR PURPOSE.

configure:1751: $? = 0
configure:1753: gcc -v </dev/null >&5
Using built-in specs.
Target: i386-redhat-linux
Configured with: ../configure --prefix=/usr --mandir=/usr/share/man --infodir=/usr/share/info --enable-shared --enable-threads=posix --enable-checking=release --with-system-zlib --enable-__cxa_atexit --disable-libunwind-exceptions --enable-languages=c,c++,objc,obj-c++,java,fortran,ada --enable-java-awt=gtk --disable-dssi --enable-plugin --with-java-home=/usr/lib/jvm/java-1.5.0-gcj-1.5.0.0/jre --enable-libgcj-multifile --enable-java-maintainer-mode --with-ecj-jar=/usr/share/java/eclipse-ecj.jar --with-cpu=generic --host=i386-redhat-linux
Thread model: posix
gcc version 4.1.2 20070925 (Red Hat 4.1.2-27)
configure:1756: $? = 0
configure:1758: gcc -V </dev/null >&5
gcc: '-V' option must have argument
configure:1761: $? = 1
configure:1784: checking for C compiler default output file name
configure:1787: gcc -g -O2   conftest.c  >&5
configure:1790: $? = 0
configure:1836: result: a.out
configure:1841: checking whether the C compiler works
configure:1847: ./a.out
configure:1850: $? = 0
configure:1867: result: yes
configure:1874: checking whether we are cross compiling
configure:1876: result: no
configure:1879: checking for suffix of executables
configure:1881: gcc -o conftest -g -O2   conftest.c  >&5
configure:1884: $? = 0
configure:1909: result: 
configure:1915: checking for suffix of object files
configure:1936: gcc -c -g -O2  conftest.c >&5
configure:1939: $? = 0
configure:1961: result: o
configure:1965: checking whether we are using the GNU C compiler
configure:1989: gcc -c -g -O2  conftest.c >&5
configure:1995: $? = 0
configure:1999: test -z 
			 || test ! -s conftest.err
configure:2002: $? = 0
configure:2005: test -s conftest.o
configure:2008: $? = 0
configure:2021: result: yes
configure:2027: checking whether gcc accepts -g
configure:2048: gcc -c -g  conftest.c >&5
configure:2054: $? = 0
configure:2058: test -z 
			 || test ! -s conftest.err
configure:2061: $? = 0
configure:2064: test -s conftest.o
configure:2067: $? = 0
configure:2078: result: yes
configure:2095: checking for gcc option to accept ANSI C
configure:2165: gcc  -c -g -O2  conftest.c >&5
configure:2171: $? = 0
configure:2175: test -z 
			 || test ! -s conftest.err
configure:2178: $? = 0
configure:2181: test -s conftest.o
configure:2184: $? = 0
configure:2202: result: none needed
configure:2220: gcc -c -g -O2  conftest.c >&5
conftest.c:2: error: expected '=', ',', ';', 'asm' or '__attribute__' before 'me'
configure:2226: $? = 1
configure: failed program was:
| #ifndef __cplusplus
|   choke me
| #endif
configure:2360: checking for library containing strerror
configure:2390: gcc -o conftest -g -O2   conftest.c  >&5
configure:2396: $? = 0
configure:2400: test -z 
			 || test ! -s conftest.err
configure:2403: $? = 0
configure:2406: test -s conftest
configure:2409: $? = 0
configure:2479: result: none required
configure:2502: checking for a BSD-compatible install
configure:2557: result: /usr/bin/install -c
configure:2568: checking whether build environment is sane
configure:2611: result: yes
configure:2676: checking for gawk
configure:2692: found /usr/bin/gawk
configure:2702: result: gawk
configure:2712: checking whether make sets $(MAKE)
configure:2732: result: yes
configure:2762: checking for style of include used by make
configure:2790: result: GNU
configure:2966: checking dependency style of gcc
configure:3056: result: none
configure:3152: checking for ld used by GCC
configure:3215: result: ld
configure:3224: checking if the linker (ld) is GNU ld
GNU ld version 2.17.50.0.12-4 20070128
configure:3236: result: yes
configure:3241: checking for ld option to reload object files
configure:3248: result: -r
configure:3253: checking for BSD-compatible nm
configure:3289: result: nm
configure:3292: checking whether ln -s works
configure:3296: result: yes
configure:3303: checking how to recognise dependant libraries
configure:3466: result: pass_all
configure:3477: checking the maximum length of command line arguments
configure:3532: result: none
configure:3679: checking for i386-pc-linux-gnu-ranlib
configure:3705: result: ranlib
configure:3759: checking for i386-pc-linux-gnu-strip
configure:3788: result: no
configure:3797: checking for strip
configure:3813: found /usr/bin/strip
configure:3824: result: strip
configure:4127: loading cache ./config.cache
1>&5
ltcf-c.sh:need_lc: gcc -shared conftest.o  -v -Wl,-soname -Wl,conftest -o conftest
 /usr/libexec/gcc/i386-redhat-linux/4.1.2/collect2 --eh-frame-hdr -m elf_i386 --hash-style=gnu -shared -o conftest /usr/lib/gcc/i386-redhat-linux/4.1.2/../../../crti.o /usr/lib/gcc/i386-redhat-linux/4.1.2/crtbeginS.o -L/usr/lib/gcc/i386-redhat-linux/4.1.2 -L/usr/lib/gcc/i386-redhat-linux/4.1.2 -L/usr/lib/gcc/i386-redhat-linux/4.1.2/../../.. conftest.o -soname conftest -lgcc --as-needed -lgcc_s --no-as-needed -lc -lgcc --as-needed -lgcc_s --no-as-needed /usr/lib/gcc/i386-redhat-linux/4.1.2/crtendS.o /usr/lib/gcc/i386-redhat-linux/4.1.2/../../../crtn.o
ltconfig:678:checking for gcc option to produce PIC
ltconfig:687:checking that gcc PIC flag -fPIC -DPIC works.
ltconfig:697: gcc -c -g -O2 -fPIC -DPIC -DPIC  conftest.c 1>&5
ltconfig:749: checking if gcc static flag -static works
ltconfig:758: gcc -o conftest -g -O2   -static conftest.c  1>&5
ltconfig:780: finding the maximum length of command line arguments
ltconfig:@lineno@: result: 49153
ltconfig:833: checking if gcc supports -c -o file.o
ltconfig:834: gcc -c -g -O2 -o out/conftest2.o  conftest.c 1>&5
ltconfig:887: checking if gcc supports -fno-rtti -fno-exceptions
ltconfig:888: gcc -c -g -O2 -fno-rtti -fno-exceptions -c conftest.c  conftest.c 1>&5
ltconfig:1431: checking if global_symbol_pipe works
ltconfig:1432: gcc -c -g -O2  conftest.c 1>&5
ltconfig:1435: eval "nm conftest.o | sed -n -e 's/^.*[ 	]\([ABCDGISTW][ABCDGISTW]*\)[ 	][ 	]*\(\)\([_A-Za-z][_A-Za-z0-9]*\)$/\1 \2\3 \3/p' > conftest.nm"
ltconfig:1487: gcc -o conftest -g -O2 -fno-builtin   conftest.c conftstm.o 1>&5
configure:4256: checking whether byte ordering is bigendian
configure:4283: gcc -c -g -O2  conftest.c >&5
configure:4289: $? = 0
configure:4293: test -z 
			 || test ! -s conftest.err
configure:4296: $? = 0
configure:4299: test -s conftest.o
configure:4302: $? = 0
configure:4326: gcc -c -g -O2  conftest.c >&5
conftest.c: In function 'main':
conftest.c:18: error: 'not' undeclared (first use in this function)
conftest.c:18: error: (Each undeclared identifier is reported only once
conftest.c:18: error: for each function it appears in.)
conftest.c:18: error: expected ';' before 'big'
configure:4332: $? = 1
configure: failed program was:
| /* confdefs.h.  */
| 
| #define PACKAGE_NAME ""
| #define PACKAGE_TARNAME ""
| #define PACKAGE_VERSION ""
| #define PACKAGE_STRING ""
| #define PACKAGE_BUGREPORT ""
| #define PACKAGE "gas"
| #define VERSION "2.17"
| /* end confdefs.h.  */
| #include <sys/types.h>
| #include <sys/param.h>
| 
| int
| main ()
| {
| #if BYTE_ORDER != BIG_ENDIAN
|  not big endian
| #endif
| 
|   ;
|   return 0;
| }
configure:4467: result: no
configure:5181: checking for i386-pc-linux-gnu-gcc
configure:5207: result: gcc
configure:5489: checking for C compiler version
configure:5492: gcc --version </dev/null >&5
gcc (GCC) 4.1.2 20070925 (Red Hat 4.1.2-27)
Copyright (C) 2006 Free Software Foundation, Inc.
This is free software; see the source for copying conditions.  There is NO
warranty; not even for MERCHANTABILITY or FITNESS FOR A PARTICULAR PURPOSE.

configure:5495: $? = 0
configure:5497: gcc -v </dev/null >&5
Using built-in specs.
Target: i386-redhat-linux
Configured with: ../configure --prefix=/usr --mandir=/usr/share/man --infodir=/usr/share/info --enable-shared --enable-threads=posix --enable-checking=release --with-system-zlib --enable-__cxa_atexit --disable-libunwind-exceptions --enable-languages=c,c++,objc,obj-c++,java,fortran,ada --enable-java-awt=gtk --disable-dssi --enable-plugin --with-java-home=/usr/lib/jvm/java-1.5.0-gcj-1.5.0.0/jre --enable-libgcj-multifile --enable-java-maintainer-mode --with-ecj-jar=/usr/share/java/eclipse-ecj.jar --with-cpu=generic --host=i386-redhat-linux
Thread model: posix
gcc version 4.1.2 20070925 (Red Hat 4.1.2-27)
configure:5500: $? = 0
configure:5502: gcc -V </dev/null >&5
gcc: '-V' option must have argument
configure:5505: $? = 1
configure:5508: checking whether we are using the GNU C compiler
configure:5564: result: yes
configure:5570: checking whether gcc accepts -g
configure:5621: result: yes
configure:5638: checking for gcc option to accept ANSI C
configure:5745: result: none needed
configure:5763: gcc -c -g -O2  conftest.c >&5
conftest.c:2: error: expected '=', ',', ';', 'asm' or '__attribute__' before 'me'
configure:5769: $? = 1
configure: failed program was:
| #ifndef __cplusplus
|   choke me
| #endif
configure:5907: checking for bison
configure:5933: result: bison -y
configure:5948: checking for flex
configure:5974: result: flex
configure:5987: checking for yywrap in -lfl
configure:6017: gcc -o conftest -g -O2   conftest.c -lfl   >&5
configure:6023: $? = 0
configure:6027: test -z 
			 || test ! -s conftest.err
configure:6030: $? = 0
configure:6033: test -s conftest
configure:6036: $? = 0
configure:6049: result: yes
configure:6127: checking lex output file root
configure:6138: flex conftest.l
configure:6141: $? = 0
configure:6153: result: lex.yy
configure:6158: checking whether yytext is a pointer
configure:6174: gcc -o conftest -g -O2   conftest.c  -lfl >&5
configure:6180: $? = 0
configure:6184: test -z 
			 || test ! -s conftest.err
configure:6187: $? = 0
configure:6190: test -s conftest
configure:6193: $? = 0
configure:6207: result: yes
configure:6226: checking for i386-pc-linux-gnu-ranlib
configure:6252: result: ranlib
configure:6308: checking how to run the C preprocessor
configure:6343: gcc -E  conftest.c
configure:6349: $? = 0
configure:6381: gcc -E  conftest.c
conftest.c:25:28: error: ac_nonexistent.h: No such file or directory
configure:6387: $? = 1
configure: failed program was:
| /* confdefs.h.  */
| 
| #define PACKAGE_NAME ""
| #define PACKAGE_TARNAME ""
| #define PACKAGE_VERSION ""
| #define PACKAGE_STRING ""
| #define PACKAGE_BUGREPORT ""
| #define PACKAGE "gas"
| #define VERSION "2.17"
| #define TARGET_BYTES_BIG_ENDIAN 0
| #define MIPS_CPU_STRING_DEFAULT "from-abi"
| #define USE_E_MIPS_ABI_O32 1
| #define MIPS_DEFAULT_64BIT 0
| #define MIPS_DEFAULT_ABI O32_ABI
| #define USE_EMULATIONS 1
| #define EMULATIONS  &mipslelf, &mipsbelf, &mipself,
| #define DEFAULT_EMULATION "mipslelf"
| #define TARGET_ALIAS "mipsel-linux-uclibc"
| #define TARGET_CANONICAL "mipsel-unknown-linux-uclibc"
| #define TARGET_CPU "mipsel"
| #define TARGET_VENDOR "unknown"
| #define TARGET_OS "linux-uclibc"
| #define YYTEXT_POINTER 1
| /* end confdefs.h.  */
| #include <ac_nonexistent.h>
configure:6426: result: gcc -E
configure:6450: gcc -E  conftest.c
configure:6456: $? = 0
configure:6488: gcc -E  conftest.c
conftest.c:25:28: error: ac_nonexistent.h: No such file or directory
configure:6494: $? = 1
configure: failed program was:
| /* confdefs.h.  */
| 
| #define PACKAGE_NAME ""
| #define PACKAGE_TARNAME ""
| #define PACKAGE_VERSION ""
| #define PACKAGE_STRING ""
| #define PACKAGE_BUGREPORT ""
| #define PACKAGE "gas"
| #define VERSION "2.17"
| #define TARGET_BYTES_BIG_ENDIAN 0
| #define MIPS_CPU_STRING_DEFAULT "from-abi"
| #define USE_E_MIPS_ABI_O32 1
| #define MIPS_DEFAULT_64BIT 0
| #define MIPS_DEFAULT_ABI O32_ABI
| #define USE_EMULATIONS 1
| #define EMULATIONS  &mipslelf, &mipsbelf, &mipself,
| #define DEFAULT_EMULATION "mipslelf"
| #define TARGET_ALIAS "mipsel-linux-uclibc"
| #define TARGET_CANONICAL "mipsel-unknown-linux-uclibc"
| #define TARGET_CPU "mipsel"
| #define TARGET_VENDOR "unknown"
| #define TARGET_OS "linux-uclibc"
| #define YYTEXT_POINTER 1
| /* end confdefs.h.  */
| #include <ac_nonexistent.h>
configure:6538: checking for egrep
configure:6548: result: grep -E
configure:6553: checking for ANSI C header files
configure:6578: gcc -c -g -O2  conftest.c >&5
configure:6584: $? = 0
configure:6588: test -z 
			 || test ! -s conftest.err
configure:6591: $? = 0
configure:6594: test -s conftest.o
configure:6597: $? = 0
configure:6686: gcc -o conftest -g -O2   conftest.c  >&5
conftest.c: In function 'main':
conftest.c:42: warning: incompatible implicit declaration of built-in function 'exit'
configure:6689: $? = 0
configure:6691: ./conftest
configure:6694: $? = 0
configure:6709: result: yes
configure:6719: checking for an ANSI C-conforming const
configure:6786: gcc -c -g -O2  conftest.c >&5
configure:6792: $? = 0
configure:6796: test -z 
			 || test ! -s conftest.err
configure:6799: $? = 0
configure:6802: test -s conftest.o
configure:6805: $? = 0
configure:6816: result: yes
configure:6826: checking for inline
configure:6847: gcc -c -g -O2  conftest.c >&5
configure:6853: $? = 0
configure:6857: test -z 
			 || test ! -s conftest.err
configure:6860: $? = 0
configure:6863: test -s conftest.o
configure:6866: $? = 0
configure:6878: result: inline
configure:6911: checking for sys/types.h
configure:6927: gcc -c -g -O2  conftest.c >&5
configure:6933: $? = 0
configure:6937: test -z 
			 || test ! -s conftest.err
configure:6940: $? = 0
configure:6943: test -s conftest.o
configure:6946: $? = 0
configure:6957: result: yes
configure:6911: checking for sys/stat.h
configure:6927: gcc -c -g -O2  conftest.c >&5
configure:6933: $? = 0
configure:6937: test -z 
			 || test ! -s conftest.err
configure:6940: $? = 0
configure:6943: test -s conftest.o
configure:6946: $? = 0
configure:6957: result: yes
configure:6911: checking for stdlib.h
configure:6927: gcc -c -g -O2  conftest.c >&5
configure:6933: $? = 0
configure:6937: test -z 
			 || test ! -s conftest.err
configure:6940: $? = 0
configure:6943: test -s conftest.o
configure:6946: $? = 0
configure:6957: result: yes
configure:6911: checking for string.h
configure:6927: gcc -c -g -O2  conftest.c >&5
configure:6933: $? = 0
configure:6937: test -z 
			 || test ! -s conftest.err
configure:6940: $? = 0
configure:6943: test -s conftest.o
configure:6946: $? = 0
configure:6957: result: yes
configure:6911: checking for memory.h
configure:6927: gcc -c -g -O2  conftest.c >&5
configure:6933: $? = 0
configure:6937: test -z 
			 || test ! -s conftest.err
configure:6940: $? = 0
configure:6943: test -s conftest.o
configure:6946: $? = 0
configure:6957: result: yes
configure:6911: checking for strings.h
configure:6927: gcc -c -g -O2  conftest.c >&5
configure:6933: $? = 0
configure:6937: test -z 
			 || test ! -s conftest.err
configure:6940: $? = 0
configure:6943: test -s conftest.o
configure:6946: $? = 0
configure:6957: result: yes
configure:6911: checking for inttypes.h
configure:6927: gcc -c -g -O2  conftest.c >&5
configure:6933: $? = 0
configure:6937: test -z 
			 || test ! -s conftest.err
configure:6940: $? = 0
configure:6943: test -s conftest.o
configure:6946: $? = 0
configure:6957: result: yes
configure:6911: checking for stdint.h
configure:6927: gcc -c -g -O2  conftest.c >&5
configure:6933: $? = 0
configure:6937: test -z 
			 || test ! -s conftest.err
configure:6940: $? = 0
configure:6943: test -s conftest.o
configure:6946: $? = 0
configure:6957: result: yes
configure:6911: checking for unistd.h
configure:6927: gcc -c -g -O2  conftest.c >&5
configure:6933: $? = 0
configure:6937: test -z 
			 || test ! -s conftest.err
configure:6940: $? = 0
configure:6943: test -s conftest.o
configure:6946: $? = 0
configure:6957: result: yes
configure:6969: checking for off_t
configure:6993: gcc -c -g -O2  conftest.c >&5
configure:6999: $? = 0
configure:7003: test -z 
			 || test ! -s conftest.err
configure:7006: $? = 0
configure:7009: test -s conftest.o
configure:7012: $? = 0
configure:7023: result: yes
configure:7035: checking for size_t
configure:7059: gcc -c -g -O2  conftest.c >&5
configure:7065: $? = 0
configure:7069: test -z 
			 || test ! -s conftest.err
configure:7072: $? = 0
configure:7075: test -s conftest.o
configure:7078: $? = 0
configure:7089: result: yes
configure:7103: checking for working alloca.h
configure:7124: gcc -o conftest -g -O2   conftest.c  >&5
configure:7130: $? = 0
configure:7134: test -z 
			 || test ! -s conftest.err
configure:7137: $? = 0
configure:7140: test -s conftest
configure:7143: $? = 0
configure:7155: result: yes
configure:7165: checking for alloca
configure:7206: gcc -o conftest -g -O2   conftest.c  >&5
configure:7212: $? = 0
configure:7216: test -z 
			 || test ! -s conftest.err
configure:7219: $? = 0
configure:7222: test -s conftest
configure:7225: $? = 0
configure:7237: result: yes
configure:7466: checking for stdlib.h
configure:7471: result: yes
configure:7466: checking for unistd.h
configure:7471: result: yes
configure:7615: checking for getpagesize
configure:7672: gcc -o conftest -g -O2   conftest.c  >&5
configure:7678: $? = 0
configure:7682: test -z 
			 || test ! -s conftest.err
configure:7685: $? = 0
configure:7688: test -s conftest
configure:7691: $? = 0
configure:7703: result: yes
configure:7713: checking for working mmap
configure:7855: gcc -o conftest -g -O2   conftest.c  >&5
configure:7858: $? = 0
configure:7860: ./conftest
configure:7863: $? = 0
configure:7877: result: yes
configure:7912: checking argz.h usability
configure:7924: gcc -c -g -O2  conftest.c >&5
configure:7930: $? = 0
configure:7934: test -z 
			 || test ! -s conftest.err
configure:7937: $? = 0
configure:7940: test -s conftest.o
configure:7943: $? = 0
configure:7953: result: yes
configure:7957: checking argz.h presence
configure:7967: gcc -E  conftest.c
configure:7973: $? = 0
configure:7993: result: yes
configure:8028: checking for argz.h
configure:8035: result: yes
configure:7912: checking limits.h usability
configure:7924: gcc -c -g -O2  conftest.c >&5
configure:7930: $? = 0
configure:7934: test -z 
			 || test ! -s conftest.err
configure:7937: $? = 0
configure:7940: test -s conftest.o
configure:7943: $? = 0
configure:7953: result: yes
configure:7957: checking limits.h presence
configure:7967: gcc -E  conftest.c
configure:7973: $? = 0
configure:7993: result: yes
configure:8028: checking for limits.h
configure:8035: result: yes
configure:7912: checking locale.h usability
configure:7924: gcc -c -g -O2  conftest.c >&5
configure:7930: $? = 0
configure:7934: test -z 
			 || test ! -s conftest.err
configure:7937: $? = 0
configure:7940: test -s conftest.o
configure:7943: $? = 0
configure:7953: result: yes
configure:7957: checking locale.h presence
configure:7967: gcc -E  conftest.c
configure:7973: $? = 0
configure:7993: result: yes
configure:8028: checking for locale.h
configure:8035: result: yes
configure:7912: checking nl_types.h usability
configure:7924: gcc -c -g -O2  conftest.c >&5
configure:7930: $? = 0
configure:7934: test -z 
			 || test ! -s conftest.err
configure:7937: $? = 0
configure:7940: test -s conftest.o
configure:7943: $? = 0
configure:7953: result: yes
configure:7957: checking nl_types.h presence
configure:7967: gcc -E  conftest.c
configure:7973: $? = 0
configure:7993: result: yes
configure:8028: checking for nl_types.h
configure:8035: result: yes
configure:7912: checking malloc.h usability
configure:7924: gcc -c -g -O2  conftest.c >&5
configure:7930: $? = 0
configure:7934: test -z 
			 || test ! -s conftest.err
configure:7937: $? = 0
configure:7940: test -s conftest.o
configure:7943: $? = 0
configure:7953: result: yes
configure:7957: checking malloc.h presence
configure:7967: gcc -E  conftest.c
configure:7973: $? = 0
configure:7993: result: yes
configure:8028: checking for malloc.h
configure:8035: result: yes
configure:7903: checking for string.h
configure:7908: result: yes
configure:7903: checking for unistd.h
configure:7908: result: yes
configure:7912: checking values.h usability
configure:7924: gcc -c -g -O2  conftest.c >&5
configure:7930: $? = 0
configure:7934: test -z 
			 || test ! -s conftest.err
configure:7937: $? = 0
configure:7940: test -s conftest.o
configure:7943: $? = 0
configure:7953: result: yes
configure:7957: checking values.h presence
configure:7967: gcc -E  conftest.c
configure:7973: $? = 0
configure:7993: result: yes
configure:8028: checking for values.h
configure:8035: result: yes
configure:7912: checking sys/param.h usability
configure:7924: gcc -c -g -O2  conftest.c >&5
configure:7930: $? = 0
configure:7934: test -z 
			 || test ! -s conftest.err
configure:7937: $? = 0
configure:7940: test -s conftest.o
configure:7943: $? = 0
configure:7953: result: yes
configure:7957: checking sys/param.h presence
configure:7967: gcc -E  conftest.c
configure:7973: $? = 0
configure:7993: result: yes
configure:8028: checking for sys/param.h
configure:8035: result: yes
configure:8062: checking for getcwd
configure:8119: gcc -o conftest -g -O2   conftest.c  >&5
configure:8125: $? = 0
configure:8129: test -z 
			 || test ! -s conftest.err
configure:8132: $? = 0
configure:8135: test -s conftest
configure:8138: $? = 0
configure:8150: result: yes
configure:8062: checking for munmap
configure:8119: gcc -o conftest -g -O2   conftest.c  >&5
configure:8125: $? = 0
configure:8129: test -z 
			 || test ! -s conftest.err
configure:8132: $? = 0
configure:8135: test -s conftest
configure:8138: $? = 0
configure:8150: result: yes
configure:8062: checking for putenv
configure:8119: gcc -o conftest -g -O2   conftest.c  >&5
configure:8125: $? = 0
configure:8129: test -z 
			 || test ! -s conftest.err
configure:8132: $? = 0
configure:8135: test -s conftest
configure:8138: $? = 0
configure:8150: result: yes
configure:8062: checking for setenv
configure:8119: gcc -o conftest -g -O2   conftest.c  >&5
configure:8125: $? = 0
configure:8129: test -z 
			 || test ! -s conftest.err
configure:8132: $? = 0
configure:8135: test -s conftest
configure:8138: $? = 0
configure:8150: result: yes
configure:8062: checking for setlocale
configure:8119: gcc -o conftest -g -O2   conftest.c  >&5
configure:8125: $? = 0
configure:8129: test -z 
			 || test ! -s conftest.err
configure:8132: $? = 0
configure:8135: test -s conftest
configure:8138: $? = 0
configure:8150: result: yes
configure:8062: checking for strchr
configure:8119: gcc -o conftest -g -O2   conftest.c  >&5
conftest.c:79: warning: conflicting types for built-in function 'strchr'
configure:8125: $? = 0
configure:8129: test -z 
			 || test ! -s conftest.err
configure:8132: $? = 0
configure:8135: test -s conftest
configure:8138: $? = 0
configure:8150: result: yes
configure:8062: checking for strcasecmp
configure:8119: gcc -o conftest -g -O2   conftest.c  >&5
conftest.c:80: warning: conflicting types for built-in function 'strcasecmp'
configure:8125: $? = 0
configure:8129: test -z 
			 || test ! -s conftest.err
configure:8132: $? = 0
configure:8135: test -s conftest
configure:8138: $? = 0
configure:8150: result: yes
configure:8062: checking for __argz_count
configure:8119: gcc -o conftest -g -O2   conftest.c  >&5
configure:8125: $? = 0
configure:8129: test -z 
			 || test ! -s conftest.err
configure:8132: $? = 0
configure:8135: test -s conftest
configure:8138: $? = 0
configure:8150: result: yes
configure:8062: checking for __argz_stringify
configure:8119: gcc -o conftest -g -O2   conftest.c  >&5
configure:8125: $? = 0
configure:8129: test -z 
			 || test ! -s conftest.err
configure:8132: $? = 0
configure:8135: test -s conftest
configure:8138: $? = 0
configure:8150: result: yes
configure:8062: checking for __argz_next
configure:8119: gcc -o conftest -g -O2   conftest.c  >&5
configure:8125: $? = 0
configure:8129: test -z 
			 || test ! -s conftest.err
configure:8132: $? = 0
configure:8135: test -s conftest
configure:8138: $? = 0
configure:8150: result: yes
configure:8166: checking for stpcpy
configure:8223: gcc -o conftest -g -O2   conftest.c  >&5
conftest.c:84: warning: conflicting types for built-in function 'stpcpy'
configure:8229: $? = 0
configure:8233: test -z 
			 || test ! -s conftest.err
configure:8236: $? = 0
configure:8239: test -s conftest
configure:8242: $? = 0
configure:8254: result: yes
configure:8274: checking for LC_MESSAGES
configure:8295: gcc -o conftest -g -O2   conftest.c  >&5
configure:8301: $? = 0
configure:8305: test -z 
			 || test ! -s conftest.err
configure:8308: $? = 0
configure:8311: test -s conftest
configure:8314: $? = 0
configure:8326: result: yes
configure:8336: checking whether NLS is requested
configure:8345: result: no
configure:9366: checking whether to enable maintainer-specific portions of Makefiles
configure:9375: result: no
configure:9405: checking for string.h
configure:9410: result: yes
configure:9405: checking for stdlib.h
configure:9410: result: yes
configure:9405: checking for memory.h
configure:9410: result: yes
configure:9405: checking for strings.h
configure:9410: result: yes
configure:9405: checking for unistd.h
configure:9410: result: yes
configure:9414: checking stdarg.h usability
configure:9426: gcc -c -g -O2  conftest.c >&5
configure:9432: $? = 0
configure:9436: test -z 
			 || test ! -s conftest.err
configure:9439: $? = 0
configure:9442: test -s conftest.o
configure:9445: $? = 0
configure:9455: result: yes
configure:9459: checking stdarg.h presence
configure:9469: gcc -E  conftest.c
configure:9475: $? = 0
configure:9495: result: yes
configure:9530: checking for stdarg.h
configure:9537: result: yes
configure:9414: checking varargs.h usability
configure:9426: gcc -c -g -O2  conftest.c >&5
In file included from conftest.c:103:
/usr/lib/gcc/i386-redhat-linux/4.1.2/include/varargs.h:4:2: error: #error "GCC no longer implements <varargs.h>."
/usr/lib/gcc/i386-redhat-linux/4.1.2/include/varargs.h:5:2: error: #error "Revise your code to use <stdarg.h>."
configure:9432: $? = 1
configure: failed program was:
| /* confdefs.h.  */
| 
| #define PACKAGE_NAME ""
| #define PACKAGE_TARNAME ""
| #define PACKAGE_VERSION ""
| #define PACKAGE_STRING ""
| #define PACKAGE_BUGREPORT ""
| #define PACKAGE "gas"
| #define VERSION "2.17"
| #define TARGET_BYTES_BIG_ENDIAN 0
| #define MIPS_CPU_STRING_DEFAULT "from-abi"
| #define USE_E_MIPS_ABI_O32 1
| #define MIPS_DEFAULT_64BIT 0
| #define MIPS_DEFAULT_ABI O32_ABI
| #define USE_EMULATIONS 1
| #define EMULATIONS  &mipslelf, &mipsbelf, &mipself,
| #define DEFAULT_EMULATION "mipslelf"
| #define TARGET_ALIAS "mipsel-linux-uclibc"
| #define TARGET_CANONICAL "mipsel-unknown-linux-uclibc"
| #define TARGET_CPU "mipsel"
| #define TARGET_VENDOR "unknown"
| #define TARGET_OS "linux-uclibc"
| #define YYTEXT_POINTER 1
| #define STDC_HEADERS 1
| #define HAVE_SYS_TYPES_H 1
| #define HAVE_SYS_STAT_H 1
| #define HAVE_STDLIB_H 1
| #define HAVE_STRING_H 1
| #define HAVE_MEMORY_H 1
| #define HAVE_STRINGS_H 1
| #define HAVE_INTTYPES_H 1
| #define HAVE_STDINT_H 1
| #define HAVE_UNISTD_H 1
| #define HAVE_ALLOCA_H 1
| #define HAVE_ALLOCA 1
| #define HAVE_STDLIB_H 1
| #define HAVE_UNISTD_H 1
| #define HAVE_GETPAGESIZE 1
| #define HAVE_MMAP 1
| #define HAVE_ARGZ_H 1
| #define HAVE_LIMITS_H 1
| #define HAVE_LOCALE_H 1
| #define HAVE_NL_TYPES_H 1
| #define HAVE_MALLOC_H 1
| #define HAVE_STRING_H 1
| #define HAVE_UNISTD_H 1
| #define HAVE_VALUES_H 1
| #define HAVE_SYS_PARAM_H 1
| #define HAVE_GETCWD 1
| #define HAVE_MUNMAP 1
| #define HAVE_PUTENV 1
| #define HAVE_SETENV 1
| #define HAVE_SETLOCALE 1
| #define HAVE_STRCHR 1
| #define HAVE_STRCASECMP 1
| #define HAVE___ARGZ_COUNT 1
| #define HAVE___ARGZ_STRINGIFY 1
| #define HAVE___ARGZ_NEXT 1
| #define HAVE_STPCPY 1
| #define HAVE_STPCPY 1
| #define HAVE_LC_MESSAGES 1
| #define HAVE_STRING_H 1
| #define HAVE_STDLIB_H 1
| #define HAVE_MEMORY_H 1
| #define HAVE_STRINGS_H 1
| #define HAVE_UNISTD_H 1
| #define HAVE_STDARG_H 1
| /* end confdefs.h.  */
| #include <stdio.h>
| #if HAVE_SYS_TYPES_H
| # include <sys/types.h>
| #endif
| #if HAVE_SYS_STAT_H
| # include <sys/stat.h>
| #endif
| #if STDC_HEADERS
| # include <stdlib.h>
| # include <stddef.h>
| #else
| # if HAVE_STDLIB_H
| #  include <stdlib.h>
| # endif
| #endif
| #if HAVE_STRING_H
| # if !STDC_HEADERS && HAVE_MEMORY_H
| #  include <memory.h>
| # endif
| # include <string.h>
| #endif
| #if HAVE_STRINGS_H
| # include <strings.h>
| #endif
| #if HAVE_INTTYPES_H
| # include <inttypes.h>
| #else
| # if HAVE_STDINT_H
| #  include <stdint.h>
| # endif
| #endif
| #if HAVE_UNISTD_H
| # include <unistd.h>
| #endif
| #include <varargs.h>
configure:9455: result: no
configure:9459: checking varargs.h presence
configure:9469: gcc -E  conftest.c
In file included from conftest.c:69:
/usr/lib/gcc/i386-redhat-linux/4.1.2/include/varargs.h:4:2: error: #error "GCC no longer implements <varargs.h>."
/usr/lib/gcc/i386-redhat-linux/4.1.2/include/varargs.h:5:2: error: #error "Revise your code to use <stdarg.h>."
configure:9475: $? = 1
configure: failed program was:
| /* confdefs.h.  */
| 
| #define PACKAGE_NAME ""
| #define PACKAGE_TARNAME ""
| #define PACKAGE_VERSION ""
| #define PACKAGE_STRING ""
| #define PACKAGE_BUGREPORT ""
| #define PACKAGE "gas"
| #define VERSION "2.17"
| #define TARGET_BYTES_BIG_ENDIAN 0
| #define MIPS_CPU_STRING_DEFAULT "from-abi"
| #define USE_E_MIPS_ABI_O32 1
| #define MIPS_DEFAULT_64BIT 0
| #define MIPS_DEFAULT_ABI O32_ABI
| #define USE_EMULATIONS 1
| #define EMULATIONS  &mipslelf, &mipsbelf, &mipself,
| #define DEFAULT_EMULATION "mipslelf"
| #define TARGET_ALIAS "mipsel-linux-uclibc"
| #define TARGET_CANONICAL "mipsel-unknown-linux-uclibc"
| #define TARGET_CPU "mipsel"
| #define TARGET_VENDOR "unknown"
| #define TARGET_OS "linux-uclibc"
| #define YYTEXT_POINTER 1
| #define STDC_HEADERS 1
| #define HAVE_SYS_TYPES_H 1
| #define HAVE_SYS_STAT_H 1
| #define HAVE_STDLIB_H 1
| #define HAVE_STRING_H 1
| #define HAVE_MEMORY_H 1
| #define HAVE_STRINGS_H 1
| #define HAVE_INTTYPES_H 1
| #define HAVE_STDINT_H 1
| #define HAVE_UNISTD_H 1
| #define HAVE_ALLOCA_H 1
| #define HAVE_ALLOCA 1
| #define HAVE_STDLIB_H 1
| #define HAVE_UNISTD_H 1
| #define HAVE_GETPAGESIZE 1
| #define HAVE_MMAP 1
| #define HAVE_ARGZ_H 1
| #define HAVE_LIMITS_H 1
| #define HAVE_LOCALE_H 1
| #define HAVE_NL_TYPES_H 1
| #define HAVE_MALLOC_H 1
| #define HAVE_STRING_H 1
| #define HAVE_UNISTD_H 1
| #define HAVE_VALUES_H 1
| #define HAVE_SYS_PARAM_H 1
| #define HAVE_GETCWD 1
| #define HAVE_MUNMAP 1
| #define HAVE_PUTENV 1
| #define HAVE_SETENV 1
| #define HAVE_SETLOCALE 1
| #define HAVE_STRCHR 1
| #define HAVE_STRCASECMP 1
| #define HAVE___ARGZ_COUNT 1
| #define HAVE___ARGZ_STRINGIFY 1
| #define HAVE___ARGZ_NEXT 1
| #define HAVE_STPCPY 1
| #define HAVE_STPCPY 1
| #define HAVE_LC_MESSAGES 1
| #define HAVE_STRING_H 1
| #define HAVE_STDLIB_H 1
| #define HAVE_MEMORY_H 1
| #define HAVE_STRINGS_H 1
| #define HAVE_UNISTD_H 1
| #define HAVE_STDARG_H 1
| /* end confdefs.h.  */
| #include <varargs.h>
configure:9495: result: no
configure:9530: checking for varargs.h
configure:9537: result: no
configure:9414: checking errno.h usability
configure:9426: gcc -c -g -O2  conftest.c >&5
configure:9432: $? = 0
configure:9436: test -z 
			 || test ! -s conftest.err
configure:9439: $? = 0
configure:9442: test -s conftest.o
configure:9445: $? = 0
configure:9455: result: yes
configure:9459: checking errno.h presence
configure:9469: gcc -E  conftest.c
configure:9475: $? = 0
configure:9495: result: yes
configure:9530: checking for errno.h
configure:9537: result: yes
configure:9405: checking for sys/types.h
configure:9410: result: yes
configure:9553: checking whether compiling a cross-assembler
configure:9565: result: yes
configure:9570: checking for working alloca.h
configure:9622: result: yes
configure:9632: checking for alloca
configure:9704: result: yes
configure:9927: checking for inline
configure:9979: result: inline
configure:10005: checking for unlink
configure:10062: gcc -o conftest -g -O2   conftest.c  >&5
configure:10068: $? = 0
configure:10072: test -z 
			 || test ! -s conftest.err
configure:10075: $? = 0
configure:10078: test -s conftest
configure:10081: $? = 0
configure:10093: result: yes
configure:10109: checking for sbrk
configure:10166: gcc -o conftest -g -O2   conftest.c  >&5
configure:10172: $? = 0
configure:10176: test -z 
			 || test ! -s conftest.err
configure:10179: $? = 0
configure:10182: test -s conftest
configure:10185: $? = 0
configure:10197: result: yes
configure:10422: checking for working assert macro
configure:10452: gcc -o conftest -g -O2   conftest.c  >&5
configure:10458: $? = 0
configure:10462: test -z 
			 || test ! -s conftest.err
configure:10465: $? = 0
configure:10468: test -s conftest
configure:10471: $? = 0
configure:10483: result: yes
configure:10517: checking whether declaration is required for errno
configure:10546: gcc -o conftest -g -O2   conftest.c  >&5
configure:10552: $? = 0
configure:10556: test -z 
			 || test ! -s conftest.err
configure:10559: $? = 0
configure:10562: test -s conftest
configure:10565: $? = 0
configure:10577: result: no
configure:10588: checking for a known getopt prototype in unistd.h
configure:10609: gcc -c -g -O2  conftest.c >&5
configure:10615: $? = 0
configure:10619: test -z 
			 || test ! -s conftest.err
configure:10622: $? = 0
configure:10625: test -s conftest.o
configure:10628: $? = 0
configure:10640: result: yes
configure:10651: checking whether declaration is required for environ
configure:10676: gcc -o conftest -g -O2   conftest.c  >&5
conftest.c: In function 'main':
conftest.c:101: error: 'environ' undeclared (first use in this function)
conftest.c:101: error: (Each undeclared identifier is reported only once
conftest.c:101: error: for each function it appears in.)
configure:10682: $? = 1
configure: failed program was:
| /* confdefs.h.  */
| 
| #define PACKAGE_NAME ""
| #define PACKAGE_TARNAME ""
| #define PACKAGE_VERSION ""
| #define PACKAGE_STRING ""
| #define PACKAGE_BUGREPORT ""
| #define PACKAGE "gas"
| #define VERSION "2.17"
| #define TARGET_BYTES_BIG_ENDIAN 0
| #define MIPS_CPU_STRING_DEFAULT "from-abi"
| #define USE_E_MIPS_ABI_O32 1
| #define MIPS_DEFAULT_64BIT 0
| #define MIPS_DEFAULT_ABI O32_ABI
| #define USE_EMULATIONS 1
| #define EMULATIONS  &mipslelf, &mipsbelf, &mipself,
| #define DEFAULT_EMULATION "mipslelf"
| #define TARGET_ALIAS "mipsel-linux-uclibc"
| #define TARGET_CANONICAL "mipsel-unknown-linux-uclibc"
| #define TARGET_CPU "mipsel"
| #define TARGET_VENDOR "unknown"
| #define TARGET_OS "linux-uclibc"
| #define YYTEXT_POINTER 1
| #define STDC_HEADERS 1
| #define HAVE_SYS_TYPES_H 1
| #define HAVE_SYS_STAT_H 1
| #define HAVE_STDLIB_H 1
| #define HAVE_STRING_H 1
| #define HAVE_MEMORY_H 1
| #define HAVE_STRINGS_H 1
| #define HAVE_INTTYPES_H 1
| #define HAVE_STDINT_H 1
| #define HAVE_UNISTD_H 1
| #define HAVE_ALLOCA_H 1
| #define HAVE_ALLOCA 1
| #define HAVE_STDLIB_H 1
| #define HAVE_UNISTD_H 1
| #define HAVE_GETPAGESIZE 1
| #define HAVE_MMAP 1
| #define HAVE_ARGZ_H 1
| #define HAVE_LIMITS_H 1
| #define HAVE_LOCALE_H 1
| #define HAVE_NL_TYPES_H 1
| #define HAVE_MALLOC_H 1
| #define HAVE_STRING_H 1
| #define HAVE_UNISTD_H 1
| #define HAVE_VALUES_H 1
| #define HAVE_SYS_PARAM_H 1
| #define HAVE_GETCWD 1
| #define HAVE_MUNMAP 1
| #define HAVE_PUTENV 1
| #define HAVE_SETENV 1
| #define HAVE_SETLOCALE 1
| #define HAVE_STRCHR 1
| #define HAVE_STRCASECMP 1
| #define HAVE___ARGZ_COUNT 1
| #define HAVE___ARGZ_STRINGIFY 1
| #define HAVE___ARGZ_NEXT 1
| #define HAVE_STPCPY 1
| #define HAVE_STPCPY 1
| #define HAVE_LC_MESSAGES 1
| #define HAVE_STRING_H 1
| #define HAVE_STDLIB_H 1
| #define HAVE_MEMORY_H 1
| #define HAVE_STRINGS_H 1
| #define HAVE_UNISTD_H 1
| #define HAVE_STDARG_H 1
| #define HAVE_ERRNO_H 1
| #define HAVE_SYS_TYPES_H 1
| #define CROSS_COMPILE 1
| #define HAVE_ALLOCA_H 1
| #define HAVE_ALLOCA 1
| #define HAVE_UNLINK 1
| #define HAVE_SBRK 1
| #define HAVE_DECL_GETOPT 1
| /* end confdefs.h.  */
| 
| #ifdef HAVE_MEMORY_H
| #include <memory.h>
| #endif
| #ifdef HAVE_STRING_H
| #include <string.h>
| #else
| #ifdef HAVE_STRINGS_H
| #include <strings.h>
| #endif
| #endif
| #ifdef HAVE_STDLIB_H
| #include <stdlib.h>
| #endif
| #ifdef HAVE_UNISTD_H
| #include <unistd.h>
| #endif
| 
| int
| main ()
| {
| 
| typedef char **f;
| f x;
| x = (f) environ;
| 
|   ;
|   return 0;
| }
configure:10707: result: yes
configure:10718: checking whether declaration is required for ffs
configure:10743: gcc -o conftest -g -O2   conftest.c  >&5
configure:10749: $? = 0
configure:10753: test -z 
			 || test ! -s conftest.err
configure:10756: $? = 0
configure:10759: test -s conftest
configure:10762: $? = 0
configure:10774: result: no
configure:10785: checking whether declaration is required for free
configure:10810: gcc -o conftest -g -O2   conftest.c  >&5
configure:10816: $? = 0
configure:10820: test -z 
			 || test ! -s conftest.err
configure:10823: $? = 0
configure:10826: test -s conftest
configure:10829: $? = 0
configure:10841: result: no
configure:10852: checking whether declaration is required for malloc
configure:10877: gcc -o conftest -g -O2   conftest.c  >&5
configure:10883: $? = 0
configure:10887: test -z 
			 || test ! -s conftest.err
configure:10890: $? = 0
configure:10893: test -s conftest
configure:10896: $? = 0
configure:10908: result: no
configure:10919: checking whether declaration is required for sbrk
configure:10944: gcc -o conftest -g -O2   conftest.c  >&5
configure:10950: $? = 0
configure:10954: test -z 
			 || test ! -s conftest.err
configure:10957: $? = 0
configure:10960: test -s conftest
configure:10963: $? = 0
configure:10975: result: no
configure:10986: checking whether declaration is required for strstr
configure:11011: gcc -o conftest -g -O2   conftest.c  >&5
configure:11017: $? = 0
configure:11021: test -z 
			 || test ! -s conftest.err
configure:11024: $? = 0
configure:11027: test -s conftest
configure:11030: $? = 0
configure:11042: result: no
configure:11053: checking whether vsnprintf is declared
configure:11077: gcc -c -g -O2  conftest.c >&5
configure:11083: $? = 0
configure:11087: test -z 
			 || test ! -s conftest.err
configure:11090: $? = 0
configure:11093: test -s conftest.o
configure:11096: $? = 0
configure:11107: result: yes
configure:11253: creating ./config.status

## ---------------------- ##
## Running config.status. ##
## ---------------------- ##

This file was extended by config.status, which was
generated by GNU Autoconf 2.59.  Invocation command line was

  CONFIG_FILES    = 
  CONFIG_HEADERS  = 
  CONFIG_LINKS    = 
  CONFIG_COMMANDS = 
  $ ./config.status 

on DavidLinux

config.status:760: creating .gdbinit
config.status:760: creating Makefile
config.status:760: creating doc/Makefile
config.status:760: creating po/Makefile.in
config.status:857: creating config.h
config.status:1275: executing depfiles commands
config.status:1275: executing default commands

## ---------------- ##
## Cache variables. ##
## ---------------- ##

ac_cv_archive_cmds_needs_lc=no
ac_cv_build=i386-pc-linux-gnu
ac_cv_build_alias=i386-pc-linux-gnu
ac_cv_c_bigendian=no
ac_cv_c_compiler_gnu=yes
ac_cv_c_const=yes
ac_cv_c_inline=inline
ac_cv_env_CC_set=set
ac_cv_env_CC_value=gcc
ac_cv_env_CFLAGS_set=set
ac_cv_env_CFLAGS_value='-g -O2'
ac_cv_env_CPPFLAGS_set=
ac_cv_env_CPPFLAGS_value=
ac_cv_env_CPP_set=
ac_cv_env_CPP_value=
ac_cv_env_LDFLAGS_set=set
ac_cv_env_LDFLAGS_value=
ac_cv_env_build_alias_set=set
ac_cv_env_build_alias_value=i386-pc-linux-gnu
ac_cv_env_host_alias_set=set
ac_cv_env_host_alias_value=i386-pc-linux-gnu
ac_cv_env_target_alias_set=set
ac_cv_env_target_alias_value=mipsel-linux-uclibc
ac_cv_exeext=
ac_cv_func___argz_count=yes
ac_cv_func___argz_next=yes
ac_cv_func___argz_stringify=yes
ac_cv_func_alloca_works=yes
ac_cv_func_getcwd=yes
ac_cv_func_getpagesize=yes
ac_cv_func_mmap_fixed_mapped=yes
ac_cv_func_munmap=yes
ac_cv_func_putenv=yes
ac_cv_func_sbrk=yes
ac_cv_func_setenv=yes
ac_cv_func_setlocale=yes
ac_cv_func_stpcpy=yes
ac_cv_func_strcasecmp=yes
ac_cv_func_strchr=yes
ac_cv_func_unlink=yes
ac_cv_have_decl_vsnprintf=yes
ac_cv_header_argz_h=yes
ac_cv_header_errno_h=yes
ac_cv_header_inttypes_h=yes
ac_cv_header_limits_h=yes
ac_cv_header_locale_h=yes
ac_cv_header_malloc_h=yes
ac_cv_header_memory_h=yes
ac_cv_header_nl_types_h=yes
ac_cv_header_stdarg_h=yes
ac_cv_header_stdc=yes
ac_cv_header_stdint_h=yes
ac_cv_header_stdlib_h=yes
ac_cv_header_string_h=yes
ac_cv_header_strings_h=yes
ac_cv_header_sys_param_h=yes
ac_cv_header_sys_stat_h=yes
ac_cv_header_sys_types_h=yes
ac_cv_header_unistd_h=yes
ac_cv_header_values_h=yes
ac_cv_header_varargs_h=no
ac_cv_host=i386-pc-linux-gnu
ac_cv_host_alias=i386-pc-linux-gnu
ac_cv_lib_fl_yywrap=yes
ac_cv_objext=o
ac_cv_prog_AWK=gawk
ac_cv_prog_CC=gcc
ac_cv_prog_CPP='gcc -E'
ac_cv_prog_LEX=flex
ac_cv_prog_RANLIB=ranlib
ac_cv_prog_YACC='bison -y'
ac_cv_prog_ac_ct_STRIP=strip
ac_cv_prog_cc_can_build_shared=yes
ac_cv_prog_cc_g=yes
ac_cv_prog_cc_no_builtin=
ac_cv_prog_cc_pic=' -fPIC -DPIC'
ac_cv_prog_cc_pic_works=yes
ac_cv_prog_cc_shlib=
ac_cv_prog_cc_static=-static
ac_cv_prog_cc_static_works=yes
ac_cv_prog_cc_stdc=
ac_cv_prog_cc_wl=-Wl,
ac_cv_prog_egrep='grep -E'
ac_cv_prog_lex_root=lex.yy
ac_cv_prog_lex_yytext_pointer=yes
ac_cv_prog_make_make_set=yes
ac_cv_search_strerror='none required'
ac_cv_target=mipsel-unknown-linux-uclibc
ac_cv_target_alias=mipsel-linux-uclibc
ac_cv_type_off_t=yes
ac_cv_type_size_t=yes
ac_cv_working_alloca_h=yes
am_cv_CC_dependencies_compiler_type=none
am_cv_val_LC_MESSAGES=yes
gas_cv_assert_ok=yes
gas_cv_decl_getopt_unistd_h=yes
gas_cv_decl_needed_environ=yes
gas_cv_decl_needed_errno=no
gas_cv_decl_needed_ffs=no
gas_cv_decl_needed_free=no
gas_cv_decl_needed_malloc=no
gas_cv_decl_needed_sbrk=no
gas_cv_decl_needed_strstr=no
lt_cv_compiler_c_o=yes
lt_cv_deplibs_check_method=pass_all
lt_cv_file_magic_cmd='$MAGIC_CMD'
lt_cv_file_magic_test_file=
lt_cv_ld_reload_flag=-r
lt_cv_path_LD=ld
lt_cv_path_NM=nm
lt_cv_prog_gnu_ld=yes
lt_cv_sys_max_cmd_len=49153
nls_cv_header_intl=libintl.h
nls_cv_header_libgt=libgettext.h

## ----------------- ##
## Output variables. ##
## ----------------- ##

ACLOCAL='${SHELL} /opt/smp86xx/smp86xx_toolchain_2.8.2.0/toolchain_build_mipsel_nofpu/binutils-2.17/missing --run aclocal-1.9'
ALLOCA=''
ALL_OBJ_DEPS=' ../bfd/bfd.h $(INCDIR)/symcat.h'
AMDEPBACKSLASH='\'
AMDEP_FALSE='#'
AMDEP_TRUE=''
AMTAR='${SHELL} /opt/smp86xx/smp86xx_toolchain_2.8.2.0/toolchain_build_mipsel_nofpu/binutils-2.17/missing --run tar'
AUTOCONF='${SHELL} /opt/smp86xx/smp86xx_toolchain_2.8.2.0/toolchain_build_mipsel_nofpu/binutils-2.17/missing --run autoconf'
AUTOHEADER='${SHELL} /opt/smp86xx/smp86xx_toolchain_2.8.2.0/toolchain_build_mipsel_nofpu/binutils-2.17/missing --run autoheader'
AUTOMAKE='${SHELL} /opt/smp86xx/smp86xx_toolchain_2.8.2.0/toolchain_build_mipsel_nofpu/binutils-2.17/missing --run automake-1.9'
AWK='gawk'
BFDLIB='../bfd/libbfd.la'
BFDVER_H='../bfd/bfdver.h'
CATALOGS=''
CATOBJEXT=''
CC='gcc'
CCDEPMODE='depmode=none'
CFLAGS='-g -O2'
CPP='gcc -E'
CPPFLAGS=''
CYGPATH_W='echo'
DATADIRNAME='share'
DEFS='-DHAVE_CONFIG_H'
DEPDIR='.deps'
ECHO_C=''
ECHO_N='-n'
ECHO_T=''
EGREP='grep -E'
EXEEXT=''
GDBINIT='.gdbinit'
GMOFILES=' fr.gmo tr.gmo es.gmo rw.gmo'
GMSGFMT=''
GT_NO=''
GT_YES='#YES#'
INCLUDE_LOCALE_H='#include <locale.h>'
INSTALL_DATA='/usr/bin/install -c -m 644'
INSTALL_PROGRAM='/usr/bin/install -c'
INSTALL_SCRIPT='/usr/bin/install -c'
INSTALL_STRIP_PROGRAM='${SHELL} $(install_sh) -c -s'
INSTOBJEXT=''
INTLDEPS=''
INTLLIBS=''
INTLOBJS=''
LDFLAGS=''
LEX='flex'
LEXLIB='-lfl'
LEX_OUTPUT_ROOT='lex.yy'
LIBM=''
LIBOBJS=''
LIBS=''
LIBTOOL='$(SHELL) $(top_builddir)/libtool'
LN_S='ln -s'
LTLIBOBJS=''
MAINT='#'
MAINTAINER_MODE_FALSE=''
MAINTAINER_MODE_TRUE='#'
MAKEINFO='makeinfo --split-size=5000000'
MKINSTALLDIRS='$(srcdir)/../../mkinstalldirs'
MSGFMT=''
NO_WERROR='-Wno-error'
OBJEXT='o'
OPCODES_LIB='../opcodes/libopcodes.la'
PACKAGE='gas'
PACKAGE_BUGREPORT=''
PACKAGE_NAME=''
PACKAGE_STRING=''
PACKAGE_TARNAME=''
PACKAGE_VERSION=''
PATH_SEPARATOR=':'
POFILES=' fr.po tr.po es.po rw.po'
POSUB=''
RANLIB='ranlib'
SET_MAKE=''
SHELL='/bin/sh'
STRIP='strip'
USE_INCLUDED_LIBINTL='no'
USE_NLS='no'
VERSION='2.17'
WARN_CFLAGS='-W -Wall -Wstrict-prototypes -Wmissing-prototypes -Werror'
XGETTEXT=''
YACC='bison -y'
ac_ct_CC=''
ac_ct_RANLIB=''
ac_ct_STRIP='strip'
am__fastdepCC_FALSE=''
am__fastdepCC_TRUE='#'
am__include='include'
am__leading_dot='.'
am__quote=''
am__tar='${AMTAR} chof - "$$tardir"'
am__untar='${AMTAR} xf -'
atof='ieee'
bindir='${exec_prefix}/bin'
build='i386-pc-linux-gnu'
build_alias='i386-pc-linux-gnu'
build_cpu='i386'
build_os='linux-gnu'
build_vendor='pc'
cgen_cpu_prefix=''
datadir='${prefix}/share'
datarootdir='/opt/smp86xx/smp86xx_toolchain_2.8.2.0/build_mipsel_nofpu/staging_dir/share'
docdir='/opt/smp86xx/smp86xx_toolchain_2.8.2.0/build_mipsel_nofpu/staging_dir/share/doc'
exec_prefix='${prefix}'
extra_objects=' itbl-parse.o itbl-lex.o itbl-ops.o  e-mipself.o'
host='i386-pc-linux-gnu'
host_alias='i386-pc-linux-gnu'
host_cpu='i386'
host_os='linux-gnu'
host_vendor='pc'
htmldir='/opt/smp86xx/smp86xx_toolchain_2.8.2.0/build_mipsel_nofpu/staging_dir/share/doc'
includedir='${prefix}/include'
infodir='${prefix}/info'
install_sh='/opt/smp86xx/smp86xx_toolchain_2.8.2.0/toolchain_build_mipsel_nofpu/binutils-2.17/install-sh'
install_tooldir='install-exec-tooldir'
l=''
libdir='${exec_prefix}/lib'
libexecdir='${exec_prefix}/libexec'
localstatedir='${prefix}/var'
mandir='${prefix}/man'
mkdir_p='mkdir -p --'
obj_format='elf'
oldincludedir='/usr/include'
prefix='/opt/smp86xx/smp86xx_toolchain_2.8.2.0/build_mipsel_nofpu/staging_dir'
program_transform_name='s,^,mipsel-linux-uclibc-,;'
sbindir='${exec_prefix}/sbin'
sharedstatedir='${prefix}/com'
sysconfdir='${prefix}/etc'
target='mipsel-unknown-linux-uclibc'
target_alias='mipsel-linux-uclibc'
target_cpu='mipsel'
target_cpu_type='mips'
target_os='linux-uclibc'
target_vendor='unknown'
te_file='tmips'

## ----------- ##
## confdefs.h. ##
## ----------- ##

#define CROSS_COMPILE 1
#define DEFAULT_EMULATION "mipslelf"
#define EMULATIONS  &mipslelf, &mipsbelf, &mipself,
#define HAVE_ALLOCA 1
#define HAVE_ALLOCA 1
#define HAVE_ALLOCA_H 1
#define HAVE_ALLOCA_H 1
#define HAVE_ARGZ_H 1
#define HAVE_DECL_GETOPT 1
#define HAVE_DECL_VSNPRINTF 1
#define HAVE_ERRNO_H 1
#define HAVE_GETCWD 1
#define HAVE_GETPAGESIZE 1
#define HAVE_INTTYPES_H 1
#define HAVE_LC_MESSAGES 1
#define HAVE_LIMITS_H 1
#define HAVE_LOCALE_H 1
#define HAVE_MALLOC_H 1
#define HAVE_MEMORY_H 1
#define HAVE_MEMORY_H 1
#define HAVE_MMAP 1
#define HAVE_MUNMAP 1
#define HAVE_NL_TYPES_H 1
#define HAVE_PUTENV 1
#define HAVE_SBRK 1
#define HAVE_SETENV 1
#define HAVE_SETLOCALE 1
#define HAVE_STDARG_H 1
#define HAVE_STDINT_H 1
#define HAVE_STDLIB_H 1
#define HAVE_STDLIB_H 1
#define HAVE_STDLIB_H 1
#define HAVE_STPCPY 1
#define HAVE_STPCPY 1
#define HAVE_STRCASECMP 1
#define HAVE_STRCHR 1
#define HAVE_STRINGS_H 1
#define HAVE_STRINGS_H 1
#define HAVE_STRING_H 1
#define HAVE_STRING_H 1
#define HAVE_STRING_H 1
#define HAVE_SYS_PARAM_H 1
#define HAVE_SYS_STAT_H 1
#define HAVE_SYS_TYPES_H 1
#define HAVE_SYS_TYPES_H 1
#define HAVE_UNISTD_H 1
#define HAVE_UNISTD_H 1
#define HAVE_UNISTD_H 1
#define HAVE_UNISTD_H 1
#define HAVE_UNLINK 1
#define HAVE_VALUES_H 1
#define HAVE___ARGZ_COUNT 1
#define HAVE___ARGZ_NEXT 1
#define HAVE___ARGZ_STRINGIFY 1
#define MIPS_CPU_STRING_DEFAULT "from-abi"
#define MIPS_DEFAULT_64BIT 0
#define MIPS_DEFAULT_ABI O32_ABI
#define NEED_DECLARATION_ENVIRON 1
#define PACKAGE "gas"
#define PACKAGE_BUGREPORT ""
#define PACKAGE_NAME ""
#define PACKAGE_STRING ""
#define PACKAGE_TARNAME ""
#define PACKAGE_VERSION ""
#define STDC_HEADERS 1
#define TARGET_ALIAS "mipsel-linux-uclibc"
#define TARGET_BYTES_BIG_ENDIAN 0
#define TARGET_CANONICAL "mipsel-unknown-linux-uclibc"
#define TARGET_CPU "mipsel"
#define TARGET_OS "linux-uclibc"
#define TARGET_VENDOR "unknown"
#define USE_EMULATIONS 1
#define USE_E_MIPS_ABI_O32 1
#define VERSION "2.17"
#define YYTEXT_POINTER 1

configure: exit 0
