This file contains any messages produced by compilers while
running configure, to aid debugging if configure makes a mistake.

It was created by configure, which was
generated by GNU Autoconf 2.59.  Invocation command line was

  $ /opt/smp86xx/smp86xx_toolchain_2.8.2.0/toolchain_build_mipsel_nofpu/gdb-6.5/sim/mips/configure --prefix=/opt/smp86xx/smp86xx_toolchain_2.8.2.0/build_mipsel_nofpu/staging_dir --cache-file=./config.cache --build=i386-pc-linux-gnu --host=i386-pc-linux-gnu --target=mipsel-linux-uclibc --with-stabs --prefix=/opt/smp86xx/smp86xx_toolchain_2.8.2.0/build_mipsel_nofpu/staging_dir --disable-nls --without-uiout --disable-tui --disable-gdbtk --without-x --without-included-gettext --enable-threads --program-transform-name=s,^,mipsel-linux-uclibc-,;  --srcdir=/opt/smp86xx/smp86xx_toolchain_2.8.2.0/toolchain_build_mipsel_nofpu/gdb-6.5/sim CC=gcc CFLAGS=-g -O2 LDFLAGS= build_alias=i386-pc-linux-gnu host_alias=i386-pc-linux-gnu target_alias=mipsel-linux-uclibc --cache-file=.././config.cache --srcdir=/opt/smp86xx/smp86xx_toolchain_2.8.2.0/toolchain_build_mipsel_nofpu/gdb-6.5/sim/mips

## --------- ##
## Platform. ##
## --------- ##

hostname = DavidLinux
uname -m = i686
uname -r = 2.6.23.15-80.fc7
uname -s = Linux
uname -v = #1 SMP Sun Feb 10 17:29:10 EST 2008

/usr/bin/uname -p = unknown
/bin/uname -X     = unknown

/bin/arch              = i686
/usr/bin/arch -k       = unknown
/usr/convex/getsysinfo = unknown
hostinfo               = unknown
/bin/machine           = unknown
/usr/bin/oslevel       = unknown
/bin/universe          = unknown

PATH: /usr/lib/qt-3.3/bin
PATH: /usr/kerberos/bin
PATH: /usr/lib/ccache
PATH: /usr/local/bin
PATH: /usr/bin
PATH: /bin
PATH: /home/davidhu/bin
PATH: /home/davidhu/bin


## ----------- ##
## Core tests. ##
## ----------- ##

configure:1242: loading cache .././config.cache
configure:1534: checking build system type
configure:1552: result: i386-pc-linux-gnu
configure:1560: checking host system type
configure:1574: result: i386-pc-linux-gnu
configure:1582: checking target system type
configure:1596: result: mipsel-unknown-linux-uclibc
configure:1631: checking for i386-pc-linux-gnu-gcc
configure:1657: result: gcc
configure:1939: checking for C compiler version
configure:1942: gcc --version </dev/null >&5
gcc (GCC) 4.1.2 20070925 (Red Hat 4.1.2-27)
Copyright (C) 2006 Free Software Foundation, Inc.
This is free software; see the source for copying conditions.  There is NO
warranty; not even for MERCHANTABILITY or FITNESS FOR A PARTICULAR PURPOSE.

configure:1945: $? = 0
configure:1947: gcc -v </dev/null >&5
Using built-in specs.
Target: i386-redhat-linux
Configured with: ../configure --prefix=/usr --mandir=/usr/share/man --infodir=/usr/share/info --enable-shared --enable-threads=posix --enable-checking=release --with-system-zlib --enable-__cxa_atexit --disable-libunwind-exceptions --enable-languages=c,c++,objc,obj-c++,java,fortran,ada --enable-java-awt=gtk --disable-dssi --enable-plugin --with-java-home=/usr/lib/jvm/java-1.5.0-gcj-1.5.0.0/jre --enable-libgcj-multifile --enable-java-maintainer-mode --with-ecj-jar=/usr/share/java/eclipse-ecj.jar --with-cpu=generic --host=i386-redhat-linux
Thread model: posix
gcc version 4.1.2 20070925 (Red Hat 4.1.2-27)
configure:1950: $? = 0
configure:1952: gcc -V </dev/null >&5
gcc: '-V' option must have argument
configure:1955: $? = 1
configure:1978: checking for C compiler default output file name
configure:1981: gcc -g -O2   conftest.c  >&5
configure:1984: $? = 0
configure:2030: result: a.out
configure:2035: checking whether the C compiler works
configure:2041: ./a.out
configure:2044: $? = 0
configure:2061: result: yes
configure:2068: checking whether we are cross compiling
configure:2070: result: no
configure:2073: checking for suffix of executables
configure:2075: gcc -o conftest -g -O2   conftest.c  >&5
configure:2078: $? = 0
configure:2103: result: 
configure:2109: checking for suffix of object files
configure:2155: result: o
configure:2159: checking whether we are using the GNU C compiler
configure:2215: result: yes
configure:2221: checking whether gcc accepts -g
configure:2272: result: yes
configure:2289: checking for gcc option to accept ANSI C
configure:2396: result: none needed
configure:2414: gcc -c -g -O2  conftest.c >&5
conftest.c:2: error: expected '=', ',', ';', 'asm' or '__attribute__' before 'me'
configure:2420: $? = 1
configure: failed program was:
| #ifndef __cplusplus
|   choke me
| #endif
configure:2566: checking for a BSD-compatible install
configure:2621: result: /usr/bin/install -c
configure:2648: checking for i386-pc-linux-gnu-ranlib
configure:2674: result: ranlib
configure:2727: checking whether make sets $(MAKE)
configure:2747: result: yes
configure:2757: checking for library containing strerror
configure:2787: gcc -o conftest -g -O2   conftest.c  >&5
configure:2793: $? = 0
configure:2797: test -z 
			 || test ! -s conftest.err
configure:2800: $? = 0
configure:2803: test -s conftest
configure:2806: $? = 0
configure:2876: result: none required
configure:2888: checking how to run the C preprocessor
configure:2923: gcc -E  conftest.c
configure:2929: $? = 0
configure:2961: gcc -E  conftest.c
conftest.c:9:28: error: ac_nonexistent.h: No such file or directory
configure:2967: $? = 1
configure: failed program was:
| /* confdefs.h.  */
| 
| #define PACKAGE_NAME ""
| #define PACKAGE_TARNAME ""
| #define PACKAGE_VERSION ""
| #define PACKAGE_STRING ""
| #define PACKAGE_BUGREPORT ""
| /* end confdefs.h.  */
| #include <ac_nonexistent.h>
configure:3006: result: gcc -E
configure:3030: gcc -E  conftest.c
configure:3036: $? = 0
configure:3068: gcc -E  conftest.c
conftest.c:9:28: error: ac_nonexistent.h: No such file or directory
configure:3074: $? = 1
configure: failed program was:
| /* confdefs.h.  */
| 
| #define PACKAGE_NAME ""
| #define PACKAGE_TARNAME ""
| #define PACKAGE_VERSION ""
| #define PACKAGE_STRING ""
| #define PACKAGE_BUGREPORT ""
| /* end confdefs.h.  */
| #include <ac_nonexistent.h>
configure:3118: checking for egrep
configure:3128: result: grep -E
configure:3133: checking for ANSI C header files
configure:3158: gcc -c -g -O2  conftest.c >&5
configure:3164: $? = 0
configure:3168: test -z 
			 || test ! -s conftest.err
configure:3171: $? = 0
configure:3174: test -s conftest.o
configure:3177: $? = 0
configure:3266: gcc -o conftest -g -O2   conftest.c  >&5
conftest.c: In function 'main':
conftest.c:26: warning: incompatible implicit declaration of built-in function 'exit'
configure:3269: $? = 0
configure:3271: ./conftest
configure:3274: $? = 0
configure:3289: result: yes
configure:3299: checking for an ANSI C-conforming const
configure:3366: gcc -c -g -O2  conftest.c >&5
configure:3372: $? = 0
configure:3376: test -z 
			 || test ! -s conftest.err
configure:3379: $? = 0
configure:3382: test -s conftest.o
configure:3385: $? = 0
configure:3396: result: yes
configure:3406: checking for inline
configure:3427: gcc -c -g -O2  conftest.c >&5
configure:3433: $? = 0
configure:3437: test -z 
			 || test ! -s conftest.err
configure:3440: $? = 0
configure:3443: test -s conftest.o
configure:3446: $? = 0
configure:3458: result: inline
configure:3491: checking for sys/types.h
configure:3507: gcc -c -g -O2  conftest.c >&5
configure:3513: $? = 0
configure:3517: test -z 
			 || test ! -s conftest.err
configure:3520: $? = 0
configure:3523: test -s conftest.o
configure:3526: $? = 0
configure:3537: result: yes
configure:3491: checking for sys/stat.h
configure:3507: gcc -c -g -O2  conftest.c >&5
configure:3513: $? = 0
configure:3517: test -z 
			 || test ! -s conftest.err
configure:3520: $? = 0
configure:3523: test -s conftest.o
configure:3526: $? = 0
configure:3537: result: yes
configure:3491: checking for stdlib.h
configure:3507: gcc -c -g -O2  conftest.c >&5
configure:3513: $? = 0
configure:3517: test -z 
			 || test ! -s conftest.err
configure:3520: $? = 0
configure:3523: test -s conftest.o
configure:3526: $? = 0
configure:3537: result: yes
configure:3491: checking for string.h
configure:3507: gcc -c -g -O2  conftest.c >&5
configure:3513: $? = 0
configure:3517: test -z 
			 || test ! -s conftest.err
configure:3520: $? = 0
configure:3523: test -s conftest.o
configure:3526: $? = 0
configure:3537: result: yes
configure:3491: checking for memory.h
configure:3507: gcc -c -g -O2  conftest.c >&5
configure:3513: $? = 0
configure:3517: test -z 
			 || test ! -s conftest.err
configure:3520: $? = 0
configure:3523: test -s conftest.o
configure:3526: $? = 0
configure:3537: result: yes
configure:3491: checking for strings.h
configure:3507: gcc -c -g -O2  conftest.c >&5
configure:3513: $? = 0
configure:3517: test -z 
			 || test ! -s conftest.err
configure:3520: $? = 0
configure:3523: test -s conftest.o
configure:3526: $? = 0
configure:3537: result: yes
configure:3491: checking for inttypes.h
configure:3507: gcc -c -g -O2  conftest.c >&5
configure:3513: $? = 0
configure:3517: test -z 
			 || test ! -s conftest.err
configure:3520: $? = 0
configure:3523: test -s conftest.o
configure:3526: $? = 0
configure:3537: result: yes
configure:3491: checking for stdint.h
configure:3507: gcc -c -g -O2  conftest.c >&5
configure:3513: $? = 0
configure:3517: test -z 
			 || test ! -s conftest.err
configure:3520: $? = 0
configure:3523: test -s conftest.o
configure:3526: $? = 0
configure:3537: result: yes
configure:3491: checking for unistd.h
configure:3507: gcc -c -g -O2  conftest.c >&5
configure:3513: $? = 0
configure:3517: test -z 
			 || test ! -s conftest.err
configure:3520: $? = 0
configure:3523: test -s conftest.o
configure:3526: $? = 0
configure:3537: result: yes
configure:3549: checking for off_t
configure:3573: gcc -c -g -O2  conftest.c >&5
configure:3579: $? = 0
configure:3583: test -z 
			 || test ! -s conftest.err
configure:3586: $? = 0
configure:3589: test -s conftest.o
configure:3592: $? = 0
configure:3603: result: yes
configure:3615: checking for size_t
configure:3639: gcc -c -g -O2  conftest.c >&5
configure:3645: $? = 0
configure:3649: test -z 
			 || test ! -s conftest.err
configure:3652: $? = 0
configure:3655: test -s conftest.o
configure:3658: $? = 0
configure:3669: result: yes
configure:3683: checking for working alloca.h
configure:3704: gcc -o conftest -g -O2   conftest.c  >&5
configure:3710: $? = 0
configure:3714: test -z 
			 || test ! -s conftest.err
configure:3717: $? = 0
configure:3720: test -s conftest
configure:3723: $? = 0
configure:3735: result: yes
configure:3745: checking for alloca
configure:3786: gcc -o conftest -g -O2   conftest.c  >&5
configure:3792: $? = 0
configure:3796: test -z 
			 || test ! -s conftest.err
configure:3799: $? = 0
configure:3802: test -s conftest
configure:3805: $? = 0
configure:3817: result: yes
configure:4046: checking for stdlib.h
configure:4051: result: yes
configure:4046: checking for unistd.h
configure:4051: result: yes
configure:4195: checking for getpagesize
configure:4252: gcc -o conftest -g -O2   conftest.c  >&5
configure:4258: $? = 0
configure:4262: test -z 
			 || test ! -s conftest.err
configure:4265: $? = 0
configure:4268: test -s conftest
configure:4271: $? = 0
configure:4283: result: yes
configure:4293: checking for working mmap
configure:4435: gcc -o conftest -g -O2   conftest.c  >&5
configure:4438: $? = 0
configure:4440: ./conftest
configure:4443: $? = 0
configure:4457: result: yes
configure:4492: checking argz.h usability
configure:4504: gcc -c -g -O2  conftest.c >&5
configure:4510: $? = 0
configure:4514: test -z 
			 || test ! -s conftest.err
configure:4517: $? = 0
configure:4520: test -s conftest.o
configure:4523: $? = 0
configure:4533: result: yes
configure:4537: checking argz.h presence
configure:4547: gcc -E  conftest.c
configure:4553: $? = 0
configure:4573: result: yes
configure:4608: checking for argz.h
configure:4615: result: yes
configure:4492: checking limits.h usability
configure:4504: gcc -c -g -O2  conftest.c >&5
configure:4510: $? = 0
configure:4514: test -z 
			 || test ! -s conftest.err
configure:4517: $? = 0
configure:4520: test -s conftest.o
configure:4523: $? = 0
configure:4533: result: yes
configure:4537: checking limits.h presence
configure:4547: gcc -E  conftest.c
configure:4553: $? = 0
configure:4573: result: yes
configure:4608: checking for limits.h
configure:4615: result: yes
configure:4492: checking locale.h usability
configure:4504: gcc -c -g -O2  conftest.c >&5
configure:4510: $? = 0
configure:4514: test -z 
			 || test ! -s conftest.err
configure:4517: $? = 0
configure:4520: test -s conftest.o
configure:4523: $? = 0
configure:4533: result: yes
configure:4537: checking locale.h presence
configure:4547: gcc -E  conftest.c
configure:4553: $? = 0
configure:4573: result: yes
configure:4608: checking for locale.h
configure:4615: result: yes
configure:4492: checking nl_types.h usability
configure:4504: gcc -c -g -O2  conftest.c >&5
configure:4510: $? = 0
configure:4514: test -z 
			 || test ! -s conftest.err
configure:4517: $? = 0
configure:4520: test -s conftest.o
configure:4523: $? = 0
configure:4533: result: yes
configure:4537: checking nl_types.h presence
configure:4547: gcc -E  conftest.c
configure:4553: $? = 0
configure:4573: result: yes
configure:4608: checking for nl_types.h
configure:4615: result: yes
configure:4492: checking malloc.h usability
configure:4504: gcc -c -g -O2  conftest.c >&5
configure:4510: $? = 0
configure:4514: test -z 
			 || test ! -s conftest.err
configure:4517: $? = 0
configure:4520: test -s conftest.o
configure:4523: $? = 0
configure:4533: result: yes
configure:4537: checking malloc.h presence
configure:4547: gcc -E  conftest.c
configure:4553: $? = 0
configure:4573: result: yes
configure:4608: checking for malloc.h
configure:4615: result: yes
configure:4483: checking for string.h
configure:4488: result: yes
configure:4483: checking for unistd.h
configure:4488: result: yes
configure:4492: checking values.h usability
configure:4504: gcc -c -g -O2  conftest.c >&5
configure:4510: $? = 0
configure:4514: test -z 
			 || test ! -s conftest.err
configure:4517: $? = 0
configure:4520: test -s conftest.o
configure:4523: $? = 0
configure:4533: result: yes
configure:4537: checking values.h presence
configure:4547: gcc -E  conftest.c
configure:4553: $? = 0
configure:4573: result: yes
configure:4608: checking for values.h
configure:4615: result: yes
configure:4492: checking sys/param.h usability
configure:4504: gcc -c -g -O2  conftest.c >&5
configure:4510: $? = 0
configure:4514: test -z 
			 || test ! -s conftest.err
configure:4517: $? = 0
configure:4520: test -s conftest.o
configure:4523: $? = 0
configure:4533: result: yes
configure:4537: checking sys/param.h presence
configure:4547: gcc -E  conftest.c
configure:4553: $? = 0
configure:4573: result: yes
configure:4608: checking for sys/param.h
configure:4615: result: yes
configure:4642: checking for getcwd
configure:4699: gcc -o conftest -g -O2   conftest.c  >&5
configure:4705: $? = 0
configure:4709: test -z 
			 || test ! -s conftest.err
configure:4712: $? = 0
configure:4715: test -s conftest
configure:4718: $? = 0
configure:4730: result: yes
configure:4642: checking for munmap
configure:4699: gcc -o conftest -g -O2   conftest.c  >&5
configure:4705: $? = 0
configure:4709: test -z 
			 || test ! -s conftest.err
configure:4712: $? = 0
configure:4715: test -s conftest
configure:4718: $? = 0
configure:4730: result: yes
configure:4642: checking for putenv
configure:4699: gcc -o conftest -g -O2   conftest.c  >&5
configure:4705: $? = 0
configure:4709: test -z 
			 || test ! -s conftest.err
configure:4712: $? = 0
configure:4715: test -s conftest
configure:4718: $? = 0
configure:4730: result: yes
configure:4642: checking for setenv
configure:4699: gcc -o conftest -g -O2   conftest.c  >&5
configure:4705: $? = 0
configure:4709: test -z 
			 || test ! -s conftest.err
configure:4712: $? = 0
configure:4715: test -s conftest
configure:4718: $? = 0
configure:4730: result: yes
configure:4642: checking for setlocale
configure:4699: gcc -o conftest -g -O2   conftest.c  >&5
configure:4705: $? = 0
configure:4709: test -z 
			 || test ! -s conftest.err
configure:4712: $? = 0
configure:4715: test -s conftest
configure:4718: $? = 0
configure:4730: result: yes
configure:4642: checking for strchr
configure:4699: gcc -o conftest -g -O2   conftest.c  >&5
conftest.c:63: warning: conflicting types for built-in function 'strchr'
configure:4705: $? = 0
configure:4709: test -z 
			 || test ! -s conftest.err
configure:4712: $? = 0
configure:4715: test -s conftest
configure:4718: $? = 0
configure:4730: result: yes
configure:4642: checking for strcasecmp
configure:4699: gcc -o conftest -g -O2   conftest.c  >&5
conftest.c:64: warning: conflicting types for built-in function 'strcasecmp'
configure:4705: $? = 0
configure:4709: test -z 
			 || test ! -s conftest.err
configure:4712: $? = 0
configure:4715: test -s conftest
configure:4718: $? = 0
configure:4730: result: yes
configure:4642: checking for __argz_count
configure:4699: gcc -o conftest -g -O2   conftest.c  >&5
configure:4705: $? = 0
configure:4709: test -z 
			 || test ! -s conftest.err
configure:4712: $? = 0
configure:4715: test -s conftest
configure:4718: $? = 0
configure:4730: result: yes
configure:4642: checking for __argz_stringify
configure:4699: gcc -o conftest -g -O2   conftest.c  >&5
configure:4705: $? = 0
configure:4709: test -z 
			 || test ! -s conftest.err
configure:4712: $? = 0
configure:4715: test -s conftest
configure:4718: $? = 0
configure:4730: result: yes
configure:4642: checking for __argz_next
configure:4699: gcc -o conftest -g -O2   conftest.c  >&5
configure:4705: $? = 0
configure:4709: test -z 
			 || test ! -s conftest.err
configure:4712: $? = 0
configure:4715: test -s conftest
configure:4718: $? = 0
configure:4730: result: yes
configure:4746: checking for stpcpy
configure:4803: gcc -o conftest -g -O2   conftest.c  >&5
conftest.c:68: warning: conflicting types for built-in function 'stpcpy'
configure:4809: $? = 0
configure:4813: test -z 
			 || test ! -s conftest.err
configure:4816: $? = 0
configure:4819: test -s conftest
configure:4822: $? = 0
configure:4834: result: yes
configure:4854: checking for LC_MESSAGES
configure:4875: gcc -o conftest -g -O2   conftest.c  >&5
configure:4881: $? = 0
configure:4885: test -z 
			 || test ! -s conftest.err
configure:4888: $? = 0
configure:4891: test -s conftest
configure:4894: $? = 0
configure:4906: result: yes
configure:4916: checking whether NLS is requested
configure:4925: result: no
configure:5958: checking for stdlib.h
configure:5963: result: yes
configure:5958: checking for string.h
configure:5963: result: yes
configure:5958: checking for strings.h
configure:5963: result: yes
configure:5958: checking for unistd.h
configure:5963: result: yes
configure:5967: checking time.h usability
configure:5979: gcc -c -g -O2  conftest.c >&5
configure:5985: $? = 0
configure:5989: test -z 
			 || test ! -s conftest.err
configure:5992: $? = 0
configure:5995: test -s conftest.o
configure:5998: $? = 0
configure:6008: result: yes
configure:6012: checking time.h presence
configure:6022: gcc -E  conftest.c
configure:6028: $? = 0
configure:6048: result: yes
configure:6083: checking for time.h
configure:6090: result: yes
configure:6118: checking sys/time.h usability
configure:6130: gcc -c -g -O2  conftest.c >&5
configure:6136: $? = 0
configure:6140: test -z 
			 || test ! -s conftest.err
configure:6143: $? = 0
configure:6146: test -s conftest.o
configure:6149: $? = 0
configure:6159: result: yes
configure:6163: checking sys/time.h presence
configure:6173: gcc -E  conftest.c
configure:6179: $? = 0
configure:6199: result: yes
configure:6234: checking for sys/time.h
configure:6241: result: yes
configure:6118: checking sys/resource.h usability
configure:6130: gcc -c -g -O2  conftest.c >&5
configure:6136: $? = 0
configure:6140: test -z 
			 || test ! -s conftest.err
configure:6143: $? = 0
configure:6146: test -s conftest.o
configure:6149: $? = 0
configure:6159: result: yes
configure:6163: checking sys/resource.h presence
configure:6173: gcc -E  conftest.c
configure:6179: $? = 0
configure:6199: result: yes
configure:6234: checking for sys/resource.h
configure:6241: result: yes
configure:6269: checking fcntl.h usability
configure:6281: gcc -c -g -O2  conftest.c >&5
configure:6287: $? = 0
configure:6291: test -z 
			 || test ! -s conftest.err
configure:6294: $? = 0
configure:6297: test -s conftest.o
configure:6300: $? = 0
configure:6310: result: yes
configure:6314: checking fcntl.h presence
configure:6324: gcc -E  conftest.c
configure:6330: $? = 0
configure:6350: result: yes
configure:6385: checking for fcntl.h
configure:6392: result: yes
configure:6269: checking fpu_control.h usability
configure:6281: gcc -c -g -O2  conftest.c >&5
configure:6287: $? = 0
configure:6291: test -z 
			 || test ! -s conftest.err
configure:6294: $? = 0
configure:6297: test -s conftest.o
configure:6300: $? = 0
configure:6310: result: yes
configure:6314: checking fpu_control.h presence
configure:6324: gcc -E  conftest.c
configure:6330: $? = 0
configure:6350: result: yes
configure:6385: checking for fpu_control.h
configure:6392: result: yes
configure:6421: checking dlfcn.h usability
configure:6433: gcc -c -g -O2  conftest.c >&5
configure:6439: $? = 0
configure:6443: test -z 
			 || test ! -s conftest.err
configure:6446: $? = 0
configure:6449: test -s conftest.o
configure:6452: $? = 0
configure:6462: result: yes
configure:6466: checking dlfcn.h presence
configure:6476: gcc -E  conftest.c
configure:6482: $? = 0
configure:6502: result: yes
configure:6537: checking for dlfcn.h
configure:6544: result: yes
configure:6421: checking errno.h usability
configure:6433: gcc -c -g -O2  conftest.c >&5
configure:6439: $? = 0
configure:6443: test -z 
			 || test ! -s conftest.err
configure:6446: $? = 0
configure:6449: test -s conftest.o
configure:6452: $? = 0
configure:6462: result: yes
configure:6466: checking errno.h presence
configure:6476: gcc -E  conftest.c
configure:6482: $? = 0
configure:6502: result: yes
configure:6537: checking for errno.h
configure:6544: result: yes
configure:6412: checking for sys/stat.h
configure:6417: result: yes
configure:6564: checking for getrusage
configure:6621: gcc -o conftest -g -O2   conftest.c  >&5
configure:6627: $? = 0
configure:6631: test -z 
			 || test ! -s conftest.err
configure:6634: $? = 0
configure:6637: test -s conftest
configure:6640: $? = 0
configure:6652: result: yes
configure:6564: checking for time
configure:6621: gcc -o conftest -g -O2   conftest.c  >&5
configure:6627: $? = 0
configure:6631: test -z 
			 || test ! -s conftest.err
configure:6634: $? = 0
configure:6637: test -s conftest
configure:6640: $? = 0
configure:6652: result: yes
configure:6564: checking for sigaction
configure:6621: gcc -o conftest -g -O2   conftest.c  >&5
configure:6627: $? = 0
configure:6631: test -z 
			 || test ! -s conftest.err
configure:6634: $? = 0
configure:6637: test -s conftest
configure:6640: $? = 0
configure:6652: result: yes
configure:6564: checking for __setfpucw
configure:6621: gcc -o conftest -g -O2   conftest.c  >&5
/tmp/ccOMu8Bi.o: In function `main':
/opt/smp86xx/smp86xx_toolchain_2.8.2.0/toolchain_build_mipsel_nofpu/gdbclient-6.5/sim/mips/conftest.c:101: undefined reference to `__setfpucw'
/tmp/ccOMu8Bi.o:(.data+0x0): undefined reference to `__setfpucw'
collect2: ld returned 1 exit status
configure:6627: $? = 1
configure: failed program was:
| /* confdefs.h.  */
| 
| #define PACKAGE_NAME ""
| #define PACKAGE_TARNAME ""
| #define PACKAGE_VERSION ""
| #define PACKAGE_STRING ""
| #define PACKAGE_BUGREPORT ""
| #define STDC_HEADERS 1
| #define HAVE_SYS_TYPES_H 1
| #define HAVE_SYS_STAT_H 1
| #define HAVE_STDLIB_H 1
| #define HAVE_STRING_H 1
| #define HAVE_MEMORY_H 1
| #define HAVE_STRINGS_H 1
| #define HAVE_INTTYPES_H 1
| #define HAVE_STDINT_H 1
| #define HAVE_UNISTD_H 1
| #define HAVE_ALLOCA_H 1
| #define HAVE_ALLOCA 1
| #define HAVE_STDLIB_H 1
| #define HAVE_UNISTD_H 1
| #define HAVE_GETPAGESIZE 1
| #define HAVE_MMAP 1
| #define HAVE_ARGZ_H 1
| #define HAVE_LIMITS_H 1
| #define HAVE_LOCALE_H 1
| #define HAVE_NL_TYPES_H 1
| #define HAVE_MALLOC_H 1
| #define HAVE_STRING_H 1
| #define HAVE_UNISTD_H 1
| #define HAVE_VALUES_H 1
| #define HAVE_SYS_PARAM_H 1
| #define HAVE_GETCWD 1
| #define HAVE_MUNMAP 1
| #define HAVE_PUTENV 1
| #define HAVE_SETENV 1
| #define HAVE_SETLOCALE 1
| #define HAVE_STRCHR 1
| #define HAVE_STRCASECMP 1
| #define HAVE___ARGZ_COUNT 1
| #define HAVE___ARGZ_STRINGIFY 1
| #define HAVE___ARGZ_NEXT 1
| #define HAVE_STPCPY 1
| #define HAVE_STPCPY 1
| #define HAVE_LC_MESSAGES 1
| #define HAVE_STDLIB_H 1
| #define HAVE_STRING_H 1
| #define HAVE_STRINGS_H 1
| #define HAVE_UNISTD_H 1
| #define HAVE_TIME_H 1
| #define HAVE_SYS_TIME_H 1
| #define HAVE_SYS_RESOURCE_H 1
| #define HAVE_FCNTL_H 1
| #define HAVE_FPU_CONTROL_H 1
| #define HAVE_DLFCN_H 1
| #define HAVE_ERRNO_H 1
| #define HAVE_SYS_STAT_H 1
| #define HAVE_GETRUSAGE 1
| #define HAVE_TIME 1
| #define HAVE_SIGACTION 1
| /* end confdefs.h.  */
| /* Define __setfpucw to an innocuous variant, in case <limits.h> declares __setfpucw.
|    For example, HP-UX 11i <limits.h> declares gettimeofday.  */
| #define __setfpucw innocuous___setfpucw
| 
| /* System header to define __stub macros and hopefully few prototypes,
|     which can conflict with char __setfpucw (); below.
|     Prefer <limits.h> to <assert.h> if __STDC__ is defined, since
|     <limits.h> exists even on freestanding compilers.  */
| 
| #ifdef __STDC__
| # include <limits.h>
| #else
| # include <assert.h>
| #endif
| 
| #undef __setfpucw
| 
| /* Override any gcc2 internal prototype to avoid an error.  */
| #ifdef __cplusplus
| extern "C"
| {
| #endif
| /* We use char because int might match the return type of a gcc2
|    builtin and then its argument prototype would still apply.  */
| char __setfpucw ();
| /* The GNU C library defines this for functions which it implements
|     to always fail with ENOSYS.  Some functions are actually named
|     something starting with __ and the normal name is an alias.  */
| #if defined (__stub___setfpucw) || defined (__stub_____setfpucw)
| choke me
| #else
| char (*f) () = __setfpucw;
| #endif
| #ifdef __cplusplus
| }
| #endif
| 
| int
| main ()
| {
| return f != __setfpucw;
|   ;
|   return 0;
| }
configure:6652: result: no
configure:6665: checking for bind in -lsocket
configure:6695: gcc -o conftest -g -O2   conftest.c -lsocket   >&5
/usr/bin/ld: cannot find -lsocket
collect2: ld returned 1 exit status
configure:6701: $? = 1
configure: failed program was:
| /* confdefs.h.  */
| 
| #define PACKAGE_NAME ""
| #define PACKAGE_TARNAME ""
| #define PACKAGE_VERSION ""
| #define PACKAGE_STRING ""
| #define PACKAGE_BUGREPORT ""
| #define STDC_HEADERS 1
| #define HAVE_SYS_TYPES_H 1
| #define HAVE_SYS_STAT_H 1
| #define HAVE_STDLIB_H 1
| #define HAVE_STRING_H 1
| #define HAVE_MEMORY_H 1
| #define HAVE_STRINGS_H 1
| #define HAVE_INTTYPES_H 1
| #define HAVE_STDINT_H 1
| #define HAVE_UNISTD_H 1
| #define HAVE_ALLOCA_H 1
| #define HAVE_ALLOCA 1
| #define HAVE_STDLIB_H 1
| #define HAVE_UNISTD_H 1
| #define HAVE_GETPAGESIZE 1
| #define HAVE_MMAP 1
| #define HAVE_ARGZ_H 1
| #define HAVE_LIMITS_H 1
| #define HAVE_LOCALE_H 1
| #define HAVE_NL_TYPES_H 1
| #define HAVE_MALLOC_H 1
| #define HAVE_STRING_H 1
| #define HAVE_UNISTD_H 1
| #define HAVE_VALUES_H 1
| #define HAVE_SYS_PARAM_H 1
| #define HAVE_GETCWD 1
| #define HAVE_MUNMAP 1
| #define HAVE_PUTENV 1
| #define HAVE_SETENV 1
| #define HAVE_SETLOCALE 1
| #define HAVE_STRCHR 1
| #define HAVE_STRCASECMP 1
| #define HAVE___ARGZ_COUNT 1
| #define HAVE___ARGZ_STRINGIFY 1
| #define HAVE___ARGZ_NEXT 1
| #define HAVE_STPCPY 1
| #define HAVE_STPCPY 1
| #define HAVE_LC_MESSAGES 1
| #define HAVE_STDLIB_H 1
| #define HAVE_STRING_H 1
| #define HAVE_STRINGS_H 1
| #define HAVE_UNISTD_H 1
| #define HAVE_TIME_H 1
| #define HAVE_SYS_TIME_H 1
| #define HAVE_SYS_RESOURCE_H 1
| #define HAVE_FCNTL_H 1
| #define HAVE_FPU_CONTROL_H 1
| #define HAVE_DLFCN_H 1
| #define HAVE_ERRNO_H 1
| #define HAVE_SYS_STAT_H 1
| #define HAVE_GETRUSAGE 1
| #define HAVE_TIME 1
| #define HAVE_SIGACTION 1
| /* end confdefs.h.  */
| 
| /* Override any gcc2 internal prototype to avoid an error.  */
| #ifdef __cplusplus
| extern "C"
| #endif
| /* We use char because int might match the return type of a gcc2
|    builtin and then its argument prototype would still apply.  */
| char bind ();
| int
| main ()
| {
| bind ();
|   ;
|   return 0;
| }
configure:6727: result: no
configure:6739: checking for gethostbyname in -lnsl
configure:6769: gcc -o conftest -g -O2   conftest.c -lnsl   >&5
configure:6775: $? = 0
configure:6779: test -z 
			 || test ! -s conftest.err
configure:6782: $? = 0
configure:6785: test -s conftest
configure:6788: $? = 0
configure:6801: result: yes
configure:6961: checking return type of signal handlers
configure:6992: gcc -c -g -O2  conftest.c >&5
configure:6998: $? = 0
configure:7002: test -z 
			 || test ! -s conftest.err
configure:7005: $? = 0
configure:7008: test -s conftest.o
configure:7011: $? = 0
configure:7022: result: void
configure:7162: checking whether byte ordering is bigendian
configure:7189: gcc -c -g -O2  conftest.c >&5
configure:7195: $? = 0
configure:7199: test -z 
			 || test ! -s conftest.err
configure:7202: $? = 0
configure:7205: test -s conftest.o
configure:7208: $? = 0
configure:7232: gcc -c -g -O2  conftest.c >&5
conftest.c: In function 'main':
conftest.c:71: error: 'not' undeclared (first use in this function)
conftest.c:71: error: (Each undeclared identifier is reported only once
conftest.c:71: error: for each function it appears in.)
conftest.c:71: error: expected ';' before 'big'
configure:7238: $? = 1
configure: failed program was:
| /* confdefs.h.  */
| 
| #define PACKAGE_NAME ""
| #define PACKAGE_TARNAME ""
| #define PACKAGE_VERSION ""
| #define PACKAGE_STRING ""
| #define PACKAGE_BUGREPORT ""
| #define STDC_HEADERS 1
| #define HAVE_SYS_TYPES_H 1
| #define HAVE_SYS_STAT_H 1
| #define HAVE_STDLIB_H 1
| #define HAVE_STRING_H 1
| #define HAVE_MEMORY_H 1
| #define HAVE_STRINGS_H 1
| #define HAVE_INTTYPES_H 1
| #define HAVE_STDINT_H 1
| #define HAVE_UNISTD_H 1
| #define HAVE_ALLOCA_H 1
| #define HAVE_ALLOCA 1
| #define HAVE_STDLIB_H 1
| #define HAVE_UNISTD_H 1
| #define HAVE_GETPAGESIZE 1
| #define HAVE_MMAP 1
| #define HAVE_ARGZ_H 1
| #define HAVE_LIMITS_H 1
| #define HAVE_LOCALE_H 1
| #define HAVE_NL_TYPES_H 1
| #define HAVE_MALLOC_H 1
| #define HAVE_STRING_H 1
| #define HAVE_UNISTD_H 1
| #define HAVE_VALUES_H 1
| #define HAVE_SYS_PARAM_H 1
| #define HAVE_GETCWD 1
| #define HAVE_MUNMAP 1
| #define HAVE_PUTENV 1
| #define HAVE_SETENV 1
| #define HAVE_SETLOCALE 1
| #define HAVE_STRCHR 1
| #define HAVE_STRCASECMP 1
| #define HAVE___ARGZ_COUNT 1
| #define HAVE___ARGZ_STRINGIFY 1
| #define HAVE___ARGZ_NEXT 1
| #define HAVE_STPCPY 1
| #define HAVE_STPCPY 1
| #define HAVE_LC_MESSAGES 1
| #define HAVE_STDLIB_H 1
| #define HAVE_STRING_H 1
| #define HAVE_STRINGS_H 1
| #define HAVE_UNISTD_H 1
| #define HAVE_TIME_H 1
| #define HAVE_SYS_TIME_H 1
| #define HAVE_SYS_RESOURCE_H 1
| #define HAVE_FCNTL_H 1
| #define HAVE_FPU_CONTROL_H 1
| #define HAVE_DLFCN_H 1
| #define HAVE_ERRNO_H 1
| #define HAVE_SYS_STAT_H 1
| #define HAVE_GETRUSAGE 1
| #define HAVE_TIME 1
| #define HAVE_SIGACTION 1
| #define HAVE_LIBNSL 1
| #define RETSIGTYPE void
| /* end confdefs.h.  */
| #include <sys/types.h>
| #include <sys/param.h>
| 
| int
| main ()
| {
| #if BYTE_ORDER != BIG_ENDIAN
|  not big endian
| #endif
| 
|   ;
|   return 0;
| }
configure:7373: result: no
configure:7459: checking compiler warning flags
configure:7485: gcc -c -g -O2 -Wimplicit  conftest.c >&5
configure:7491: $? = 0
configure:7495: test -z 
			 || test ! -s conftest.err
configure:7498: $? = 0
configure:7501: test -s conftest.o
configure:7504: $? = 0
configure:7485: gcc -c -g -O2 -Wreturn-type  conftest.c >&5
configure:7491: $? = 0
configure:7495: test -z 
			 || test ! -s conftest.err
configure:7498: $? = 0
configure:7501: test -s conftest.o
configure:7504: $? = 0
configure:7485: gcc -c -g -O2 -Wcomment  conftest.c >&5
configure:7491: $? = 0
configure:7495: test -z 
			 || test ! -s conftest.err
configure:7498: $? = 0
configure:7501: test -s conftest.o
configure:7504: $? = 0
configure:7485: gcc -c -g -O2 -Wtrigraphs  conftest.c >&5
configure:7491: $? = 0
configure:7495: test -z 
			 || test ! -s conftest.err
configure:7498: $? = 0
configure:7501: test -s conftest.o
configure:7504: $? = 0
configure:7485: gcc -c -g -O2 -Wformat  conftest.c >&5
configure:7491: $? = 0
configure:7495: test -z 
			 || test ! -s conftest.err
configure:7498: $? = 0
configure:7501: test -s conftest.o
configure:7504: $? = 0
configure:7485: gcc -c -g -O2 -Wparentheses  conftest.c >&5
configure:7491: $? = 0
configure:7495: test -z 
			 || test ! -s conftest.err
configure:7498: $? = 0
configure:7501: test -s conftest.o
configure:7504: $? = 0
configure:7485: gcc -c -g -O2 -Wpointer-arith  conftest.c >&5
configure:7491: $? = 0
configure:7495: test -z 
			 || test ! -s conftest.err
configure:7498: $? = 0
configure:7501: test -s conftest.o
configure:7504: $? = 0
configure:7485: gcc -c -g -O2 -Wuninitialized  conftest.c >&5
configure:7491: $? = 0
configure:7495: test -z 
			 || test ! -s conftest.err
configure:7498: $? = 0
configure:7501: test -s conftest.o
configure:7504: $? = 0
configure:7516: result:  -Wimplicit -Wreturn-type -Wcomment -Wtrigraphs -Wformat -Wparentheses -Wpointer-arith -Wuninitialized
configure:8165: checking for X
configure:8385: result: disabled
configure:8410: checking for string.h
configure:8415: result: yes
configure:8410: checking for strings.h
configure:8415: result: yes
configure:8410: checking for stdlib.h
configure:8415: result: yes
configure:8410: checking for stdlib.h
configure:8415: result: yes
configure:8556: checking for fabs in -lm
configure:8586: gcc -o conftest -g -O2   conftest.c -lm  -lnsl  >&5
conftest.c:75: warning: conflicting types for built-in function 'fabs'
configure:8592: $? = 0
configure:8596: test -z 
			 || test ! -s conftest.err
configure:8599: $? = 0
configure:8602: test -s conftest
configure:8605: $? = 0
configure:8618: result: yes
configure:8635: checking for aint
configure:8692: gcc -o conftest -g -O2   conftest.c -lm -lnsl  >&5
/tmp/ccs2FZnT.o: In function `main':
/opt/smp86xx/smp86xx_toolchain_2.8.2.0/toolchain_build_mipsel_nofpu/gdbclient-6.5/sim/mips/conftest.c:108: undefined reference to `aint'
/tmp/ccs2FZnT.o:(.data+0x0): undefined reference to `aint'
collect2: ld returned 1 exit status
configure:8698: $? = 1
configure: failed program was:
| /* confdefs.h.  */
| 
| #define PACKAGE_NAME ""
| #define PACKAGE_TARNAME ""
| #define PACKAGE_VERSION ""
| #define PACKAGE_STRING ""
| #define PACKAGE_BUGREPORT ""
| #define STDC_HEADERS 1
| #define HAVE_SYS_TYPES_H 1
| #define HAVE_SYS_STAT_H 1
| #define HAVE_STDLIB_H 1
| #define HAVE_STRING_H 1
| #define HAVE_MEMORY_H 1
| #define HAVE_STRINGS_H 1
| #define HAVE_INTTYPES_H 1
| #define HAVE_STDINT_H 1
| #define HAVE_UNISTD_H 1
| #define HAVE_ALLOCA_H 1
| #define HAVE_ALLOCA 1
| #define HAVE_STDLIB_H 1
| #define HAVE_UNISTD_H 1
| #define HAVE_GETPAGESIZE 1
| #define HAVE_MMAP 1
| #define HAVE_ARGZ_H 1
| #define HAVE_LIMITS_H 1
| #define HAVE_LOCALE_H 1
| #define HAVE_NL_TYPES_H 1
| #define HAVE_MALLOC_H 1
| #define HAVE_STRING_H 1
| #define HAVE_UNISTD_H 1
| #define HAVE_VALUES_H 1
| #define HAVE_SYS_PARAM_H 1
| #define HAVE_GETCWD 1
| #define HAVE_MUNMAP 1
| #define HAVE_PUTENV 1
| #define HAVE_SETENV 1
| #define HAVE_SETLOCALE 1
| #define HAVE_STRCHR 1
| #define HAVE_STRCASECMP 1
| #define HAVE___ARGZ_COUNT 1
| #define HAVE___ARGZ_STRINGIFY 1
| #define HAVE___ARGZ_NEXT 1
| #define HAVE_STPCPY 1
| #define HAVE_STPCPY 1
| #define HAVE_LC_MESSAGES 1
| #define HAVE_STDLIB_H 1
| #define HAVE_STRING_H 1
| #define HAVE_STRINGS_H 1
| #define HAVE_UNISTD_H 1
| #define HAVE_TIME_H 1
| #define HAVE_SYS_TIME_H 1
| #define HAVE_SYS_RESOURCE_H 1
| #define HAVE_FCNTL_H 1
| #define HAVE_FPU_CONTROL_H 1
| #define HAVE_DLFCN_H 1
| #define HAVE_ERRNO_H 1
| #define HAVE_SYS_STAT_H 1
| #define HAVE_GETRUSAGE 1
| #define HAVE_TIME 1
| #define HAVE_SIGACTION 1
| #define HAVE_LIBNSL 1
| #define RETSIGTYPE void
| #define HAVE_STRING_H 1
| #define HAVE_STRINGS_H 1
| #define HAVE_STDLIB_H 1
| #define HAVE_STDLIB_H 1
| #define HAVE_LIBM 1
| /* end confdefs.h.  */
| /* Define aint to an innocuous variant, in case <limits.h> declares aint.
|    For example, HP-UX 11i <limits.h> declares gettimeofday.  */
| #define aint innocuous_aint
| 
| /* System header to define __stub macros and hopefully few prototypes,
|     which can conflict with char aint (); below.
|     Prefer <limits.h> to <assert.h> if __STDC__ is defined, since
|     <limits.h> exists even on freestanding compilers.  */
| 
| #ifdef __STDC__
| # include <limits.h>
| #else
| # include <assert.h>
| #endif
| 
| #undef aint
| 
| /* Override any gcc2 internal prototype to avoid an error.  */
| #ifdef __cplusplus
| extern "C"
| {
| #endif
| /* We use char because int might match the return type of a gcc2
|    builtin and then its argument prototype would still apply.  */
| char aint ();
| /* The GNU C library defines this for functions which it implements
|     to always fail with ENOSYS.  Some functions are actually named
|     something starting with __ and the normal name is an alias.  */
| #if defined (__stub_aint) || defined (__stub___aint)
| choke me
| #else
| char (*f) () = aint;
| #endif
| #ifdef __cplusplus
| }
| #endif
| 
| int
| main ()
| {
| return f != aint;
|   ;
|   return 0;
| }
configure:8723: result: no
configure:8635: checking for anint
configure:8692: gcc -o conftest -g -O2   conftest.c -lm -lnsl  >&5
/tmp/ccSbaEbh.o: In function `main':
/opt/smp86xx/smp86xx_toolchain_2.8.2.0/toolchain_build_mipsel_nofpu/gdbclient-6.5/sim/mips/conftest.c:108: undefined reference to `anint'
/tmp/ccSbaEbh.o:(.data+0x0): undefined reference to `anint'
collect2: ld returned 1 exit status
configure:8698: $? = 1
configure: failed program was:
| /* confdefs.h.  */
| 
| #define PACKAGE_NAME ""
| #define PACKAGE_TARNAME ""
| #define PACKAGE_VERSION ""
| #define PACKAGE_STRING ""
| #define PACKAGE_BUGREPORT ""
| #define STDC_HEADERS 1
| #define HAVE_SYS_TYPES_H 1
| #define HAVE_SYS_STAT_H 1
| #define HAVE_STDLIB_H 1
| #define HAVE_STRING_H 1
| #define HAVE_MEMORY_H 1
| #define HAVE_STRINGS_H 1
| #define HAVE_INTTYPES_H 1
| #define HAVE_STDINT_H 1
| #define HAVE_UNISTD_H 1
| #define HAVE_ALLOCA_H 1
| #define HAVE_ALLOCA 1
| #define HAVE_STDLIB_H 1
| #define HAVE_UNISTD_H 1
| #define HAVE_GETPAGESIZE 1
| #define HAVE_MMAP 1
| #define HAVE_ARGZ_H 1
| #define HAVE_LIMITS_H 1
| #define HAVE_LOCALE_H 1
| #define HAVE_NL_TYPES_H 1
| #define HAVE_MALLOC_H 1
| #define HAVE_STRING_H 1
| #define HAVE_UNISTD_H 1
| #define HAVE_VALUES_H 1
| #define HAVE_SYS_PARAM_H 1
| #define HAVE_GETCWD 1
| #define HAVE_MUNMAP 1
| #define HAVE_PUTENV 1
| #define HAVE_SETENV 1
| #define HAVE_SETLOCALE 1
| #define HAVE_STRCHR 1
| #define HAVE_STRCASECMP 1
| #define HAVE___ARGZ_COUNT 1
| #define HAVE___ARGZ_STRINGIFY 1
| #define HAVE___ARGZ_NEXT 1
| #define HAVE_STPCPY 1
| #define HAVE_STPCPY 1
| #define HAVE_LC_MESSAGES 1
| #define HAVE_STDLIB_H 1
| #define HAVE_STRING_H 1
| #define HAVE_STRINGS_H 1
| #define HAVE_UNISTD_H 1
| #define HAVE_TIME_H 1
| #define HAVE_SYS_TIME_H 1
| #define HAVE_SYS_RESOURCE_H 1
| #define HAVE_FCNTL_H 1
| #define HAVE_FPU_CONTROL_H 1
| #define HAVE_DLFCN_H 1
| #define HAVE_ERRNO_H 1
| #define HAVE_SYS_STAT_H 1
| #define HAVE_GETRUSAGE 1
| #define HAVE_TIME 1
| #define HAVE_SIGACTION 1
| #define HAVE_LIBNSL 1
| #define RETSIGTYPE void
| #define HAVE_STRING_H 1
| #define HAVE_STRINGS_H 1
| #define HAVE_STDLIB_H 1
| #define HAVE_STDLIB_H 1
| #define HAVE_LIBM 1
| /* end confdefs.h.  */
| /* Define anint to an innocuous variant, in case <limits.h> declares anint.
|    For example, HP-UX 11i <limits.h> declares gettimeofday.  */
| #define anint innocuous_anint
| 
| /* System header to define __stub macros and hopefully few prototypes,
|     which can conflict with char anint (); below.
|     Prefer <limits.h> to <assert.h> if __STDC__ is defined, since
|     <limits.h> exists even on freestanding compilers.  */
| 
| #ifdef __STDC__
| # include <limits.h>
| #else
| # include <assert.h>
| #endif
| 
| #undef anint
| 
| /* Override any gcc2 internal prototype to avoid an error.  */
| #ifdef __cplusplus
| extern "C"
| {
| #endif
| /* We use char because int might match the return type of a gcc2
|    builtin and then its argument prototype would still apply.  */
| char anint ();
| /* The GNU C library defines this for functions which it implements
|     to always fail with ENOSYS.  Some functions are actually named
|     something starting with __ and the normal name is an alias.  */
| #if defined (__stub_anint) || defined (__stub___anint)
| choke me
| #else
| char (*f) () = anint;
| #endif
| #ifdef __cplusplus
| }
| #endif
| 
| int
| main ()
| {
| return f != anint;
|   ;
|   return 0;
| }
configure:8723: result: no
configure:8635: checking for sqrt
configure:8692: gcc -o conftest -g -O2   conftest.c -lm -lnsl  >&5
conftest.c:93: warning: conflicting types for built-in function 'sqrt'
configure:8698: $? = 0
configure:8702: test -z 
			 || test ! -s conftest.err
configure:8705: $? = 0
configure:8708: test -s conftest
configure:8711: $? = 0
configure:8723: result: yes
configure:8854: creating ./config.status

## ---------------------- ##
## Running config.status. ##
## ---------------------- ##

This file was extended by config.status, which was
generated by GNU Autoconf 2.59.  Invocation command line was

  CONFIG_FILES    = 
  CONFIG_HEADERS  = 
  CONFIG_LINKS    = 
  CONFIG_COMMANDS = 
  $ ./config.status 

on DavidLinux

config.status:743: creating Makefile.sim
config.status:743: creating Make-common.sim
config.status:743: creating .gdbinit
config.status:840: creating config.h
config.status:1115: linking /opt/smp86xx/smp86xx_toolchain_2.8.2.0/toolchain_build_mipsel_nofpu/gdb-6.5/sim/mips/tconfig.in to tconfig.h
config.status:1115: linking /opt/smp86xx/smp86xx_toolchain_2.8.2.0/toolchain_build_mipsel_nofpu/gdb-6.5/sim/mips/../common/nltvals.def to targ-vals.def
config.status:1352: executing Makefile commands
config.status:1352: executing stamp-h commands

## ---------------- ##
## Cache variables. ##
## ---------------- ##

ac_cv_build=i386-pc-linux-gnu
ac_cv_build_alias=i386-pc-linux-gnu
ac_cv_c_bigendian=no
ac_cv_c_compiler_gnu=yes
ac_cv_c_const=yes
ac_cv_c_inline=inline
ac_cv_env_CC_set=set
ac_cv_env_CC_value=gcc
ac_cv_env_CFLAGS_set=set
ac_cv_env_CFLAGS_value='-g -O2'
ac_cv_env_CPPFLAGS_set=
ac_cv_env_CPPFLAGS_value=
ac_cv_env_CPP_set=
ac_cv_env_CPP_value=
ac_cv_env_LDFLAGS_set=set
ac_cv_env_LDFLAGS_value=
ac_cv_env_build_alias_set=set
ac_cv_env_build_alias_value=i386-pc-linux-gnu
ac_cv_env_host_alias_set=set
ac_cv_env_host_alias_value=i386-pc-linux-gnu
ac_cv_env_target_alias_set=set
ac_cv_env_target_alias_value=mipsel-linux-uclibc
ac_cv_exeext=
ac_cv_func___argz_count=yes
ac_cv_func___argz_next=yes
ac_cv_func___argz_stringify=yes
ac_cv_func___setfpucw=no
ac_cv_func_aint=no
ac_cv_func_alloca_works=yes
ac_cv_func_anint=no
ac_cv_func_getcwd=yes
ac_cv_func_getpagesize=yes
ac_cv_func_getrusage=yes
ac_cv_func_mmap_fixed_mapped=yes
ac_cv_func_munmap=yes
ac_cv_func_putenv=yes
ac_cv_func_setenv=yes
ac_cv_func_setlocale=yes
ac_cv_func_sigaction=yes
ac_cv_func_sqrt=yes
ac_cv_func_stpcpy=yes
ac_cv_func_strcasecmp=yes
ac_cv_func_strchr=yes
ac_cv_func_time=yes
ac_cv_header_argz_h=yes
ac_cv_header_dlfcn_h=yes
ac_cv_header_errno_h=yes
ac_cv_header_fcntl_h=yes
ac_cv_header_fpu_control_h=yes
ac_cv_header_inttypes_h=yes
ac_cv_header_limits_h=yes
ac_cv_header_locale_h=yes
ac_cv_header_malloc_h=yes
ac_cv_header_memory_h=yes
ac_cv_header_nl_types_h=yes
ac_cv_header_stdc=yes
ac_cv_header_stdint_h=yes
ac_cv_header_stdlib_h=yes
ac_cv_header_string_h=yes
ac_cv_header_strings_h=yes
ac_cv_header_sys_param_h=yes
ac_cv_header_sys_resource_h=yes
ac_cv_header_sys_stat_h=yes
ac_cv_header_sys_time_h=yes
ac_cv_header_sys_types_h=yes
ac_cv_header_time_h=yes
ac_cv_header_unistd_h=yes
ac_cv_header_values_h=yes
ac_cv_host=i386-pc-linux-gnu
ac_cv_host_alias=i386-pc-linux-gnu
ac_cv_lib_m_fabs=yes
ac_cv_lib_nsl_gethostbyname=yes
ac_cv_lib_socket_bind=no
ac_cv_objext=o
ac_cv_prog_AR=ar
ac_cv_prog_CC=gcc
ac_cv_prog_CPP='gcc -E'
ac_cv_prog_RANLIB=ranlib
ac_cv_prog_cc_g=yes
ac_cv_prog_cc_stdc=
ac_cv_prog_egrep='grep -E'
ac_cv_prog_make_make_set=yes
ac_cv_search_strerror='none required'
ac_cv_target=mipsel-unknown-linux-uclibc
ac_cv_target_alias=mipsel-linux-uclibc
ac_cv_type_off_t=yes
ac_cv_type_signal=void
ac_cv_type_size_t=yes
ac_cv_working_alloca_h=yes
am_cv_val_LC_MESSAGES=yes
nls_cv_header_intl=libintl.h
nls_cv_header_libgt=libgettext.h

## ----------------- ##
## Output variables. ##
## ----------------- ##

ALLOCA=''
AR='ar'
CATALOGS=''
CATOBJEXT=''
CC='gcc'
CC_FOR_BUILD='$(CC)'
CFLAGS='-g -O2'
CPP='gcc -E'
CPPFLAGS=''
DATADIRNAME='share'
DEFS='-DHAVE_CONFIG_H'
ECHO_C=''
ECHO_N='-n'
ECHO_T=''
EGREP='grep -E'
EXEEXT=''
GMOFILES=''
GMSGFMT=''
GT_NO=''
GT_YES='#YES#'
HDEFINES=''
INCLUDE_LOCALE_H='#include <locale.h>'
INSTALL_DATA='/usr/bin/install -c -m 644'
INSTALL_PROGRAM='/usr/bin/install -c'
INSTALL_SCRIPT='/usr/bin/install -c'
INSTOBJEXT=''
INTLDEPS=''
INTLLIBS=''
INTLOBJS=''
LDFLAGS=''
LIBOBJS=''
LIBS='-lm -lnsl '
LTLIBOBJS=''
MAINT='#'
MKINSTALLDIRS='$(srcdir)/../../mkinstalldirs'
MSGFMT=''
OBJEXT='o'
PACKAGE_BUGREPORT=''
PACKAGE_NAME=''
PACKAGE_STRING=''
PACKAGE_TARNAME=''
PACKAGE_VERSION=''
PATH_SEPARATOR=':'
POFILES=''
POSUB=''
RANLIB='ranlib'
SET_MAKE=''
SHELL='/bin/sh'
SIM_SUBTARGET=' -DMIPS_MACH_DEFAULT=bfd_mach_mips8000'
USE_INCLUDED_LIBINTL='no'
USE_NLS='no'
WARN_CFLAGS=' -Wimplicit -Wreturn-type -Wcomment -Wtrigraphs -Wformat -Wparentheses -Wpointer-arith -Wuninitialized'
WERROR_CFLAGS=''
XGETTEXT=''
ac_ct_CC=''
ac_ct_RANLIB=''
bindir='${exec_prefix}/bin'
build='i386-pc-linux-gnu'
build_alias='i386-pc-linux-gnu'
build_cpu='i386'
build_os='linux-gnu'
build_vendor='pc'
cgen_breaks=''
datadir='${prefix}/share'
exec_prefix='${prefix}'
host='i386-pc-linux-gnu'
host_alias='i386-pc-linux-gnu'
host_cpu='i386'
host_os='linux-gnu'
host_vendor='pc'
includedir='${prefix}/include'
infodir='${prefix}/info'
l=''
libdir='${exec_prefix}/lib'
libexecdir='${exec_prefix}/libexec'
localstatedir='${prefix}/var'
mandir='${prefix}/man'
mips_extra_libs=''
mips_extra_objs=''
mips_igen_engine='engine.o'
oldincludedir='/usr/include'
prefix='/opt/smp86xx/smp86xx_toolchain_2.8.2.0/build_mipsel_nofpu/staging_dir'
program_transform_name='s,^,mipsel-linux-uclibc-,;'
sbindir='${exec_prefix}/sbin'
sharedstatedir='${prefix}/com'
sim_alignment='-DWITH_ALIGNMENT=NONSTRICT_ALIGNMENT'
sim_assert=''
sim_bitsize=' -DWITH_TARGET_WORD_BITSIZE=32 -DWITH_TARGET_WORD_MSB=31'
sim_bswap=''
sim_cflags=''
sim_debug=''
sim_default_model=''
sim_endian='-DWITH_DEFAULT_TARGET_BYTE_ORDER=BIG_ENDIAN'
sim_environment=''
sim_float='-DWITH_FLOATING_POINT=HARD_FLOATING_POINT -DWITH_TARGET_FLOATING_POINT_BITSIZE=32'
sim_gen='IGEN'
sim_hostendian='-DWITH_HOST_BYTE_ORDER=LITTLE_ENDIAN'
sim_hw=''
sim_hw_cflags='-DWITH_HW=0'
sim_hw_objs=''
sim_igen_flags='-F 32,f -M mipsIV -N 0'
sim_inline=''
sim_m16_flags=' -F 16  -M mips16,mipsIII  -N 0'
sim_multi_flags=''
sim_multi_igen_configs=''
sim_multi_obj=''
sim_multi_src='doesnt-exist.c'
sim_packages=''
sim_profile='-DPROFILE=1 -DWITH_PROFILE=-1'
sim_regparm=''
sim_reserved_bits='-DWITH_RESERVED_BITS=1'
sim_scache=''
sim_smp='-DWITH_SMP=0'
sim_stdcall=''
sim_stdio=''
sim_trace=''
sim_xor_endian=''
sysconfdir='${prefix}/etc'
target='mipsel-unknown-linux-uclibc'
target_alias='mipsel-linux-uclibc'
target_cpu='mipsel'
target_os='linux-uclibc'
target_vendor='unknown'

## ----------- ##
## confdefs.h. ##
## ----------- ##

#define HAVE_ALLOCA 1
#define HAVE_ALLOCA_H 1
#define HAVE_ARGZ_H 1
#define HAVE_DLFCN_H 1
#define HAVE_ERRNO_H 1
#define HAVE_FCNTL_H 1
#define HAVE_FPU_CONTROL_H 1
#define HAVE_GETCWD 1
#define HAVE_GETPAGESIZE 1
#define HAVE_GETRUSAGE 1
#define HAVE_INTTYPES_H 1
#define HAVE_LC_MESSAGES 1
#define HAVE_LIBM 1
#define HAVE_LIBNSL 1
#define HAVE_LIMITS_H 1
#define HAVE_LOCALE_H 1
#define HAVE_MALLOC_H 1
#define HAVE_MEMORY_H 1
#define HAVE_MMAP 1
#define HAVE_MUNMAP 1
#define HAVE_NL_TYPES_H 1
#define HAVE_PUTENV 1
#define HAVE_SETENV 1
#define HAVE_SETLOCALE 1
#define HAVE_SIGACTION 1
#define HAVE_SQRT 1
#define HAVE_STDINT_H 1
#define HAVE_STDLIB_H 1
#define HAVE_STDLIB_H 1
#define HAVE_STDLIB_H 1
#define HAVE_STDLIB_H 1
#define HAVE_STDLIB_H 1
#define HAVE_STPCPY 1
#define HAVE_STPCPY 1
#define HAVE_STRCASECMP 1
#define HAVE_STRCHR 1
#define HAVE_STRINGS_H 1
#define HAVE_STRINGS_H 1
#define HAVE_STRINGS_H 1
#define HAVE_STRING_H 1
#define HAVE_STRING_H 1
#define HAVE_STRING_H 1
#define HAVE_STRING_H 1
#define HAVE_SYS_PARAM_H 1
#define HAVE_SYS_RESOURCE_H 1
#define HAVE_SYS_STAT_H 1
#define HAVE_SYS_STAT_H 1
#define HAVE_SYS_TIME_H 1
#define HAVE_SYS_TYPES_H 1
#define HAVE_TIME 1
#define HAVE_TIME_H 1
#define HAVE_UNISTD_H 1
#define HAVE_UNISTD_H 1
#define HAVE_UNISTD_H 1
#define HAVE_UNISTD_H 1
#define HAVE_VALUES_H 1
#define HAVE___ARGZ_COUNT 1
#define HAVE___ARGZ_NEXT 1
#define HAVE___ARGZ_STRINGIFY 1
#define PACKAGE_BUGREPORT ""
#define PACKAGE_NAME ""
#define PACKAGE_STRING ""
#define PACKAGE_TARNAME ""
#define PACKAGE_VERSION ""
#define RETSIGTYPE void
#define STDC_HEADERS 1

configure: exit 0
