This file contains any messages produced by compilers while
running configure, to aid debugging if configure makes a mistake.

It was created by configure, which was
generated by GNU Autoconf 2.59.  Invocation command line was

  $ /opt/smp86xx/smp86xx_toolchain_2.8.2.0/toolchain_build_mipsel_nofpu/binutils-2.17/bfd/configure --cache-file=./config.cache --build=i386-pc-linux-gnu --host=i386-pc-linux-gnu --target=mipsel-linux-uclibc --with-gnu-as --with-gnu-ld --with-stabs --prefix=/opt/smp86xx/smp86xx_toolchain_2.8.2.0/build_mipsel_nofpu/staging_dir --disable-nls --enable-multilib --with-float=soft --program-transform-name=s,^,mipsel-linux-uclibc-,;  --srcdir=/opt/smp86xx/smp86xx_toolchain_2.8.2.0/toolchain_build_mipsel_nofpu/binutils-2.17/bfd

## --------- ##
## Platform. ##
## --------- ##

hostname = DavidLinux
uname -m = i686
uname -r = 2.6.23.15-80.fc7
uname -s = Linux
uname -v = #1 SMP Sun Feb 10 17:29:10 EST 2008

/usr/bin/uname -p = unknown
/bin/uname -X     = unknown

/bin/arch              = i686
/usr/bin/arch -k       = unknown
/usr/convex/getsysinfo = unknown
hostinfo               = unknown
/bin/machine           = unknown
/usr/bin/oslevel       = unknown
/bin/universe          = unknown

PATH: /usr/lib/qt-3.3/bin
PATH: /usr/kerberos/bin
PATH: /usr/lib/ccache
PATH: /usr/local/bin
PATH: /usr/bin
PATH: /bin
PATH: /home/davidhu/bin
PATH: /home/davidhu/bin


## ----------- ##
## Core tests. ##
## ----------- ##

configure:1245: creating cache ./config.cache
configure:1358: checking build system type
configure:1376: result: i386-pc-linux-gnu
configure:1384: checking host system type
configure:1398: result: i386-pc-linux-gnu
configure:1406: checking target system type
configure:1420: result: mipsel-unknown-linux-uclibc
configure:1442: checking for i386-pc-linux-gnu-gcc
configure:1468: result: gcc
configure:1750: checking for C compiler version
configure:1753: gcc --version </dev/null >&5
gcc (GCC) 4.1.2 20070925 (Red Hat 4.1.2-27)
Copyright (C) 2006 Free Software Foundation, Inc.
This is free software; see the source for copying conditions.  There is NO
warranty; not even for MERCHANTABILITY or FITNESS FOR A PARTICULAR PURPOSE.

configure:1756: $? = 0
configure:1758: gcc -v </dev/null >&5
Using built-in specs.
Target: i386-redhat-linux
Configured with: ../configure --prefix=/usr --mandir=/usr/share/man --infodir=/usr/share/info --enable-shared --enable-threads=posix --enable-checking=release --with-system-zlib --enable-__cxa_atexit --disable-libunwind-exceptions --enable-languages=c,c++,objc,obj-c++,java,fortran,ada --enable-java-awt=gtk --disable-dssi --enable-plugin --with-java-home=/usr/lib/jvm/java-1.5.0-gcj-1.5.0.0/jre --enable-libgcj-multifile --enable-java-maintainer-mode --with-ecj-jar=/usr/share/java/eclipse-ecj.jar --with-cpu=generic --host=i386-redhat-linux
Thread model: posix
gcc version 4.1.2 20070925 (Red Hat 4.1.2-27)
configure:1761: $? = 0
configure:1763: gcc -V </dev/null >&5
gcc: '-V' option must have argument
configure:1766: $? = 1
configure:1789: checking for C compiler default output file name
configure:1792: gcc -g -O2   conftest.c  >&5
configure:1795: $? = 0
configure:1841: result: a.out
configure:1846: checking whether the C compiler works
configure:1852: ./a.out
configure:1855: $? = 0
configure:1872: result: yes
configure:1879: checking whether we are cross compiling
configure:1881: result: no
configure:1884: checking for suffix of executables
configure:1886: gcc -o conftest -g -O2   conftest.c  >&5
configure:1889: $? = 0
configure:1914: result: 
configure:1920: checking for suffix of object files
configure:1941: gcc -c -g -O2  conftest.c >&5
configure:1944: $? = 0
configure:1966: result: o
configure:1970: checking whether we are using the GNU C compiler
configure:1994: gcc -c -g -O2  conftest.c >&5
configure:2000: $? = 0
configure:2004: test -z 
			 || test ! -s conftest.err
configure:2007: $? = 0
configure:2010: test -s conftest.o
configure:2013: $? = 0
configure:2026: result: yes
configure:2032: checking whether gcc accepts -g
configure:2053: gcc -c -g  conftest.c >&5
configure:2059: $? = 0
configure:2063: test -z 
			 || test ! -s conftest.err
configure:2066: $? = 0
configure:2069: test -s conftest.o
configure:2072: $? = 0
configure:2083: result: yes
configure:2100: checking for gcc option to accept ANSI C
configure:2170: gcc  -c -g -O2  conftest.c >&5
configure:2176: $? = 0
configure:2180: test -z 
			 || test ! -s conftest.err
configure:2183: $? = 0
configure:2186: test -s conftest.o
configure:2189: $? = 0
configure:2207: result: none needed
configure:2225: gcc -c -g -O2  conftest.c >&5
conftest.c:2: error: expected '=', ',', ';', 'asm' or '__attribute__' before 'me'
configure:2231: $? = 1
configure: failed program was:
| #ifndef __cplusplus
|   choke me
| #endif
configure:2365: checking for library containing strerror
configure:2395: gcc -o conftest -g -O2   conftest.c  >&5
configure:2401: $? = 0
configure:2405: test -z 
			 || test ! -s conftest.err
configure:2408: $? = 0
configure:2411: test -s conftest
configure:2414: $? = 0
configure:2484: result: none required
configure:2506: checking for a BSD-compatible install
configure:2561: result: /usr/bin/install -c
configure:2572: checking whether build environment is sane
configure:2615: result: yes
configure:2680: checking for gawk
configure:2696: found /usr/bin/gawk
configure:2706: result: gawk
configure:2716: checking whether make sets $(MAKE)
configure:2736: result: yes
configure:2766: checking for style of include used by make
configure:2794: result: GNU
configure:2970: checking dependency style of gcc
configure:3060: result: none
configure:3082: checking for i386-pc-linux-gnu-ar
configure:3108: result: ar
configure:3161: checking for i386-pc-linux-gnu-ranlib
configure:3187: result: ranlib
configure:3317: checking for ld used by GCC
configure:3380: result: ld
configure:3389: checking if the linker (ld) is GNU ld
GNU ld version 2.17.50.0.12-4 20070128
configure:3401: result: yes
configure:3406: checking for ld option to reload object files
configure:3413: result: -r
configure:3418: checking for BSD-compatible nm
configure:3454: result: nm
configure:3457: checking whether ln -s works
configure:3461: result: yes
configure:3468: checking how to recognise dependant libraries
configure:3631: result: pass_all
configure:3642: checking the maximum length of command line arguments
configure:3697: result: none
configure:3844: checking for i386-pc-linux-gnu-ranlib
configure:3870: result: ranlib
configure:3924: checking for i386-pc-linux-gnu-strip
configure:3953: result: no
configure:3962: checking for strip
configure:3978: found /usr/bin/strip
configure:3989: result: strip
configure:4292: loading cache ./config.cache
ce PIC
ltconfig:687:checking that gcc PIC flag -fPIC -DPIC works.
ltconfig:697: gcc -c -g -O2 -fPIC -DPIC -DPIC  conftest.c 1>&5
ltconfig:749: checking if gcc static flag -static works
ltconfig:758: gcc -o conftest -g -O2   -static conftest.c  1>&5
ltconfig:780: finding the maximum length of command line arguments
ltconfig:@lineno@: result: 49153
ltconfig:833: checking if gcc supports -c -o file.o
ltconfig:834: gcc -c -g -O2 -o out/conftest2.o  conftest.c 1>&5
ltconfig:887: checking if gcc supports -fno-rtti -fno-exceptions
ltconfig:888: gcc -c -g -O2 -fno-rtti -fno-exceptions -c conftest.c  conftest.c 1>&5
ltconfig:1431: checking if global_symbol_pipe works
ltconfig:1432: gcc -c -g -O2  conftest.c 1>&5
ltconfig:1435: eval "nm conftest.o | sed -n -e 's/^.*[ 	]\([ABCDGISTW][ABCDGISTW]*\)[ 	][ 	]*\(\)\([_A-Za-z][_A-Za-z0-9]*\)$/\1 \2\3 \3/p' > conftest.nm"
ltconfig:1487: gcc -o conftest -g -O2 -fno-builtin   conftest.c conftstm.o 1>&5
configure:4452: checking whether to enable maintainer-specific portions of Makefiles
configure:4461: result: no
configure:4491: checking whether to install libbfd
configure:4504: result: no
configure:4548: checking for i386-pc-linux-gnu-gcc
configure:4574: result: gcc
configure:4856: checking for C compiler version
configure:4859: gcc --version </dev/null >&5
gcc (GCC) 4.1.2 20070925 (Red Hat 4.1.2-27)
Copyright (C) 2006 Free Software Foundation, Inc.
This is free software; see the source for copying conditions.  There is NO
warranty; not even for MERCHANTABILITY or FITNESS FOR A PARTICULAR PURPOSE.

configure:4862: $? = 0
configure:4864: gcc -v </dev/null >&5
Using built-in specs.
Target: i386-redhat-linux
Configured with: ../configure --prefix=/usr --mandir=/usr/share/man --infodir=/usr/share/info --enable-shared --enable-threads=posix --enable-checking=release --with-system-zlib --enable-__cxa_atexit --disable-libunwind-exceptions --enable-languages=c,c++,objc,obj-c++,java,fortran,ada --enable-java-awt=gtk --disable-dssi --enable-plugin --with-java-home=/usr/lib/jvm/java-1.5.0-gcj-1.5.0.0/jre --enable-libgcj-multifile --enable-java-maintainer-mode --with-ecj-jar=/usr/share/java/eclipse-ecj.jar --with-cpu=generic --host=i386-redhat-linux
Thread model: posix
gcc version 4.1.2 20070925 (Red Hat 4.1.2-27)
configure:4867: $? = 0
configure:4869: gcc -V </dev/null >&5
gcc: '-V' option must have argument
configure:4872: $? = 1
configure:4875: checking whether we are using the GNU C compiler
configure:4931: result: yes
configure:4937: checking whether gcc accepts -g
configure:4988: result: yes
configure:5005: checking for gcc option to accept ANSI C
configure:5112: result: none needed
configure:5130: gcc -c -g -O2  conftest.c >&5
conftest.c:2: error: expected '=', ',', ';', 'asm' or '__attribute__' before 'me'
configure:5136: $? = 1
configure: failed program was:
| #ifndef __cplusplus
|   choke me
| #endif
configure:5280: checking for i386-pc-linux-gnu-ranlib
configure:5306: result: ranlib
configure:5362: checking how to run the C preprocessor
configure:5397: gcc -E  conftest.c
configure:5403: $? = 0
configure:5435: gcc -E  conftest.c
conftest.c:12:28: error: ac_nonexistent.h: No such file or directory
configure:5441: $? = 1
configure: failed program was:
| /* confdefs.h.  */
| 
| #define PACKAGE_NAME ""
| #define PACKAGE_TARNAME ""
| #define PACKAGE_VERSION ""
| #define PACKAGE_STRING ""
| #define PACKAGE_BUGREPORT ""
| #define PACKAGE "bfd"
| #define VERSION "2.17"
| #define _GNU_SOURCE 1
| /* end confdefs.h.  */
| #include <ac_nonexistent.h>
configure:5480: result: gcc -E
configure:5504: gcc -E  conftest.c
configure:5510: $? = 0
configure:5542: gcc -E  conftest.c
conftest.c:12:28: error: ac_nonexistent.h: No such file or directory
configure:5548: $? = 1
configure: failed program was:
| /* confdefs.h.  */
| 
| #define PACKAGE_NAME ""
| #define PACKAGE_TARNAME ""
| #define PACKAGE_VERSION ""
| #define PACKAGE_STRING ""
| #define PACKAGE_BUGREPORT ""
| #define PACKAGE "bfd"
| #define VERSION "2.17"
| #define _GNU_SOURCE 1
| /* end confdefs.h.  */
| #include <ac_nonexistent.h>
configure:5592: checking for egrep
configure:5602: result: grep -E
configure:5607: checking for ANSI C header files
configure:5632: gcc -c -g -O2  conftest.c >&5
configure:5638: $? = 0
configure:5642: test -z 
			 || test ! -s conftest.err
configure:5645: $? = 0
configure:5648: test -s conftest.o
configure:5651: $? = 0
configure:5740: gcc -o conftest -g -O2   conftest.c  >&5
conftest.c: In function 'main':
conftest.c:29: warning: incompatible implicit declaration of built-in function 'exit'
configure:5743: $? = 0
configure:5745: ./conftest
configure:5748: $? = 0
configure:5763: result: yes
configure:5773: checking for an ANSI C-conforming const
configure:5840: gcc -c -g -O2  conftest.c >&5
configure:5846: $? = 0
configure:5850: test -z 
			 || test ! -s conftest.err
configure:5853: $? = 0
configure:5856: test -s conftest.o
configure:5859: $? = 0
configure:5870: result: yes
configure:5880: checking for inline
configure:5901: gcc -c -g -O2  conftest.c >&5
configure:5907: $? = 0
configure:5911: test -z 
			 || test ! -s conftest.err
configure:5914: $? = 0
configure:5917: test -s conftest.o
configure:5920: $? = 0
configure:5932: result: inline
configure:5965: checking for sys/types.h
configure:5981: gcc -c -g -O2  conftest.c >&5
configure:5987: $? = 0
configure:5991: test -z 
			 || test ! -s conftest.err
configure:5994: $? = 0
configure:5997: test -s conftest.o
configure:6000: $? = 0
configure:6011: result: yes
configure:5965: checking for sys/stat.h
configure:5981: gcc -c -g -O2  conftest.c >&5
configure:5987: $? = 0
configure:5991: test -z 
			 || test ! -s conftest.err
configure:5994: $? = 0
configure:5997: test -s conftest.o
configure:6000: $? = 0
configure:6011: result: yes
configure:5965: checking for stdlib.h
configure:5981: gcc -c -g -O2  conftest.c >&5
configure:5987: $? = 0
configure:5991: test -z 
			 || test ! -s conftest.err
configure:5994: $? = 0
configure:5997: test -s conftest.o
configure:6000: $? = 0
configure:6011: result: yes
configure:5965: checking for string.h
configure:5981: gcc -c -g -O2  conftest.c >&5
configure:5987: $? = 0
configure:5991: test -z 
			 || test ! -s conftest.err
configure:5994: $? = 0
configure:5997: test -s conftest.o
configure:6000: $? = 0
configure:6011: result: yes
configure:5965: checking for memory.h
configure:5981: gcc -c -g -O2  conftest.c >&5
configure:5987: $? = 0
configure:5991: test -z 
			 || test ! -s conftest.err
configure:5994: $? = 0
configure:5997: test -s conftest.o
configure:6000: $? = 0
configure:6011: result: yes
configure:5965: checking for strings.h
configure:5981: gcc -c -g -O2  conftest.c >&5
configure:5987: $? = 0
configure:5991: test -z 
			 || test ! -s conftest.err
configure:5994: $? = 0
configure:5997: test -s conftest.o
configure:6000: $? = 0
configure:6011: result: yes
configure:5965: checking for inttypes.h
configure:5981: gcc -c -g -O2  conftest.c >&5
configure:5987: $? = 0
configure:5991: test -z 
			 || test ! -s conftest.err
configure:5994: $? = 0
configure:5997: test -s conftest.o
configure:6000: $? = 0
configure:6011: result: yes
configure:5965: checking for stdint.h
configure:5981: gcc -c -g -O2  conftest.c >&5
configure:5987: $? = 0
configure:5991: test -z 
			 || test ! -s conftest.err
configure:5994: $? = 0
configure:5997: test -s conftest.o
configure:6000: $? = 0
configure:6011: result: yes
configure:5965: checking for unistd.h
configure:5981: gcc -c -g -O2  conftest.c >&5
configure:5987: $? = 0
configure:5991: test -z 
			 || test ! -s conftest.err
configure:5994: $? = 0
configure:5997: test -s conftest.o
configure:6000: $? = 0
configure:6011: result: yes
configure:6023: checking for off_t
configure:6047: gcc -c -g -O2  conftest.c >&5
configure:6053: $? = 0
configure:6057: test -z 
			 || test ! -s conftest.err
configure:6060: $? = 0
configure:6063: test -s conftest.o
configure:6066: $? = 0
configure:6077: result: yes
configure:6089: checking for size_t
configure:6113: gcc -c -g -O2  conftest.c >&5
configure:6119: $? = 0
configure:6123: test -z 
			 || test ! -s conftest.err
configure:6126: $? = 0
configure:6129: test -s conftest.o
configure:6132: $? = 0
configure:6143: result: yes
configure:6157: checking for working alloca.h
configure:6178: gcc -o conftest -g -O2   conftest.c  >&5
configure:6184: $? = 0
configure:6188: test -z 
			 || test ! -s conftest.err
configure:6191: $? = 0
configure:6194: test -s conftest
configure:6197: $? = 0
configure:6209: result: yes
configure:6219: checking for alloca
configure:6260: gcc -o conftest -g -O2   conftest.c  >&5
configure:6266: $? = 0
configure:6270: test -z 
			 || test ! -s conftest.err
configure:6273: $? = 0
configure:6276: test -s conftest
configure:6279: $? = 0
configure:6291: result: yes
configure:6520: checking for stdlib.h
configure:6525: result: yes
configure:6520: checking for unistd.h
configure:6525: result: yes
configure:6669: checking for getpagesize
configure:6726: gcc -o conftest -g -O2   conftest.c  >&5
configure:6732: $? = 0
configure:6736: test -z 
			 || test ! -s conftest.err
configure:6739: $? = 0
configure:6742: test -s conftest
configure:6745: $? = 0
configure:6757: result: yes
configure:6767: checking for working mmap
configure:6909: gcc -o conftest -g -O2   conftest.c  >&5
configure:6912: $? = 0
configure:6914: ./conftest
configure:6917: $? = 0
configure:6931: result: yes
configure:6966: checking argz.h usability
configure:6978: gcc -c -g -O2  conftest.c >&5
configure:6984: $? = 0
configure:6988: test -z 
			 || test ! -s conftest.err
configure:6991: $? = 0
configure:6994: test -s conftest.o
configure:6997: $? = 0
configure:7007: result: yes
configure:7011: checking argz.h presence
configure:7021: gcc -E  conftest.c
configure:7027: $? = 0
configure:7047: result: yes
configure:7082: checking for argz.h
configure:7089: result: yes
configure:6966: checking limits.h usability
configure:6978: gcc -c -g -O2  conftest.c >&5
configure:6984: $? = 0
configure:6988: test -z 
			 || test ! -s conftest.err
configure:6991: $? = 0
configure:6994: test -s conftest.o
configure:6997: $? = 0
configure:7007: result: yes
configure:7011: checking limits.h presence
configure:7021: gcc -E  conftest.c
configure:7027: $? = 0
configure:7047: result: yes
configure:7082: checking for limits.h
configure:7089: result: yes
configure:6966: checking locale.h usability
configure:6978: gcc -c -g -O2  conftest.c >&5
configure:6984: $? = 0
configure:6988: test -z 
			 || test ! -s conftest.err
configure:6991: $? = 0
configure:6994: test -s conftest.o
configure:6997: $? = 0
configure:7007: result: yes
configure:7011: checking locale.h presence
configure:7021: gcc -E  conftest.c
configure:7027: $? = 0
configure:7047: result: yes
configure:7082: checking for locale.h
configure:7089: result: yes
configure:6966: checking nl_types.h usability
configure:6978: gcc -c -g -O2  conftest.c >&5
configure:6984: $? = 0
configure:6988: test -z 
			 || test ! -s conftest.err
configure:6991: $? = 0
configure:6994: test -s conftest.o
configure:6997: $? = 0
configure:7007: result: yes
configure:7011: checking nl_types.h presence
configure:7021: gcc -E  conftest.c
configure:7027: $? = 0
configure:7047: result: yes
configure:7082: checking for nl_types.h
configure:7089: result: yes
configure:6966: checking malloc.h usability
configure:6978: gcc -c -g -O2  conftest.c >&5
configure:6984: $? = 0
configure:6988: test -z 
			 || test ! -s conftest.err
configure:6991: $? = 0
configure:6994: test -s conftest.o
configure:6997: $? = 0
configure:7007: result: yes
configure:7011: checking malloc.h presence
configure:7021: gcc -E  conftest.c
configure:7027: $? = 0
configure:7047: result: yes
configure:7082: checking for malloc.h
configure:7089: result: yes
configure:6957: checking for string.h
configure:6962: result: yes
configure:6957: checking for unistd.h
configure:6962: result: yes
configure:6966: checking values.h usability
configure:6978: gcc -c -g -O2  conftest.c >&5
configure:6984: $? = 0
configure:6988: test -z 
			 || test ! -s conftest.err
configure:6991: $? = 0
configure:6994: test -s conftest.o
configure:6997: $? = 0
configure:7007: result: yes
configure:7011: checking values.h presence
configure:7021: gcc -E  conftest.c
configure:7027: $? = 0
configure:7047: result: yes
configure:7082: checking for values.h
configure:7089: result: yes
configure:6966: checking sys/param.h usability
configure:6978: gcc -c -g -O2  conftest.c >&5
configure:6984: $? = 0
configure:6988: test -z 
			 || test ! -s conftest.err
configure:6991: $? = 0
configure:6994: test -s conftest.o
configure:6997: $? = 0
configure:7007: result: yes
configure:7011: checking sys/param.h presence
configure:7021: gcc -E  conftest.c
configure:7027: $? = 0
configure:7047: result: yes
configure:7082: checking for sys/param.h
configure:7089: result: yes
configure:7116: checking for getcwd
configure:7173: gcc -o conftest -g -O2   conftest.c  >&5
configure:7179: $? = 0
configure:7183: test -z 
			 || test ! -s conftest.err
configure:7186: $? = 0
configure:7189: test -s conftest
configure:7192: $? = 0
configure:7204: result: yes
configure:7116: checking for munmap
configure:7173: gcc -o conftest -g -O2   conftest.c  >&5
configure:7179: $? = 0
configure:7183: test -z 
			 || test ! -s conftest.err
configure:7186: $? = 0
configure:7189: test -s conftest
configure:7192: $? = 0
configure:7204: result: yes
configure:7116: checking for putenv
configure:7173: gcc -o conftest -g -O2   conftest.c  >&5
configure:7179: $? = 0
configure:7183: test -z 
			 || test ! -s conftest.err
configure:7186: $? = 0
configure:7189: test -s conftest
configure:7192: $? = 0
configure:7204: result: yes
configure:7116: checking for setenv
configure:7173: gcc -o conftest -g -O2   conftest.c  >&5
configure:7179: $? = 0
configure:7183: test -z 
			 || test ! -s conftest.err
configure:7186: $? = 0
configure:7189: test -s conftest
configure:7192: $? = 0
configure:7204: result: yes
configure:7116: checking for setlocale
configure:7173: gcc -o conftest -g -O2   conftest.c  >&5
configure:7179: $? = 0
configure:7183: test -z 
			 || test ! -s conftest.err
configure:7186: $? = 0
configure:7189: test -s conftest
configure:7192: $? = 0
configure:7204: result: yes
configure:7116: checking for strchr
configure:7173: gcc -o conftest -g -O2   conftest.c  >&5
conftest.c:66: warning: conflicting types for built-in function 'strchr'
configure:7179: $? = 0
configure:7183: test -z 
			 || test ! -s conftest.err
configure:7186: $? = 0
configure:7189: test -s conftest
configure:7192: $? = 0
configure:7204: result: yes
configure:7116: checking for strcasecmp
configure:7173: gcc -o conftest -g -O2   conftest.c  >&5
conftest.c:67: warning: conflicting types for built-in function 'strcasecmp'
configure:7179: $? = 0
configure:7183: test -z 
			 || test ! -s conftest.err
configure:7186: $? = 0
configure:7189: test -s conftest
configure:7192: $? = 0
configure:7204: result: yes
configure:7116: checking for __argz_count
configure:7173: gcc -o conftest -g -O2   conftest.c  >&5
configure:7179: $? = 0
configure:7183: test -z 
			 || test ! -s conftest.err
configure:7186: $? = 0
configure:7189: test -s conftest
configure:7192: $? = 0
configure:7204: result: yes
configure:7116: checking for __argz_stringify
configure:7173: gcc -o conftest -g -O2   conftest.c  >&5
configure:7179: $? = 0
configure:7183: test -z 
			 || test ! -s conftest.err
configure:7186: $? = 0
configure:7189: test -s conftest
configure:7192: $? = 0
configure:7204: result: yes
configure:7116: checking for __argz_next
configure:7173: gcc -o conftest -g -O2   conftest.c  >&5
configure:7179: $? = 0
configure:7183: test -z 
			 || test ! -s conftest.err
configure:7186: $? = 0
configure:7189: test -s conftest
configure:7192: $? = 0
configure:7204: result: yes
configure:7220: checking for stpcpy
configure:7277: gcc -o conftest -g -O2   conftest.c  >&5
conftest.c:71: warning: conflicting types for built-in function 'stpcpy'
configure:7283: $? = 0
configure:7287: test -z 
			 || test ! -s conftest.err
configure:7290: $? = 0
configure:7293: test -s conftest
configure:7296: $? = 0
configure:7308: result: yes
configure:7328: checking for LC_MESSAGES
configure:7349: gcc -o conftest -g -O2   conftest.c  >&5
configure:7355: $? = 0
configure:7359: test -z 
			 || test ! -s conftest.err
configure:7362: $? = 0
configure:7365: test -s conftest
configure:7368: $? = 0
configure:7380: result: yes
configure:7390: checking whether NLS is requested
configure:7399: result: no
configure:8437: checking for a BSD-compatible install
configure:8492: result: /usr/bin/install -c
configure:8510: checking for long long
configure:8531: gcc -c -g -O2  conftest.c >&5
configure:8537: $? = 0
configure:8541: test -z 
			 || test ! -s conftest.err
configure:8544: $? = 0
configure:8547: test -s conftest.o
configure:8550: $? = 0
configure:8562: result: yes
configure:8566: checking for long long
configure:8590: gcc -c -g -O2  conftest.c >&5
configure:8596: $? = 0
configure:8600: test -z 
			 || test ! -s conftest.err
configure:8603: $? = 0
configure:8606: test -s conftest.o
configure:8609: $? = 0
configure:8620: result: yes
configure:8623: checking size of long long
configure:8942: gcc -o conftest -g -O2   conftest.c  >&5
configure:8945: $? = 0
configure:8947: ./conftest
configure:8950: $? = 0
configure:8973: result: 8
configure:8982: checking for long
configure:9006: gcc -c -g -O2  conftest.c >&5
configure:9012: $? = 0
configure:9016: test -z 
			 || test ! -s conftest.err
configure:9019: $? = 0
configure:9022: test -s conftest.o
configure:9025: $? = 0
configure:9036: result: yes
configure:9039: checking size of long
configure:9358: gcc -o conftest -g -O2   conftest.c  >&5
configure:9361: $? = 0
configure:9363: ./conftest
configure:9366: $? = 0
configure:9389: result: 4
configure:9475: checking stddef.h usability
configure:9487: gcc -c -g -O2  conftest.c >&5
configure:9493: $? = 0
configure:9497: test -z 
			 || test ! -s conftest.err
configure:9500: $? = 0
configure:9503: test -s conftest.o
configure:9506: $? = 0
configure:9516: result: yes
configure:9520: checking stddef.h presence
configure:9530: gcc -E  conftest.c
configure:9536: $? = 0
configure:9556: result: yes
configure:9591: checking for stddef.h
configure:9598: result: yes
configure:9466: checking for string.h
configure:9471: result: yes
configure:9466: checking for strings.h
configure:9471: result: yes
configure:9466: checking for stdlib.h
configure:9471: result: yes
configure:9475: checking time.h usability
configure:9487: gcc -c -g -O2  conftest.c >&5
configure:9493: $? = 0
configure:9497: test -z 
			 || test ! -s conftest.err
configure:9500: $? = 0
configure:9503: test -s conftest.o
configure:9506: $? = 0
configure:9516: result: yes
configure:9520: checking time.h presence
configure:9530: gcc -E  conftest.c
configure:9536: $? = 0
configure:9556: result: yes
configure:9591: checking for time.h
configure:9598: result: yes
configure:9466: checking for unistd.h
configure:9471: result: yes
configure:9627: checking fcntl.h usability
configure:9639: gcc -c -g -O2  conftest.c >&5
configure:9645: $? = 0
configure:9649: test -z 
			 || test ! -s conftest.err
configure:9652: $? = 0
configure:9655: test -s conftest.o
configure:9658: $? = 0
configure:9668: result: yes
configure:9672: checking fcntl.h presence
configure:9682: gcc -E  conftest.c
configure:9688: $? = 0
configure:9708: result: yes
configure:9743: checking for fcntl.h
configure:9750: result: yes
configure:9627: checking sys/file.h usability
configure:9639: gcc -c -g -O2  conftest.c >&5
configure:9645: $? = 0
configure:9649: test -z 
			 || test ! -s conftest.err
configure:9652: $? = 0
configure:9655: test -s conftest.o
configure:9658: $? = 0
configure:9668: result: yes
configure:9672: checking sys/file.h presence
configure:9682: gcc -E  conftest.c
configure:9688: $? = 0
configure:9708: result: yes
configure:9743: checking for sys/file.h
configure:9750: result: yes
configure:9627: checking sys/time.h usability
configure:9639: gcc -c -g -O2  conftest.c >&5
configure:9645: $? = 0
configure:9649: test -z 
			 || test ! -s conftest.err
configure:9652: $? = 0
configure:9655: test -s conftest.o
configure:9658: $? = 0
configure:9668: result: yes
configure:9672: checking sys/time.h presence
configure:9682: gcc -E  conftest.c
configure:9688: $? = 0
configure:9708: result: yes
configure:9743: checking for sys/time.h
configure:9750: result: yes
configure:9763: checking whether time.h and sys/time.h may both be included
configure:9788: gcc -c -g -O2  conftest.c >&5
configure:9794: $? = 0
configure:9798: test -z 
			 || test ! -s conftest.err
configure:9801: $? = 0
configure:9804: test -s conftest.o
configure:9807: $? = 0
configure:9818: result: yes
configure:9836: checking for dirent.h that defines DIR
configure:9860: gcc -c -g -O2  conftest.c >&5
configure:9866: $? = 0
configure:9870: test -z 
			 || test ! -s conftest.err
configure:9873: $? = 0
configure:9876: test -s conftest.o
configure:9879: $? = 0
configure:9890: result: yes
configure:9903: checking for library containing opendir
configure:9933: gcc -o conftest -g -O2   conftest.c  >&5
configure:9939: $? = 0
configure:9943: test -z 
			 || test ! -s conftest.err
configure:9946: $? = 0
configure:9949: test -s conftest
configure:9952: $? = 0
configure:10022: result: none required
configure:10158: checking whether string.h and strings.h may both be included
configure:10180: gcc -c -g -O2  conftest.c >&5
configure:10186: $? = 0
configure:10190: test -z 
			 || test ! -s conftest.err
configure:10193: $? = 0
configure:10196: test -s conftest.o
configure:10199: $? = 0
configure:10210: result: yes
configure:10230: checking for fcntl
configure:10287: gcc -o conftest -g -O2   conftest.c  >&5
configure:10293: $? = 0
configure:10297: test -z 
			 || test ! -s conftest.err
configure:10300: $? = 0
configure:10303: test -s conftest
configure:10306: $? = 0
configure:10318: result: yes
configure:10230: checking for getpagesize
configure:10318: result: yes
configure:10230: checking for setitimer
configure:10287: gcc -o conftest -g -O2   conftest.c  >&5
configure:10293: $? = 0
configure:10297: test -z 
			 || test ! -s conftest.err
configure:10300: $? = 0
configure:10303: test -s conftest
configure:10306: $? = 0
configure:10318: result: yes
configure:10230: checking for sysconf
configure:10287: gcc -o conftest -g -O2   conftest.c  >&5
configure:10293: $? = 0
configure:10297: test -z 
			 || test ! -s conftest.err
configure:10300: $? = 0
configure:10303: test -s conftest
configure:10306: $? = 0
configure:10318: result: yes
configure:10230: checking for fdopen
configure:10287: gcc -o conftest -g -O2   conftest.c  >&5
configure:10293: $? = 0
configure:10297: test -z 
			 || test ! -s conftest.err
configure:10300: $? = 0
configure:10303: test -s conftest
configure:10306: $? = 0
configure:10318: result: yes
configure:10230: checking for getuid
configure:10287: gcc -o conftest -g -O2   conftest.c  >&5
configure:10293: $? = 0
configure:10297: test -z 
			 || test ! -s conftest.err
configure:10300: $? = 0
configure:10303: test -s conftest
configure:10306: $? = 0
configure:10318: result: yes
configure:10230: checking for getgid
configure:10287: gcc -o conftest -g -O2   conftest.c  >&5
configure:10293: $? = 0
configure:10297: test -z 
			 || test ! -s conftest.err
configure:10300: $? = 0
configure:10303: test -s conftest
configure:10306: $? = 0
configure:10318: result: yes
configure:10332: checking for strtoull
configure:10389: gcc -o conftest -g -O2   conftest.c  >&5
configure:10395: $? = 0
configure:10399: test -z 
			 || test ! -s conftest.err
configure:10402: $? = 0
configure:10405: test -s conftest
configure:10408: $? = 0
configure:10420: result: yes
configure:10431: checking whether basename is declared
configure:10455: gcc -c -g -O2  conftest.c >&5
configure:10461: $? = 0
configure:10465: test -z 
			 || test ! -s conftest.err
configure:10468: $? = 0
configure:10471: test -s conftest.o
configure:10474: $? = 0
configure:10485: result: yes
configure:10503: checking whether ftello is declared
configure:10527: gcc -c -g -O2  conftest.c >&5
configure:10533: $? = 0
configure:10537: test -z 
			 || test ! -s conftest.err
configure:10540: $? = 0
configure:10543: test -s conftest.o
configure:10546: $? = 0
configure:10557: result: yes
configure:10575: checking whether ftello64 is declared
configure:10599: gcc -c -g -O2  conftest.c >&5
configure:10605: $? = 0
configure:10609: test -z 
			 || test ! -s conftest.err
configure:10612: $? = 0
configure:10615: test -s conftest.o
configure:10618: $? = 0
configure:10629: result: yes
configure:10647: checking whether fseeko is declared
configure:10671: gcc -c -g -O2  conftest.c >&5
configure:10677: $? = 0
configure:10681: test -z 
			 || test ! -s conftest.err
configure:10684: $? = 0
configure:10687: test -s conftest.o
configure:10690: $? = 0
configure:10701: result: yes
configure:10719: checking whether fseeko64 is declared
configure:10743: gcc -c -g -O2  conftest.c >&5
configure:10749: $? = 0
configure:10753: test -z 
			 || test ! -s conftest.err
configure:10756: $? = 0
configure:10759: test -s conftest.o
configure:10762: $? = 0
configure:10773: result: yes
configure:10802: checking whether ffs is declared
configure:10826: gcc -c -g -O2  conftest.c >&5
configure:10832: $? = 0
configure:10836: test -z 
			 || test ! -s conftest.err
configure:10839: $? = 0
configure:10842: test -s conftest.o
configure:10845: $? = 0
configure:10856: result: yes
configure:10874: checking whether free is declared
configure:10898: gcc -c -g -O2  conftest.c >&5
configure:10904: $? = 0
configure:10908: test -z 
			 || test ! -s conftest.err
configure:10911: $? = 0
configure:10914: test -s conftest.o
configure:10917: $? = 0
configure:10928: result: yes
configure:10946: checking whether getenv is declared
configure:10970: gcc -c -g -O2  conftest.c >&5
configure:10976: $? = 0
configure:10980: test -z 
			 || test ! -s conftest.err
configure:10983: $? = 0
configure:10986: test -s conftest.o
configure:10989: $? = 0
configure:11000: result: yes
configure:11018: checking whether malloc is declared
configure:11042: gcc -c -g -O2  conftest.c >&5
configure:11048: $? = 0
configure:11052: test -z 
			 || test ! -s conftest.err
configure:11055: $? = 0
configure:11058: test -s conftest.o
configure:11061: $? = 0
configure:11072: result: yes
configure:11090: checking whether realloc is declared
configure:11114: gcc -c -g -O2  conftest.c >&5
configure:11120: $? = 0
configure:11124: test -z 
			 || test ! -s conftest.err
configure:11127: $? = 0
configure:11130: test -s conftest.o
configure:11133: $? = 0
configure:11144: result: yes
configure:11162: checking whether stpcpy is declared
configure:11186: gcc -c -g -O2  conftest.c >&5
configure:11192: $? = 0
configure:11196: test -z 
			 || test ! -s conftest.err
configure:11199: $? = 0
configure:11202: test -s conftest.o
configure:11205: $? = 0
configure:11216: result: yes
configure:11234: checking whether strstr is declared
configure:11258: gcc -c -g -O2  conftest.c >&5
configure:11264: $? = 0
configure:11268: test -z 
			 || test ! -s conftest.err
configure:11271: $? = 0
configure:11274: test -s conftest.o
configure:11277: $? = 0
configure:11288: result: yes
configure:11306: checking whether snprintf is declared
configure:11330: gcc -c -g -O2  conftest.c >&5
configure:11336: $? = 0
configure:11340: test -z 
			 || test ! -s conftest.err
configure:11343: $? = 0
configure:11346: test -s conftest.o
configure:11349: $? = 0
configure:11360: result: yes
configure:11378: checking whether vsnprintf is declared
configure:11402: gcc -c -g -O2  conftest.c >&5
configure:11408: $? = 0
configure:11412: test -z 
			 || test ! -s conftest.err
configure:11415: $? = 0
configure:11418: test -s conftest.o
configure:11421: $? = 0
configure:11432: result: yes
configure:13392: checking for gcc version with buggy 64-bit support
configure:13409: result: no
configure:13448: checking for ftello
configure:13505: gcc -o conftest -g -O2   conftest.c  >&5
configure:13511: $? = 0
configure:13515: test -z 
			 || test ! -s conftest.err
configure:13518: $? = 0
configure:13521: test -s conftest
configure:13524: $? = 0
configure:13536: result: yes
configure:13448: checking for ftello64
configure:13505: gcc -o conftest -g -O2   conftest.c  >&5
configure:13511: $? = 0
configure:13515: test -z 
			 || test ! -s conftest.err
configure:13518: $? = 0
configure:13521: test -s conftest
configure:13524: $? = 0
configure:13536: result: yes
configure:13448: checking for fseeko
configure:13505: gcc -o conftest -g -O2   conftest.c  >&5
configure:13511: $? = 0
configure:13515: test -z 
			 || test ! -s conftest.err
configure:13518: $? = 0
configure:13521: test -s conftest
configure:13524: $? = 0
configure:13536: result: yes
configure:13448: checking for fseeko64
configure:13505: gcc -o conftest -g -O2   conftest.c  >&5
configure:13511: $? = 0
configure:13515: test -z 
			 || test ! -s conftest.err
configure:13518: $? = 0
configure:13521: test -s conftest
configure:13524: $? = 0
configure:13536: result: yes
configure:13448: checking for fopen64
configure:13505: gcc -o conftest -g -O2   conftest.c  >&5
configure:13511: $? = 0
configure:13515: test -z 
			 || test ! -s conftest.err
configure:13518: $? = 0
configure:13521: test -s conftest
configure:13524: $? = 0
configure:13536: result: yes
configure:13547: checking for off_t
configure:13601: result: yes
configure:13604: checking size of off_t
configure:13923: gcc -o conftest -g -O2   conftest.c  >&5
configure:13926: $? = 0
configure:13928: ./conftest
configure:13931: $? = 0
configure:13954: result: 4
configure:13962: checking file_ptr type
configure:13971: result: BFD_HOST_64_BIT
configure:13991: checking for stdlib.h
configure:13996: result: yes
configure:13991: checking for unistd.h
configure:13996: result: yes
configure:14140: checking for getpagesize
configure:14228: result: yes
configure:14238: checking for working mmap
configure:14402: result: yes
configure:14418: checking for madvise
configure:14475: gcc -o conftest -g -O2   conftest.c  >&5
configure:14481: $? = 0
configure:14485: test -z 
			 || test ! -s conftest.err
configure:14488: $? = 0
configure:14491: test -s conftest
configure:14494: $? = 0
configure:14506: result: yes
configure:14418: checking for mprotect
configure:14475: gcc -o conftest -g -O2   conftest.c  >&5
configure:14481: $? = 0
configure:14485: test -z 
			 || test ! -s conftest.err
configure:14488: $? = 0
configure:14491: test -s conftest
configure:14494: $? = 0
configure:14506: result: yes
configure:14657: creating ./config.status

## ---------------------- ##
## Running config.status. ##
## ---------------------- ##

This file was extended by config.status, which was
generated by GNU Autoconf 2.59.  Invocation command line was

  CONFIG_FILES    = 
  CONFIG_HEADERS  = 
  CONFIG_LINKS    = 
  CONFIG_COMMANDS = 
  $ ./config.status 

on DavidLinux

config.status:769: creating Makefile
config.status:769: creating doc/Makefile
config.status:769: creating bfd-in3.h
config.status:769: creating po/Makefile.in
config.status:866: creating config.h
config.status:1340: executing depfiles commands
config.status:1340: executing default commands

## ---------------- ##
## Cache variables. ##
## ---------------- ##

ac_cv_archive_cmds_needs_lc=yes
ac_cv_build=i386-pc-linux-gnu
ac_cv_build_alias=i386-pc-linux-gnu
ac_cv_c_compiler_gnu=yes
ac_cv_c_const=yes
ac_cv_c_inline=inline
ac_cv_env_CC_set=set
ac_cv_env_CC_value=gcc
ac_cv_env_CFLAGS_set=set
ac_cv_env_CFLAGS_value='-g -O2'
ac_cv_env_CPPFLAGS_set=
ac_cv_env_CPPFLAGS_value=
ac_cv_env_CPP_set=
ac_cv_env_CPP_value=
ac_cv_env_LDFLAGS_set=set
ac_cv_env_LDFLAGS_value=
ac_cv_env_build_alias_set=set
ac_cv_env_build_alias_value=i386-pc-linux-gnu
ac_cv_env_host_alias_set=set
ac_cv_env_host_alias_value=i386-pc-linux-gnu
ac_cv_env_target_alias_set=set
ac_cv_env_target_alias_value=mipsel-linux-uclibc
ac_cv_exeext=
ac_cv_func___argz_count=yes
ac_cv_func___argz_next=yes
ac_cv_func___argz_stringify=yes
ac_cv_func_alloca_works=yes
ac_cv_func_fcntl=yes
ac_cv_func_fdopen=yes
ac_cv_func_fopen64=yes
ac_cv_func_fseeko=yes
ac_cv_func_fseeko64=yes
ac_cv_func_ftello=yes
ac_cv_func_ftello64=yes
ac_cv_func_getcwd=yes
ac_cv_func_getgid=yes
ac_cv_func_getpagesize=yes
ac_cv_func_getuid=yes
ac_cv_func_madvise=yes
ac_cv_func_mmap_fixed_mapped=yes
ac_cv_func_mprotect=yes
ac_cv_func_munmap=yes
ac_cv_func_putenv=yes
ac_cv_func_setenv=yes
ac_cv_func_setitimer=yes
ac_cv_func_setlocale=yes
ac_cv_func_stpcpy=yes
ac_cv_func_strcasecmp=yes
ac_cv_func_strchr=yes
ac_cv_func_strtoull=yes
ac_cv_func_sysconf=yes
ac_cv_have_decl_basename=yes
ac_cv_have_decl_ffs=yes
ac_cv_have_decl_free=yes
ac_cv_have_decl_fseeko=yes
ac_cv_have_decl_fseeko64=yes
ac_cv_have_decl_ftello=yes
ac_cv_have_decl_ftello64=yes
ac_cv_have_decl_getenv=yes
ac_cv_have_decl_malloc=yes
ac_cv_have_decl_realloc=yes
ac_cv_have_decl_snprintf=yes
ac_cv_have_decl_stpcpy=yes
ac_cv_have_decl_strstr=yes
ac_cv_have_decl_vsnprintf=yes
ac_cv_header_argz_h=yes
ac_cv_header_dirent_dirent_h=yes
ac_cv_header_fcntl_h=yes
ac_cv_header_inttypes_h=yes
ac_cv_header_limits_h=yes
ac_cv_header_locale_h=yes
ac_cv_header_malloc_h=yes
ac_cv_header_memory_h=yes
ac_cv_header_nl_types_h=yes
ac_cv_header_stdc=yes
ac_cv_header_stddef_h=yes
ac_cv_header_stdint_h=yes
ac_cv_header_stdlib_h=yes
ac_cv_header_string_h=yes
ac_cv_header_strings_h=yes
ac_cv_header_sys_file_h=yes
ac_cv_header_sys_param_h=yes
ac_cv_header_sys_stat_h=yes
ac_cv_header_sys_time_h=yes
ac_cv_header_sys_types_h=yes
ac_cv_header_time=yes
ac_cv_header_time_h=yes
ac_cv_header_unistd_h=yes
ac_cv_header_values_h=yes
ac_cv_host=i386-pc-linux-gnu
ac_cv_host_alias=i386-pc-linux-gnu
ac_cv_objext=o
ac_cv_prog_AR=ar
ac_cv_prog_AWK=gawk
ac_cv_prog_CC=gcc
ac_cv_prog_CPP='gcc -E'
ac_cv_prog_RANLIB=ranlib
ac_cv_prog_ac_ct_STRIP=strip
ac_cv_prog_cc_can_build_shared=yes
ac_cv_prog_cc_g=yes
ac_cv_prog_cc_no_builtin=
ac_cv_prog_cc_pic=' -fPIC -DPIC'
ac_cv_prog_cc_pic_works=yes
ac_cv_prog_cc_shlib=
ac_cv_prog_cc_static=-static
ac_cv_prog_cc_static_works=yes
ac_cv_prog_cc_stdc=
ac_cv_prog_cc_wl=-Wl,
ac_cv_prog_egrep='grep -E'
ac_cv_prog_make_make_set=yes
ac_cv_search_opendir='none required'
ac_cv_search_strerror='none required'
ac_cv_sizeof_long=4
ac_cv_sizeof_long_long=8
ac_cv_sizeof_off_t=4
ac_cv_target=mipsel-unknown-linux-uclibc
ac_cv_target_alias=mipsel-linux-uclibc
ac_cv_type_long=yes
ac_cv_type_long_long=yes
ac_cv_type_off_t=yes
ac_cv_type_size_t=yes
ac_cv_working_alloca_h=yes
am_cv_CC_dependencies_compiler_type=none
am_cv_val_LC_MESSAGES=yes
bfd_cv_has_long_long=yes
gcc_cv_header_string=yes
lt_cv_compiler_c_o=yes
lt_cv_deplibs_check_method=pass_all
lt_cv_file_magic_cmd='$MAGIC_CMD'
lt_cv_file_magic_test_file=
lt_cv_ld_reload_flag=-r
lt_cv_path_LD=ld
lt_cv_path_NM=nm
lt_cv_prog_gnu_ld=yes
lt_cv_sys_max_cmd_len=49153
nls_cv_header_intl=libintl.h
nls_cv_header_libgt=libgettext.h

## ----------------- ##
## Output variables. ##
## ----------------- ##

ACLOCAL='${SHELL} /opt/smp86xx/smp86xx_toolchain_2.8.2.0/toolchain_build_mipsel_nofpu/binutils-2.17/missing --run aclocal-1.9'
ALLOCA=''
AMDEPBACKSLASH='\'
AMDEP_FALSE='#'
AMDEP_TRUE=''
AMTAR='${SHELL} /opt/smp86xx/smp86xx_toolchain_2.8.2.0/toolchain_build_mipsel_nofpu/binutils-2.17/missing --run tar'
AR='ar'
AUTOCONF='${SHELL} /opt/smp86xx/smp86xx_toolchain_2.8.2.0/toolchain_build_mipsel_nofpu/binutils-2.17/missing --run autoconf'
AUTOHEADER='${SHELL} /opt/smp86xx/smp86xx_toolchain_2.8.2.0/toolchain_build_mipsel_nofpu/binutils-2.17/missing --run autoheader'
AUTOMAKE='${SHELL} /opt/smp86xx/smp86xx_toolchain_2.8.2.0/toolchain_build_mipsel_nofpu/binutils-2.17/missing --run automake-1.9'
AWK='gawk'
BFD_HOST_64BIT_LONG='0'
BFD_HOST_64_BIT='long long'
BFD_HOST_64_BIT_DEFINED='1'
BFD_HOST_LONG_LONG='1'
BFD_HOST_U_64_BIT='unsigned long long'
CATALOGS=''
CATOBJEXT=''
CC='gcc'
CCDEPMODE='depmode=none'
CC_FOR_BUILD='gcc'
CFLAGS='-g -O2'
COREFILE=''
COREFLAG=''
CPP='gcc -E'
CPPFLAGS=''
CYGPATH_W='echo'
DATADIRNAME='share'
DEFS='-DHAVE_CONFIG_H'
DEPDIR='.deps'
ECHO_C=''
ECHO_N='-n'
ECHO_T=''
EGREP='grep -E'
EXEEXT=''
EXEEXT_FOR_BUILD='$(EXEEXT)'
GMOFILES=' fr.gmo tr.gmo ja.gmo es.gmo sv.gmo da.gmo zh_CN.gmo ro.gmo rw.gmo vi.gmo'
GMSGFMT=''
GT_NO=''
GT_YES='#YES#'
HDEFINES=''
INCLUDE_LOCALE_H='#include <locale.h>'
INSTALL_DATA='/usr/bin/install -c -m 644'
INSTALL_LIBBFD_FALSE=''
INSTALL_LIBBFD_TRUE='#'
INSTALL_PROGRAM='/usr/bin/install -c'
INSTALL_SCRIPT='/usr/bin/install -c'
INSTALL_STRIP_PROGRAM='${SHELL} $(install_sh) -c -s'
INSTOBJEXT=''
INTLDEPS=''
INTLLIBS=''
INTLOBJS=''
LDFLAGS=''
LIBOBJS=''
LIBS=''
LIBTOOL='$(SHELL) $(top_builddir)/libtool'
LN_S='ln -s'
LTLIBOBJS=''
MAINT='#'
MAINTAINER_MODE_FALSE=''
MAINTAINER_MODE_TRUE='#'
MAKEINFO='/opt/smp86xx/smp86xx_toolchain_2.8.2.0/toolchain_build_mipsel_nofpu/binutils-2.17/missing makeinfo --split-size=5000000'
MKINSTALLDIRS='$(srcdir)/../../mkinstalldirs'
MSGFMT=''
NO_WERROR='-Wno-error'
OBJEXT='o'
PACKAGE='bfd'
PACKAGE_BUGREPORT=''
PACKAGE_NAME=''
PACKAGE_STRING=''
PACKAGE_TARNAME=''
PACKAGE_VERSION=''
PATH_SEPARATOR=':'
POFILES=' fr.po tr.po ja.po es.po sv.po da.po zh_CN.po ro.po rw.po vi.po'
POSUB=''
RANLIB='ranlib'
SET_MAKE=''
SHELL='/bin/sh'
STRIP='strip'
TDEFINES=' '
USE_INCLUDED_LIBINTL='no'
USE_NLS='no'
VERSION='2.17'
WARN_CFLAGS='-W -Wall -Wstrict-prototypes -Wmissing-prototypes -Werror'
WIN32LDFLAGS=''
WIN32LIBADD=''
XGETTEXT=''
ac_ct_AR=''
ac_ct_CC=''
ac_ct_RANLIB=''
ac_ct_STRIP='strip'
all_backends='$(BFD64_BACKENDS) $(BFD32_BACKENDS)'
am__fastdepCC_FALSE=''
am__fastdepCC_TRUE='#'
am__include='include'
am__leading_dot='.'
am__quote=''
am__tar='${AMTAR} chof - "$$tardir"'
am__untar='${AMTAR} xf -'
bfd_backends=' elf32-mips.lo elfxx-mips.lo elf-vxworks.lo elf32.lo elf.lo elflink.lo elf-strtab.lo elf-eh-frame.lo dwarf1.lo ecofflink.lo coff-mips.lo ecoff.lo elfn32-mips.lo elf64-mips.lo elf64.lo elf64-gen.lo elf32-gen.lo'
bfd_default_target_size='32'
bfd_file_ptr='BFD_HOST_64_BIT'
bfd_libs='$(BFD64_LIBS) $(BFD32_LIBS)'
bfd_machines=' cpu-mips.lo'
bfd_ufile_ptr='BFD_HOST_U_64_BIT'
bfdincludedir='$(exec_prefix)/$(host_noncanonical)/$(target_noncanonical)/include'
bfdlibdir='$(exec_prefix)/$(host_noncanonical)/$(target_noncanonical)/lib'
bindir='${exec_prefix}/bin'
build='i386-pc-linux-gnu'
build_alias='i386-pc-linux-gnu'
build_cpu='i386'
build_os='linux-gnu'
build_vendor='pc'
datadir='${prefix}/share'
datarootdir='/opt/smp86xx/smp86xx_toolchain_2.8.2.0/build_mipsel_nofpu/staging_dir/share'
docdir='/opt/smp86xx/smp86xx_toolchain_2.8.2.0/build_mipsel_nofpu/staging_dir/share/doc'
exec_prefix='${prefix}'
host='i386-pc-linux-gnu'
host_alias='i386-pc-linux-gnu'
host_cpu='i386'
host_noncanonical='i386-pc-linux-gnu'
host_os='linux-gnu'
host_vendor='pc'
htmldir='/opt/smp86xx/smp86xx_toolchain_2.8.2.0/build_mipsel_nofpu/staging_dir/share/doc'
includedir='${prefix}/include'
infodir='${prefix}/info'
install_sh='/opt/smp86xx/smp86xx_toolchain_2.8.2.0/toolchain_build_mipsel_nofpu/binutils-2.17/install-sh'
l=''
libdir='${exec_prefix}/lib'
libexecdir='${exec_prefix}/libexec'
localstatedir='${prefix}/var'
mandir='${prefix}/man'
mkdir_p='mkdir -p --'
oldincludedir='/usr/include'
prefix='/opt/smp86xx/smp86xx_toolchain_2.8.2.0/build_mipsel_nofpu/staging_dir'
program_transform_name='s,^,mipsel-linux-uclibc-,;'
sbindir='${exec_prefix}/sbin'
sharedstatedir='${prefix}/com'
sysconfdir='${prefix}/etc'
target='mipsel-unknown-linux-uclibc'
target_alias='mipsel-linux-uclibc'
target_cpu='mipsel'
target_noncanonical='mipsel-linux-uclibc'
target_os='linux-uclibc'
target_vendor='unknown'
tdefaults=' -DDEFAULT_VECTOR=bfd_elf32_tradlittlemips_vec -DSELECT_VECS='&bfd_elf32_tradlittlemips_vec,&bfd_elf32_tradbigmips_vec,&ecoff_little_vec,&ecoff_big_vec,&bfd_elf32_ntradlittlemips_vec,&bfd_elf64_tradlittlemips_vec,&bfd_elf32_ntradbigmips_vec,&bfd_elf64_tradbigmips_vec,&bfd_elf64_little_generic_vec,&bfd_elf64_big_generic_vec,&bfd_elf32_little_generic_vec,&bfd_elf32_big_generic_vec' -DSELECT_ARCHITECTURES='&bfd_mips_arch' -DHAVE_bfd_elf32_tradlittlemips_vec -DHAVE_bfd_elf32_tradbigmips_vec -DHAVE_ecoff_little_vec -DHAVE_ecoff_big_vec -DHAVE_bfd_elf32_ntradlittlemips_vec -DHAVE_bfd_elf64_tradlittlemips_vec -DHAVE_bfd_elf32_ntradbigmips_vec -DHAVE_bfd_elf64_tradbigmips_vec -DHAVE_bfd_elf64_little_generic_vec -DHAVE_bfd_elf64_big_generic_vec -DHAVE_bfd_elf32_little_generic_vec -DHAVE_bfd_elf32_big_generic_vec'
wordsize='64'

## ----------- ##
## confdefs.h. ##
## ----------- ##

#define HAVE_ALLOCA 1
#define HAVE_ALLOCA_H 1
#define HAVE_ARGZ_H 1
#define HAVE_DECL_BASENAME 1
#define HAVE_DECL_FFS 1
#define HAVE_DECL_FREE 1
#define HAVE_DECL_FSEEKO 1
#define HAVE_DECL_FSEEKO64 1
#define HAVE_DECL_FTELLO 1
#define HAVE_DECL_FTELLO64 1
#define HAVE_DECL_GETENV 1
#define HAVE_DECL_MALLOC 1
#define HAVE_DECL_REALLOC 1
#define HAVE_DECL_SNPRINTF 1
#define HAVE_DECL_STPCPY 1
#define HAVE_DECL_STRSTR 1
#define HAVE_DECL_VSNPRINTF 1
#define HAVE_DIRENT_H 1
#define HAVE_FCNTL 1
#define HAVE_FCNTL_H 1
#define HAVE_FDOPEN 1
#define HAVE_FOPEN64 1
#define HAVE_FSEEKO 1
#define HAVE_FSEEKO64 1
#define HAVE_FTELLO 1
#define HAVE_FTELLO64 1
#define HAVE_GETCWD 1
#define HAVE_GETGID 1
#define HAVE_GETPAGESIZE 1
#define HAVE_GETPAGESIZE 1
#define HAVE_GETPAGESIZE 1
#define HAVE_GETUID 1
#define HAVE_INTTYPES_H 1
#define HAVE_LC_MESSAGES 1
#define HAVE_LIMITS_H 1
#define HAVE_LOCALE_H 1
#define HAVE_MADVISE 1
#define HAVE_MALLOC_H 1
#define HAVE_MEMORY_H 1
#define HAVE_MMAP 1
#define HAVE_MMAP 1
#define HAVE_MPROTECT 1
#define HAVE_MUNMAP 1
#define HAVE_NL_TYPES_H 1
#define HAVE_PUTENV 1
#define HAVE_SETENV 1
#define HAVE_SETITIMER 1
#define HAVE_SETLOCALE 1
#define HAVE_STDDEF_H 1
#define HAVE_STDINT_H 1
#define HAVE_STDLIB_H 1
#define HAVE_STDLIB_H 1
#define HAVE_STDLIB_H 1
#define HAVE_STDLIB_H 1
#define HAVE_STPCPY 1
#define HAVE_STPCPY 1
#define HAVE_STRCASECMP 1
#define HAVE_STRCHR 1
#define HAVE_STRINGS_H 1
#define HAVE_STRINGS_H 1
#define HAVE_STRING_H 1
#define HAVE_STRING_H 1
#define HAVE_STRING_H 1
#define HAVE_STRTOULL 1
#define HAVE_SYSCONF 1
#define HAVE_SYS_FILE_H 1
#define HAVE_SYS_PARAM_H 1
#define HAVE_SYS_STAT_H 1
#define HAVE_SYS_TIME_H 1
#define HAVE_SYS_TYPES_H 1
#define HAVE_TIME_H 1
#define HAVE_UNISTD_H 1
#define HAVE_UNISTD_H 1
#define HAVE_UNISTD_H 1
#define HAVE_UNISTD_H 1
#define HAVE_UNISTD_H 1
#define HAVE_VALUES_H 1
#define HAVE___ARGZ_COUNT 1
#define HAVE___ARGZ_NEXT 1
#define HAVE___ARGZ_STRINGIFY 1
#define PACKAGE "bfd"
#define PACKAGE_BUGREPORT ""
#define PACKAGE_NAME ""
#define PACKAGE_STRING ""
#define PACKAGE_TARNAME ""
#define PACKAGE_VERSION ""
#define SIZEOF_LONG 4
#define SIZEOF_LONG_LONG 8
#define SIZEOF_OFF_T 4
#define STDC_HEADERS 1
#define STRING_WITH_STRINGS 1
#define TIME_WITH_SYS_TIME 1
#define VERSION "2.17"
#define _GNU_SOURCE 1

configure: exit 0

## ---------------------- ##
## Running config.status. ##
## ---------------------- ##

This file was extended by config.status, which was
generated by GNU Autoconf 2.59.  Invocation command line was

  CONFIG_FILES    = po/Makefile.in:po/Make-in
  CONFIG_HEADERS  = 
  CONFIG_LINKS    = 
  CONFIG_COMMANDS = 
  $ ./config.status 

on DavidLinux

config.status:769: creating po/Makefile.in
config.status:1340: executing depfiles commands
config.status:1340: executing default commands
